2024-06-08 10:51:25,356 [INFO] Activator:176 - 


2024-06-08 10:51:25,359 [INFO] Activator:177 - !SESSION log4j initialized
2024-06-08 10:51:26,150 [ERROR] LogOutputStream:75 - [STDERR_REDIRECT] 
2024-06-08 10:51:26,793 [INFO] LogOutputStream:77 - [STDOUT_REDIRECT] 
2024-06-08 10:51:27,983 [INFO] LogOutputStream:77 - [STDOUT_REDIRECT] 
2024-06-08 10:51:29,630 [INFO] ApplicationProperties:184 - Using Application install path: /Applications/STM32CubeIDE.app/Contents/Eclipse/plugins/com.st.stm32cube.common.mx_6.9.2.202309101412
2024-06-08 10:51:29,645 [INFO] DbMcusXml:78 - Set database path to: /Applications/STM32CubeIDE.app/Contents/Eclipse/plugins/com.st.stm32cube.common.mx_6.9.2.202309101412//db//mcu/
2024-06-08 10:51:29,646 [INFO] ApiDb:274 - Set plugin database path to: /Applications/STM32CubeIDE.app/Contents/Eclipse/plugins/com.st.stm32cube.common.mx_6.9.2.202309101412//db//plugins/boardmanager/
2024-06-08 10:51:29,646 [WARN] ApiDb:259 - Overriding images path with different value:  => /Applications/STM32CubeIDE.app/Contents/Eclipse/plugins/com.st.stm32cube.common.mx_6.9.2.202309101412//db//plugins/mcufinder/images/
2024-06-08 10:51:29,657 [INFO] ApiDb:250 - Set database path to: /Users/james/.stmcufinder/plugins/mcufinder//mcu/
2024-06-08 10:51:29,660 [INFO] DbMcusAds:125 - Set database path to: /Users/james/.stmcufinder/plugins/mcufinder//mcu/
2024-06-08 10:51:29,662 [INFO] CrossReferenceDbSqlite:203 - Set database path to: /Users/james/.stmcufinder/plugins/mcufinder//mcu/cs/
2024-06-08 10:51:29,773 [INFO] RulesReader:64 - Compatibility file has been processed (293 Rules)
2024-06-08 10:51:29,839 [INFO] DbMcusXml:78 - Set database path to: /Applications/STM32CubeIDE.app/Contents/Eclipse/plugins/com.st.stm32cube.common.mx_6.9.2.202309101412//db//mcu/
2024-06-08 10:51:29,839 [INFO] ApiDb:274 - Set plugin database path to: /Applications/STM32CubeIDE.app/Contents/Eclipse/plugins/com.st.stm32cube.common.mx_6.9.2.202309101412//db//plugins/boardmanager/
2024-06-08 10:51:29,839 [INFO] ApiDb:261 - Set plugin images path to: /Applications/STM32CubeIDE.app/Contents/Eclipse/plugins/com.st.stm32cube.common.mx_6.9.2.202309101412//db//plugins/mcufinder/images/
2024-06-08 10:51:29,839 [WARN] DbFile:41 - Overriding database path with different value: /Users/james/.stmcufinder/plugins/mcufinder/ => /Users/james/.stmcufinder/plugins/mcufinder
2024-06-08 10:51:29,839 [INFO] ApiDb:250 - Set database path to: /Users/james/.stmcufinder/plugins/mcufinder//mcu/
2024-06-08 10:51:29,839 [WARN] DbFile:41 - Overriding database path with different value: /Users/james/.stmcufinder/plugins/mcufinder/ => /Users/james/.stmcufinder/plugins/mcufinder
2024-06-08 10:51:29,840 [INFO] DbMcusAds:125 - Set database path to: /Users/james/.stmcufinder/plugins/mcufinder//mcu/
2024-06-08 10:51:29,840 [WARN] DbFile:41 - Overriding database path with different value: /Users/james/.stmcufinder/plugins/mcufinder/ => /Users/james/.stmcufinder/plugins/mcufinder
2024-06-08 10:51:29,840 [WARN] DbFile:41 - Overriding database path with different value: /Users/james/.stmcufinder/plugins/mcufinder/ => /Users/james/.stmcufinder/plugins/mcufinder
2024-06-08 10:51:29,840 [INFO] CrossReferenceDbSqlite:203 - Set database path to: /Users/james/.stmcufinder/plugins/mcufinder//mcu/cs/
2024-06-08 10:51:29,908 [INFO] MainPanel:262 - HeapMemory: 268435456
2024-06-08 10:51:30,064 [INFO] DbMcusXml:78 - Set database path to: /Applications/STM32CubeIDE.app/Contents/Eclipse/plugins/com.st.stm32cube.common.mx_6.9.2.202309101412//db//mcu/
2024-06-08 10:51:30,065 [INFO] ApiDb:274 - Set plugin database path to: /Applications/STM32CubeIDE.app/Contents/Eclipse/plugins/com.st.stm32cube.common.mx_6.9.2.202309101412//db//plugins/boardmanager/
2024-06-08 10:51:30,065 [INFO] ApiDb:261 - Set plugin images path to: /Applications/STM32CubeIDE.app/Contents/Eclipse/plugins/com.st.stm32cube.common.mx_6.9.2.202309101412//db//plugins/mcufinder/images/
2024-06-08 10:51:30,065 [WARN] DbFile:41 - Overriding database path with different value: /Users/james/.stmcufinder/plugins/mcufinder/ => /Users/james/.stmcufinder/plugins/mcufinder
2024-06-08 10:51:30,065 [INFO] ApiDb:250 - Set database path to: /Users/james/.stmcufinder/plugins/mcufinder//mcu/
2024-06-08 10:51:30,065 [WARN] DbFile:41 - Overriding database path with different value: /Users/james/.stmcufinder/plugins/mcufinder/ => /Users/james/.stmcufinder/plugins/mcufinder
2024-06-08 10:51:30,065 [INFO] DbMcusAds:125 - Set database path to: /Users/james/.stmcufinder/plugins/mcufinder//mcu/
2024-06-08 10:51:30,066 [WARN] DbFile:41 - Overriding database path with different value: /Users/james/.stmcufinder/plugins/mcufinder/ => /Users/james/.stmcufinder/plugins/mcufinder
2024-06-08 10:51:30,066 [WARN] DbFile:41 - Overriding database path with different value: /Users/james/.stmcufinder/plugins/mcufinder/ => /Users/james/.stmcufinder/plugins/mcufinder
2024-06-08 10:51:30,066 [INFO] CrossReferenceDbSqlite:203 - Set database path to: /Users/james/.stmcufinder/plugins/mcufinder//mcu/cs/
2024-06-08 10:51:30,082 [INFO] ApplicationProperties:184 - Using Application install path: /Applications/STM32CubeIDE.app/Contents/Eclipse/plugins/com.st.stm32cube.common.mx_6.9.2.202309101412
2024-06-08 10:51:30,083 [INFO] PluginManage:196 - Search for loadable plugins [exclusion list=, ]
2024-06-08 10:51:30,085 [INFO] PluginManage:310 - Check plugin analytics
2024-06-08 10:51:30,264 [INFO] AnalyticsPlugin:253 - Accepted Software Licenses: 
2024-06-08 10:51:30,264 [INFO] AnalyticsPlugin:255 - Accepted CMSIS Pack Licenses: 
2024-06-08 10:51:30,264 [INFO] AnalyticsPlugin:257 - Accepted Firmware Licenses: FW.F7.1.17.0
2024-06-08 10:51:30,267 [INFO] PluginManage:359 - Loaded plugin analytics (category:tool,tabindex:-1)
2024-06-08 10:51:30,267 [INFO] PluginManage:310 - Check plugin cadmodel
2024-06-08 10:51:30,613 [INFO] CADModel:105 - Init CAD model plugin
2024-06-08 10:51:30,614 [INFO] PluginManage:359 - Loaded plugin cadmodel (category:power,tabindex:5)
2024-06-08 10:51:30,614 [INFO] PluginManage:310 - Check plugin clock
2024-06-08 10:51:30,623 [INFO] PluginManage:359 - Loaded plugin clock (category:base,tabindex:2)
2024-06-08 10:51:30,623 [INFO] PluginManage:310 - Check plugin ddr
2024-06-08 10:51:30,626 [INFO] PluginManage:359 - Loaded plugin ddr (category:tool,tabindex:6)
2024-06-08 10:51:30,626 [INFO] PluginManage:310 - Check plugin filemanager
2024-06-08 10:51:30,779 [INFO] PluginManage:359 - Loaded plugin filemanager (category:base,tabindex:10)
2024-06-08 10:51:30,779 [INFO] PluginManage:310 - Check plugin ipmanager
2024-06-08 10:51:30,787 [INFO] PluginManage:359 - Loaded plugin ipmanager (category:base,tabindex:5)
2024-06-08 10:51:30,787 [INFO] PluginManage:310 - Check plugin lpbam
2024-06-08 10:51:30,798 [INFO] PluginManage:359 - Loaded plugin lpbam (category:base,tabindex:0)
2024-06-08 10:51:30,798 [INFO] PluginManage:310 - Check plugin memorymap
2024-06-08 10:51:30,814 [INFO] PluginManage:359 - Loaded plugin memorymap (category:base,tabindex:4)
2024-06-08 10:51:30,814 [INFO] PluginManage:310 - Check plugin pinoutandconfiguration
2024-06-08 10:51:30,822 [INFO] PluginManage:359 - Loaded plugin pinoutandconfiguration (category:base,tabindex:1)
2024-06-08 10:51:30,822 [INFO] PluginManage:310 - Check plugin pinoutconfig
2024-06-08 10:51:30,923 [WARN] SupportedApi:132 - Cannot load RTOS API schema: s4s-elt-must-match.1: The content of 'definitions' must match (annotation?, (simpleType | complexType)?, (unique | key | keyref)*)). A problem was found starting at: attribute.
2024-06-08 10:51:31,088 [INFO] PluginManage:359 - Loaded plugin pinoutconfig (category:base,tabindex:0)
2024-06-08 10:51:31,088 [INFO] PluginManage:310 - Check plugin power
2024-06-08 10:51:31,100 [INFO] PluginManage:359 - Loaded plugin power (category:power,tabindex:4)
2024-06-08 10:51:31,100 [INFO] PluginManage:310 - Check plugin projectmanager
2024-06-08 10:51:31,118 [INFO] PluginManage:359 - Loaded plugin projectmanager (category:projectmanager,tabindex:3)
2024-06-08 10:51:31,118 [INFO] PluginManage:310 - Check plugin thirdparty
2024-06-08 10:51:31,279 [WARN] IntegrityCheckThread:84 - waiting for thirdparty lock release [integrity check]
2024-06-08 10:51:31,279 [INFO] PluginManage:359 - Loaded plugin thirdparty (category:base,tabindex:-1)
2024-06-08 10:51:31,279 [INFO] IntegrityCheckThread:86 - entering critical section [integrity check]
2024-06-08 10:51:31,279 [INFO] PluginManage:310 - Check plugin tools
2024-06-08 10:51:31,280 [INFO] ThirdPartyUpdaterWithRetryManager:70 - Updater plugin not ready yet. [1/15]
2024-06-08 10:51:31,282 [INFO] PluginManage:359 - Loaded plugin tools (category:base,tabindex:7)
2024-06-08 10:51:31,282 [INFO] PluginManage:310 - Check plugin tutovideos
2024-06-08 10:51:31,539 [INFO] PluginManage:359 - Loaded plugin tutovideos (category:base,tabindex:-1)
2024-06-08 10:51:31,540 [INFO] PluginManage:310 - Check plugin updater
2024-06-08 10:51:31,552 [INFO] PluginManage:359 - Loaded plugin updater (category:base,tabindex:12)
2024-06-08 10:51:31,552 [INFO] PluginManage:310 - Check plugin userauth
2024-06-08 10:51:31,558 [INFO] UserAuth:113 - Init User Auth plugin
2024-06-08 10:51:31,558 [INFO] PluginManage:359 - Loaded plugin userauth (category:base,tabindex:14)
2024-06-08 10:51:31,559 [INFO] PluginManage:283 - PluginManage : Loaded plugins [17]
2024-06-08 10:51:31,736 [INFO] PinOutPanel:1499 - setPackage(No Configuration,No Configuration)
2024-06-08 10:51:31,823 [INFO] CADModel:165 - CPN selected for project level
2024-06-08 10:51:31,823 [INFO] CADModel:114 - Register for checkConnection events
2024-06-08 10:51:31,838 [INFO] IPUIPlugin:80 - create IPUIPlugin
2024-06-08 10:51:31,838 [INFO] PluginManager:220 - loadIPPluginJar : add mdma
2024-06-08 10:51:31,848 [INFO] IPUIPlugin:80 - create IPUIPlugin
2024-06-08 10:51:31,848 [INFO] PluginManager:220 - loadIPPluginJar : add freertos
2024-06-08 10:51:31,853 [INFO] IPUIPlugin:80 - create IPUIPlugin
2024-06-08 10:51:31,853 [INFO] PluginManager:220 - loadIPPluginJar : add gic
2024-06-08 10:51:31,863 [INFO] IPUIPlugin:80 - create IPUIPlugin
2024-06-08 10:51:31,863 [INFO] PluginManager:220 - loadIPPluginJar : add adc
2024-06-08 10:51:31,866 [INFO] IPUIPlugin:80 - create IPUIPlugin
2024-06-08 10:51:31,866 [INFO] PluginManager:220 - loadIPPluginJar : add gtzc
2024-06-08 10:51:31,867 [INFO] IPUIPlugin:80 - create IPUIPlugin
2024-06-08 10:51:31,867 [INFO] PluginManager:220 - loadIPPluginJar : add quadspi
2024-06-08 10:51:31,869 [INFO] IPUIPlugin:80 - create IPUIPlugin
2024-06-08 10:51:31,870 [INFO] PluginManager:220 - loadIPPluginJar : add aes
2024-06-08 10:51:31,873 [INFO] IPUIPlugin:80 - create IPUIPlugin
2024-06-08 10:51:31,873 [INFO] PluginManager:220 - loadIPPluginJar : add pdm2pcm
2024-06-08 10:51:31,875 [INFO] IPUIPlugin:80 - create IPUIPlugin
2024-06-08 10:51:31,875 [INFO] PluginManager:220 - loadIPPluginJar : add hash
2024-06-08 10:51:31,880 [INFO] IPUIPlugin:80 - create IPUIPlugin
2024-06-08 10:51:31,881 [INFO] PluginManager:220 - loadIPPluginJar : add tim
2024-06-08 10:51:31,882 [INFO] IPUIPlugin:80 - create IPUIPlugin
2024-06-08 10:51:31,883 [INFO] PluginManager:220 - loadIPPluginJar : add tsc
2024-06-08 10:51:31,885 [INFO] IPUIPlugin:80 - create IPUIPlugin
2024-06-08 10:51:31,885 [INFO] PluginManager:220 - loadIPPluginJar : add ts
2024-06-08 10:51:31,888 [INFO] IPUIPlugin:80 - create IPUIPlugin
2024-06-08 10:51:31,888 [INFO] PluginManager:220 - loadIPPluginJar : add can
2024-06-08 10:51:31,891 [INFO] IPUIPlugin:80 - create IPUIPlugin
2024-06-08 10:51:31,891 [INFO] PluginManager:220 - loadIPPluginJar : add dma3
2024-06-08 10:51:31,893 [INFO] IPUIPlugin:80 - create IPUIPlugin
2024-06-08 10:51:31,893 [INFO] PluginManager:220 - loadIPPluginJar : add dfsdm
2024-06-08 10:51:31,897 [INFO] IPUIPlugin:80 - create IPUIPlugin
2024-06-08 10:51:31,897 [INFO] PluginManager:220 - loadIPPluginJar : add spi
2024-06-08 10:51:31,900 [INFO] IPUIPlugin:80 - create IPUIPlugin
2024-06-08 10:51:31,900 [INFO] PluginManager:220 - loadIPPluginJar : add gfxmmu
2024-06-08 10:51:31,901 [INFO] IPUIPlugin:80 - create IPUIPlugin
2024-06-08 10:51:31,901 [INFO] PluginManager:220 - loadIPPluginJar : add genericplugin
2024-06-08 10:51:31,904 [INFO] IPUIPlugin:80 - create IPUIPlugin
2024-06-08 10:51:31,904 [INFO] PluginManager:220 - loadIPPluginJar : add cryp
2024-06-08 10:51:31,908 [INFO] IPUIPlugin:80 - create IPUIPlugin
2024-06-08 10:51:31,909 [INFO] PluginManager:220 - loadIPPluginJar : add gpio
2024-06-08 10:51:31,910 [INFO] IPUIPlugin:80 - create IPUIPlugin
2024-06-08 10:51:31,911 [INFO] PluginManager:220 - loadIPPluginJar : add comp
2024-06-08 10:51:31,913 [INFO] IPUIPlugin:80 - create IPUIPlugin
2024-06-08 10:51:31,913 [INFO] PluginManager:220 - loadIPPluginJar : add tracer_emb
2024-06-08 10:51:31,916 [INFO] IPUIPlugin:80 - create IPUIPlugin
2024-06-08 10:51:31,917 [INFO] PluginManager:220 - loadIPPluginJar : add openamp
2024-06-08 10:51:31,922 [INFO] IPUIPlugin:80 - create IPUIPlugin
2024-06-08 10:51:31,922 [INFO] PluginManager:220 - loadIPPluginJar : add stm32_wpan
2024-06-08 10:51:31,930 [INFO] IPUIPlugin:80 - create IPUIPlugin
2024-06-08 10:51:31,932 [INFO] PluginManager:220 - loadIPPluginJar : add plateformsettings
2024-06-08 10:51:31,936 [INFO] IPUIPlugin:80 - create IPUIPlugin
2024-06-08 10:51:31,936 [INFO] PluginManager:220 - loadIPPluginJar : add ipddr
2024-06-08 10:51:31,938 [INFO] IPUIPlugin:80 - create IPUIPlugin
2024-06-08 10:51:31,939 [INFO] PluginManager:220 - loadIPPluginJar : add usart
2024-06-08 10:51:31,940 [INFO] IPUIPlugin:80 - create IPUIPlugin
2024-06-08 10:51:31,940 [INFO] PluginManager:220 - loadIPPluginJar : add ltdc
2024-06-08 10:51:31,944 [INFO] IPUIPlugin:80 - create IPUIPlugin
2024-06-08 10:51:31,944 [INFO] PluginManager:220 - loadIPPluginJar : add nvic
2024-06-08 10:51:31,946 [INFO] IPUIPlugin:80 - create IPUIPlugin
2024-06-08 10:51:31,946 [INFO] PluginManager:220 - loadIPPluginJar : add fatfs
2024-06-08 10:51:31,954 [INFO] IPUIPlugin:80 - create IPUIPlugin
2024-06-08 10:51:31,954 [INFO] PluginManager:220 - loadIPPluginJar : add linkedlist
2024-06-08 10:51:31,959 [INFO] IPUIPlugin:80 - create IPUIPlugin
2024-06-08 10:51:31,959 [INFO] PluginManager:220 - loadIPPluginJar : add dma
2024-06-08 10:51:31,963 [INFO] IPUIPlugin:80 - create IPUIPlugin
2024-06-08 10:51:31,963 [INFO] PluginManager:220 - loadIPPluginJar : add fmc
2024-06-08 10:51:31,965 [INFO] IPUIPlugin:80 - create IPUIPlugin
2024-06-08 10:51:31,965 [INFO] PluginManager:220 - loadIPPluginJar : add i2s
2024-06-08 10:51:31,966 [INFO] IPUIPlugin:80 - create IPUIPlugin
2024-06-08 10:51:31,967 [INFO] PluginManager:220 - loadIPPluginJar : add ucpd
2024-06-08 10:51:31,969 [INFO] IPUIPlugin:80 - create IPUIPlugin
2024-06-08 10:51:31,969 [INFO] PluginManager:220 - loadIPPluginJar : add lorawan
2024-06-08 10:51:31,971 [INFO] IPUIPlugin:80 - create IPUIPlugin
2024-06-08 10:51:31,971 [INFO] PluginManager:220 - loadIPPluginJar : add opamp
2024-06-08 10:51:31,973 [INFO] IPUIPlugin:80 - create IPUIPlugin
2024-06-08 10:51:31,973 [INFO] PluginManager:220 - loadIPPluginJar : add i3c
2024-06-08 10:51:31,976 [INFO] IPUIPlugin:80 - create IPUIPlugin
2024-06-08 10:51:31,976 [INFO] PluginManager:220 - loadIPPluginJar : add touchsensing
2024-06-08 10:51:31,978 [INFO] IPUIPlugin:80 - create IPUIPlugin
2024-06-08 10:51:31,979 [INFO] PluginManager:220 - loadIPPluginJar : add i2c
2024-06-08 10:51:31,983 [INFO] IPUIPlugin:80 - create IPUIPlugin
2024-06-08 10:51:31,984 [INFO] PluginManager:220 - loadIPPluginJar : add resmgrutility
2024-06-08 10:51:31,986 [INFO] IPUIPlugin:80 - create IPUIPlugin
2024-06-08 10:51:31,986 [INFO] PluginManager:220 - loadIPPluginJar : add sai
2024-06-08 10:51:31,989 [INFO] IPUIPlugin:80 - create IPUIPlugin
2024-06-08 10:51:31,989 [INFO] PluginManager:220 - loadIPPluginJar : add usbx
2024-06-08 10:51:32,095 [INFO] CADModel:165 - CPN selected for project level
2024-06-08 10:51:32,095 [INFO] CADModel:114 - Register for checkConnection events
2024-06-08 10:51:32,095 [FATAL] Updater:308 - Updater called before beeing initialized
2024-06-08 10:51:32,095 [ERROR] CADModel:125 - Updater not yet initialized, retry later 
2024-06-08 10:51:32,334 [INFO] CADModel:165 - CPN selected for project level
2024-06-08 10:51:32,335 [INFO] CADModel:114 - Register for checkConnection events
2024-06-08 10:51:32,335 [FATAL] Updater:308 - Updater called before beeing initialized
2024-06-08 10:51:32,335 [ERROR] CADModel:125 - Updater not yet initialized, retry later 
2024-06-08 10:51:32,338 [FATAL] Updater:308 - Updater called before beeing initialized
2024-06-08 10:51:32,420 [FATAL] Updater:308 - Updater called before beeing initialized
2024-06-08 10:51:32,427 [INFO] DbMcusAds:53 - JSON generation date=Wed Nov 29 02:52:27 PST 2023 (1701255147349)
2024-06-08 10:51:32,427 [FATAL] Updater:308 - Updater called before beeing initialized
2024-06-08 10:51:32,493 [WARN] DetailPanel:346 - Failed to get advertising image, set to default
2024-06-08 10:51:32,593 [FATAL] Updater:308 - Updater called before beeing initialized
2024-06-08 10:51:32,596 [FATAL] Updater:308 - Updater called before beeing initialized
2024-06-08 10:51:32,596 [FATAL] Updater:308 - Updater called before beeing initialized
2024-06-08 10:51:32,596 [WARN] DetailPanel:346 - Failed to get advertising image, set to default
2024-06-08 10:51:32,598 [FATAL] Updater:308 - Updater called before beeing initialized
2024-06-08 10:51:32,631 [ERROR] Updater:1120 - MainUpdater not yet initialized. External WinMGr cannot be set.
2024-06-08 10:51:32,650 [INFO] Updater:1056 - Updater Version found : 6.9.2
2024-06-08 10:51:32,671 [INFO] ApplicationProperties:184 - Using Application install path: /Applications/STM32CubeIDE.app/Contents/Eclipse/plugins/com.st.stm32cube.common.mx_6.9.2.202309101412
2024-06-08 10:51:33,044 [INFO] MainUpdater:2868 - connection check result : 10
2024-06-08 10:51:33,045 [INFO] MainUpdater:285 - Updater Check For Update Now.
2024-06-08 10:51:33,046 [INFO] MicroXplorer:498 - Change Database Version : DB.6.0.92
2024-06-08 10:51:33,053 [INFO] McuFinderGlobals:63 - Set McuFinder mode to 2 (CubeIDE integrated)
2024-06-08 10:51:33,237 [INFO] CheckServerUpdateThread:120 - End of CheckServer Thread
2024-06-08 10:51:34,397 [WARN] PackLoader:240 - Cannot read IP mode file for STMicroelectronics.FP-SNS-MOTENVWB1.1.4.0
2024-06-08 10:51:34,405 [WARN] PackLoader:240 - Cannot read IP mode file for STMicroelectronics.X-CUBE-SMBUS.2.1.0
2024-06-08 10:51:34,409 [WARN] PackLoader:240 - Cannot read IP mode file for STMicroelectronics.X-CUBE-TOUCHGFX.4.23.0
2024-06-08 10:51:34,412 [WARN] PackLoader:240 - Cannot read IP mode file for STMicroelectronics.X-CUBE-TOUCHGFX.4.23.2
2024-06-08 10:51:34,441 [WARN] PackLoader:240 - Cannot read IP mode file for STMicroelectronics.X-CUBE-AZRTOS-F7.1.1.0
2024-06-08 10:51:34,450 [WARN] PackLoader:240 - Cannot read IP mode file for STMicroelectronics.FP-SNS-MOTENV1.4.3.2
2024-06-08 10:51:34,455 [WARN] PackLoader:240 - Cannot read IP mode file for STMicroelectronics.FP-SNS-FLIGHT1.5.0.2
2024-06-08 10:51:34,463 [WARN] PackLoader:240 - Cannot read IP mode file for STMicroelectronics.X-CUBE-DISPLAY.3.0.0
2024-06-08 10:51:34,473 [WARN] PackLoader:240 - Cannot read IP mode file for STMicroelectronics.X-CUBE-BLE1.7.0.0
2024-06-08 10:51:34,477 [WARN] PackLoader:240 - Cannot read IP mode file for emotas.I-CUBE-CANOPEN.1.3.0
2024-06-08 10:51:34,490 [WARN] PackLoader:240 - Cannot read IP mode file for STMicroelectronics.X-CUBE-BLEMGR.3.1.0
2024-06-08 10:51:34,497 [WARN] PackLoader:240 - Cannot read IP mode file for STMicroelectronics.FP-SNS-SMARTAG2.1.2.0
2024-06-08 10:51:34,508 [INFO] LogOutputStream:77 - [STDOUT_REDIRECT] 1 : Invalid condition id : UX_CORESTACK_Condition cause : null
2024-06-08 10:51:34,509 [INFO] LogOutputStream:77 - [STDOUT_REDIRECT] 1 : Invalid condition id : UX_CORESTACK_Condition cause : null
2024-06-08 10:51:34,509 [INFO] LogOutputStream:77 - [STDOUT_REDIRECT] 1 : Invalid condition id : UX_CORESTACK_Condition cause : null
2024-06-08 10:51:34,509 [INFO] LogOutputStream:77 - [STDOUT_REDIRECT] 1 : Invalid condition id : UX_CORESTACK_Condition cause : null
2024-06-08 10:51:34,509 [INFO] LogOutputStream:77 - [STDOUT_REDIRECT] 1 : Invalid condition id : UX_CORESTACK_Condition cause : null
2024-06-08 10:51:34,514 [WARN] PackLoader:240 - Cannot read IP mode file for STMicroelectronics.X-CUBE-AZRTOS-WL.2.0.0
2024-06-08 10:51:34,520 [WARN] PackLoader:240 - Cannot read IP mode file for STMicroelectronics.FP-SNS-MOTENV1.5.0.0
2024-06-08 10:51:34,524 [WARN] PackLoader:240 - Cannot read IP mode file for wolfSSL.I-CUBE-wolfMQTT.1.19.0
2024-06-08 10:51:34,530 [WARN] PackLoader:240 - Cannot read IP mode file for WES.I-CUBE-Cesium.1.3.0
2024-06-08 10:51:34,534 [WARN] PackLoader:240 - Cannot read IP mode file for STMicroelectronics.X-CUBE-BLE2.3.3.0
2024-06-08 10:51:34,540 [WARN] PackLoader:240 - Cannot read IP mode file for STMicroelectronics.X-CUBE-TCPP.4.1.0
2024-06-08 10:51:34,546 [WARN] PackLoader:240 - Cannot read IP mode file for STMicroelectronics.X-CUBE-ALGOBUILD.1.3.0
2024-06-08 10:51:34,564 [WARN] PackLoader:240 - Cannot read IP mode file for STMicroelectronics.X-CUBE-AZRTOS-G0.1.1.0
2024-06-08 10:51:34,571 [WARN] PackLoader:240 - Cannot read IP mode file for STMicroelectronics.X-CUBE-SAFEA1.1.2.2
2024-06-08 10:51:34,580 [WARN] PackLoader:240 - Cannot read IP mode file for STMicroelectronics.X-CUBE-NFC4.3.0.0
2024-06-08 10:51:34,584 [WARN] PackLoader:240 - Cannot read IP mode file for STMicroelectronics.FP-ATR-SIGFOX1.3.2.0
2024-06-08 10:51:34,589 [WARN] PackLoader:240 - Cannot read IP mode file for STMicroelectronics.X-CUBE-EEPRMA1.5.1.0
2024-06-08 10:51:34,629 [WARN] PackLoader:240 - Cannot read IP mode file for SEGGER.I-CUBE-embOS.1.3.1
2024-06-08 10:51:34,666 [WARN] PackLoader:240 - Cannot read IP mode file for STMicroelectronics.X-CUBE-ALGOBUILD.1.4.0
2024-06-08 10:51:34,670 [WARN] PackLoader:240 - Cannot read IP mode file for STMicroelectronics.X-CUBE-GNSS1.6.0.0
2024-06-08 10:51:34,687 [WARN] PackLoader:240 - Cannot read IP mode file for STMicroelectronics.X-CUBE-AZRTOS-F4.1.1.0
2024-06-08 10:51:34,695 [WARN] PackLoader:240 - Cannot read IP mode file for STMicroelectronics.X-CUBE-FREERTOS.1.2.0
2024-06-08 10:51:34,697 [WARN] PackLoader:240 - Cannot read IP mode file for wolfSSL.I-CUBE-wolfSSL.5.6.6
2024-06-08 10:51:34,714 [WARN] PackLoader:240 - Cannot read IP mode file for STMicroelectronics.X-CUBE-AZRTOS-L5.2.0.0
2024-06-08 10:51:34,723 [WARN] PackLoader:240 - Cannot read IP mode file for STMicroelectronics.X-CUBE-NFC6.3.1.0
2024-06-08 10:51:34,729 [WARN] PackLoader:240 - Cannot read IP mode file for ITTIA_DB.I-CUBE-ITTIADB.8.8.0
2024-06-08 10:51:34,732 [WARN] PackLoader:240 - Cannot read IP mode file for STMicroelectronics.X-CUBE-AI.9.0.0
2024-06-08 10:51:34,736 [WARN] PackLoader:240 - Cannot read IP mode file for STMicroelectronics.X-CUBE-NFC7.1.0.1
2024-06-08 10:51:34,744 [WARN] PackLoader:240 - Cannot read IP mode file for STMicroelectronics.X-CUBE-NFC6.3.0.0
2024-06-08 10:51:34,748 [WARN] PackLoader:240 - Cannot read IP mode file for STMicroelectronics.X-CUBE-AI.8.1.0
2024-06-08 10:51:34,765 [WARN] ConditionMgr:438 - getConditionDescription Invalid condition id : LAN8742 Phy interface Condition cause : null
2024-06-08 10:51:34,766 [WARN] PackLoader:240 - Cannot read IP mode file for STMicroelectronics.X-CUBE-AZRTOS-L4.2.0.0
2024-06-08 10:51:34,767 [WARN] ConditionMgr:1039 - genDependencies : Invalid condition id : LAN8742 Phy interface Condition cause : null
2024-06-08 10:51:34,767 [WARN] ConditionMgr:1039 - genDependencies : Invalid condition id : LAN8742 Phy interface Condition cause : null
2024-06-08 10:51:34,768 [WARN] ConditionMgr:1039 - genDependencies : Invalid condition id : LAN8742 Phy interface Condition cause : null
2024-06-08 10:51:34,774 [WARN] PackLoader:240 - Cannot read IP mode file for STMicroelectronics.X-CUBE-SFXS2LP1.4.0.0
2024-06-08 10:51:34,787 [WARN] ConditionMgr:438 - getConditionDescription Invalid condition id : UX DEVICE CLASS RTOS Condition cause : null
2024-06-08 10:51:34,804 [WARN] ConditionMgr:438 - getConditionDescription Invalid condition id : UX DEVICE CLASS RTOS Condition cause : null
2024-06-08 10:51:34,806 [WARN] PackLoader:240 - Cannot read IP mode file for STMicroelectronics.X-CUBE-AZRTOS-WB.2.0.0
2024-06-08 10:51:34,807 [WARN] ConditionMgr:1039 - genDependencies : Invalid condition id : UX DEVICE CLASS RTOS Condition cause : null
2024-06-08 10:51:34,807 [WARN] ConditionMgr:1039 - genDependencies : Invalid condition id : UX DEVICE CLASS RTOS Condition cause : null
2024-06-08 10:51:34,807 [WARN] ConditionMgr:1039 - genDependencies : Invalid condition id : UX DEVICE CLASS RTOS Condition cause : null
2024-06-08 10:51:34,808 [WARN] ConditionMgr:1039 - genDependencies : Invalid condition id : UX DEVICE CLASS RTOS Condition cause : null
2024-06-08 10:51:34,808 [WARN] ConditionMgr:1039 - genDependencies : Invalid condition id : UX DEVICE CLASS RTOS Condition cause : null
2024-06-08 10:51:34,817 [WARN] PackLoader:240 - Cannot read IP mode file for STMicroelectronics.X-CUBE-SUBG2.5.0.0
2024-06-08 10:51:34,824 [WARN] PackLoader:240 - Cannot read IP mode file for Cesanta.I-CUBE-Mongoose.7.13.0
2024-06-08 10:51:34,836 [WARN] PackLoader:240 - Cannot read IP mode file for STMicroelectronics.X-CUBE-AZRTOS-G4.2.0.0
2024-06-08 10:51:34,848 [WARN] PackLoader:240 - Cannot read IP mode file for Infineon.AIROC-Wi-Fi-Bluetooth-STM32.1.5.1
2024-06-08 10:51:34,854 [WARN] PackLoader:240 - Cannot read IP mode file for STMicroelectronics.FP-SNS-MOTENVWB1.1.3.1
2024-06-08 10:51:34,857 [WARN] PackLoader:240 - Cannot read IP mode file for STMicroelectronics.X-CUBE-ISPU.2.0.0
2024-06-08 10:51:34,860 [WARN] PackLoader:240 - Cannot read IP mode file for STMicroelectronics.X-CUBE-ALS.1.0.2
2024-06-08 10:51:34,898 [WARN] PackLoader:240 - Cannot read IP mode file for STMicroelectronics.X-CUBE-MEMS1.10.0.0
2024-06-08 10:51:35,021 [WARN] PackLoader:240 - Cannot read IP mode file for STMicroelectronics.X-CUBE-FREERTOS.1.1.0
2024-06-08 10:51:35,025 [WARN] PackLoader:240 - Cannot read IP mode file for portGmbH.I-Cube-SoM-uGOAL.1.1.0
2024-06-08 10:51:35,028 [WARN] PackLoader:240 - Cannot read IP mode file for STMicroelectronics.X-CUBE-ALS.1.0.1
2024-06-08 10:51:35,047 [WARN] PackLoader:240 - Cannot read IP mode file for STMicroelectronics.X-CUBE-AZRTOS-H7RS.1.0.0
2024-06-08 10:51:35,051 [WARN] PackLoader:240 - Cannot read IP mode file for STMicroelectronics.FP-ATR-ASTRA1.2.0.0
2024-06-08 10:51:35,058 [WARN] PackLoader:240 - Cannot read IP mode file for STMicroelectronics.X-CUBE-TOF1.3.4.1
2024-06-08 10:51:35,087 [WARN] PackLoader:240 - Cannot read IP mode file for STMicroelectronics.X-CUBE-AZRTOS-H7.3.2.0
2024-06-08 10:51:35,091 [INFO] ThirdParty:978 - Integrity check success = true
2024-06-08 10:51:35,091 [INFO] IntegrityCheckThread:100 - exiting critical section [integrity check]
2024-06-08 10:51:35,091 [INFO] IntegrityCheckThread:103 - End integrity checks thread
2024-06-08 10:51:53,759 [ERROR] LogOutputStream:75 - [STDERR_REDIRECT] SLF4J: Failed to load class "org.slf4j.impl.StaticLoggerBinder".
2024-06-08 10:51:53,760 [ERROR] LogOutputStream:75 - [STDERR_REDIRECT] SLF4J: Defaulting to no-operation (NOP) logger implementation
2024-06-08 10:51:53,760 [ERROR] LogOutputStream:75 - [STDERR_REDIRECT] SLF4J: See http://www.slf4j.org/codes.html#StaticLoggerBinder for further details.
2024-06-08 10:53:55,723 [INFO] McuFinderGlobals:63 - Set McuFinder mode to 2 (CubeIDE integrated)
2024-06-08 10:53:55,726 [INFO] MainUpdater:2868 - connection check result : 10
2024-06-08 10:53:55,727 [INFO] McuFinderGlobals:76 - Set McuFinderConnectedMode to true
2024-06-08 10:53:55,979 [INFO] ServerAccessManage:473 - Download File mcusAds.json._tmp_
2024-06-08 10:53:56,087 [INFO] LoadUrlFilesThread:156 - End of LoadUrlFiles Thread
2024-06-08 10:53:57,443 [INFO] ServerAccessManage:473 - Download File cube-finder-db.zip
2024-06-08 10:54:10,499 [INFO] FileExtend:240 - Unzip File : cube-finder-db.zip
2024-06-08 10:54:10,500 [INFO] FileExtend:255 - Standard Zip Deflate
2024-06-08 10:54:11,048 [INFO] LoadUrlFilesThread:156 - End of LoadUrlFiles Thread
2024-06-08 10:54:11,994 [INFO] ServerAccessManage:473 - Download File crdb.zip
2024-06-08 10:54:12,948 [INFO] FileExtend:240 - Unzip File : crdb.zip
2024-06-08 10:54:12,948 [INFO] FileExtend:255 - Standard Zip Deflate
2024-06-08 10:54:13,062 [INFO] LoadUrlFilesThread:156 - End of LoadUrlFiles Thread
2024-06-08 10:54:13,203 [INFO] ServerAccessManage:473 - Download File tutoVideoDB.zip
2024-06-08 10:54:13,243 [INFO] FileExtend:240 - Unzip File : tutoVideoDB.zip
2024-06-08 10:54:13,243 [INFO] FileExtend:255 - Standard Zip Deflate
2024-06-08 10:54:13,348 [INFO] LoadUrlFilesThread:156 - End of LoadUrlFiles Thread
2024-06-08 10:54:13,352 [WARN] DbFile:41 - Overriding database path with different value: /Users/james/.stmcufinder/plugins/mcufinder/ => /Users/james/.stmcufinder/plugins/mcufinder
2024-06-08 10:54:14,154 [INFO] ServerAccessManage:473 - Download File api_config.json
2024-06-08 10:54:14,257 [INFO] LoadUrlFilesThread:156 - End of LoadUrlFiles Thread
2024-06-08 10:54:14,258 [INFO] DbMcusAds:53 - JSON generation date=Thu May 16 02:22:01 PDT 2024 (1715851321456)
2024-06-08 10:54:14,474 [INFO] ServerAccessManage:473 - Download File 
2024-06-08 10:54:14,502 [INFO] LoadUrlFilesThread:185 - End of LoadServerUrlFiles without Thread
2024-06-08 10:54:14,502 [INFO] TargetSelectorAdapter:259 - Refresh data is successful
2024-06-08 10:54:14,898 [INFO] ApiDb:581 - Connected to CubeFinder SQLite database (/Users/james/.stmcufinder/plugins/mcufinder/mcu/cube-finder-db.db)
2024-06-08 10:54:14,945 [INFO] ApiDb:668 - CubeFinder database Data Model version=2.1
2024-06-08 10:54:14,946 [INFO] ApiDb:669 - CubeFinder database Configuration version=3.0.39
2024-06-08 10:54:14,946 [INFO] ApiDb:670 - CubeFinder database generation date=2024-05-16 (1715872938)
2024-06-08 10:54:14,946 [INFO] ApiDb:671 - CubeFinder database FW Pack versions=[FP-ATR-ASTRA1_V2.0.0, FP-SNS-FLIGHT1_V5.0.1, FP-SNS-FLIGHT1_V5.0.2, FP-SNS-MOTENV1_V4.3.1, FP-SNS-MOTENV1_V4.3.2, FP-SNS-MOTENV1_V5.0.0, FP-SNS-MOTENVWB1_V1.4.0, FP-SNS-SMARTAG2_V1.2.0, STM32Cube_FW_C0_V1.1.0, STM32Cube_FW_F4_V1.28.0, STM32Cube_FW_F7_V1.17.0, STM32Cube_FW_G0_V1.6.2, STM32Cube_FW_G4_V1.5.2, STM32Cube_FW_H5_V0.5.1, STM32Cube_FW_H5_V1.1.1, STM32Cube_FW_H5_V1.2.0, STM32Cube_FW_H5_V1.2.0RC4, STM32Cube_FW_H7RS_V1.0.0, STM32Cube_FW_H7RS_V1.0.0RC4, STM32Cube_FW_H7_V1.11.0, STM32Cube_FW_L0_V1.12.2, STM32Cube_FW_L5_V1.5.1, STM32Cube_FW_U0_V1.0.0, STM32Cube_FW_U0_V1.0.0RC1, STM32Cube_FW_U5_V1.3.0RC4, STM32Cube_FW_U5_V1.5.0, STM32Cube_FW_U5_V1.5.0RC1, STM32Cube_FW_WBA_V1.0.0RC1, STM32Cube_FW_WBA_V1.2.0, STM32Cube_FW_WBA_V1.2.0RC2, STM32Cube_FW_WBA_V1.3.0, STM32Cube_FW_WBA_V1.3.0RC1, STM32Cube_FW_WB_V1.15.0RC1, STM32Cube_FW_WB_V1.16.0, STM32Cube_FW_WB_V1.16.0RC2, STM32Cube_FW_WB_V1.18.0, STM32Cube_FW_WB_V1.19.0, STM32Cube_FW_WL_V1.3.0, X-CUBE-ALGOBUILD_V1.4.0, X-CUBE-ALS_V1.0.1, X-CUBE-AZRTOS-F4_V1.1.0, X-CUBE-AZRTOS-F7_V1.1.0, X-CUBE-AZRTOS-G0_V1.1.0, X-CUBE-AZRTOS-G4_V2.0.0, X-CUBE-AZRTOS-H7_V3.2.0, X-CUBE-AZRTOS-L4_V1.0.0, X-CUBE-AZRTOS-L4_V2.0.0, X-CUBE-AZRTOS-L5_V1.1.0, X-CUBE-AZRTOS-WB_V2.0.0, X-CUBE-AZRTOS-WL_V2.0.0, X-CUBE-BLE1_V7.0.0, X-CUBE-BLE2_V3.3.0, X-CUBE-BLEMGR_V3.1.0, X-CUBE-EEPRMA1_V4.1.0, X-CUBE-EEPRMA1_V5.1.0, X-CUBE-FREERTOS_V1.1.0, X-CUBE-GNSS1_V6.0.0, X-CUBE-MEMS1_V10.0.0, X-CUBE-MEMS1_V9.1.0, X-CUBE-MEMS1_V9.4.0, X-CUBE-MEMS1_V9.6.0, X-CUBE-NFC4_V3.0.0, X-CUBE-NFC7_V1.0.1, X-CUBE-SFXS2LP1_V4.0.0, X-CUBE-SUBG2_V5.0.0, X-CUBE-TOF1_V3.4.0]
2024-06-08 10:54:16,447 [INFO] ApiDb:240 - Found 323 in-development CPN: [B-G473E-ZEST1S, B-WB1M-WPAN1, B-WL5M-SUBG1, NUCLEO-C031C6, NUCLEO-H503RB, NUCLEO-H563ZI, NUCLEO-U545RE-Q, NUCLEO-U5A5ZJ-Q, NUCLEO-WBA52CG, STEVAL-PROTEUS1, STEVAL-SMARTAG2, STEVAL-STWINBX1, STM320518-EVAL, STM32C0116-DK, STM32C011D6Y3TR, STM32C011D6Y6TR, STM32C011F4P3, STM32C011F4P6, STM32C011F4U3, STM32C011F4U6TR, STM32C011F6P3, STM32C011F6P6, STM32C011F6U3, STM32C011F6U6TR, STM32C011J4M3, STM32C011J4M6, STM32C011J6M3, STM32C011J6M6, STM32C0316-DK, STM32C031C4T3, STM32C031C4T6, STM32C031C4U3, STM32C031C4U6, STM32C031C6T3, STM32C031C6T6, STM32C031C6U3, STM32C031C6U6, STM32C031F4P3, STM32C031F4P6, STM32C031F6P3, STM32C031F6P6, STM32C031G4U3, STM32C031G4U6, STM32C031G6U3, STM32C031G6U6, STM32C031K4T3, STM32C031K4T6, STM32C031K4U3, STM32C031K4U6, STM32C031K6T3, STM32C031K6T6, STM32C031K6U3, STM32C031K6U6, STM32G071K8TXN, STM32G071K8UXN, STM32G081GBU6N, STM32G081KBT6N, STM32G081KBUXN, STM32G0B1CCT6N, STM32G0B1KCT6, STM32G0B1NEY6TR, STM32G0B1RCT6N, STM32G0C1CCT6, STM32G0C1CCT6N, STM32G0C1CCU6N, STM32G0C1CET6N, STM32G0C1CEU6N, STM32G0C1KCT6, STM32G0C1NEY6TR, STM32G0C1RCI6N, STM32G0C1RCT6N, STM32G0C1REI6N, STM32G0C1RET6N, STM32G0C1VCI6, STM32G0C1VEI6, STM32G471CCT6, STM32G471CCU6, STM32G471CET3, STM32G471CET6, STM32G471CEU3, STM32G471CEU6, STM32G471MCT6, STM32G471MET3, STM32G471MET6, STM32G471MEY6TR, STM32G471QCT6, STM32G471QET3, STM32G471RCT6, STM32G471RET3, STM32G471RET6, STM32G471VCH6, STM32G471VCI6, STM32G471VCT6, STM32G471VEH3, STM32G471VEH6, STM32G471VEI3, STM32G471VEI6, STM32G471VET3, STM32G471VET6, STM32G474CCT6, STM32H503CBT6, STM32H503CBU6, STM32H503EBY6TR, STM32H503KBU6, STM32H503RBT6, STM32H562AGI6, STM32H562AII6, STM32H562IGK6, STM32H562IGT6, STM32H562IIK6, STM32H562IIT6, STM32H562RGT6, STM32H562RGV6, STM32H562RIT6, STM32H562RIV6, STM32H562VGT6, STM32H562VIT6, STM32H562ZGT6, STM32H562ZIT6, STM32H563AGI6, STM32H563AII3Q, STM32H563AII6, STM32H563IGK6, STM32H563IGT6, STM32H563IIK3Q, STM32H563IIK6, STM32H563IIT3Q, STM32H563IIT6, STM32H563MIY3QTR, STM32H563RGT6, STM32H563RGV6, STM32H563RIT6, STM32H563RIV6, STM32H563VGT6, STM32H563VIT3Q, STM32H563VIT6, STM32H563ZGT6, STM32H563ZIT3Q, STM32H563ZIT6, STM32H573AII3Q, STM32H573AII6, STM32H573I-DK, STM32H573IIK3Q, STM32H573IIK6, STM32H573IIT3Q, STM32H573IIT6, STM32H573MIY3QTR, STM32H573RIT6, STM32H573RIV6, STM32H573VIT3Q, STM32H573VIT6, STM32H573ZIT3Q, STM32H573ZIT6, STM32L4R5QGI6STR, STM32MP131AAE3, STM32MP131AAF3, STM32MP131AAG3, STM32MP131CAE3, STM32MP131CAF3, STM32MP131CAG3, STM32MP131DAE7, STM32MP131DAF7, STM32MP131DAG7, STM32MP131FAE7, STM32MP131FAF7, STM32MP131FAG7, STM32MP133AAE3, STM32MP133AAF3, STM32MP133AAG3, STM32MP133CAE3, STM32MP133CAF3, STM32MP133CAG3, STM32MP133DAE7, STM32MP133DAF7, STM32MP133DAG7, STM32MP133FAE7, STM32MP133FAF7, STM32MP133FAG7, STM32MP135AAE3, STM32MP135AAF3, STM32MP135AAG3, STM32MP135CAE3, STM32MP135CAF3, STM32MP135CAG3, STM32MP135DAE7, STM32MP135DAF7, STM32MP135DAG7, STM32MP135F-DK, STM32MP135FAE7, STM32MP135FAF7, STM32MP135FAF7T, STM32MP135FAF7U, STM32MP135FAG7, STM32U535CBT6, STM32U535CBT6Q, STM32U535CBU6, STM32U535CBU6Q, STM32U535CCT6, STM32U535CCT6Q, STM32U535CCU6, STM32U535CCU6Q, STM32U535CET6, STM32U535CET6Q, STM32U535CEU6, STM32U535CEU6Q, STM32U535JEY6QTR, STM32U535NCY6QTR, STM32U535NEY6QTR, STM32U535RBI6, STM32U535RBI6Q, STM32U535RBT6, STM32U535RBT6Q, STM32U535RCI6, STM32U535RCI6Q, STM32U535RCT6, STM32U535RCT6Q, STM32U535REI6, STM32U535REI6Q, STM32U535RET6, STM32U535RET6Q, STM32U535VCI6, STM32U535VCI6Q, STM32U535VCT6, STM32U535VCT6Q, STM32U535VEI6, STM32U535VEI6Q, STM32U535VET6, STM32U535VET6Q, STM32U545CET6, STM32U545CET6Q, STM32U545CEU6, STM32U545CEU6Q, STM32U545JEY6QTR, STM32U545NEY6QTR, STM32U545REI6, STM32U545REI6Q, STM32U545RET6, STM32U545RET6Q, STM32U545VEI6, STM32U545VEI6Q, STM32U545VET6, STM32U545VET6Q, STM32U595AIH6, STM32U595AIH6Q, STM32U595AJH6, STM32U595AJH6Q, STM32U595QII6, STM32U595QII6Q, STM32U595QJI6, STM32U595QJI6Q, STM32U595RIT6, STM32U595RIT6Q, STM32U595RJT6, STM32U595RJT6Q, STM32U595VIT6, STM32U595VIT6Q, STM32U595VJT6, STM32U595VJT6Q, STM32U595ZIT6, STM32U595ZIT6Q, STM32U595ZIY6QTR, STM32U595ZJT6, STM32U595ZJT6Q, STM32U595ZJY6QTR, STM32U599BJY6QTR, STM32U599NIH6Q, STM32U599NJH6Q, STM32U599VIT6Q, STM32U599VJT6, STM32U599VJT6Q, STM32U599ZIT6Q, STM32U599ZIY6QTR, STM32U599ZJT6Q, STM32U599ZJY6QTR, STM32U5A5AJH6, STM32U5A5AJH6Q, STM32U5A5QJI6, STM32U5A5QJI6Q, STM32U5A5RJT6, STM32U5A5RJT6Q, STM32U5A5VJT6, STM32U5A5VJT6Q, STM32U5A5ZJT6, STM32U5A5ZJT6Q, STM32U5A5ZJY6QTR, STM32U5A9BJY6QTR, STM32U5A9J-DK, STM32U5A9NJH6Q, STM32U5A9VJT6Q, STM32U5A9ZJT6Q, STM32U5A9ZJY6QTR, STM32U5F7VIT6, STM32U5F7VIT6Q, STM32U5F7VJT6, STM32U5F7VJT6Q, STM32U5F9BJY6QTR, STM32U5F9NJH6Q, STM32U5F9VIT6Q, STM32U5F9VJT6Q, STM32U5F9ZIJ6QTR, STM32U5F9ZIT6Q, STM32U5F9ZJJ6QTR, STM32U5F9ZJT6Q, STM32U5G7VJT6, STM32U5G7VJT6Q, STM32U5G9BJY6QTR, STM32U5G9J-DK1, STM32U5G9J-DK2, STM32U5G9NJH6Q, STM32U5G9VJT6Q, STM32U5G9ZJJ6QTR, STM32U5G9ZJT6Q, STM32WB1MMCH6, STM32WBA52CEU6, STM32WBA52CEU6T, STM32WBA52CGU6, STM32WBA52CGU6T, STM32WBA52KEU6, STM32WBA52KEU6T, STM32WBA52KGU6, STM32WBA52KGU6T, STM32WL5MOCH6, STM32WL5MOCH6TR]
2024-06-08 10:54:16,452 [INFO] DbMcus:217 - Found 4073 MCUs, 4073 are supported
2024-06-08 10:54:16,453 [INFO] ApiDb:423 - Load user favorites file /Users/james/.stm32cubeide/favorites.mcus.txt: 0 item(s)
2024-06-08 10:54:16,453 [INFO] ApiDb:427 - User favorites MCUs=[]
2024-06-08 10:54:16,453 [INFO] DbMcus:223 - Set 0 / 0 favorites MCUs
2024-06-08 10:54:16,727 [INFO] ApiDb:668 - CubeFinder database Data Model version=2.1
2024-06-08 10:54:16,728 [INFO] ApiDb:669 - CubeFinder database Configuration version=3.0.39
2024-06-08 10:54:16,728 [INFO] ApiDb:670 - CubeFinder database generation date=2024-05-16 (1715872938)
2024-06-08 10:54:16,728 [INFO] ApiDb:671 - CubeFinder database FW Pack versions=[FP-ATR-ASTRA1_V2.0.0, FP-SNS-FLIGHT1_V5.0.1, FP-SNS-FLIGHT1_V5.0.2, FP-SNS-MOTENV1_V4.3.1, FP-SNS-MOTENV1_V4.3.2, FP-SNS-MOTENV1_V5.0.0, FP-SNS-MOTENVWB1_V1.4.0, FP-SNS-SMARTAG2_V1.2.0, STM32Cube_FW_C0_V1.1.0, STM32Cube_FW_F4_V1.28.0, STM32Cube_FW_F7_V1.17.0, STM32Cube_FW_G0_V1.6.2, STM32Cube_FW_G4_V1.5.2, STM32Cube_FW_H5_V0.5.1, STM32Cube_FW_H5_V1.1.1, STM32Cube_FW_H5_V1.2.0, STM32Cube_FW_H5_V1.2.0RC4, STM32Cube_FW_H7RS_V1.0.0, STM32Cube_FW_H7RS_V1.0.0RC4, STM32Cube_FW_H7_V1.11.0, STM32Cube_FW_L0_V1.12.2, STM32Cube_FW_L5_V1.5.1, STM32Cube_FW_U0_V1.0.0, STM32Cube_FW_U0_V1.0.0RC1, STM32Cube_FW_U5_V1.3.0RC4, STM32Cube_FW_U5_V1.5.0, STM32Cube_FW_U5_V1.5.0RC1, STM32Cube_FW_WBA_V1.0.0RC1, STM32Cube_FW_WBA_V1.2.0, STM32Cube_FW_WBA_V1.2.0RC2, STM32Cube_FW_WBA_V1.3.0, STM32Cube_FW_WBA_V1.3.0RC1, STM32Cube_FW_WB_V1.15.0RC1, STM32Cube_FW_WB_V1.16.0, STM32Cube_FW_WB_V1.16.0RC2, STM32Cube_FW_WB_V1.18.0, STM32Cube_FW_WB_V1.19.0, STM32Cube_FW_WL_V1.3.0, X-CUBE-ALGOBUILD_V1.4.0, X-CUBE-ALS_V1.0.1, X-CUBE-AZRTOS-F4_V1.1.0, X-CUBE-AZRTOS-F7_V1.1.0, X-CUBE-AZRTOS-G0_V1.1.0, X-CUBE-AZRTOS-G4_V2.0.0, X-CUBE-AZRTOS-H7_V3.2.0, X-CUBE-AZRTOS-L4_V1.0.0, X-CUBE-AZRTOS-L4_V2.0.0, X-CUBE-AZRTOS-L5_V1.1.0, X-CUBE-AZRTOS-WB_V2.0.0, X-CUBE-AZRTOS-WL_V2.0.0, X-CUBE-BLE1_V7.0.0, X-CUBE-BLE2_V3.3.0, X-CUBE-BLEMGR_V3.1.0, X-CUBE-EEPRMA1_V4.1.0, X-CUBE-EEPRMA1_V5.1.0, X-CUBE-FREERTOS_V1.1.0, X-CUBE-GNSS1_V6.0.0, X-CUBE-MEMS1_V10.0.0, X-CUBE-MEMS1_V9.1.0, X-CUBE-MEMS1_V9.4.0, X-CUBE-MEMS1_V9.6.0, X-CUBE-NFC4_V3.0.0, X-CUBE-NFC7_V1.0.1, X-CUBE-SFXS2LP1_V4.0.0, X-CUBE-SUBG2_V5.0.0, X-CUBE-TOF1_V3.4.0]
2024-06-08 10:54:16,766 [INFO] DbBoardsSqlite:226 - include board P-NUCLEO-WB55-NUCLEO as a kit item of type 'Nucleo-64'
2024-06-08 10:54:16,766 [INFO] DbBoardsSqlite:226 - include board P-NUCLEO-WB55-USBDONGLE as a kit item of type 'Nucleo USB Dongle'
2024-06-08 10:54:16,766 [INFO] DbBoardsSqlite:226 - include board STEVAL-IDP005V1 as a kit item of type 'Evaluation Board'
2024-06-08 10:54:16,767 [INFO] DbBoardsSqlite:226 - include board STEVAL-IDP005V2 as a kit item of type 'Evaluation Board'
2024-06-08 10:54:16,794 [INFO] ApiDb:240 - Found 323 in-development CPN: [B-G473E-ZEST1S, B-WB1M-WPAN1, B-WL5M-SUBG1, NUCLEO-C031C6, NUCLEO-H503RB, NUCLEO-H563ZI, NUCLEO-U545RE-Q, NUCLEO-U5A5ZJ-Q, NUCLEO-WBA52CG, STEVAL-PROTEUS1, STEVAL-SMARTAG2, STEVAL-STWINBX1, STM320518-EVAL, STM32C0116-DK, STM32C011D6Y3TR, STM32C011D6Y6TR, STM32C011F4P3, STM32C011F4P6, STM32C011F4U3, STM32C011F4U6TR, STM32C011F6P3, STM32C011F6P6, STM32C011F6U3, STM32C011F6U6TR, STM32C011J4M3, STM32C011J4M6, STM32C011J6M3, STM32C011J6M6, STM32C0316-DK, STM32C031C4T3, STM32C031C4T6, STM32C031C4U3, STM32C031C4U6, STM32C031C6T3, STM32C031C6T6, STM32C031C6U3, STM32C031C6U6, STM32C031F4P3, STM32C031F4P6, STM32C031F6P3, STM32C031F6P6, STM32C031G4U3, STM32C031G4U6, STM32C031G6U3, STM32C031G6U6, STM32C031K4T3, STM32C031K4T6, STM32C031K4U3, STM32C031K4U6, STM32C031K6T3, STM32C031K6T6, STM32C031K6U3, STM32C031K6U6, STM32G071K8TXN, STM32G071K8UXN, STM32G081GBU6N, STM32G081KBT6N, STM32G081KBUXN, STM32G0B1CCT6N, STM32G0B1KCT6, STM32G0B1NEY6TR, STM32G0B1RCT6N, STM32G0C1CCT6, STM32G0C1CCT6N, STM32G0C1CCU6N, STM32G0C1CET6N, STM32G0C1CEU6N, STM32G0C1KCT6, STM32G0C1NEY6TR, STM32G0C1RCI6N, STM32G0C1RCT6N, STM32G0C1REI6N, STM32G0C1RET6N, STM32G0C1VCI6, STM32G0C1VEI6, STM32G471CCT6, STM32G471CCU6, STM32G471CET3, STM32G471CET6, STM32G471CEU3, STM32G471CEU6, STM32G471MCT6, STM32G471MET3, STM32G471MET6, STM32G471MEY6TR, STM32G471QCT6, STM32G471QET3, STM32G471RCT6, STM32G471RET3, STM32G471RET6, STM32G471VCH6, STM32G471VCI6, STM32G471VCT6, STM32G471VEH3, STM32G471VEH6, STM32G471VEI3, STM32G471VEI6, STM32G471VET3, STM32G471VET6, STM32G474CCT6, STM32H503CBT6, STM32H503CBU6, STM32H503EBY6TR, STM32H503KBU6, STM32H503RBT6, STM32H562AGI6, STM32H562AII6, STM32H562IGK6, STM32H562IGT6, STM32H562IIK6, STM32H562IIT6, STM32H562RGT6, STM32H562RGV6, STM32H562RIT6, STM32H562RIV6, STM32H562VGT6, STM32H562VIT6, STM32H562ZGT6, STM32H562ZIT6, STM32H563AGI6, STM32H563AII3Q, STM32H563AII6, STM32H563IGK6, STM32H563IGT6, STM32H563IIK3Q, STM32H563IIK6, STM32H563IIT3Q, STM32H563IIT6, STM32H563MIY3QTR, STM32H563RGT6, STM32H563RGV6, STM32H563RIT6, STM32H563RIV6, STM32H563VGT6, STM32H563VIT3Q, STM32H563VIT6, STM32H563ZGT6, STM32H563ZIT3Q, STM32H563ZIT6, STM32H573AII3Q, STM32H573AII6, STM32H573I-DK, STM32H573IIK3Q, STM32H573IIK6, STM32H573IIT3Q, STM32H573IIT6, STM32H573MIY3QTR, STM32H573RIT6, STM32H573RIV6, STM32H573VIT3Q, STM32H573VIT6, STM32H573ZIT3Q, STM32H573ZIT6, STM32L4R5QGI6STR, STM32MP131AAE3, STM32MP131AAF3, STM32MP131AAG3, STM32MP131CAE3, STM32MP131CAF3, STM32MP131CAG3, STM32MP131DAE7, STM32MP131DAF7, STM32MP131DAG7, STM32MP131FAE7, STM32MP131FAF7, STM32MP131FAG7, STM32MP133AAE3, STM32MP133AAF3, STM32MP133AAG3, STM32MP133CAE3, STM32MP133CAF3, STM32MP133CAG3, STM32MP133DAE7, STM32MP133DAF7, STM32MP133DAG7, STM32MP133FAE7, STM32MP133FAF7, STM32MP133FAG7, STM32MP135AAE3, STM32MP135AAF3, STM32MP135AAG3, STM32MP135CAE3, STM32MP135CAF3, STM32MP135CAG3, STM32MP135DAE7, STM32MP135DAF7, STM32MP135DAG7, STM32MP135F-DK, STM32MP135FAE7, STM32MP135FAF7, STM32MP135FAF7T, STM32MP135FAF7U, STM32MP135FAG7, STM32U535CBT6, STM32U535CBT6Q, STM32U535CBU6, STM32U535CBU6Q, STM32U535CCT6, STM32U535CCT6Q, STM32U535CCU6, STM32U535CCU6Q, STM32U535CET6, STM32U535CET6Q, STM32U535CEU6, STM32U535CEU6Q, STM32U535JEY6QTR, STM32U535NCY6QTR, STM32U535NEY6QTR, STM32U535RBI6, STM32U535RBI6Q, STM32U535RBT6, STM32U535RBT6Q, STM32U535RCI6, STM32U535RCI6Q, STM32U535RCT6, STM32U535RCT6Q, STM32U535REI6, STM32U535REI6Q, STM32U535RET6, STM32U535RET6Q, STM32U535VCI6, STM32U535VCI6Q, STM32U535VCT6, STM32U535VCT6Q, STM32U535VEI6, STM32U535VEI6Q, STM32U535VET6, STM32U535VET6Q, STM32U545CET6, STM32U545CET6Q, STM32U545CEU6, STM32U545CEU6Q, STM32U545JEY6QTR, STM32U545NEY6QTR, STM32U545REI6, STM32U545REI6Q, STM32U545RET6, STM32U545RET6Q, STM32U545VEI6, STM32U545VEI6Q, STM32U545VET6, STM32U545VET6Q, STM32U595AIH6, STM32U595AIH6Q, STM32U595AJH6, STM32U595AJH6Q, STM32U595QII6, STM32U595QII6Q, STM32U595QJI6, STM32U595QJI6Q, STM32U595RIT6, STM32U595RIT6Q, STM32U595RJT6, STM32U595RJT6Q, STM32U595VIT6, STM32U595VIT6Q, STM32U595VJT6, STM32U595VJT6Q, STM32U595ZIT6, STM32U595ZIT6Q, STM32U595ZIY6QTR, STM32U595ZJT6, STM32U595ZJT6Q, STM32U595ZJY6QTR, STM32U599BJY6QTR, STM32U599NIH6Q, STM32U599NJH6Q, STM32U599VIT6Q, STM32U599VJT6, STM32U599VJT6Q, STM32U599ZIT6Q, STM32U599ZIY6QTR, STM32U599ZJT6Q, STM32U599ZJY6QTR, STM32U5A5AJH6, STM32U5A5AJH6Q, STM32U5A5QJI6, STM32U5A5QJI6Q, STM32U5A5RJT6, STM32U5A5RJT6Q, STM32U5A5VJT6, STM32U5A5VJT6Q, STM32U5A5ZJT6, STM32U5A5ZJT6Q, STM32U5A5ZJY6QTR, STM32U5A9BJY6QTR, STM32U5A9J-DK, STM32U5A9NJH6Q, STM32U5A9VJT6Q, STM32U5A9ZJT6Q, STM32U5A9ZJY6QTR, STM32U5F7VIT6, STM32U5F7VIT6Q, STM32U5F7VJT6, STM32U5F7VJT6Q, STM32U5F9BJY6QTR, STM32U5F9NJH6Q, STM32U5F9VIT6Q, STM32U5F9VJT6Q, STM32U5F9ZIJ6QTR, STM32U5F9ZIT6Q, STM32U5F9ZJJ6QTR, STM32U5F9ZJT6Q, STM32U5G7VJT6, STM32U5G7VJT6Q, STM32U5G9BJY6QTR, STM32U5G9J-DK1, STM32U5G9J-DK2, STM32U5G9NJH6Q, STM32U5G9VJT6Q, STM32U5G9ZJJ6QTR, STM32U5G9ZJT6Q, STM32WB1MMCH6, STM32WBA52CEU6, STM32WBA52CEU6T, STM32WBA52CGU6, STM32WBA52CGU6T, STM32WBA52KEU6, STM32WBA52KEU6T, STM32WBA52KGU6, STM32WBA52KGU6T, STM32WL5MOCH6, STM32WL5MOCH6TR]
2024-06-08 10:54:16,858 [INFO] BoardInfo:880 - No configuration file found for board NUCLEO-H533RE
2024-06-08 10:54:16,858 [INFO] DbBoards:157 - Board is not supported: NUCLEO-H533RE
2024-06-08 10:54:16,868 [INFO] BoardInfo:880 - No configuration file found for board NUCLEO-H7S3L8
2024-06-08 10:54:16,868 [INFO] DbBoards:157 - Board is not supported: NUCLEO-H7S3L8
2024-06-08 10:54:16,890 [INFO] BoardInfo:880 - No configuration file found for board NUCLEO-U031R8
2024-06-08 10:54:16,890 [INFO] DbBoards:157 - Board is not supported: NUCLEO-U031R8
2024-06-08 10:54:16,891 [INFO] BoardInfo:880 - No configuration file found for board NUCLEO-U083RC
2024-06-08 10:54:16,891 [INFO] DbBoards:157 - Board is not supported: NUCLEO-U083RC
2024-06-08 10:54:16,899 [INFO] BoardInfo:880 - No configuration file found for board NUCLEO-WBA55CG
2024-06-08 10:54:16,899 [INFO] DbBoards:157 - Board is not supported: NUCLEO-WBA55CG
2024-06-08 10:54:16,904 [INFO] BoardInfo:880 - No configuration file found for board P-NUCLEO-WB55
2024-06-08 10:54:16,904 [INFO] DbBoards:157 - Kit is not supported: P-NUCLEO-WB55
2024-06-08 10:54:16,914 [INFO] BoardInfo:880 - No configuration file found for board STEVAL-BFA001V1B
2024-06-08 10:54:16,914 [INFO] DbBoards:157 - Kit is not supported: STEVAL-BFA001V1B
2024-06-08 10:54:16,915 [INFO] BoardInfo:880 - No configuration file found for board STEVAL-BFA001V2B
2024-06-08 10:54:16,915 [INFO] DbBoards:157 - Kit is not supported: STEVAL-BFA001V2B
2024-06-08 10:54:16,919 [INFO] BoardInfo:880 - No configuration file found for board STEVAL-MKBOXPRO
2024-06-08 10:54:16,919 [INFO] DbBoards:157 - Board is not supported: STEVAL-MKBOXPRO
2024-06-08 10:54:16,993 [INFO] BoardInfo:880 - No configuration file found for board STM32H7S78-DK
2024-06-08 10:54:16,993 [INFO] DbBoards:157 - Board is not supported: STM32H7S78-DK
2024-06-08 10:54:17,019 [INFO] BoardInfo:880 - No configuration file found for board STM32U083C-DK
2024-06-08 10:54:17,019 [INFO] DbBoards:157 - Board is not supported: STM32U083C-DK
2024-06-08 10:54:17,027 [INFO] BoardInfo:880 - No configuration file found for board STM32WBA55G-DK1
2024-06-08 10:54:17,027 [INFO] DbBoards:157 - Board is not supported: STM32WBA55G-DK1
2024-06-08 10:54:17,027 [INFO] DbBoards:161 - Found 199 boards, 187 are supported
2024-06-08 10:54:17,030 [INFO] ApiDb:423 - Load user favorites file /Users/james/.stm32cubeide/favorites.boards.txt: 1 item(s)
2024-06-08 10:54:17,030 [INFO] ApiDb:427 - User favorites Boards=[NUCLEO-F767ZI]
2024-06-08 10:54:17,030 [INFO] DbBoards:190 - Set 1 / 1 favorites Boards
2024-06-08 10:54:17,032 [INFO] ApiDb:668 - CubeFinder database Data Model version=2.1
2024-06-08 10:54:17,032 [INFO] ApiDb:669 - CubeFinder database Configuration version=3.0.39
2024-06-08 10:54:17,032 [INFO] ApiDb:670 - CubeFinder database generation date=2024-05-16 (1715872938)
2024-06-08 10:54:17,032 [INFO] ApiDb:671 - CubeFinder database FW Pack versions=[FP-ATR-ASTRA1_V2.0.0, FP-SNS-FLIGHT1_V5.0.1, FP-SNS-FLIGHT1_V5.0.2, FP-SNS-MOTENV1_V4.3.1, FP-SNS-MOTENV1_V4.3.2, FP-SNS-MOTENV1_V5.0.0, FP-SNS-MOTENVWB1_V1.4.0, FP-SNS-SMARTAG2_V1.2.0, STM32Cube_FW_C0_V1.1.0, STM32Cube_FW_F4_V1.28.0, STM32Cube_FW_F7_V1.17.0, STM32Cube_FW_G0_V1.6.2, STM32Cube_FW_G4_V1.5.2, STM32Cube_FW_H5_V0.5.1, STM32Cube_FW_H5_V1.1.1, STM32Cube_FW_H5_V1.2.0, STM32Cube_FW_H5_V1.2.0RC4, STM32Cube_FW_H7RS_V1.0.0, STM32Cube_FW_H7RS_V1.0.0RC4, STM32Cube_FW_H7_V1.11.0, STM32Cube_FW_L0_V1.12.2, STM32Cube_FW_L5_V1.5.1, STM32Cube_FW_U0_V1.0.0, STM32Cube_FW_U0_V1.0.0RC1, STM32Cube_FW_U5_V1.3.0RC4, STM32Cube_FW_U5_V1.5.0, STM32Cube_FW_U5_V1.5.0RC1, STM32Cube_FW_WBA_V1.0.0RC1, STM32Cube_FW_WBA_V1.2.0, STM32Cube_FW_WBA_V1.2.0RC2, STM32Cube_FW_WBA_V1.3.0, STM32Cube_FW_WBA_V1.3.0RC1, STM32Cube_FW_WB_V1.15.0RC1, STM32Cube_FW_WB_V1.16.0, STM32Cube_FW_WB_V1.16.0RC2, STM32Cube_FW_WB_V1.18.0, STM32Cube_FW_WB_V1.19.0, STM32Cube_FW_WL_V1.3.0, X-CUBE-ALGOBUILD_V1.4.0, X-CUBE-ALS_V1.0.1, X-CUBE-AZRTOS-F4_V1.1.0, X-CUBE-AZRTOS-F7_V1.1.0, X-CUBE-AZRTOS-G0_V1.1.0, X-CUBE-AZRTOS-G4_V2.0.0, X-CUBE-AZRTOS-H7_V3.2.0, X-CUBE-AZRTOS-L4_V1.0.0, X-CUBE-AZRTOS-L4_V2.0.0, X-CUBE-AZRTOS-L5_V1.1.0, X-CUBE-AZRTOS-WB_V2.0.0, X-CUBE-AZRTOS-WL_V2.0.0, X-CUBE-BLE1_V7.0.0, X-CUBE-BLE2_V3.3.0, X-CUBE-BLEMGR_V3.1.0, X-CUBE-EEPRMA1_V4.1.0, X-CUBE-EEPRMA1_V5.1.0, X-CUBE-FREERTOS_V1.1.0, X-CUBE-GNSS1_V6.0.0, X-CUBE-MEMS1_V10.0.0, X-CUBE-MEMS1_V9.1.0, X-CUBE-MEMS1_V9.4.0, X-CUBE-MEMS1_V9.6.0, X-CUBE-NFC4_V3.0.0, X-CUBE-NFC7_V1.0.1, X-CUBE-SFXS2LP1_V4.0.0, X-CUBE-SUBG2_V5.0.0, X-CUBE-TOF1_V3.4.0]
2024-06-08 10:54:17,602 [ERROR] DbExamplesSqlite:437 - Missing JSON key: board_cpn
2024-06-08 10:54:17,602 [ERROR] DbExamplesSqlite:437 - Missing JSON key: board_cpn
2024-06-08 10:54:17,602 [ERROR] DbExamplesSqlite:437 - Missing JSON key: board_cpn
2024-06-08 10:54:17,602 [ERROR] DbExamplesSqlite:437 - Missing JSON key: board_cpn
2024-06-08 10:54:17,689 [INFO] DbExamplesSqlite:395 - Ignored 60 examples not supported by CubeIDE
2024-06-08 10:54:17,690 [INFO] DbExamplesSqlite:396 - Found 8158 examples active
2024-06-08 10:54:17,690 [INFO] DbExamplesSqlite:397 - Found 874 examples obsolete
2024-06-08 10:54:17,690 [INFO] DbExamplesSqlite:398 - Found 0 examples under development
2024-06-08 10:54:17,690 [INFO] DbExamplesSqlite:399 - Found 10 examples not building
2024-06-08 10:54:17,692 [INFO] DbExamples:125 - Found 8108 examples
2024-06-08 10:54:17,704 [INFO] DbExamples:222 - Found 101 boards with related examples
2024-06-08 10:54:17,704 [INFO] DbExamples:235 - Found 86 MCUs with related examples
2024-06-08 10:54:17,721 [INFO] ApiDb:414 - User favorites file not found: /Users/james/.stm32cubeide/favorites.examples.txt
2024-06-08 10:54:17,721 [INFO] DbExamples:250 - Set 0 / 0 favorites Examples
2024-06-08 10:54:17,863 [INFO] McuFinderGlobals:76 - Set McuFinderConnectedMode to true
2024-06-08 10:54:17,869 [INFO] MultiScanPanel:200 - Auto-refresh data requested => check proxy status ongoing
2024-06-08 10:54:17,872 [INFO] FinderPluginLoader:95 - Searching for filters in installed packs
2024-06-08 10:54:19,293 [INFO] LoadUrlFilesThread:185 - End of LoadServerUrlFiles without Thread
2024-06-08 10:54:19,306 [INFO] DetailPanel:341 - Set advertising image to /Users/james/STM32Cube/Repository//en.prom-stm32h7rs-mcu-finder.jpg
2024-06-08 10:54:25,845 [INFO] McuFinderGlobals:76 - Set McuFinderConnectedMode to true
2024-06-08 10:54:26,528 [INFO] ApiDb:448 - Save user favorites file /Users/james/.stm32cubeide/favorites.mcus.txt: 0 item(s)
2024-06-08 10:54:26,528 [INFO] ApiDb:452 - User favorites MCUs=[]
