2024-07-11 09:23:07,166 [INFO] Activator:176 - 


2024-07-11 09:23:07,171 [INFO] Activator:177 - !SESSION log4j initialized
2024-07-11 09:23:09,963 [INFO] LogOutputStream:77 - [STDOUT_REDIRECT] 
2024-07-11 09:23:10,907 [ERROR] LogOutputStream:75 - [STDERR_REDIRECT] 
2024-07-11 09:23:13,038 [INFO] LogOutputStream:77 - [STDOUT_REDIRECT] 
2024-07-11 09:23:13,634 [INFO] ApplicationProperties:184 - Using Application install path: /Applications/STM32CubeIDE.app/Contents/Eclipse/plugins/com.st.stm32cube.common.mx_6.11.1.202404110753
2024-07-11 09:23:13,650 [INFO] DbMcusXml:78 - Set database path to: /Applications/STM32CubeIDE.app/Contents/Eclipse/plugins/com.st.stm32cube.common.mx_6.11.1.202404110753//db//mcu/
2024-07-11 09:23:13,651 [INFO] ApiDb:274 - Set plugin database path to: /Applications/STM32CubeIDE.app/Contents/Eclipse/plugins/com.st.stm32cube.common.mx_6.11.1.202404110753//db//plugins/boardmanager/
2024-07-11 09:23:13,651 [WARN] ApiDb:259 - Overriding images path with different value:  => /Applications/STM32CubeIDE.app/Contents/Eclipse/plugins/com.st.stm32cube.common.mx_6.11.1.202404110753//db//plugins/mcufinder/images/
2024-07-11 09:23:13,656 [INFO] ApiDb:250 - Set database path to: /Users/james/.stmcufinder/plugins/mcufinder//mcu/
2024-07-11 09:23:13,657 [INFO] DbMcusAds:125 - Set database path to: /Users/james/.stmcufinder/plugins/mcufinder//mcu/
2024-07-11 09:23:13,659 [INFO] CrossReferenceDbSqlite:203 - Set database path to: /Users/james/.stmcufinder/plugins/mcufinder//mcu/cs/
2024-07-11 09:23:13,744 [INFO] RulesReader:64 - Compatibility file has been processed (297 Rules)
2024-07-11 09:23:13,811 [INFO] DbMcusXml:78 - Set database path to: /Applications/STM32CubeIDE.app/Contents/Eclipse/plugins/com.st.stm32cube.common.mx_6.11.1.202404110753//db//mcu/
2024-07-11 09:23:13,812 [INFO] ApiDb:274 - Set plugin database path to: /Applications/STM32CubeIDE.app/Contents/Eclipse/plugins/com.st.stm32cube.common.mx_6.11.1.202404110753//db//plugins/boardmanager/
2024-07-11 09:23:13,812 [INFO] ApiDb:261 - Set plugin images path to: /Applications/STM32CubeIDE.app/Contents/Eclipse/plugins/com.st.stm32cube.common.mx_6.11.1.202404110753//db//plugins/mcufinder/images/
2024-07-11 09:23:13,812 [WARN] DbFile:41 - Overriding database path with different value: /Users/james/.stmcufinder/plugins/mcufinder/ => /Users/james/.stmcufinder/plugins/mcufinder
2024-07-11 09:23:13,812 [INFO] ApiDb:250 - Set database path to: /Users/james/.stmcufinder/plugins/mcufinder//mcu/
2024-07-11 09:23:13,812 [WARN] DbFile:41 - Overriding database path with different value: /Users/james/.stmcufinder/plugins/mcufinder/ => /Users/james/.stmcufinder/plugins/mcufinder
2024-07-11 09:23:13,812 [INFO] DbMcusAds:125 - Set database path to: /Users/james/.stmcufinder/plugins/mcufinder//mcu/
2024-07-11 09:23:13,812 [WARN] DbFile:41 - Overriding database path with different value: /Users/james/.stmcufinder/plugins/mcufinder/ => /Users/james/.stmcufinder/plugins/mcufinder
2024-07-11 09:23:13,812 [WARN] DbFile:41 - Overriding database path with different value: /Users/james/.stmcufinder/plugins/mcufinder/ => /Users/james/.stmcufinder/plugins/mcufinder
2024-07-11 09:23:13,812 [INFO] CrossReferenceDbSqlite:203 - Set database path to: /Users/james/.stmcufinder/plugins/mcufinder//mcu/cs/
2024-07-11 09:23:13,880 [INFO] MainPanel:264 - HeapMemory: 268435456
2024-07-11 09:23:13,996 [INFO] DbMcusXml:78 - Set database path to: /Applications/STM32CubeIDE.app/Contents/Eclipse/plugins/com.st.stm32cube.common.mx_6.11.1.202404110753//db//mcu/
2024-07-11 09:23:13,997 [INFO] ApiDb:274 - Set plugin database path to: /Applications/STM32CubeIDE.app/Contents/Eclipse/plugins/com.st.stm32cube.common.mx_6.11.1.202404110753//db//plugins/boardmanager/
2024-07-11 09:23:13,997 [INFO] ApiDb:261 - Set plugin images path to: /Applications/STM32CubeIDE.app/Contents/Eclipse/plugins/com.st.stm32cube.common.mx_6.11.1.202404110753//db//plugins/mcufinder/images/
2024-07-11 09:23:13,997 [WARN] DbFile:41 - Overriding database path with different value: /Users/james/.stmcufinder/plugins/mcufinder/ => /Users/james/.stmcufinder/plugins/mcufinder
2024-07-11 09:23:13,997 [INFO] ApiDb:250 - Set database path to: /Users/james/.stmcufinder/plugins/mcufinder//mcu/
2024-07-11 09:23:13,997 [WARN] DbFile:41 - Overriding database path with different value: /Users/james/.stmcufinder/plugins/mcufinder/ => /Users/james/.stmcufinder/plugins/mcufinder
2024-07-11 09:23:13,997 [INFO] DbMcusAds:125 - Set database path to: /Users/james/.stmcufinder/plugins/mcufinder//mcu/
2024-07-11 09:23:13,997 [WARN] DbFile:41 - Overriding database path with different value: /Users/james/.stmcufinder/plugins/mcufinder/ => /Users/james/.stmcufinder/plugins/mcufinder
2024-07-11 09:23:13,997 [WARN] DbFile:41 - Overriding database path with different value: /Users/james/.stmcufinder/plugins/mcufinder/ => /Users/james/.stmcufinder/plugins/mcufinder
2024-07-11 09:23:13,997 [INFO] CrossReferenceDbSqlite:203 - Set database path to: /Users/james/.stmcufinder/plugins/mcufinder//mcu/cs/
2024-07-11 09:23:14,012 [INFO] ApplicationProperties:184 - Using Application install path: /Applications/STM32CubeIDE.app/Contents/Eclipse/plugins/com.st.stm32cube.common.mx_6.11.1.202404110753
2024-07-11 09:23:14,013 [INFO] PluginManage:196 - Search for loadable plugins [exclusion list=, ]
2024-07-11 09:23:14,014 [INFO] PluginManage:310 - Check plugin analytics
2024-07-11 09:23:14,158 [INFO] AnalyticsPlugin:253 - Accepted Software Licenses: 
2024-07-11 09:23:14,158 [INFO] AnalyticsPlugin:255 - Accepted CMSIS Pack Licenses: 
2024-07-11 09:23:14,158 [INFO] AnalyticsPlugin:257 - Accepted Firmware Licenses: FW.F7.1.17.0
2024-07-11 09:23:14,160 [INFO] PluginManage:359 - Loaded plugin analytics (category:tool,tabindex:-1)
2024-07-11 09:23:14,160 [INFO] PluginManage:310 - Check plugin cadmodel
2024-07-11 09:23:14,409 [INFO] CADModel:105 - Init CAD model plugin
2024-07-11 09:23:14,410 [INFO] PluginManage:359 - Loaded plugin cadmodel (category:power,tabindex:5)
2024-07-11 09:23:14,410 [INFO] PluginManage:310 - Check plugin clock
2024-07-11 09:23:14,418 [INFO] PluginManage:359 - Loaded plugin clock (category:base,tabindex:2)
2024-07-11 09:23:14,418 [INFO] PluginManage:310 - Check plugin ddr
2024-07-11 09:23:14,420 [INFO] PluginManage:359 - Loaded plugin ddr (category:tool,tabindex:6)
2024-07-11 09:23:14,420 [INFO] PluginManage:310 - Check plugin filemanager
2024-07-11 09:23:14,567 [INFO] PluginManage:359 - Loaded plugin filemanager (category:base,tabindex:10)
2024-07-11 09:23:14,567 [INFO] PluginManage:310 - Check plugin ipmanager
2024-07-11 09:23:14,574 [INFO] PluginManage:359 - Loaded plugin ipmanager (category:base,tabindex:5)
2024-07-11 09:23:14,574 [INFO] PluginManage:310 - Check plugin lpbam
2024-07-11 09:23:14,584 [INFO] PluginManage:359 - Loaded plugin lpbam (category:base,tabindex:0)
2024-07-11 09:23:14,584 [INFO] PluginManage:310 - Check plugin memorymap
2024-07-11 09:23:14,604 [INFO] PluginManage:359 - Loaded plugin memorymap (category:base,tabindex:4)
2024-07-11 09:23:14,604 [INFO] PluginManage:310 - Check plugin pinoutandconfiguration
2024-07-11 09:23:14,614 [INFO] PluginManage:359 - Loaded plugin pinoutandconfiguration (category:base,tabindex:1)
2024-07-11 09:23:14,614 [INFO] PluginManage:310 - Check plugin pinoutconfig
2024-07-11 09:23:14,707 [WARN] SupportedApi:132 - Cannot load RTOS API schema: s4s-elt-must-match.1: The content of 'definitions' must match (annotation?, (simpleType | complexType)?, (unique | key | keyref)*)). A problem was found starting at: attribute.
2024-07-11 09:23:14,818 [INFO] PluginManage:359 - Loaded plugin pinoutconfig (category:base,tabindex:0)
2024-07-11 09:23:14,819 [INFO] PluginManage:310 - Check plugin power
2024-07-11 09:23:14,829 [INFO] PluginManage:359 - Loaded plugin power (category:power,tabindex:4)
2024-07-11 09:23:14,829 [INFO] PluginManage:310 - Check plugin projectmanager
2024-07-11 09:23:14,843 [INFO] PluginManage:359 - Loaded plugin projectmanager (category:projectmanager,tabindex:3)
2024-07-11 09:23:14,844 [INFO] PluginManage:310 - Check plugin thirdparty
2024-07-11 09:23:14,949 [WARN] IntegrityCheckThread:84 - waiting for thirdparty lock release [integrity check]
2024-07-11 09:23:14,949 [INFO] PluginManage:359 - Loaded plugin thirdparty (category:base,tabindex:-1)
2024-07-11 09:23:14,949 [INFO] IntegrityCheckThread:86 - entering critical section [integrity check]
2024-07-11 09:23:14,949 [INFO] PluginManage:310 - Check plugin tools
2024-07-11 09:23:14,949 [INFO] ThirdPartyUpdaterWithRetryManager:70 - Updater plugin not ready yet. [1/15]
2024-07-11 09:23:14,951 [INFO] PluginManage:359 - Loaded plugin tools (category:base,tabindex:7)
2024-07-11 09:23:14,951 [INFO] PluginManage:310 - Check plugin tutovideos
2024-07-11 09:23:15,090 [INFO] PluginManage:359 - Loaded plugin tutovideos (category:base,tabindex:-1)
2024-07-11 09:23:15,090 [INFO] PluginManage:310 - Check plugin updater
2024-07-11 09:23:15,099 [INFO] PluginManage:359 - Loaded plugin updater (category:base,tabindex:12)
2024-07-11 09:23:15,100 [INFO] PluginManage:310 - Check plugin userauth
2024-07-11 09:23:15,104 [INFO] UserAuth:114 - Init User Auth plugin
2024-07-11 09:23:15,104 [INFO] PluginManage:359 - Loaded plugin userauth (category:base,tabindex:14)
2024-07-11 09:23:15,104 [INFO] PluginManage:283 - PluginManage : Loaded plugins [17]
2024-07-11 09:23:15,263 [INFO] PinOutPanel:1561 - setPackage(No Configuration,No Configuration)
2024-07-11 09:23:15,319 [INFO] CADModel:165 - CPN selected for project level
2024-07-11 09:23:15,319 [INFO] CADModel:114 - Register for checkConnection events
2024-07-11 09:23:15,330 [INFO] IPUIPlugin:80 - create IPUIPlugin
2024-07-11 09:23:15,330 [INFO] PluginManager:220 - loadIPPluginJar : add mdma
2024-07-11 09:23:15,336 [INFO] IPUIPlugin:80 - create IPUIPlugin
2024-07-11 09:23:15,337 [INFO] PluginManager:220 - loadIPPluginJar : add freertos
2024-07-11 09:23:15,351 [INFO] IPUIPlugin:80 - create IPUIPlugin
2024-07-11 09:23:15,352 [INFO] PluginManager:220 - loadIPPluginJar : add gic
2024-07-11 09:23:15,359 [INFO] IPUIPlugin:80 - create IPUIPlugin
2024-07-11 09:23:15,359 [INFO] PluginManager:220 - loadIPPluginJar : add adc
2024-07-11 09:23:15,362 [INFO] IPUIPlugin:80 - create IPUIPlugin
2024-07-11 09:23:15,362 [INFO] PluginManager:220 - loadIPPluginJar : add gtzc
2024-07-11 09:23:15,369 [INFO] IPUIPlugin:80 - create IPUIPlugin
2024-07-11 09:23:15,369 [INFO] PluginManager:220 - loadIPPluginJar : add quadspi
2024-07-11 09:23:15,371 [INFO] IPUIPlugin:80 - create IPUIPlugin
2024-07-11 09:23:15,371 [INFO] PluginManager:220 - loadIPPluginJar : add aes
2024-07-11 09:23:15,373 [INFO] IPUIPlugin:80 - create IPUIPlugin
2024-07-11 09:23:15,373 [INFO] PluginManager:220 - loadIPPluginJar : add pdm2pcm
2024-07-11 09:23:15,375 [INFO] IPUIPlugin:80 - create IPUIPlugin
2024-07-11 09:23:15,375 [INFO] PluginManager:220 - loadIPPluginJar : add hash
2024-07-11 09:23:15,376 [INFO] IPUIPlugin:80 - create IPUIPlugin
2024-07-11 09:23:15,376 [INFO] PluginManager:220 - loadIPPluginJar : add tim
2024-07-11 09:23:15,378 [INFO] IPUIPlugin:80 - create IPUIPlugin
2024-07-11 09:23:15,378 [INFO] PluginManager:220 - loadIPPluginJar : add tsc
2024-07-11 09:23:15,380 [INFO] IPUIPlugin:80 - create IPUIPlugin
2024-07-11 09:23:15,380 [INFO] PluginManager:220 - loadIPPluginJar : add extmemmanager
2024-07-11 09:23:15,381 [INFO] IPUIPlugin:80 - create IPUIPlugin
2024-07-11 09:23:15,382 [INFO] PluginManager:220 - loadIPPluginJar : add ts
2024-07-11 09:23:15,384 [INFO] IPUIPlugin:80 - create IPUIPlugin
2024-07-11 09:23:15,384 [INFO] PluginManager:220 - loadIPPluginJar : add can
2024-07-11 09:23:15,386 [INFO] IPUIPlugin:80 - create IPUIPlugin
2024-07-11 09:23:15,386 [INFO] PluginManager:220 - loadIPPluginJar : add dma3
2024-07-11 09:23:15,388 [INFO] IPUIPlugin:80 - create IPUIPlugin
2024-07-11 09:23:15,388 [INFO] PluginManager:220 - loadIPPluginJar : add dfsdm
2024-07-11 09:23:15,389 [INFO] IPUIPlugin:80 - create IPUIPlugin
2024-07-11 09:23:15,390 [INFO] PluginManager:220 - loadIPPluginJar : add spi
2024-07-11 09:23:15,392 [INFO] IPUIPlugin:80 - create IPUIPlugin
2024-07-11 09:23:15,392 [INFO] PluginManager:220 - loadIPPluginJar : add gfxmmu
2024-07-11 09:23:15,393 [INFO] IPUIPlugin:80 - create IPUIPlugin
2024-07-11 09:23:15,393 [INFO] PluginManager:220 - loadIPPluginJar : add genericplugin
2024-07-11 09:23:15,394 [INFO] IPUIPlugin:80 - create IPUIPlugin
2024-07-11 09:23:15,394 [INFO] PluginManager:220 - loadIPPluginJar : add cryp
2024-07-11 09:23:15,398 [INFO] IPUIPlugin:80 - create IPUIPlugin
2024-07-11 09:23:15,399 [INFO] PluginManager:220 - loadIPPluginJar : add gpio
2024-07-11 09:23:15,400 [INFO] IPUIPlugin:80 - create IPUIPlugin
2024-07-11 09:23:15,400 [INFO] PluginManager:220 - loadIPPluginJar : add comp
2024-07-11 09:23:15,402 [INFO] IPUIPlugin:80 - create IPUIPlugin
2024-07-11 09:23:15,402 [INFO] PluginManager:220 - loadIPPluginJar : add tracer_emb
2024-07-11 09:23:15,404 [INFO] IPUIPlugin:80 - create IPUIPlugin
2024-07-11 09:23:15,404 [INFO] PluginManager:220 - loadIPPluginJar : add openamp
2024-07-11 09:23:15,408 [INFO] IPUIPlugin:80 - create IPUIPlugin
2024-07-11 09:23:15,409 [INFO] PluginManager:220 - loadIPPluginJar : add stm32_wpan
2024-07-11 09:23:15,414 [INFO] IPUIPlugin:80 - create IPUIPlugin
2024-07-11 09:23:15,416 [INFO] PluginManager:220 - loadIPPluginJar : add plateformsettings
2024-07-11 09:23:15,419 [INFO] IPUIPlugin:80 - create IPUIPlugin
2024-07-11 09:23:15,419 [INFO] PluginManager:220 - loadIPPluginJar : add ipddr
2024-07-11 09:23:15,421 [INFO] IPUIPlugin:80 - create IPUIPlugin
2024-07-11 09:23:15,422 [INFO] PluginManager:220 - loadIPPluginJar : add usart
2024-07-11 09:23:15,422 [INFO] IPUIPlugin:80 - create IPUIPlugin
2024-07-11 09:23:15,423 [INFO] PluginManager:220 - loadIPPluginJar : add ltdc
2024-07-11 09:23:15,426 [INFO] IPUIPlugin:80 - create IPUIPlugin
2024-07-11 09:23:15,426 [INFO] PluginManager:220 - loadIPPluginJar : add nvic
2024-07-11 09:23:15,427 [INFO] IPUIPlugin:80 - create IPUIPlugin
2024-07-11 09:23:15,427 [INFO] PluginManager:220 - loadIPPluginJar : add fatfs
2024-07-11 09:23:15,433 [INFO] IPUIPlugin:80 - create IPUIPlugin
2024-07-11 09:23:15,433 [INFO] PluginManager:220 - loadIPPluginJar : add linkedlist
2024-07-11 09:23:15,437 [INFO] IPUIPlugin:80 - create IPUIPlugin
2024-07-11 09:23:15,438 [INFO] PluginManager:220 - loadIPPluginJar : add dma
2024-07-11 09:23:15,441 [INFO] IPUIPlugin:80 - create IPUIPlugin
2024-07-11 09:23:15,441 [INFO] PluginManager:220 - loadIPPluginJar : add fmc
2024-07-11 09:23:15,443 [INFO] IPUIPlugin:80 - create IPUIPlugin
2024-07-11 09:23:15,443 [INFO] PluginManager:220 - loadIPPluginJar : add i2s
2024-07-11 09:23:15,444 [INFO] IPUIPlugin:80 - create IPUIPlugin
2024-07-11 09:23:15,444 [INFO] PluginManager:220 - loadIPPluginJar : add ucpd
2024-07-11 09:23:15,445 [INFO] IPUIPlugin:80 - create IPUIPlugin
2024-07-11 09:23:15,446 [INFO] PluginManager:220 - loadIPPluginJar : add lorawan
2024-07-11 09:23:15,447 [INFO] IPUIPlugin:80 - create IPUIPlugin
2024-07-11 09:23:15,447 [INFO] PluginManager:220 - loadIPPluginJar : add opamp
2024-07-11 09:23:15,449 [INFO] IPUIPlugin:80 - create IPUIPlugin
2024-07-11 09:23:15,449 [INFO] PluginManager:220 - loadIPPluginJar : add i3c
2024-07-11 09:23:15,452 [INFO] IPUIPlugin:80 - create IPUIPlugin
2024-07-11 09:23:15,452 [INFO] PluginManager:220 - loadIPPluginJar : add touchsensing
2024-07-11 09:23:15,453 [INFO] IPUIPlugin:80 - create IPUIPlugin
2024-07-11 09:23:15,453 [INFO] PluginManager:220 - loadIPPluginJar : add i2c
2024-07-11 09:23:15,455 [INFO] IPUIPlugin:80 - create IPUIPlugin
2024-07-11 09:23:15,456 [INFO] PluginManager:220 - loadIPPluginJar : add resmgrutility
2024-07-11 09:23:15,458 [INFO] IPUIPlugin:80 - create IPUIPlugin
2024-07-11 09:23:15,458 [INFO] PluginManager:220 - loadIPPluginJar : add sai
2024-07-11 09:23:15,460 [INFO] IPUIPlugin:80 - create IPUIPlugin
2024-07-11 09:23:15,460 [INFO] PluginManager:220 - loadIPPluginJar : add usbx
2024-07-11 09:23:15,558 [INFO] CADModel:165 - CPN selected for project level
2024-07-11 09:23:15,558 [INFO] CADModel:114 - Register for checkConnection events
2024-07-11 09:23:15,559 [FATAL] Updater:308 - Updater called before beeing initialized
2024-07-11 09:23:15,559 [ERROR] CADModel:125 - Updater not yet initialized, retry later 
2024-07-11 09:23:15,729 [INFO] CADModel:165 - CPN selected for project level
2024-07-11 09:23:15,729 [INFO] CADModel:114 - Register for checkConnection events
2024-07-11 09:23:15,729 [FATAL] Updater:308 - Updater called before beeing initialized
2024-07-11 09:23:15,729 [ERROR] CADModel:125 - Updater not yet initialized, retry later 
2024-07-11 09:23:15,732 [FATAL] Updater:308 - Updater called before beeing initialized
2024-07-11 09:23:15,798 [FATAL] Updater:308 - Updater called before beeing initialized
2024-07-11 09:23:15,802 [INFO] DbMcusAds:53 - JSON generation date=Thu May 16 02:22:01 PDT 2024 (1715851321456)
2024-07-11 09:23:15,803 [FATAL] Updater:308 - Updater called before beeing initialized
2024-07-11 09:23:15,945 [WARN] DetailPanel:346 - Failed to get advertising image, set to default
2024-07-11 09:23:16,004 [FATAL] Updater:308 - Updater called before beeing initialized
2024-07-11 09:23:16,006 [FATAL] Updater:308 - Updater called before beeing initialized
2024-07-11 09:23:16,006 [FATAL] Updater:308 - Updater called before beeing initialized
2024-07-11 09:23:16,006 [WARN] DetailPanel:346 - Failed to get advertising image, set to default
2024-07-11 09:23:16,007 [FATAL] Updater:308 - Updater called before beeing initialized
2024-07-11 09:23:16,034 [ERROR] Updater:1120 - MainUpdater not yet initialized. External WinMGr cannot be set.
2024-07-11 09:23:16,035 [INFO] Updater:1056 - Updater Version found : 6.11.1
2024-07-11 09:23:16,052 [INFO] ApplicationProperties:184 - Using Application install path: /Applications/STM32CubeIDE.app/Contents/Eclipse/plugins/com.st.stm32cube.common.mx_6.11.1.202404110753
2024-07-11 09:23:16,580 [INFO] MainUpdater:2873 - connection check result : 10
2024-07-11 09:23:16,580 [INFO] MainUpdater:3567 - Updater definition file requires update
2024-07-11 09:23:16,580 [INFO] MainUpdater:290 - Updater Check For Update Now.
2024-07-11 09:23:16,581 [INFO] MicroXplorer:498 - Change Database Version : DB.6.0.111
2024-07-11 09:23:16,584 [INFO] McuFinderGlobals:63 - Set McuFinder mode to 2 (CubeIDE integrated)
2024-07-11 09:23:16,590 [INFO] UserAuth:415 - Internet connection configuration mode: 1
2024-07-11 09:23:16,603 [INFO] JxBrowserEngine:152 - Initiate JxBrowser Engine with user profile folder
2024-07-11 09:23:16,700 [INFO] ServerAccessManage:473 - Download File updaters.zip
2024-07-11 09:23:16,769 [INFO] FileExtend:240 - Unzip File : updaters.zip
2024-07-11 09:23:16,769 [INFO] FileExtend:255 - Standard Zip Deflate
2024-07-11 09:23:16,958 [INFO] ServerAccessManage:473 - Download File PacksControlFlags.xml
2024-07-11 09:23:17,005 [INFO] ServerAccessManage:473 - Download File cubemx.pidx
2024-07-11 09:23:17,681 [INFO] ServerAccessManage:473 - Download File STMicroelectronics.X-CUBE-DPOWER.pdsc
2024-07-11 09:23:17,951 [WARN] MainUpdater:1194 - Updater busy. Cannot search thirdparties
2024-07-11 09:23:17,952 [INFO] ThirdPartyUpdaterWithRetryManager:96 - Updater plugin is busy. [1/15]
2024-07-11 09:23:18,390 [ERROR] ServerAccessManage:1089 - Problem, file not found on Server
2024-07-11 09:23:18,956 [ERROR] ServerAccessManage:1089 - Problem, file not found on Server
2024-07-11 09:23:19,535 [ERROR] ServerAccessManage:1089 - Problem, file not found on Server
2024-07-11 09:23:20,234 [ERROR] ServerAccessManage:1089 - Problem, file not found on Server
2024-07-11 09:23:20,816 [ERROR] ServerAccessManage:1089 - Problem, file not found on Server
2024-07-11 09:23:20,962 [WARN] MainUpdater:1194 - Updater busy. Cannot search thirdparties
2024-07-11 09:23:20,962 [INFO] ThirdPartyUpdaterWithRetryManager:96 - Updater plugin is busy. [2/15]
2024-07-11 09:23:21,464 [ERROR] ServerAccessManage:1089 - Problem, file not found on Server
2024-07-11 09:23:22,180 [ERROR] ServerAccessManage:1089 - Problem, file not found on Server
2024-07-11 09:23:22,789 [ERROR] ServerAccessManage:1089 - Problem, file not found on Server
2024-07-11 09:23:23,411 [ERROR] ServerAccessManage:1089 - Problem, file not found on Server
2024-07-11 09:23:23,504 [INFO] WebApp:161 - Instantiating new browser for Auth
2024-07-11 09:23:23,968 [WARN] MainUpdater:1194 - Updater busy. Cannot search thirdparties
2024-07-11 09:23:23,986 [ERROR] ServerAccessManage:1089 - Problem, file not found on Server
2024-07-11 09:23:23,998 [INFO] ThirdPartyUpdaterWithRetryManager:96 - Updater plugin is busy. [3/15]
2024-07-11 09:23:24,116 [INFO] WebApp:779 - Register for checkConnection events
2024-07-11 09:23:24,142 [INFO] WebApp:414 - Apply proxy settings
2024-07-11 09:23:24,168 [INFO] WebApp:459 - Chromium authenticates against Manually configured proxy
2024-07-11 09:23:24,191 [INFO] WebApp:467 - Username used for proxy authentication: 
2024-07-11 09:23:24,203 [ERROR] ServerAccessManage:1089 - Problem, file not found on Server
2024-07-11 09:23:24,471 [INFO] WebApp:192 - Starting web application
2024-07-11 09:23:24,480 [INFO] WebApp:544 - Web application path used /Applications/STM32CubeIDE.app/Contents/Eclipse/plugins/com.st.stm32cube.common.mx_6.11.1.202404110753/db/plugins/mcufinder/reactClient1/index.html
2024-07-11 09:23:25,357 [INFO] ServerAccessManage:473 - Download File wolfSSL.I-CUBE-wolfTPM.pdsc
2024-07-11 09:23:26,146 [INFO] ServerAccessManage:473 - Download File wolfSSL.I-CUBE-wolfSSH.pdsc
2024-07-11 09:23:27,024 [WARN] MainUpdater:1194 - Updater busy. Cannot search thirdparties
2024-07-11 09:23:27,034 [INFO] ThirdPartyUpdaterWithRetryManager:96 - Updater plugin is busy. [4/15]
2024-07-11 09:23:27,745 [INFO] ServerAccessManage:473 - Download File RealThread.X-CUBE-RT-Thread_Nano.pdsc
2024-07-11 09:23:29,323 [INFO] ServerAccessManage:473 - Download File EmbeddedOffice.I-CUBE-FS-RTOS.pdsc
2024-07-11 09:23:29,760 [WARN] PackLoader:240 - Cannot read IP mode file for STMicroelectronics.X-CUBE-DPower.1.2.0
2024-07-11 09:23:29,765 [WARN] PackLoader:240 - Cannot read IP mode file for wolfSSL.I-CUBE-wolfTPM.3.2.0
2024-07-11 09:23:29,767 [WARN] PackLoader:240 - Cannot read IP mode file for wolfSSL.I-CUBE-wolfSSH.1.4.17
2024-07-11 09:23:29,772 [WARN] PackLoader:240 - Cannot read IP mode file for RealThread.X-CUBE-RT-Thread_Nano.4.1.1
2024-07-11 09:23:29,788 [WARN] PackLoader:240 - Cannot read IP mode file for EmbeddedOffice.I-CUBE-FS-RTOS.1.0.1
2024-07-11 09:23:29,788 [ERROR] ConditionMgr:805 - Attr not supported : Dmpu
2024-07-11 09:23:29,788 [ERROR] ConditionMgr:805 - Attr not supported : Dmpu
2024-07-11 09:23:29,788 [ERROR] ConditionMgr:805 - Attr not supported : Dmpu
2024-07-11 09:23:29,788 [ERROR] ConditionMgr:805 - Attr not supported : Dmpu
2024-07-11 09:23:29,789 [ERROR] ConditionMgr:805 - Attr not supported : Dmpu
2024-07-11 09:23:29,789 [ERROR] ConditionMgr:805 - Attr not supported : Dmpu
2024-07-11 09:23:29,789 [ERROR] ConditionMgr:805 - Attr not supported : Dmpu
2024-07-11 09:23:29,789 [ERROR] ConditionMgr:805 - Attr not supported : Dmpu
2024-07-11 09:23:29,789 [ERROR] ConditionMgr:805 - Attr not supported : Dmpu
2024-07-11 09:23:29,789 [ERROR] ConditionMgr:805 - Attr not supported : Dmpu
2024-07-11 09:23:29,789 [ERROR] ConditionMgr:805 - Attr not supported : Dmpu
2024-07-11 09:23:29,789 [ERROR] ConditionMgr:805 - Attr not supported : Dmpu
2024-07-11 09:23:29,789 [ERROR] ConditionMgr:805 - Attr not supported : Dmpu
2024-07-11 09:23:29,789 [ERROR] ConditionMgr:805 - Attr not supported : Dmpu
2024-07-11 09:23:29,789 [ERROR] ConditionMgr:805 - Attr not supported : Dmpu
2024-07-11 09:23:29,790 [ERROR] ConditionMgr:805 - Attr not supported : Dmpu
2024-07-11 09:23:29,790 [ERROR] ConditionMgr:805 - Attr not supported : Dmpu
2024-07-11 09:23:29,790 [ERROR] ConditionMgr:805 - Attr not supported : Dmpu
2024-07-11 09:23:29,790 [ERROR] ConditionMgr:805 - Attr not supported : Dmpu
2024-07-11 09:23:29,790 [ERROR] ConditionMgr:805 - Attr not supported : Dmpu
2024-07-11 09:23:29,790 [ERROR] ConditionMgr:805 - Attr not supported : Dmpu
2024-07-11 09:23:29,790 [ERROR] ConditionMgr:805 - Attr not supported : Dmpu
2024-07-11 09:23:29,790 [ERROR] ConditionMgr:805 - Attr not supported : Dmpu
2024-07-11 09:23:29,790 [ERROR] ConditionMgr:805 - Attr not supported : Dmpu
2024-07-11 09:23:29,790 [ERROR] ConditionMgr:805 - Attr not supported : Dmpu
2024-07-11 09:23:29,790 [ERROR] ConditionMgr:805 - Attr not supported : Dmpu
2024-07-11 09:23:29,790 [ERROR] ConditionMgr:805 - Attr not supported : Dmpu
2024-07-11 09:23:29,791 [ERROR] ConditionMgr:805 - Attr not supported : Dmpu
2024-07-11 09:23:29,791 [ERROR] ConditionMgr:805 - Attr not supported : Dmpu
2024-07-11 09:23:29,791 [ERROR] ConditionMgr:805 - Attr not supported : Dmpu
2024-07-11 09:23:29,791 [ERROR] ConditionMgr:805 - Attr not supported : Dmpu
2024-07-11 09:23:29,791 [ERROR] ConditionMgr:805 - Attr not supported : Dmpu
2024-07-11 09:23:29,791 [ERROR] ConditionMgr:805 - Attr not supported : Dmpu
2024-07-11 09:23:29,791 [ERROR] ConditionMgr:805 - Attr not supported : Dmpu
2024-07-11 09:23:29,791 [ERROR] ConditionMgr:805 - Attr not supported : Dmpu
2024-07-11 09:23:29,791 [ERROR] ConditionMgr:805 - Attr not supported : Dmpu
2024-07-11 09:23:29,791 [ERROR] ConditionMgr:805 - Attr not supported : Dmpu
2024-07-11 09:23:29,791 [ERROR] ConditionMgr:805 - Attr not supported : Dmpu
2024-07-11 09:23:29,791 [ERROR] ConditionMgr:805 - Attr not supported : Dmpu
2024-07-11 09:23:29,792 [ERROR] ConditionMgr:805 - Attr not supported : Dmpu
2024-07-11 09:23:29,792 [ERROR] ConditionMgr:805 - Attr not supported : Dmpu
2024-07-11 09:23:29,792 [ERROR] ConditionMgr:805 - Attr not supported : Dmpu
2024-07-11 09:23:29,792 [ERROR] ConditionMgr:805 - Attr not supported : Dmpu
2024-07-11 09:23:29,792 [ERROR] ConditionMgr:805 - Attr not supported : Dmpu
2024-07-11 09:23:29,792 [ERROR] ConditionMgr:805 - Attr not supported : Dmpu
2024-07-11 09:23:29,792 [ERROR] ConditionMgr:805 - Attr not supported : Dmpu
2024-07-11 09:23:29,792 [ERROR] ConditionMgr:805 - Attr not supported : Dmpu
2024-07-11 09:23:29,792 [ERROR] ConditionMgr:805 - Attr not supported : Dmpu
2024-07-11 09:23:29,792 [ERROR] ConditionMgr:805 - Attr not supported : Dmpu
2024-07-11 09:23:29,792 [ERROR] ConditionMgr:805 - Attr not supported : Dmpu
2024-07-11 09:23:29,793 [ERROR] ConditionMgr:805 - Attr not supported : Dmpu
2024-07-11 09:23:29,793 [ERROR] ConditionMgr:805 - Attr not supported : Dmpu
2024-07-11 09:23:29,793 [ERROR] ConditionMgr:805 - Attr not supported : Dmpu
2024-07-11 09:23:29,793 [ERROR] ConditionMgr:805 - Attr not supported : Dmpu
2024-07-11 09:23:29,793 [ERROR] ConditionMgr:805 - Attr not supported : Dmpu
2024-07-11 09:23:29,793 [ERROR] ConditionMgr:805 - Attr not supported : Dmpu
2024-07-11 09:23:29,793 [ERROR] ConditionMgr:805 - Attr not supported : Dmpu
2024-07-11 09:23:29,793 [ERROR] ConditionMgr:805 - Attr not supported : Dmpu
2024-07-11 09:23:29,793 [ERROR] ConditionMgr:805 - Attr not supported : Dmpu
2024-07-11 09:23:29,793 [ERROR] ConditionMgr:805 - Attr not supported : Dmpu
2024-07-11 09:23:29,793 [ERROR] ConditionMgr:805 - Attr not supported : Dmpu
2024-07-11 09:23:29,793 [ERROR] ConditionMgr:805 - Attr not supported : Dmpu
2024-07-11 09:23:29,794 [ERROR] ConditionMgr:805 - Attr not supported : Dmpu
2024-07-11 09:23:29,794 [ERROR] ConditionMgr:805 - Attr not supported : Dmpu
2024-07-11 09:23:29,794 [INFO] PopulateThirdPartyThread:66 - Ending populate Thread
2024-07-11 09:23:29,796 [INFO] ThirdParty:1030 - CMSIS Pack Vendor :EmbeddedOffice I-CUBE-FS-RTOS 1.0.1
2024-07-11 09:23:29,796 [INFO] ThirdParty:1030 - CMSIS Pack Vendor :RealThread X-CUBE-RT-Thread_Nano 4.1.1
2024-07-11 09:23:29,796 [INFO] ThirdParty:1030 - CMSIS Pack Vendor :wolfSSL I-CUBE-wolfTPM 3.2.0
2024-07-11 09:23:29,796 [INFO] ThirdParty:1030 - CMSIS Pack Vendor :STMicroelectronics X-CUBE-DPower 1.2.0
2024-07-11 09:23:29,796 [INFO] ThirdParty:1030 - CMSIS Pack Vendor :wolfSSL I-CUBE-wolfSSH 1.4.17
2024-07-11 09:23:29,796 [INFO] LoadServerUpdatesThread:375 - End of LoadServerUpdate Thread
2024-07-11 09:23:29,889 [INFO] CheckServerUpdateThread:120 - End of CheckServer Thread
2024-07-11 09:23:30,185 [WARN] PackLoader:240 - Cannot read IP mode file for STMicroelectronics.FP-SNS-MOTENVWB1.1.4.0
2024-07-11 09:23:30,190 [WARN] PackLoader:240 - Cannot read IP mode file for STMicroelectronics.X-CUBE-SMBUS.2.1.0
2024-07-11 09:23:30,193 [WARN] PackLoader:240 - Cannot read IP mode file for STMicroelectronics.X-CUBE-TOUCHGFX.4.23.0
2024-07-11 09:23:30,195 [WARN] PackLoader:240 - Cannot read IP mode file for STMicroelectronics.X-CUBE-TOUCHGFX.4.23.2
2024-07-11 09:23:30,218 [WARN] PackLoader:240 - Cannot read IP mode file for STMicroelectronics.X-CUBE-AZRTOS-F7.1.1.0
2024-07-11 09:23:30,228 [WARN] PackLoader:240 - Cannot read IP mode file for STMicroelectronics.FP-SNS-MOTENV1.4.3.2
2024-07-11 09:23:30,234 [WARN] PackLoader:240 - Cannot read IP mode file for STMicroelectronics.FP-SNS-FLIGHT1.5.0.2
2024-07-11 09:23:30,241 [WARN] PackLoader:240 - Cannot read IP mode file for STMicroelectronics.X-CUBE-DISPLAY.3.0.0
2024-07-11 09:23:30,253 [WARN] PackLoader:240 - Cannot read IP mode file for STMicroelectronics.X-CUBE-BLE1.7.0.0
2024-07-11 09:23:30,258 [WARN] PackLoader:240 - Cannot read IP mode file for emotas.I-CUBE-CANOPEN.1.3.0
2024-07-11 09:23:30,268 [WARN] PackLoader:240 - Cannot read IP mode file for STMicroelectronics.X-CUBE-BLEMGR.3.1.0
2024-07-11 09:23:30,274 [WARN] PackLoader:240 - Cannot read IP mode file for STMicroelectronics.FP-SNS-SMARTAG2.1.2.0
2024-07-11 09:23:30,282 [INFO] LogOutputStream:77 - [STDOUT_REDIRECT] 1 : Invalid condition id : UX_CORESTACK_Condition cause : null
2024-07-11 09:23:30,283 [INFO] LogOutputStream:77 - [STDOUT_REDIRECT] 1 : Invalid condition id : UX_CORESTACK_Condition cause : null
2024-07-11 09:23:30,283 [INFO] LogOutputStream:77 - [STDOUT_REDIRECT] 1 : Invalid condition id : UX_CORESTACK_Condition cause : null
2024-07-11 09:23:30,283 [INFO] LogOutputStream:77 - [STDOUT_REDIRECT] 1 : Invalid condition id : UX_CORESTACK_Condition cause : null
2024-07-11 09:23:30,283 [INFO] LogOutputStream:77 - [STDOUT_REDIRECT] 1 : Invalid condition id : UX_CORESTACK_Condition cause : null
2024-07-11 09:23:30,287 [WARN] PackLoader:240 - Cannot read IP mode file for STMicroelectronics.X-CUBE-AZRTOS-WL.2.0.0
2024-07-11 09:23:30,291 [WARN] PackLoader:240 - Cannot read IP mode file for STMicroelectronics.FP-SNS-MOTENV1.5.0.0
2024-07-11 09:23:30,295 [WARN] PackLoader:240 - Cannot read IP mode file for wolfSSL.I-CUBE-wolfMQTT.1.19.0
2024-07-11 09:23:30,300 [WARN] PackLoader:240 - Cannot read IP mode file for WES.I-CUBE-Cesium.1.3.0
2024-07-11 09:23:30,304 [WARN] PackLoader:240 - Cannot read IP mode file for STMicroelectronics.X-CUBE-BLE2.3.3.0
2024-07-11 09:23:30,309 [WARN] PackLoader:240 - Cannot read IP mode file for STMicroelectronics.X-CUBE-TCPP.4.1.0
2024-07-11 09:23:30,315 [WARN] PackLoader:240 - Cannot read IP mode file for STMicroelectronics.X-CUBE-ALGOBUILD.1.3.0
2024-07-11 09:23:30,329 [WARN] PackLoader:240 - Cannot read IP mode file for STMicroelectronics.X-CUBE-AZRTOS-G0.1.1.0
2024-07-11 09:23:30,337 [WARN] PackLoader:240 - Cannot read IP mode file for STMicroelectronics.X-CUBE-SAFEA1.1.2.2
2024-07-11 09:23:30,343 [WARN] PackLoader:240 - Cannot read IP mode file for STMicroelectronics.X-CUBE-NFC4.3.0.0
2024-07-11 09:23:30,350 [WARN] PackLoader:240 - Cannot read IP mode file for EmbeddedOffice.I-CUBE-FS-RTOS.1.0.1
2024-07-11 09:23:30,350 [ERROR] ConditionMgr:805 - Attr not supported : Dmpu
2024-07-11 09:23:30,350 [ERROR] ConditionMgr:805 - Attr not supported : Dmpu
2024-07-11 09:23:30,350 [ERROR] ConditionMgr:805 - Attr not supported : Dmpu
2024-07-11 09:23:30,350 [ERROR] ConditionMgr:805 - Attr not supported : Dmpu
2024-07-11 09:23:30,350 [ERROR] ConditionMgr:805 - Attr not supported : Dmpu
2024-07-11 09:23:30,351 [ERROR] ConditionMgr:805 - Attr not supported : Dmpu
2024-07-11 09:23:30,351 [ERROR] ConditionMgr:805 - Attr not supported : Dmpu
2024-07-11 09:23:30,351 [ERROR] ConditionMgr:805 - Attr not supported : Dmpu
2024-07-11 09:23:30,351 [ERROR] ConditionMgr:805 - Attr not supported : Dmpu
2024-07-11 09:23:30,351 [ERROR] ConditionMgr:805 - Attr not supported : Dmpu
2024-07-11 09:23:30,351 [ERROR] ConditionMgr:805 - Attr not supported : Dmpu
2024-07-11 09:23:30,351 [ERROR] ConditionMgr:805 - Attr not supported : Dmpu
2024-07-11 09:23:30,351 [ERROR] ConditionMgr:805 - Attr not supported : Dmpu
2024-07-11 09:23:30,351 [ERROR] ConditionMgr:805 - Attr not supported : Dmpu
2024-07-11 09:23:30,351 [ERROR] ConditionMgr:805 - Attr not supported : Dmpu
2024-07-11 09:23:30,351 [ERROR] ConditionMgr:805 - Attr not supported : Dmpu
2024-07-11 09:23:30,351 [ERROR] ConditionMgr:805 - Attr not supported : Dmpu
2024-07-11 09:23:30,351 [ERROR] ConditionMgr:805 - Attr not supported : Dmpu
2024-07-11 09:23:30,351 [ERROR] ConditionMgr:805 - Attr not supported : Dmpu
2024-07-11 09:23:30,351 [ERROR] ConditionMgr:805 - Attr not supported : Dmpu
2024-07-11 09:23:30,351 [ERROR] ConditionMgr:805 - Attr not supported : Dmpu
2024-07-11 09:23:30,352 [ERROR] ConditionMgr:805 - Attr not supported : Dmpu
2024-07-11 09:23:30,352 [ERROR] ConditionMgr:805 - Attr not supported : Dmpu
2024-07-11 09:23:30,352 [ERROR] ConditionMgr:805 - Attr not supported : Dmpu
2024-07-11 09:23:30,352 [ERROR] ConditionMgr:805 - Attr not supported : Dmpu
2024-07-11 09:23:30,352 [ERROR] ConditionMgr:805 - Attr not supported : Dmpu
2024-07-11 09:23:30,352 [ERROR] ConditionMgr:805 - Attr not supported : Dmpu
2024-07-11 09:23:30,352 [ERROR] ConditionMgr:805 - Attr not supported : Dmpu
2024-07-11 09:23:30,352 [ERROR] ConditionMgr:805 - Attr not supported : Dmpu
2024-07-11 09:23:30,352 [ERROR] ConditionMgr:805 - Attr not supported : Dmpu
2024-07-11 09:23:30,352 [ERROR] ConditionMgr:805 - Attr not supported : Dmpu
2024-07-11 09:23:30,352 [ERROR] ConditionMgr:805 - Attr not supported : Dmpu
2024-07-11 09:23:30,352 [ERROR] ConditionMgr:805 - Attr not supported : Dmpu
2024-07-11 09:23:30,352 [ERROR] ConditionMgr:805 - Attr not supported : Dmpu
2024-07-11 09:23:30,352 [ERROR] ConditionMgr:805 - Attr not supported : Dmpu
2024-07-11 09:23:30,352 [ERROR] ConditionMgr:805 - Attr not supported : Dmpu
2024-07-11 09:23:30,352 [ERROR] ConditionMgr:805 - Attr not supported : Dmpu
2024-07-11 09:23:30,352 [ERROR] ConditionMgr:805 - Attr not supported : Dmpu
2024-07-11 09:23:30,353 [ERROR] ConditionMgr:805 - Attr not supported : Dmpu
2024-07-11 09:23:30,353 [ERROR] ConditionMgr:805 - Attr not supported : Dmpu
2024-07-11 09:23:30,353 [ERROR] ConditionMgr:805 - Attr not supported : Dmpu
2024-07-11 09:23:30,353 [ERROR] ConditionMgr:805 - Attr not supported : Dmpu
2024-07-11 09:23:30,353 [ERROR] ConditionMgr:805 - Attr not supported : Dmpu
2024-07-11 09:23:30,353 [ERROR] ConditionMgr:805 - Attr not supported : Dmpu
2024-07-11 09:23:30,353 [ERROR] ConditionMgr:805 - Attr not supported : Dmpu
2024-07-11 09:23:30,353 [ERROR] ConditionMgr:805 - Attr not supported : Dmpu
2024-07-11 09:23:30,353 [ERROR] ConditionMgr:805 - Attr not supported : Dmpu
2024-07-11 09:23:30,353 [ERROR] ConditionMgr:805 - Attr not supported : Dmpu
2024-07-11 09:23:30,353 [ERROR] ConditionMgr:805 - Attr not supported : Dmpu
2024-07-11 09:23:30,354 [ERROR] ConditionMgr:805 - Attr not supported : Dmpu
2024-07-11 09:23:30,354 [ERROR] ConditionMgr:805 - Attr not supported : Dmpu
2024-07-11 09:23:30,354 [ERROR] ConditionMgr:805 - Attr not supported : Dmpu
2024-07-11 09:23:30,354 [ERROR] ConditionMgr:805 - Attr not supported : Dmpu
2024-07-11 09:23:30,354 [ERROR] ConditionMgr:805 - Attr not supported : Dmpu
2024-07-11 09:23:30,354 [ERROR] ConditionMgr:805 - Attr not supported : Dmpu
2024-07-11 09:23:30,354 [ERROR] ConditionMgr:805 - Attr not supported : Dmpu
2024-07-11 09:23:30,354 [ERROR] ConditionMgr:805 - Attr not supported : Dmpu
2024-07-11 09:23:30,355 [ERROR] ConditionMgr:805 - Attr not supported : Dmpu
2024-07-11 09:23:30,355 [ERROR] ConditionMgr:805 - Attr not supported : Dmpu
2024-07-11 09:23:30,355 [ERROR] ConditionMgr:805 - Attr not supported : Dmpu
2024-07-11 09:23:30,355 [ERROR] ConditionMgr:805 - Attr not supported : Dmpu
2024-07-11 09:23:30,355 [ERROR] ConditionMgr:805 - Attr not supported : Dmpu
2024-07-11 09:23:30,355 [ERROR] ConditionMgr:805 - Attr not supported : Dmpu
2024-07-11 09:23:30,355 [ERROR] ConditionMgr:805 - Attr not supported : Dmpu
2024-07-11 09:23:30,359 [WARN] PackLoader:240 - Cannot read IP mode file for RealThread.X-CUBE-RT-Thread_Nano.4.1.1
2024-07-11 09:23:30,361 [WARN] PackLoader:240 - Cannot read IP mode file for STMicroelectronics.FP-ATR-SIGFOX1.3.2.0
2024-07-11 09:23:30,366 [WARN] PackLoader:240 - Cannot read IP mode file for STMicroelectronics.X-CUBE-EEPRMA1.5.1.0
2024-07-11 09:23:30,396 [WARN] PackLoader:240 - Cannot read IP mode file for SEGGER.I-CUBE-embOS.1.3.1
2024-07-11 09:23:30,437 [WARN] PackLoader:240 - Cannot read IP mode file for STMicroelectronics.X-CUBE-ALGOBUILD.1.4.0
2024-07-11 09:23:30,441 [WARN] PackLoader:240 - Cannot read IP mode file for STMicroelectronics.X-CUBE-GNSS1.6.0.0
2024-07-11 09:23:30,457 [WARN] PackLoader:240 - Cannot read IP mode file for STMicroelectronics.X-CUBE-AZRTOS-F4.1.1.0
2024-07-11 09:23:30,464 [WARN] PackLoader:240 - Cannot read IP mode file for STMicroelectronics.X-CUBE-FREERTOS.1.2.0
2024-07-11 09:23:30,467 [WARN] PackLoader:240 - Cannot read IP mode file for wolfSSL.I-CUBE-wolfSSL.5.6.6
2024-07-11 09:23:30,482 [WARN] PackLoader:240 - Cannot read IP mode file for STMicroelectronics.X-CUBE-AZRTOS-L5.2.0.0
2024-07-11 09:23:30,491 [WARN] PackLoader:240 - Cannot read IP mode file for STMicroelectronics.X-CUBE-NFC6.3.1.0
2024-07-11 09:23:30,497 [WARN] PackLoader:240 - Cannot read IP mode file for ITTIA_DB.I-CUBE-ITTIADB.8.8.0
2024-07-11 09:23:30,501 [WARN] PackLoader:240 - Cannot read IP mode file for STMicroelectronics.X-CUBE-DPower.1.2.0
2024-07-11 09:23:30,504 [WARN] PackLoader:240 - Cannot read IP mode file for STMicroelectronics.X-CUBE-AI.9.0.0
2024-07-11 09:23:30,508 [WARN] PackLoader:240 - Cannot read IP mode file for STMicroelectronics.X-CUBE-NFC7.1.0.1
2024-07-11 09:23:30,511 [WARN] PackLoader:240 - Cannot read IP mode file for wolfSSL.I-CUBE-wolfTPM.3.2.0
2024-07-11 09:23:30,517 [WARN] PackLoader:240 - Cannot read IP mode file for STMicroelectronics.X-CUBE-NFC6.3.0.0
2024-07-11 09:23:30,521 [WARN] PackLoader:240 - Cannot read IP mode file for STMicroelectronics.X-CUBE-AI.8.1.0
2024-07-11 09:23:30,539 [WARN] ConditionMgr:438 - getConditionDescription Invalid condition id : LAN8742 Phy interface Condition cause : null
2024-07-11 09:23:30,539 [WARN] PackLoader:240 - Cannot read IP mode file for STMicroelectronics.X-CUBE-AZRTOS-L4.2.0.0
2024-07-11 09:23:30,541 [WARN] ConditionMgr:1039 - genDependencies : Invalid condition id : LAN8742 Phy interface Condition cause : null
2024-07-11 09:23:30,541 [WARN] ConditionMgr:1039 - genDependencies : Invalid condition id : LAN8742 Phy interface Condition cause : null
2024-07-11 09:23:30,542 [WARN] ConditionMgr:1039 - genDependencies : Invalid condition id : LAN8742 Phy interface Condition cause : null
2024-07-11 09:23:30,548 [WARN] PackLoader:240 - Cannot read IP mode file for STMicroelectronics.X-CUBE-SFXS2LP1.4.0.0
2024-07-11 09:23:30,560 [WARN] ConditionMgr:438 - getConditionDescription Invalid condition id : UX DEVICE CLASS RTOS Condition cause : null
2024-07-11 09:23:30,560 [WARN] ConditionMgr:438 - getConditionDescription Invalid condition id : UX DEVICE CLASS RTOS Condition cause : null
2024-07-11 09:23:30,563 [WARN] PackLoader:240 - Cannot read IP mode file for STMicroelectronics.X-CUBE-AZRTOS-WB.2.0.0
2024-07-11 09:23:30,563 [WARN] ConditionMgr:1039 - genDependencies : Invalid condition id : UX DEVICE CLASS RTOS Condition cause : null
2024-07-11 09:23:30,563 [WARN] ConditionMgr:1039 - genDependencies : Invalid condition id : UX DEVICE CLASS RTOS Condition cause : null
2024-07-11 09:23:30,564 [WARN] ConditionMgr:1039 - genDependencies : Invalid condition id : UX DEVICE CLASS RTOS Condition cause : null
2024-07-11 09:23:30,564 [WARN] ConditionMgr:1039 - genDependencies : Invalid condition id : UX DEVICE CLASS RTOS Condition cause : null
2024-07-11 09:23:30,564 [WARN] ConditionMgr:1039 - genDependencies : Invalid condition id : UX DEVICE CLASS RTOS Condition cause : null
2024-07-11 09:23:30,573 [WARN] PackLoader:240 - Cannot read IP mode file for STMicroelectronics.X-CUBE-SUBG2.5.0.0
2024-07-11 09:23:30,581 [WARN] PackLoader:240 - Cannot read IP mode file for Cesanta.I-CUBE-Mongoose.7.13.0
2024-07-11 09:23:30,595 [WARN] PackLoader:240 - Cannot read IP mode file for STMicroelectronics.X-CUBE-AZRTOS-G4.2.0.0
2024-07-11 09:23:30,607 [WARN] PackLoader:240 - Cannot read IP mode file for Infineon.AIROC-Wi-Fi-Bluetooth-STM32.1.5.1
2024-07-11 09:23:30,613 [WARN] PackLoader:240 - Cannot read IP mode file for STMicroelectronics.FP-SNS-MOTENVWB1.1.3.1
2024-07-11 09:23:30,616 [WARN] PackLoader:240 - Cannot read IP mode file for STMicroelectronics.X-CUBE-ISPU.2.0.0
2024-07-11 09:23:30,619 [WARN] PackLoader:240 - Cannot read IP mode file for STMicroelectronics.X-CUBE-ALS.1.0.2
2024-07-11 09:23:30,659 [WARN] PackLoader:240 - Cannot read IP mode file for STMicroelectronics.X-CUBE-MEMS1.10.0.0
2024-07-11 09:23:30,785 [WARN] PackLoader:240 - Cannot read IP mode file for STMicroelectronics.X-CUBE-FREERTOS.1.1.0
2024-07-11 09:23:30,788 [WARN] PackLoader:240 - Cannot read IP mode file for STMicroelectronics.X-CUBE-TOUCHGFX.4.24.0
2024-07-11 09:23:30,791 [WARN] PackLoader:240 - Cannot read IP mode file for portGmbH.I-Cube-SoM-uGOAL.1.1.0
2024-07-11 09:23:30,794 [WARN] PackLoader:240 - Cannot read IP mode file for STMicroelectronics.X-CUBE-ALS.1.0.1
2024-07-11 09:23:30,805 [WARN] PackLoader:240 - Cannot read IP mode file for STMicroelectronics.X-CUBE-AZRTOS-H7RS.1.0.0
2024-07-11 09:23:30,809 [WARN] PackLoader:240 - Cannot read IP mode file for STMicroelectronics.FP-ATR-ASTRA1.2.0.0
2024-07-11 09:23:30,816 [WARN] PackLoader:240 - Cannot read IP mode file for STMicroelectronics.X-CUBE-TOF1.3.4.1
2024-07-11 09:23:30,836 [WARN] PackLoader:240 - Cannot read IP mode file for STMicroelectronics.X-CUBE-AZRTOS-H7.3.2.0
2024-07-11 09:23:30,841 [WARN] PackLoader:240 - Cannot read IP mode file for wolfSSL.I-CUBE-wolfSSH.1.4.17
2024-07-11 09:23:30,841 [INFO] ThirdParty:978 - Integrity check success = true
2024-07-11 09:23:30,841 [INFO] IntegrityCheckThread:100 - exiting critical section [integrity check]
2024-07-11 09:23:30,841 [INFO] IntegrityCheckThread:103 - End integrity checks thread
2024-07-11 11:22:31,804 [ERROR] LogOutputStream:75 - [STDERR_REDIRECT] 
