2024-06-13 11:02:20,013 [INFO] Activator:176 - 


2024-06-13 11:02:20,020 [INFO] Activator:177 - !SESSION log4j initialized
2024-06-13 11:02:24,368 [ERROR] LogOutputStream:75 - [STDERR_REDIRECT] 
2024-06-13 11:02:25,092 [INFO] LogOutputStream:77 - [STDOUT_REDIRECT] 
2024-06-13 11:02:26,393 [INFO] LogOutputStream:77 - [STDOUT_REDIRECT] 
2024-06-13 11:02:27,098 [INFO] ApplicationProperties:184 - Using Application install path: /Applications/STM32CubeIDE.app/Contents/Eclipse/plugins/com.st.stm32cube.common.mx_6.9.2.202309101412
2024-06-13 11:02:27,117 [INFO] DbMcusXml:78 - Set database path to: /Applications/STM32CubeIDE.app/Contents/Eclipse/plugins/com.st.stm32cube.common.mx_6.9.2.202309101412//db//mcu/
2024-06-13 11:02:27,117 [INFO] ApiDb:274 - Set plugin database path to: /Applications/STM32CubeIDE.app/Contents/Eclipse/plugins/com.st.stm32cube.common.mx_6.9.2.202309101412//db//plugins/boardmanager/
2024-06-13 11:02:27,117 [WARN] ApiDb:259 - Overriding images path with different value:  => /Applications/STM32CubeIDE.app/Contents/Eclipse/plugins/com.st.stm32cube.common.mx_6.9.2.202309101412//db//plugins/mcufinder/images/
2024-06-13 11:02:27,129 [INFO] ApiDb:250 - Set database path to: /Users/james/.stmcufinder/plugins/mcufinder//mcu/
2024-06-13 11:02:27,130 [INFO] DbMcusAds:125 - Set database path to: /Users/james/.stmcufinder/plugins/mcufinder//mcu/
2024-06-13 11:02:27,133 [INFO] CrossReferenceDbSqlite:203 - Set database path to: /Users/james/.stmcufinder/plugins/mcufinder//mcu/cs/
2024-06-13 11:02:27,236 [INFO] RulesReader:64 - Compatibility file has been processed (293 Rules)
2024-06-13 11:02:27,306 [INFO] DbMcusXml:78 - Set database path to: /Applications/STM32CubeIDE.app/Contents/Eclipse/plugins/com.st.stm32cube.common.mx_6.9.2.202309101412//db//mcu/
2024-06-13 11:02:27,307 [INFO] ApiDb:274 - Set plugin database path to: /Applications/STM32CubeIDE.app/Contents/Eclipse/plugins/com.st.stm32cube.common.mx_6.9.2.202309101412//db//plugins/boardmanager/
2024-06-13 11:02:27,307 [INFO] ApiDb:261 - Set plugin images path to: /Applications/STM32CubeIDE.app/Contents/Eclipse/plugins/com.st.stm32cube.common.mx_6.9.2.202309101412//db//plugins/mcufinder/images/
2024-06-13 11:02:27,307 [WARN] DbFile:41 - Overriding database path with different value: /Users/james/.stmcufinder/plugins/mcufinder/ => /Users/james/.stmcufinder/plugins/mcufinder
2024-06-13 11:02:27,307 [INFO] ApiDb:250 - Set database path to: /Users/james/.stmcufinder/plugins/mcufinder//mcu/
2024-06-13 11:02:27,307 [WARN] DbFile:41 - Overriding database path with different value: /Users/james/.stmcufinder/plugins/mcufinder/ => /Users/james/.stmcufinder/plugins/mcufinder
2024-06-13 11:02:27,307 [INFO] DbMcusAds:125 - Set database path to: /Users/james/.stmcufinder/plugins/mcufinder//mcu/
2024-06-13 11:02:27,307 [WARN] DbFile:41 - Overriding database path with different value: /Users/james/.stmcufinder/plugins/mcufinder/ => /Users/james/.stmcufinder/plugins/mcufinder
2024-06-13 11:02:27,308 [WARN] DbFile:41 - Overriding database path with different value: /Users/james/.stmcufinder/plugins/mcufinder/ => /Users/james/.stmcufinder/plugins/mcufinder
2024-06-13 11:02:27,308 [INFO] CrossReferenceDbSqlite:203 - Set database path to: /Users/james/.stmcufinder/plugins/mcufinder//mcu/cs/
2024-06-13 11:02:27,535 [INFO] MainPanel:262 - HeapMemory: 268435456
2024-06-13 11:02:27,671 [INFO] DbMcusXml:78 - Set database path to: /Applications/STM32CubeIDE.app/Contents/Eclipse/plugins/com.st.stm32cube.common.mx_6.9.2.202309101412//db//mcu/
2024-06-13 11:02:27,671 [INFO] ApiDb:274 - Set plugin database path to: /Applications/STM32CubeIDE.app/Contents/Eclipse/plugins/com.st.stm32cube.common.mx_6.9.2.202309101412//db//plugins/boardmanager/
2024-06-13 11:02:27,671 [INFO] ApiDb:261 - Set plugin images path to: /Applications/STM32CubeIDE.app/Contents/Eclipse/plugins/com.st.stm32cube.common.mx_6.9.2.202309101412//db//plugins/mcufinder/images/
2024-06-13 11:02:27,672 [WARN] DbFile:41 - Overriding database path with different value: /Users/james/.stmcufinder/plugins/mcufinder/ => /Users/james/.stmcufinder/plugins/mcufinder
2024-06-13 11:02:27,672 [INFO] ApiDb:250 - Set database path to: /Users/james/.stmcufinder/plugins/mcufinder//mcu/
2024-06-13 11:02:27,672 [WARN] DbFile:41 - Overriding database path with different value: /Users/james/.stmcufinder/plugins/mcufinder/ => /Users/james/.stmcufinder/plugins/mcufinder
2024-06-13 11:02:27,672 [INFO] DbMcusAds:125 - Set database path to: /Users/james/.stmcufinder/plugins/mcufinder//mcu/
2024-06-13 11:02:27,672 [WARN] DbFile:41 - Overriding database path with different value: /Users/james/.stmcufinder/plugins/mcufinder/ => /Users/james/.stmcufinder/plugins/mcufinder
2024-06-13 11:02:27,672 [WARN] DbFile:41 - Overriding database path with different value: /Users/james/.stmcufinder/plugins/mcufinder/ => /Users/james/.stmcufinder/plugins/mcufinder
2024-06-13 11:02:27,672 [INFO] CrossReferenceDbSqlite:203 - Set database path to: /Users/james/.stmcufinder/plugins/mcufinder//mcu/cs/
2024-06-13 11:02:27,692 [INFO] ApplicationProperties:184 - Using Application install path: /Applications/STM32CubeIDE.app/Contents/Eclipse/plugins/com.st.stm32cube.common.mx_6.9.2.202309101412
2024-06-13 11:02:27,693 [INFO] PluginManage:196 - Search for loadable plugins [exclusion list=, ]
2024-06-13 11:02:27,695 [INFO] PluginManage:310 - Check plugin analytics
2024-06-13 11:02:27,866 [INFO] AnalyticsPlugin:253 - Accepted Software Licenses: 
2024-06-13 11:02:27,866 [INFO] AnalyticsPlugin:255 - Accepted CMSIS Pack Licenses: 
2024-06-13 11:02:27,866 [INFO] AnalyticsPlugin:257 - Accepted Firmware Licenses: FW.F7.1.17.0
2024-06-13 11:02:27,869 [INFO] PluginManage:359 - Loaded plugin analytics (category:tool,tabindex:-1)
2024-06-13 11:02:27,870 [INFO] PluginManage:310 - Check plugin cadmodel
2024-06-13 11:02:28,269 [INFO] CADModel:105 - Init CAD model plugin
2024-06-13 11:02:28,269 [INFO] PluginManage:359 - Loaded plugin cadmodel (category:power,tabindex:5)
2024-06-13 11:02:28,270 [INFO] PluginManage:310 - Check plugin clock
2024-06-13 11:02:28,282 [INFO] PluginManage:359 - Loaded plugin clock (category:base,tabindex:2)
2024-06-13 11:02:28,282 [INFO] PluginManage:310 - Check plugin ddr
2024-06-13 11:02:28,285 [INFO] PluginManage:359 - Loaded plugin ddr (category:tool,tabindex:6)
2024-06-13 11:02:28,286 [INFO] PluginManage:310 - Check plugin filemanager
2024-06-13 11:02:28,451 [INFO] PluginManage:359 - Loaded plugin filemanager (category:base,tabindex:10)
2024-06-13 11:02:28,451 [INFO] PluginManage:310 - Check plugin ipmanager
2024-06-13 11:02:28,459 [INFO] PluginManage:359 - Loaded plugin ipmanager (category:base,tabindex:5)
2024-06-13 11:02:28,460 [INFO] PluginManage:310 - Check plugin lpbam
2024-06-13 11:02:28,473 [INFO] PluginManage:359 - Loaded plugin lpbam (category:base,tabindex:0)
2024-06-13 11:02:28,473 [INFO] PluginManage:310 - Check plugin memorymap
2024-06-13 11:02:28,489 [INFO] PluginManage:359 - Loaded plugin memorymap (category:base,tabindex:4)
2024-06-13 11:02:28,489 [INFO] PluginManage:310 - Check plugin pinoutandconfiguration
2024-06-13 11:02:28,499 [INFO] PluginManage:359 - Loaded plugin pinoutandconfiguration (category:base,tabindex:1)
2024-06-13 11:02:28,499 [INFO] PluginManage:310 - Check plugin pinoutconfig
2024-06-13 11:02:28,605 [WARN] SupportedApi:132 - Cannot load RTOS API schema: s4s-elt-must-match.1: The content of 'definitions' must match (annotation?, (simpleType | complexType)?, (unique | key | keyref)*)). A problem was found starting at: attribute.
2024-06-13 11:02:28,884 [INFO] PluginManage:359 - Loaded plugin pinoutconfig (category:base,tabindex:0)
2024-06-13 11:02:28,884 [INFO] PluginManage:310 - Check plugin power
2024-06-13 11:02:28,902 [INFO] PluginManage:359 - Loaded plugin power (category:power,tabindex:4)
2024-06-13 11:02:28,902 [INFO] PluginManage:310 - Check plugin projectmanager
2024-06-13 11:02:28,918 [INFO] PluginManage:359 - Loaded plugin projectmanager (category:projectmanager,tabindex:3)
2024-06-13 11:02:28,918 [INFO] PluginManage:310 - Check plugin thirdparty
2024-06-13 11:02:29,059 [INFO] PluginManage:359 - Loaded plugin thirdparty (category:base,tabindex:-1)
2024-06-13 11:02:29,059 [WARN] IntegrityCheckThread:84 - waiting for thirdparty lock release [integrity check]
2024-06-13 11:02:29,059 [INFO] PluginManage:310 - Check plugin tools
2024-06-13 11:02:29,060 [INFO] IntegrityCheckThread:86 - entering critical section [integrity check]
2024-06-13 11:02:29,060 [INFO] ThirdPartyUpdaterWithRetryManager:70 - Updater plugin not ready yet. [1/15]
2024-06-13 11:02:29,063 [INFO] PluginManage:359 - Loaded plugin tools (category:base,tabindex:7)
2024-06-13 11:02:29,063 [INFO] PluginManage:310 - Check plugin tutovideos
2024-06-13 11:02:29,277 [INFO] PluginManage:359 - Loaded plugin tutovideos (category:base,tabindex:-1)
2024-06-13 11:02:29,277 [INFO] PluginManage:310 - Check plugin updater
2024-06-13 11:02:29,290 [INFO] PluginManage:359 - Loaded plugin updater (category:base,tabindex:12)
2024-06-13 11:02:29,290 [INFO] PluginManage:310 - Check plugin userauth
2024-06-13 11:02:29,295 [INFO] UserAuth:113 - Init User Auth plugin
2024-06-13 11:02:29,296 [INFO] PluginManage:359 - Loaded plugin userauth (category:base,tabindex:14)
2024-06-13 11:02:29,296 [INFO] PluginManage:283 - PluginManage : Loaded plugins [17]
2024-06-13 11:02:29,585 [INFO] PinOutPanel:1499 - setPackage(No Configuration,No Configuration)
2024-06-13 11:02:29,703 [INFO] CADModel:165 - CPN selected for project level
2024-06-13 11:02:29,703 [INFO] CADModel:114 - Register for checkConnection events
2024-06-13 11:02:29,720 [INFO] IPUIPlugin:80 - create IPUIPlugin
2024-06-13 11:02:29,721 [INFO] PluginManager:220 - loadIPPluginJar : add mdma
2024-06-13 11:02:29,729 [INFO] IPUIPlugin:80 - create IPUIPlugin
2024-06-13 11:02:29,730 [INFO] PluginManager:220 - loadIPPluginJar : add freertos
2024-06-13 11:02:29,736 [INFO] IPUIPlugin:80 - create IPUIPlugin
2024-06-13 11:02:29,736 [INFO] PluginManager:220 - loadIPPluginJar : add gic
2024-06-13 11:02:29,760 [INFO] IPUIPlugin:80 - create IPUIPlugin
2024-06-13 11:02:29,760 [INFO] PluginManager:220 - loadIPPluginJar : add adc
2024-06-13 11:02:29,763 [INFO] IPUIPlugin:80 - create IPUIPlugin
2024-06-13 11:02:29,764 [INFO] PluginManager:220 - loadIPPluginJar : add gtzc
2024-06-13 11:02:29,766 [INFO] IPUIPlugin:80 - create IPUIPlugin
2024-06-13 11:02:29,766 [INFO] PluginManager:220 - loadIPPluginJar : add quadspi
2024-06-13 11:02:29,768 [INFO] IPUIPlugin:80 - create IPUIPlugin
2024-06-13 11:02:29,768 [INFO] PluginManager:220 - loadIPPluginJar : add aes
2024-06-13 11:02:29,771 [INFO] IPUIPlugin:80 - create IPUIPlugin
2024-06-13 11:02:29,771 [INFO] PluginManager:220 - loadIPPluginJar : add pdm2pcm
2024-06-13 11:02:29,773 [INFO] IPUIPlugin:80 - create IPUIPlugin
2024-06-13 11:02:29,773 [INFO] PluginManager:220 - loadIPPluginJar : add hash
2024-06-13 11:02:29,781 [INFO] IPUIPlugin:80 - create IPUIPlugin
2024-06-13 11:02:29,781 [INFO] PluginManager:220 - loadIPPluginJar : add tim
2024-06-13 11:02:29,783 [INFO] IPUIPlugin:80 - create IPUIPlugin
2024-06-13 11:02:29,783 [INFO] PluginManager:220 - loadIPPluginJar : add tsc
2024-06-13 11:02:29,785 [INFO] IPUIPlugin:80 - create IPUIPlugin
2024-06-13 11:02:29,785 [INFO] PluginManager:220 - loadIPPluginJar : add ts
2024-06-13 11:02:29,788 [INFO] IPUIPlugin:80 - create IPUIPlugin
2024-06-13 11:02:29,788 [INFO] PluginManager:220 - loadIPPluginJar : add can
2024-06-13 11:02:29,791 [INFO] IPUIPlugin:80 - create IPUIPlugin
2024-06-13 11:02:29,791 [INFO] PluginManager:220 - loadIPPluginJar : add dma3
2024-06-13 11:02:29,794 [INFO] IPUIPlugin:80 - create IPUIPlugin
2024-06-13 11:02:29,794 [INFO] PluginManager:220 - loadIPPluginJar : add dfsdm
2024-06-13 11:02:29,797 [INFO] IPUIPlugin:80 - create IPUIPlugin
2024-06-13 11:02:29,798 [INFO] PluginManager:220 - loadIPPluginJar : add spi
2024-06-13 11:02:29,801 [INFO] IPUIPlugin:80 - create IPUIPlugin
2024-06-13 11:02:29,801 [INFO] PluginManager:220 - loadIPPluginJar : add gfxmmu
2024-06-13 11:02:29,802 [INFO] IPUIPlugin:80 - create IPUIPlugin
2024-06-13 11:02:29,802 [INFO] PluginManager:220 - loadIPPluginJar : add genericplugin
2024-06-13 11:02:29,805 [INFO] IPUIPlugin:80 - create IPUIPlugin
2024-06-13 11:02:29,805 [INFO] PluginManager:220 - loadIPPluginJar : add cryp
2024-06-13 11:02:29,810 [INFO] IPUIPlugin:80 - create IPUIPlugin
2024-06-13 11:02:29,811 [INFO] PluginManager:220 - loadIPPluginJar : add gpio
2024-06-13 11:02:29,812 [INFO] IPUIPlugin:80 - create IPUIPlugin
2024-06-13 11:02:29,812 [INFO] PluginManager:220 - loadIPPluginJar : add comp
2024-06-13 11:02:29,814 [INFO] IPUIPlugin:80 - create IPUIPlugin
2024-06-13 11:02:29,814 [INFO] PluginManager:220 - loadIPPluginJar : add tracer_emb
2024-06-13 11:02:29,817 [INFO] IPUIPlugin:80 - create IPUIPlugin
2024-06-13 11:02:29,818 [INFO] PluginManager:220 - loadIPPluginJar : add openamp
2024-06-13 11:02:29,823 [INFO] IPUIPlugin:80 - create IPUIPlugin
2024-06-13 11:02:29,823 [INFO] PluginManager:220 - loadIPPluginJar : add stm32_wpan
2024-06-13 11:02:29,831 [INFO] IPUIPlugin:80 - create IPUIPlugin
2024-06-13 11:02:29,834 [INFO] PluginManager:220 - loadIPPluginJar : add plateformsettings
2024-06-13 11:02:29,839 [INFO] IPUIPlugin:80 - create IPUIPlugin
2024-06-13 11:02:29,839 [INFO] PluginManager:220 - loadIPPluginJar : add ipddr
2024-06-13 11:02:29,843 [INFO] IPUIPlugin:80 - create IPUIPlugin
2024-06-13 11:02:29,843 [INFO] PluginManager:220 - loadIPPluginJar : add usart
2024-06-13 11:02:29,844 [INFO] IPUIPlugin:80 - create IPUIPlugin
2024-06-13 11:02:29,844 [INFO] PluginManager:220 - loadIPPluginJar : add ltdc
2024-06-13 11:02:29,849 [INFO] IPUIPlugin:80 - create IPUIPlugin
2024-06-13 11:02:29,849 [INFO] PluginManager:220 - loadIPPluginJar : add nvic
2024-06-13 11:02:29,850 [INFO] IPUIPlugin:80 - create IPUIPlugin
2024-06-13 11:02:29,850 [INFO] PluginManager:220 - loadIPPluginJar : add fatfs
2024-06-13 11:02:29,859 [INFO] IPUIPlugin:80 - create IPUIPlugin
2024-06-13 11:02:29,859 [INFO] PluginManager:220 - loadIPPluginJar : add linkedlist
2024-06-13 11:02:29,865 [INFO] IPUIPlugin:80 - create IPUIPlugin
2024-06-13 11:02:29,865 [INFO] PluginManager:220 - loadIPPluginJar : add dma
2024-06-13 11:02:29,869 [INFO] IPUIPlugin:80 - create IPUIPlugin
2024-06-13 11:02:29,869 [INFO] PluginManager:220 - loadIPPluginJar : add fmc
2024-06-13 11:02:29,872 [INFO] IPUIPlugin:80 - create IPUIPlugin
2024-06-13 11:02:29,873 [INFO] PluginManager:220 - loadIPPluginJar : add i2s
2024-06-13 11:02:29,874 [INFO] IPUIPlugin:80 - create IPUIPlugin
2024-06-13 11:02:29,875 [INFO] PluginManager:220 - loadIPPluginJar : add ucpd
2024-06-13 11:02:29,877 [INFO] IPUIPlugin:80 - create IPUIPlugin
2024-06-13 11:02:29,877 [INFO] PluginManager:220 - loadIPPluginJar : add lorawan
2024-06-13 11:02:29,880 [INFO] IPUIPlugin:80 - create IPUIPlugin
2024-06-13 11:02:29,880 [INFO] PluginManager:220 - loadIPPluginJar : add opamp
2024-06-13 11:02:29,883 [INFO] IPUIPlugin:80 - create IPUIPlugin
2024-06-13 11:02:29,883 [INFO] PluginManager:220 - loadIPPluginJar : add i3c
2024-06-13 11:02:29,886 [INFO] IPUIPlugin:80 - create IPUIPlugin
2024-06-13 11:02:29,886 [INFO] PluginManager:220 - loadIPPluginJar : add touchsensing
2024-06-13 11:02:29,888 [INFO] IPUIPlugin:80 - create IPUIPlugin
2024-06-13 11:02:29,889 [INFO] PluginManager:220 - loadIPPluginJar : add i2c
2024-06-13 11:02:29,893 [INFO] IPUIPlugin:80 - create IPUIPlugin
2024-06-13 11:02:29,893 [INFO] PluginManager:220 - loadIPPluginJar : add resmgrutility
2024-06-13 11:02:29,896 [INFO] IPUIPlugin:80 - create IPUIPlugin
2024-06-13 11:02:29,896 [INFO] PluginManager:220 - loadIPPluginJar : add sai
2024-06-13 11:02:29,899 [INFO] IPUIPlugin:80 - create IPUIPlugin
2024-06-13 11:02:29,899 [INFO] PluginManager:220 - loadIPPluginJar : add usbx
2024-06-13 11:02:30,087 [INFO] CADModel:165 - CPN selected for project level
2024-06-13 11:02:30,087 [INFO] CADModel:114 - Register for checkConnection events
2024-06-13 11:02:30,087 [FATAL] Updater:308 - Updater called before beeing initialized
2024-06-13 11:02:30,088 [ERROR] CADModel:125 - Updater not yet initialized, retry later 
2024-06-13 11:02:30,303 [INFO] CADModel:165 - CPN selected for project level
2024-06-13 11:02:30,303 [INFO] CADModel:114 - Register for checkConnection events
2024-06-13 11:02:30,303 [FATAL] Updater:308 - Updater called before beeing initialized
2024-06-13 11:02:30,303 [ERROR] CADModel:125 - Updater not yet initialized, retry later 
2024-06-13 11:02:30,307 [FATAL] Updater:308 - Updater called before beeing initialized
2024-06-13 11:02:30,382 [FATAL] Updater:308 - Updater called before beeing initialized
2024-06-13 11:02:30,388 [INFO] DbMcusAds:53 - JSON generation date=Thu May 16 02:22:01 PDT 2024 (1715851321456)
2024-06-13 11:02:30,388 [FATAL] Updater:308 - Updater called before beeing initialized
2024-06-13 11:02:30,450 [WARN] DetailPanel:346 - Failed to get advertising image, set to default
2024-06-13 11:02:30,539 [FATAL] Updater:308 - Updater called before beeing initialized
2024-06-13 11:02:30,541 [FATAL] Updater:308 - Updater called before beeing initialized
2024-06-13 11:02:30,542 [FATAL] Updater:308 - Updater called before beeing initialized
2024-06-13 11:02:30,542 [WARN] DetailPanel:346 - Failed to get advertising image, set to default
2024-06-13 11:02:30,542 [FATAL] Updater:308 - Updater called before beeing initialized
2024-06-13 11:02:30,581 [ERROR] Updater:1120 - MainUpdater not yet initialized. External WinMGr cannot be set.
2024-06-13 11:02:30,604 [INFO] Updater:1056 - Updater Version found : 6.9.2
2024-06-13 11:02:30,635 [INFO] ApplicationProperties:184 - Using Application install path: /Applications/STM32CubeIDE.app/Contents/Eclipse/plugins/com.st.stm32cube.common.mx_6.9.2.202309101412
2024-06-13 11:02:30,817 [INFO] MainUpdater:2868 - connection check result : 10
2024-06-13 11:02:30,817 [INFO] MainUpdater:3562 - Updater definition file requires update
2024-06-13 11:02:30,818 [INFO] MainUpdater:285 - Updater Check For Update Now.
2024-06-13 11:02:30,818 [INFO] MicroXplorer:498 - Change Database Version : DB.6.0.92
2024-06-13 11:02:30,822 [INFO] McuFinderGlobals:63 - Set McuFinder mode to 2 (CubeIDE integrated)
2024-06-13 11:02:30,856 [INFO] ServerAccessManage:473 - Download File updaters.zip
2024-06-13 11:02:31,025 [INFO] FileExtend:240 - Unzip File : updaters.zip
2024-06-13 11:02:31,026 [INFO] FileExtend:255 - Standard Zip Deflate
2024-06-13 11:02:31,225 [INFO] ServerAccessManage:473 - Download File PacksControlFlags.xml
2024-06-13 11:02:31,280 [INFO] ServerAccessManage:473 - Download File cubemx.pidx
2024-06-13 11:02:31,376 [INFO] LoadServerUpdatesThread:373 - End of LoadServerUpdate Thread
2024-06-13 11:02:31,600 [INFO] CheckServerUpdateThread:120 - End of CheckServer Thread
2024-06-13 11:02:32,281 [WARN] PackLoader:240 - Cannot read IP mode file for STMicroelectronics.FP-SNS-MOTENVWB1.1.4.0
2024-06-13 11:02:32,292 [WARN] PackLoader:240 - Cannot read IP mode file for STMicroelectronics.X-CUBE-SMBUS.2.1.0
2024-06-13 11:02:32,296 [WARN] PackLoader:240 - Cannot read IP mode file for STMicroelectronics.X-CUBE-TOUCHGFX.4.23.0
2024-06-13 11:02:32,299 [WARN] PackLoader:240 - Cannot read IP mode file for STMicroelectronics.X-CUBE-TOUCHGFX.4.23.2
2024-06-13 11:02:32,329 [WARN] PackLoader:240 - Cannot read IP mode file for STMicroelectronics.X-CUBE-AZRTOS-F7.1.1.0
2024-06-13 11:02:32,340 [WARN] PackLoader:240 - Cannot read IP mode file for STMicroelectronics.FP-SNS-MOTENV1.4.3.2
2024-06-13 11:02:32,348 [WARN] PackLoader:240 - Cannot read IP mode file for STMicroelectronics.FP-SNS-FLIGHT1.5.0.2
2024-06-13 11:02:32,357 [WARN] PackLoader:240 - Cannot read IP mode file for STMicroelectronics.X-CUBE-DISPLAY.3.0.0
2024-06-13 11:02:32,369 [WARN] PackLoader:240 - Cannot read IP mode file for STMicroelectronics.X-CUBE-BLE1.7.0.0
2024-06-13 11:02:32,375 [WARN] PackLoader:240 - Cannot read IP mode file for emotas.I-CUBE-CANOPEN.1.3.0
2024-06-13 11:02:32,387 [WARN] PackLoader:240 - Cannot read IP mode file for STMicroelectronics.X-CUBE-BLEMGR.3.1.0
2024-06-13 11:02:32,395 [WARN] PackLoader:240 - Cannot read IP mode file for STMicroelectronics.FP-SNS-SMARTAG2.1.2.0
2024-06-13 11:02:32,406 [INFO] LogOutputStream:77 - [STDOUT_REDIRECT] 1 : Invalid condition id : UX_CORESTACK_Condition cause : null
2024-06-13 11:02:32,407 [INFO] LogOutputStream:77 - [STDOUT_REDIRECT] 1 : Invalid condition id : UX_CORESTACK_Condition cause : null
2024-06-13 11:02:32,407 [INFO] LogOutputStream:77 - [STDOUT_REDIRECT] 1 : Invalid condition id : UX_CORESTACK_Condition cause : null
2024-06-13 11:02:32,407 [INFO] LogOutputStream:77 - [STDOUT_REDIRECT] 1 : Invalid condition id : UX_CORESTACK_Condition cause : null
2024-06-13 11:02:32,407 [INFO] LogOutputStream:77 - [STDOUT_REDIRECT] 1 : Invalid condition id : UX_CORESTACK_Condition cause : null
2024-06-13 11:02:32,412 [WARN] PackLoader:240 - Cannot read IP mode file for STMicroelectronics.X-CUBE-AZRTOS-WL.2.0.0
2024-06-13 11:02:32,417 [WARN] PackLoader:240 - Cannot read IP mode file for STMicroelectronics.FP-SNS-MOTENV1.5.0.0
2024-06-13 11:02:32,422 [WARN] PackLoader:240 - Cannot read IP mode file for wolfSSL.I-CUBE-wolfMQTT.1.19.0
2024-06-13 11:02:32,428 [WARN] PackLoader:240 - Cannot read IP mode file for WES.I-CUBE-Cesium.1.3.0
2024-06-13 11:02:32,434 [WARN] PackLoader:240 - Cannot read IP mode file for STMicroelectronics.X-CUBE-BLE2.3.3.0
2024-06-13 11:02:32,440 [WARN] PackLoader:240 - Cannot read IP mode file for STMicroelectronics.X-CUBE-TCPP.4.1.0
2024-06-13 11:02:32,448 [WARN] PackLoader:240 - Cannot read IP mode file for STMicroelectronics.X-CUBE-ALGOBUILD.1.3.0
2024-06-13 11:02:32,467 [WARN] PackLoader:240 - Cannot read IP mode file for STMicroelectronics.X-CUBE-AZRTOS-G0.1.1.0
2024-06-13 11:02:32,475 [WARN] PackLoader:240 - Cannot read IP mode file for STMicroelectronics.X-CUBE-SAFEA1.1.2.2
2024-06-13 11:02:32,481 [WARN] PackLoader:240 - Cannot read IP mode file for STMicroelectronics.X-CUBE-NFC4.3.0.0
2024-06-13 11:02:32,485 [WARN] PackLoader:240 - Cannot read IP mode file for STMicroelectronics.FP-ATR-SIGFOX1.3.2.0
2024-06-13 11:02:32,490 [WARN] PackLoader:240 - Cannot read IP mode file for STMicroelectronics.X-CUBE-EEPRMA1.5.1.0
2024-06-13 11:02:32,532 [WARN] PackLoader:240 - Cannot read IP mode file for SEGGER.I-CUBE-embOS.1.3.1
2024-06-13 11:02:32,582 [WARN] PackLoader:240 - Cannot read IP mode file for STMicroelectronics.X-CUBE-ALGOBUILD.1.4.0
2024-06-13 11:02:32,588 [WARN] PackLoader:240 - Cannot read IP mode file for STMicroelectronics.X-CUBE-GNSS1.6.0.0
2024-06-13 11:02:32,604 [WARN] PackLoader:240 - Cannot read IP mode file for STMicroelectronics.X-CUBE-AZRTOS-F4.1.1.0
2024-06-13 11:02:32,611 [WARN] PackLoader:240 - Cannot read IP mode file for STMicroelectronics.X-CUBE-FREERTOS.1.2.0
2024-06-13 11:02:32,615 [WARN] PackLoader:240 - Cannot read IP mode file for wolfSSL.I-CUBE-wolfSSL.5.6.6
2024-06-13 11:02:32,630 [WARN] PackLoader:240 - Cannot read IP mode file for STMicroelectronics.X-CUBE-AZRTOS-L5.2.0.0
2024-06-13 11:02:32,639 [WARN] PackLoader:240 - Cannot read IP mode file for STMicroelectronics.X-CUBE-NFC6.3.1.0
2024-06-13 11:02:32,646 [WARN] PackLoader:240 - Cannot read IP mode file for ITTIA_DB.I-CUBE-ITTIADB.8.8.0
2024-06-13 11:02:32,650 [WARN] PackLoader:240 - Cannot read IP mode file for STMicroelectronics.X-CUBE-AI.9.0.0
2024-06-13 11:02:32,654 [WARN] PackLoader:240 - Cannot read IP mode file for STMicroelectronics.X-CUBE-NFC7.1.0.1
2024-06-13 11:02:32,660 [WARN] PackLoader:240 - Cannot read IP mode file for STMicroelectronics.X-CUBE-NFC6.3.0.0
2024-06-13 11:02:32,666 [WARN] PackLoader:240 - Cannot read IP mode file for STMicroelectronics.X-CUBE-AI.8.1.0
2024-06-13 11:02:32,683 [WARN] ConditionMgr:438 - getConditionDescription Invalid condition id : LAN8742 Phy interface Condition cause : null
2024-06-13 11:02:32,684 [WARN] PackLoader:240 - Cannot read IP mode file for STMicroelectronics.X-CUBE-AZRTOS-L4.2.0.0
2024-06-13 11:02:32,685 [WARN] ConditionMgr:1039 - genDependencies : Invalid condition id : LAN8742 Phy interface Condition cause : null
2024-06-13 11:02:32,686 [WARN] ConditionMgr:1039 - genDependencies : Invalid condition id : LAN8742 Phy interface Condition cause : null
2024-06-13 11:02:32,686 [WARN] ConditionMgr:1039 - genDependencies : Invalid condition id : LAN8742 Phy interface Condition cause : null
2024-06-13 11:02:32,693 [WARN] PackLoader:240 - Cannot read IP mode file for STMicroelectronics.X-CUBE-SFXS2LP1.4.0.0
2024-06-13 11:02:32,705 [WARN] ConditionMgr:438 - getConditionDescription Invalid condition id : UX DEVICE CLASS RTOS Condition cause : null
2024-06-13 11:02:32,705 [WARN] ConditionMgr:438 - getConditionDescription Invalid condition id : UX DEVICE CLASS RTOS Condition cause : null
2024-06-13 11:02:32,707 [WARN] PackLoader:240 - Cannot read IP mode file for STMicroelectronics.X-CUBE-AZRTOS-WB.2.0.0
2024-06-13 11:02:32,708 [WARN] ConditionMgr:1039 - genDependencies : Invalid condition id : UX DEVICE CLASS RTOS Condition cause : null
2024-06-13 11:02:32,708 [WARN] ConditionMgr:1039 - genDependencies : Invalid condition id : UX DEVICE CLASS RTOS Condition cause : null
2024-06-13 11:02:32,709 [WARN] ConditionMgr:1039 - genDependencies : Invalid condition id : UX DEVICE CLASS RTOS Condition cause : null
2024-06-13 11:02:32,709 [WARN] ConditionMgr:1039 - genDependencies : Invalid condition id : UX DEVICE CLASS RTOS Condition cause : null
2024-06-13 11:02:32,709 [WARN] ConditionMgr:1039 - genDependencies : Invalid condition id : UX DEVICE CLASS RTOS Condition cause : null
2024-06-13 11:02:32,719 [WARN] PackLoader:240 - Cannot read IP mode file for STMicroelectronics.X-CUBE-SUBG2.5.0.0
2024-06-13 11:02:32,726 [WARN] PackLoader:240 - Cannot read IP mode file for Cesanta.I-CUBE-Mongoose.7.13.0
2024-06-13 11:02:32,740 [WARN] PackLoader:240 - Cannot read IP mode file for STMicroelectronics.X-CUBE-AZRTOS-G4.2.0.0
2024-06-13 11:02:32,753 [WARN] PackLoader:240 - Cannot read IP mode file for Infineon.AIROC-Wi-Fi-Bluetooth-STM32.1.5.1
2024-06-13 11:02:32,759 [WARN] PackLoader:240 - Cannot read IP mode file for STMicroelectronics.FP-SNS-MOTENVWB1.1.3.1
2024-06-13 11:02:32,762 [WARN] PackLoader:240 - Cannot read IP mode file for STMicroelectronics.X-CUBE-ISPU.2.0.0
2024-06-13 11:02:32,766 [WARN] PackLoader:240 - Cannot read IP mode file for STMicroelectronics.X-CUBE-ALS.1.0.2
2024-06-13 11:02:32,856 [WARN] PackLoader:240 - Cannot read IP mode file for STMicroelectronics.X-CUBE-MEMS1.10.0.0
2024-06-13 11:02:33,049 [WARN] PackLoader:240 - Cannot read IP mode file for STMicroelectronics.X-CUBE-FREERTOS.1.1.0
2024-06-13 11:02:33,055 [WARN] PackLoader:240 - Cannot read IP mode file for portGmbH.I-Cube-SoM-uGOAL.1.1.0
2024-06-13 11:02:33,059 [WARN] PackLoader:240 - Cannot read IP mode file for STMicroelectronics.X-CUBE-ALS.1.0.1
2024-06-13 11:02:33,081 [WARN] PackLoader:240 - Cannot read IP mode file for STMicroelectronics.X-CUBE-AZRTOS-H7RS.1.0.0
2024-06-13 11:02:33,087 [WARN] PackLoader:240 - Cannot read IP mode file for STMicroelectronics.FP-ATR-ASTRA1.2.0.0
2024-06-13 11:02:33,099 [WARN] PackLoader:240 - Cannot read IP mode file for STMicroelectronics.X-CUBE-TOF1.3.4.1
2024-06-13 11:02:33,137 [WARN] PackLoader:240 - Cannot read IP mode file for STMicroelectronics.X-CUBE-AZRTOS-H7.3.2.0
2024-06-13 11:02:33,142 [INFO] ThirdParty:978 - Integrity check success = true
2024-06-13 11:02:33,142 [INFO] IntegrityCheckThread:100 - exiting critical section [integrity check]
2024-06-13 11:02:33,142 [INFO] IntegrityCheckThread:103 - End integrity checks thread
2024-06-13 11:02:51,761 [ERROR] LogOutputStream:75 - [STDERR_REDIRECT] SLF4J: Failed to load class "org.slf4j.impl.StaticLoggerBinder".
2024-06-13 11:02:51,762 [ERROR] LogOutputStream:75 - [STDERR_REDIRECT] SLF4J: Defaulting to no-operation (NOP) logger implementation
2024-06-13 11:02:51,762 [ERROR] LogOutputStream:75 - [STDERR_REDIRECT] SLF4J: See http://www.slf4j.org/codes.html#StaticLoggerBinder for further details.
2024-06-13 15:51:00,441 [INFO] McuFinderGlobals:63 - Set McuFinder mode to 2 (CubeIDE integrated)
2024-06-13 15:51:00,448 [INFO] MainUpdater:2868 - connection check result : 10
2024-06-13 15:51:00,448 [INFO] MainUpdater:2868 - connection check result : 10
2024-06-13 15:51:00,756 [INFO] MicroXplorer:468 - Change Database Path : 
2024-06-13 15:51:00,756 [INFO] MicroXplorer:498 - Change Database Version : DB.6.0.92
2024-06-13 15:51:00,760 [WARN] ThirdParty:871 - waiting for thirdparty lock release [close project]
2024-06-13 15:51:00,760 [INFO] ThirdParty:873 - entering critical section [close project]
2024-06-13 15:51:00,761 [INFO] ThirdParty:883 - exiting critical section [close project]
2024-06-13 15:51:00,763 [INFO] PinOutPanel:1499 - setPackage(No Configuration,No Configuration)
2024-06-13 15:51:00,770 [INFO] UtilMem:75 - Begin LoadConfig() Used Memory: 785137280 Bytes (1073741824)
2024-06-13 15:51:00,771 [INFO] MicroXplorer:468 - Change Database Path : 
2024-06-13 15:51:00,771 [INFO] MicroXplorer:498 - Change Database Version : DB.6.0.92
2024-06-13 15:51:00,772 [INFO] OpenFileManager:308 - Change cursor
2024-06-13 15:51:00,808 [INFO] Mcu:1946 - Initializing MCU STM32F767ZITx STM32F767ZITx STM32F767ZIT6
2024-06-13 15:51:02,969 [INFO] Context:659 - Trying to add GPIOservice into a context  which must be forbidden
2024-06-13 15:51:03,944 [INFO] RtosManager:555 - Registered RTOS mode: class=CMSIS, group=RTOS, mode=CMSIS_V1, owner=FREERTOS
2024-06-13 15:51:03,944 [INFO] RtosManager:555 - Registered RTOS mode: class=CMSIS, group=RTOS2, mode=CMSIS_V2, owner=FREERTOS
2024-06-13 15:51:03,944 [INFO] RtosManager:555 - Registered RTOS mode: class=RTOS, group=Core, mode=CMSIS_V1, owner=FREERTOS
2024-06-13 15:51:03,944 [INFO] RtosManager:555 - Registered RTOS mode: class=RTOS, group=Core, mode=CMSIS_V2, owner=FREERTOS
2024-06-13 15:51:03,944 [WARN] ModelIntegratedComponent:184 - Missing modes for component STMicroelectronics:FreeRTOS:0.0.1:STMicroelectronics:RTOS:FreeRTOS:Core:::10.2.0:
2024-06-13 15:51:03,962 [WARN] ModelIntegratedComponent:63 - No mode defined for component null
2024-06-13 15:51:03,963 [WARN] ModelIntegratedComponent:63 - No mode defined for component null
2024-06-13 15:51:03,963 [WARN] ModelIntegratedComponent:63 - No mode defined for component null
2024-06-13 15:51:03,963 [WARN] ModelIntegratedComponent:63 - No mode defined for component null
2024-06-13 15:51:03,963 [WARN] ModelIntegratedComponent:63 - No mode defined for component null
2024-06-13 15:51:03,963 [WARN] ModelIntegratedComponent:63 - No mode defined for component null
2024-06-13 15:51:03,964 [WARN] ModelIntegratedComponent:63 - No mode defined for component null
2024-06-13 15:51:03,964 [WARN] ModelIntegratedComponent:63 - No mode defined for component null
2024-06-13 15:51:03,964 [WARN] ModelIntegratedComponent:63 - No mode defined for component null
2024-06-13 15:51:03,964 [WARN] ModelIntegratedComponent:63 - No mode defined for component null
2024-06-13 15:51:03,964 [WARN] ModelIntegratedComponent:63 - No mode defined for component null
2024-06-13 15:51:03,964 [WARN] ModelIntegratedComponent:63 - No mode defined for component null
2024-06-13 15:51:03,964 [WARN] ModelIntegratedComponent:63 - No mode defined for component null
2024-06-13 15:51:03,964 [WARN] ModelIntegratedComponent:63 - No mode defined for component null
2024-06-13 15:51:03,965 [WARN] ModelIntegratedComponent:63 - No mode defined for component null
2024-06-13 15:51:03,965 [WARN] ModelIntegratedComponent:63 - No mode defined for component null
2024-06-13 15:51:03,965 [WARN] ModelIntegratedComponent:63 - No mode defined for component null
2024-06-13 15:51:03,965 [WARN] ModelIntegratedComponent:63 - No mode defined for component null
2024-06-13 15:51:03,965 [WARN] ModelIntegratedComponent:63 - No mode defined for component null
2024-06-13 15:51:03,965 [WARN] ModelIntegratedComponent:63 - No mode defined for component null
2024-06-13 15:51:03,965 [WARN] ModelIntegratedComponent:63 - No mode defined for component null
2024-06-13 15:51:03,965 [WARN] ModelIntegratedComponent:63 - No mode defined for component null
2024-06-13 15:51:03,965 [WARN] ModelIntegratedComponent:63 - No mode defined for component null
2024-06-13 15:51:03,965 [WARN] ModelIntegratedComponent:63 - No mode defined for component null
2024-06-13 15:51:03,966 [WARN] ModelIntegratedComponent:63 - No mode defined for component null
2024-06-13 15:51:03,966 [WARN] ModelIntegratedComponent:63 - No mode defined for component null
2024-06-13 15:51:03,966 [WARN] ModelIntegratedComponent:63 - No mode defined for component null
2024-06-13 15:51:03,966 [WARN] ModelIntegratedComponent:63 - No mode defined for component null
2024-06-13 15:51:03,966 [WARN] ModelIntegratedComponent:63 - No mode defined for component null
2024-06-13 15:51:03,966 [WARN] ModelIntegratedComponent:63 - No mode defined for component null
2024-06-13 15:51:03,966 [WARN] ModelIntegratedComponent:63 - No mode defined for component null
2024-06-13 15:51:03,966 [WARN] ModelIntegratedComponent:63 - No mode defined for component null
2024-06-13 15:51:03,966 [WARN] ModelIntegratedComponent:63 - No mode defined for component null
2024-06-13 15:51:04,105 [INFO] ThirdPartyModel:298 - Start build external matchings
2024-06-13 15:51:04,594 [INFO] ThirdPartyModel:316 - End build external matchings
2024-06-13 15:51:04,614 [INFO] ImportTextPane:194 - (OptionalMessage_ERROR) IP (ETH) : Invalid parameter (PHY_Name)
2024-06-13 15:51:04,615 [INFO] ImportTextPane:194 - (OptionalMessage_ERROR) IP (ETH) : Invalid parameter (PHY_Value)
2024-06-13 15:51:04,615 [INFO] ImportTextPane:194 - (OptionalMessage_ERROR) IP (ETH) : Invalid parameter (PhyAddress)
2024-06-13 15:51:04,617 [INFO] ImportTextPane:194 - (OptionalMessage_ERROR) IP (RCC) : Invalid parameter (48MHZClocksFreq_Value)
2024-06-13 15:51:04,617 [INFO] ImportTextPane:194 - (OptionalMessage_ERROR) IP (RCC) : Invalid parameter (ADC12outputFreq_Value)
2024-06-13 15:51:04,618 [INFO] ImportTextPane:194 - (OptionalMessage_ERROR) IP (RCC) : Invalid parameter (ADC34outputFreq_Value)
2024-06-13 15:51:04,618 [INFO] ImportTextPane:194 - (OptionalMessage_ERROR) IP (RCC) : Invalid parameter (FamilyName)
2024-06-13 15:51:04,618 [INFO] ImportTextPane:194 - (OptionalMessage_ERROR) IP (RCC) : Invalid parameter (I2SClocksFreq_Value)
2024-06-13 15:51:04,618 [INFO] ImportTextPane:194 - (OptionalMessage_ERROR) IP (RCC) : Invalid parameter (LCDTFToutputFreq_Value)
2024-06-13 15:51:04,618 [INFO] ImportTextPane:194 - (OptionalMessage_ERROR) IP (RCC) : Invalid parameter (MCOFreq_Value)
2024-06-13 15:51:04,619 [INFO] ImportTextPane:194 - (OptionalMessage_ERROR) IP (RCC) : Invalid parameter (PLLMCOFreq_Value)
2024-06-13 15:51:04,619 [INFO] ImportTextPane:194 - (OptionalMessage_ERROR) IP (RCC) : Invalid parameter (PLLMUL)
2024-06-13 15:51:04,620 [INFO] ImportTextPane:194 - (OptionalMessage_ERROR) IP (RCC) : Invalid parameter (PRESCALERUSB)
2024-06-13 15:51:04,620 [INFO] ImportTextPane:194 - (OptionalMessage_ERROR) IP (RCC) : Invalid parameter (RTCHSEDivFreq_Value)
2024-06-13 15:51:04,620 [INFO] ImportTextPane:194 - (OptionalMessage_ERROR) IP (RCC) : Parameter (SDMMC2Freq_Value) has invalid value (96000000)
2024-06-13 15:51:04,620 [INFO] ImportTextPane:194 - (OptionalMessage_ERROR) IP (RCC) : Parameter (SDMMCFreq_Value) has invalid value (96000000)
2024-06-13 15:51:04,620 [INFO] ImportTextPane:194 - (OptionalMessage_ERROR) IP (RCC) : Invalid parameter (SYSCLKSourceVirtual)
2024-06-13 15:51:04,620 [INFO] ImportTextPane:194 - (OptionalMessage_ERROR) IP (RCC) : Invalid parameter (TIM15Freq_Value)
2024-06-13 15:51:04,620 [INFO] ImportTextPane:194 - (OptionalMessage_ERROR) IP (RCC) : Invalid parameter (TIM16Freq_Value)
2024-06-13 15:51:04,620 [INFO] ImportTextPane:194 - (OptionalMessage_ERROR) IP (RCC) : Invalid parameter (TIM17Freq_Value)
2024-06-13 15:51:04,620 [INFO] ImportTextPane:194 - (OptionalMessage_ERROR) IP (RCC) : Invalid parameter (TIM1Freq_Value)
2024-06-13 15:51:04,620 [INFO] ImportTextPane:194 - (OptionalMessage_ERROR) IP (RCC) : Invalid parameter (TIM20Freq_Value)
2024-06-13 15:51:04,620 [INFO] ImportTextPane:194 - (OptionalMessage_ERROR) IP (RCC) : Invalid parameter (TIM2Freq_Value)
2024-06-13 15:51:04,621 [INFO] ImportTextPane:194 - (OptionalMessage_ERROR) IP (RCC) : Invalid parameter (TIM3Freq_Value)
2024-06-13 15:51:04,621 [INFO] ImportTextPane:194 - (OptionalMessage_ERROR) IP (RCC) : Invalid parameter (TIM8Freq_Value)
2024-06-13 15:51:04,621 [INFO] ImportTextPane:194 - (OptionalMessage_ERROR) IP (RCC) : Invalid parameter (VCOOutput2Freq_Value)
2024-06-13 15:51:04,621 [INFO] ImportTextPane:194 - (OptionalMessage_ERROR) IP (RCC) : Invalid parameter (VcooutputI2S)
2024-06-13 15:51:05,060 [INFO] UtilMem:75 - End LoadConfig() Used Memory: 917307440 Bytes (1073741824)
2024-06-13 15:51:05,411 [INFO] ApiDb:581 - Connected to CubeFinder SQLite database (/Users/james/.stmcufinder/plugins/mcufinder/mcu/cube-finder-db.db)
2024-06-13 15:51:05,469 [INFO] ApiDb:668 - CubeFinder database Data Model version=2.1
2024-06-13 15:51:05,470 [INFO] ApiDb:669 - CubeFinder database Configuration version=3.0.39
2024-06-13 15:51:05,471 [INFO] ApiDb:670 - CubeFinder database generation date=2024-05-16 (1715872938)
2024-06-13 15:51:05,471 [INFO] ApiDb:671 - CubeFinder database FW Pack versions=[FP-ATR-ASTRA1_V2.0.0, FP-SNS-FLIGHT1_V5.0.1, FP-SNS-FLIGHT1_V5.0.2, FP-SNS-MOTENV1_V4.3.1, FP-SNS-MOTENV1_V4.3.2, FP-SNS-MOTENV1_V5.0.0, FP-SNS-MOTENVWB1_V1.4.0, FP-SNS-SMARTAG2_V1.2.0, STM32Cube_FW_C0_V1.1.0, STM32Cube_FW_F4_V1.28.0, STM32Cube_FW_F7_V1.17.0, STM32Cube_FW_G0_V1.6.2, STM32Cube_FW_G4_V1.5.2, STM32Cube_FW_H5_V0.5.1, STM32Cube_FW_H5_V1.1.1, STM32Cube_FW_H5_V1.2.0, STM32Cube_FW_H5_V1.2.0RC4, STM32Cube_FW_H7RS_V1.0.0, STM32Cube_FW_H7RS_V1.0.0RC4, STM32Cube_FW_H7_V1.11.0, STM32Cube_FW_L0_V1.12.2, STM32Cube_FW_L5_V1.5.1, STM32Cube_FW_U0_V1.0.0, STM32Cube_FW_U0_V1.0.0RC1, STM32Cube_FW_U5_V1.3.0RC4, STM32Cube_FW_U5_V1.5.0, STM32Cube_FW_U5_V1.5.0RC1, STM32Cube_FW_WBA_V1.0.0RC1, STM32Cube_FW_WBA_V1.2.0, STM32Cube_FW_WBA_V1.2.0RC2, STM32Cube_FW_WBA_V1.3.0, STM32Cube_FW_WBA_V1.3.0RC1, STM32Cube_FW_WB_V1.15.0RC1, STM32Cube_FW_WB_V1.16.0, STM32Cube_FW_WB_V1.16.0RC2, STM32Cube_FW_WB_V1.18.0, STM32Cube_FW_WB_V1.19.0, STM32Cube_FW_WL_V1.3.0, X-CUBE-ALGOBUILD_V1.4.0, X-CUBE-ALS_V1.0.1, X-CUBE-AZRTOS-F4_V1.1.0, X-CUBE-AZRTOS-F7_V1.1.0, X-CUBE-AZRTOS-G0_V1.1.0, X-CUBE-AZRTOS-G4_V2.0.0, X-CUBE-AZRTOS-H7_V3.2.0, X-CUBE-AZRTOS-L4_V1.0.0, X-CUBE-AZRTOS-L4_V2.0.0, X-CUBE-AZRTOS-L5_V1.1.0, X-CUBE-AZRTOS-WB_V2.0.0, X-CUBE-AZRTOS-WL_V2.0.0, X-CUBE-BLE1_V7.0.0, X-CUBE-BLE2_V3.3.0, X-CUBE-BLEMGR_V3.1.0, X-CUBE-EEPRMA1_V4.1.0, X-CUBE-EEPRMA1_V5.1.0, X-CUBE-FREERTOS_V1.1.0, X-CUBE-GNSS1_V6.0.0, X-CUBE-MEMS1_V10.0.0, X-CUBE-MEMS1_V9.1.0, X-CUBE-MEMS1_V9.4.0, X-CUBE-MEMS1_V9.6.0, X-CUBE-NFC4_V3.0.0, X-CUBE-NFC7_V1.0.1, X-CUBE-SFXS2LP1_V4.0.0, X-CUBE-SUBG2_V5.0.0, X-CUBE-TOF1_V3.4.0]
2024-06-13 15:51:08,561 [INFO] ApiDb:240 - Found 323 in-development CPN: [B-G473E-ZEST1S, B-WB1M-WPAN1, B-WL5M-SUBG1, NUCLEO-C031C6, NUCLEO-H503RB, NUCLEO-H563ZI, NUCLEO-U545RE-Q, NUCLEO-U5A5ZJ-Q, NUCLEO-WBA52CG, STEVAL-PROTEUS1, STEVAL-SMARTAG2, STEVAL-STWINBX1, STM320518-EVAL, STM32C0116-DK, STM32C011D6Y3TR, STM32C011D6Y6TR, STM32C011F4P3, STM32C011F4P6, STM32C011F4U3, STM32C011F4U6TR, STM32C011F6P3, STM32C011F6P6, STM32C011F6U3, STM32C011F6U6TR, STM32C011J4M3, STM32C011J4M6, STM32C011J6M3, STM32C011J6M6, STM32C0316-DK, STM32C031C4T3, STM32C031C4T6, STM32C031C4U3, STM32C031C4U6, STM32C031C6T3, STM32C031C6T6, STM32C031C6U3, STM32C031C6U6, STM32C031F4P3, STM32C031F4P6, STM32C031F6P3, STM32C031F6P6, STM32C031G4U3, STM32C031G4U6, STM32C031G6U3, STM32C031G6U6, STM32C031K4T3, STM32C031K4T6, STM32C031K4U3, STM32C031K4U6, STM32C031K6T3, STM32C031K6T6, STM32C031K6U3, STM32C031K6U6, STM32G071K8TXN, STM32G071K8UXN, STM32G081GBU6N, STM32G081KBT6N, STM32G081KBUXN, STM32G0B1CCT6N, STM32G0B1KCT6, STM32G0B1NEY6TR, STM32G0B1RCT6N, STM32G0C1CCT6, STM32G0C1CCT6N, STM32G0C1CCU6N, STM32G0C1CET6N, STM32G0C1CEU6N, STM32G0C1KCT6, STM32G0C1NEY6TR, STM32G0C1RCI6N, STM32G0C1RCT6N, STM32G0C1REI6N, STM32G0C1RET6N, STM32G0C1VCI6, STM32G0C1VEI6, STM32G471CCT6, STM32G471CCU6, STM32G471CET3, STM32G471CET6, STM32G471CEU3, STM32G471CEU6, STM32G471MCT6, STM32G471MET3, STM32G471MET6, STM32G471MEY6TR, STM32G471QCT6, STM32G471QET3, STM32G471RCT6, STM32G471RET3, STM32G471RET6, STM32G471VCH6, STM32G471VCI6, STM32G471VCT6, STM32G471VEH3, STM32G471VEH6, STM32G471VEI3, STM32G471VEI6, STM32G471VET3, STM32G471VET6, STM32G474CCT6, STM32H503CBT6, STM32H503CBU6, STM32H503EBY6TR, STM32H503KBU6, STM32H503RBT6, STM32H562AGI6, STM32H562AII6, STM32H562IGK6, STM32H562IGT6, STM32H562IIK6, STM32H562IIT6, STM32H562RGT6, STM32H562RGV6, STM32H562RIT6, STM32H562RIV6, STM32H562VGT6, STM32H562VIT6, STM32H562ZGT6, STM32H562ZIT6, STM32H563AGI6, STM32H563AII3Q, STM32H563AII6, STM32H563IGK6, STM32H563IGT6, STM32H563IIK3Q, STM32H563IIK6, STM32H563IIT3Q, STM32H563IIT6, STM32H563MIY3QTR, STM32H563RGT6, STM32H563RGV6, STM32H563RIT6, STM32H563RIV6, STM32H563VGT6, STM32H563VIT3Q, STM32H563VIT6, STM32H563ZGT6, STM32H563ZIT3Q, STM32H563ZIT6, STM32H573AII3Q, STM32H573AII6, STM32H573I-DK, STM32H573IIK3Q, STM32H573IIK6, STM32H573IIT3Q, STM32H573IIT6, STM32H573MIY3QTR, STM32H573RIT6, STM32H573RIV6, STM32H573VIT3Q, STM32H573VIT6, STM32H573ZIT3Q, STM32H573ZIT6, STM32L4R5QGI6STR, STM32MP131AAE3, STM32MP131AAF3, STM32MP131AAG3, STM32MP131CAE3, STM32MP131CAF3, STM32MP131CAG3, STM32MP131DAE7, STM32MP131DAF7, STM32MP131DAG7, STM32MP131FAE7, STM32MP131FAF7, STM32MP131FAG7, STM32MP133AAE3, STM32MP133AAF3, STM32MP133AAG3, STM32MP133CAE3, STM32MP133CAF3, STM32MP133CAG3, STM32MP133DAE7, STM32MP133DAF7, STM32MP133DAG7, STM32MP133FAE7, STM32MP133FAF7, STM32MP133FAG7, STM32MP135AAE3, STM32MP135AAF3, STM32MP135AAG3, STM32MP135CAE3, STM32MP135CAF3, STM32MP135CAG3, STM32MP135DAE7, STM32MP135DAF7, STM32MP135DAG7, STM32MP135F-DK, STM32MP135FAE7, STM32MP135FAF7, STM32MP135FAF7T, STM32MP135FAF7U, STM32MP135FAG7, STM32U535CBT6, STM32U535CBT6Q, STM32U535CBU6, STM32U535CBU6Q, STM32U535CCT6, STM32U535CCT6Q, STM32U535CCU6, STM32U535CCU6Q, STM32U535CET6, STM32U535CET6Q, STM32U535CEU6, STM32U535CEU6Q, STM32U535JEY6QTR, STM32U535NCY6QTR, STM32U535NEY6QTR, STM32U535RBI6, STM32U535RBI6Q, STM32U535RBT6, STM32U535RBT6Q, STM32U535RCI6, STM32U535RCI6Q, STM32U535RCT6, STM32U535RCT6Q, STM32U535REI6, STM32U535REI6Q, STM32U535RET6, STM32U535RET6Q, STM32U535VCI6, STM32U535VCI6Q, STM32U535VCT6, STM32U535VCT6Q, STM32U535VEI6, STM32U535VEI6Q, STM32U535VET6, STM32U535VET6Q, STM32U545CET6, STM32U545CET6Q, STM32U545CEU6, STM32U545CEU6Q, STM32U545JEY6QTR, STM32U545NEY6QTR, STM32U545REI6, STM32U545REI6Q, STM32U545RET6, STM32U545RET6Q, STM32U545VEI6, STM32U545VEI6Q, STM32U545VET6, STM32U545VET6Q, STM32U595AIH6, STM32U595AIH6Q, STM32U595AJH6, STM32U595AJH6Q, STM32U595QII6, STM32U595QII6Q, STM32U595QJI6, STM32U595QJI6Q, STM32U595RIT6, STM32U595RIT6Q, STM32U595RJT6, STM32U595RJT6Q, STM32U595VIT6, STM32U595VIT6Q, STM32U595VJT6, STM32U595VJT6Q, STM32U595ZIT6, STM32U595ZIT6Q, STM32U595ZIY6QTR, STM32U595ZJT6, STM32U595ZJT6Q, STM32U595ZJY6QTR, STM32U599BJY6QTR, STM32U599NIH6Q, STM32U599NJH6Q, STM32U599VIT6Q, STM32U599VJT6, STM32U599VJT6Q, STM32U599ZIT6Q, STM32U599ZIY6QTR, STM32U599ZJT6Q, STM32U599ZJY6QTR, STM32U5A5AJH6, STM32U5A5AJH6Q, STM32U5A5QJI6, STM32U5A5QJI6Q, STM32U5A5RJT6, STM32U5A5RJT6Q, STM32U5A5VJT6, STM32U5A5VJT6Q, STM32U5A5ZJT6, STM32U5A5ZJT6Q, STM32U5A5ZJY6QTR, STM32U5A9BJY6QTR, STM32U5A9J-DK, STM32U5A9NJH6Q, STM32U5A9VJT6Q, STM32U5A9ZJT6Q, STM32U5A9ZJY6QTR, STM32U5F7VIT6, STM32U5F7VIT6Q, STM32U5F7VJT6, STM32U5F7VJT6Q, STM32U5F9BJY6QTR, STM32U5F9NJH6Q, STM32U5F9VIT6Q, STM32U5F9VJT6Q, STM32U5F9ZIJ6QTR, STM32U5F9ZIT6Q, STM32U5F9ZJJ6QTR, STM32U5F9ZJT6Q, STM32U5G7VJT6, STM32U5G7VJT6Q, STM32U5G9BJY6QTR, STM32U5G9J-DK1, STM32U5G9J-DK2, STM32U5G9NJH6Q, STM32U5G9VJT6Q, STM32U5G9ZJJ6QTR, STM32U5G9ZJT6Q, STM32WB1MMCH6, STM32WBA52CEU6, STM32WBA52CEU6T, STM32WBA52CGU6, STM32WBA52CGU6T, STM32WBA52KEU6, STM32WBA52KEU6T, STM32WBA52KGU6, STM32WBA52KGU6T, STM32WL5MOCH6, STM32WL5MOCH6TR]
2024-06-13 15:51:08,565 [INFO] DbMcus:217 - Found 4073 MCUs, 4073 are supported
2024-06-13 15:51:08,566 [INFO] ApiDb:423 - Load user favorites file /Users/james/.stm32cubeide/favorites.mcus.txt: 0 item(s)
2024-06-13 15:51:08,566 [INFO] ApiDb:427 - User favorites MCUs=[]
2024-06-13 15:51:08,566 [INFO] DbMcus:223 - Set 0 / 0 favorites MCUs
2024-06-13 15:51:09,015 [WARN] ThirdParty:833 - waiting for thirdparty lock release [change project]
2024-06-13 15:51:09,015 [INFO] ThirdParty:835 - entering critical section [change project]
2024-06-13 15:51:09,015 [INFO] ThirdParty:1030 - CMSIS Pack Vendor :STMicroelectronics USBPD 4.1
2024-06-13 15:51:09,015 [INFO] ThirdParty:1030 - CMSIS Pack Vendor :STMicroelectronics X-CUBE-GNSS1 6.0.0
2024-06-13 15:51:09,015 [INFO] ThirdParty:1030 - CMSIS Pack Vendor :STMicroelectronics USB_HOST 2.0.0
2024-06-13 15:51:09,015 [INFO] ThirdParty:1030 - CMSIS Pack Vendor :STMicroelectronics FP-SNS-MOTENVWB1 1.4.0
2024-06-13 15:51:09,015 [INFO] ThirdParty:1030 - CMSIS Pack Vendor :STMicroelectronics X-CUBE-AZRTOS-F4 1.1.0
2024-06-13 15:51:09,015 [INFO] ThirdParty:1030 - CMSIS Pack Vendor :STMicroelectronics LIBJPEG 8.0.0
2024-06-13 15:51:09,015 [INFO] ThirdParty:1030 - CMSIS Pack Vendor :STMicroelectronics X-CUBE-SMBUS 2.1.0
2024-06-13 15:51:09,015 [INFO] ThirdParty:1030 - CMSIS Pack Vendor :STMicroelectronics USB_DEVICE 3.0.0
2024-06-13 15:51:09,016 [INFO] ThirdParty:1030 - CMSIS Pack Vendor :STMicroelectronics X-CUBE-TCPP 4.1.0
2024-06-13 15:51:09,016 [INFO] ThirdParty:1030 - CMSIS Pack Vendor :STMicroelectronics X-CUBE-FREERTOS 1.2.0
2024-06-13 15:51:09,016 [INFO] ThirdParty:1030 - CMSIS Pack Vendor :STMicroelectronics X-CUBE-AZRTOS-WB 2.0.0
2024-06-13 15:51:09,016 [INFO] ThirdParty:1030 - CMSIS Pack Vendor :wolfSSL I-CUBE-wolfSSL 5.6.6
2024-06-13 15:51:09,016 [INFO] ThirdParty:1030 - CMSIS Pack Vendor :STMicroelectronics X-CUBE-TOUCHGFX 4.23.0
2024-06-13 15:51:09,016 [INFO] ThirdParty:1030 - CMSIS Pack Vendor :STMicroelectronics X-CUBE-TOUCHGFX 4.23.2
2024-06-13 15:51:09,016 [INFO] ThirdParty:1030 - CMSIS Pack Vendor :STMicroelectronics X-CUBE-AZRTOS-F7 1.1.0
2024-06-13 15:51:09,016 [INFO] ThirdParty:1030 - CMSIS Pack Vendor :STMicroelectronics X-CUBE-AZRTOS-L5 2.0.0
2024-06-13 15:51:09,016 [INFO] ThirdParty:1030 - CMSIS Pack Vendor :STMicroelectronics USB_DEVICE 2.0.0
2024-06-13 15:51:09,016 [INFO] ThirdParty:1030 - CMSIS Pack Vendor :STMicroelectronics X-CUBE-NFC6 3.1.0
2024-06-13 15:51:09,016 [INFO] ThirdParty:1030 - CMSIS Pack Vendor :ITTIA_DB I-CUBE-ITTIADB 8.8.0
2024-06-13 15:51:09,016 [INFO] ThirdParty:1030 - CMSIS Pack Vendor :STMicroelectronics FP-SNS-MOTENV1 4.3.2
2024-06-13 15:51:09,016 [INFO] ThirdParty:1030 - CMSIS Pack Vendor :STMicroelectronics X-CUBE-ALGOBUILD 1.3.0
2024-06-13 15:51:09,017 [INFO] ThirdParty:1030 - CMSIS Pack Vendor :STMicroelectronics FreeRTOS 0.0.1
2024-06-13 15:51:09,017 [INFO] ThirdParty:1030 - CMSIS Pack Vendor :STMicroelectronics X-CUBE-AZRTOS-G0 1.1.0
2024-06-13 15:51:09,017 [INFO] ThirdParty:1030 - CMSIS Pack Vendor :STMicroelectronics X-CUBE-SAFEA1 1.2.2
2024-06-13 15:51:09,017 [INFO] ThirdParty:1030 - CMSIS Pack Vendor :STMicroelectronics X-CUBE-NFC4 3.0.0
2024-06-13 15:51:09,017 [INFO] ThirdParty:1030 - CMSIS Pack Vendor :STMicroelectronics X-CUBE-SUBG2 5.0.0
2024-06-13 15:51:09,017 [INFO] ThirdParty:1030 - CMSIS Pack Vendor :STMicroelectronics STM32_WPAN 1.0.0
2024-06-13 15:51:09,017 [INFO] ThirdParty:1030 - CMSIS Pack Vendor :STMicroelectronics lwIP 2.0.3
2024-06-13 15:51:09,017 [INFO] ThirdParty:1030 - CMSIS Pack Vendor :STMicroelectronics FP-SNS-FLIGHT1 5.0.2
2024-06-13 15:51:09,017 [INFO] ThirdParty:1030 - CMSIS Pack Vendor :Cesanta I-CUBE-Mongoose 7.13.0
2024-06-13 15:51:09,017 [INFO] ThirdParty:1030 - CMSIS Pack Vendor :STMicroelectronics USB_HOST 1.0.0
2024-06-13 15:51:09,017 [INFO] ThirdParty:1030 - CMSIS Pack Vendor :STMicroelectronics X-CUBE-AI 9.0.0
2024-06-13 15:51:09,017 [INFO] ThirdParty:1030 - CMSIS Pack Vendor :STMicroelectronics X-CUBE-AZRTOS-G4 2.0.0
2024-06-13 15:51:09,017 [INFO] ThirdParty:1030 - CMSIS Pack Vendor :STMicroelectronics PDM2PCM 3.1.0
2024-06-13 15:51:09,017 [INFO] ThirdParty:1030 - CMSIS Pack Vendor :Infineon AIROC-Wi-Fi-Bluetooth-STM32 1.5.1
2024-06-13 15:51:09,018 [INFO] ThirdParty:1030 - CMSIS Pack Vendor :STMicroelectronics PDM2PCM 3.3.0
2024-06-13 15:51:09,018 [INFO] ThirdParty:1030 - CMSIS Pack Vendor :STMicroelectronics X-CUBE-DISPLAY 3.0.0
2024-06-13 15:51:09,018 [INFO] ThirdParty:1030 - CMSIS Pack Vendor :STMicroelectronics FP-SNS-MOTENVWB1 1.3.1
2024-06-13 15:51:09,018 [INFO] ThirdParty:1030 - CMSIS Pack Vendor :STMicroelectronics X-CUBE-BLE1 7.0.0
2024-06-13 15:51:09,018 [INFO] ThirdParty:1030 - CMSIS Pack Vendor :STMicroelectronics FP-ATR-SIGFOX1 3.2.0
2024-06-13 15:51:09,018 [INFO] ThirdParty:1030 - CMSIS Pack Vendor :STMicroelectronics X-CUBE-ISPU 2.0.0
2024-06-13 15:51:09,018 [INFO] ThirdParty:1030 - CMSIS Pack Vendor :STMicroelectronics X-CUBE-EEPRMA1 5.1.0
2024-06-13 15:51:09,018 [INFO] ThirdParty:1030 - CMSIS Pack Vendor :STMicroelectronics HAL Drivers 0.0.0
2024-06-13 15:51:09,018 [INFO] ThirdParty:1030 - CMSIS Pack Vendor :STMicroelectronics MBEDTLS 2.16.2
2024-06-13 15:51:09,018 [INFO] ThirdParty:1030 - CMSIS Pack Vendor :STMicroelectronics X-CUBE-ALS 1.0.2
2024-06-13 15:51:09,018 [INFO] ThirdParty:1030 - CMSIS Pack Vendor :emotas I-CUBE-CANOPEN 1.3.0
2024-06-13 15:51:09,018 [INFO] ThirdParty:1030 - CMSIS Pack Vendor :STMicroelectronics X-CUBE-MEMS1 10.0.0
2024-06-13 15:51:09,019 [INFO] ThirdParty:1030 - CMSIS Pack Vendor :STMicroelectronics X-CUBE-FREERTOS 1.1.0
2024-06-13 15:51:09,019 [INFO] ThirdParty:1030 - CMSIS Pack Vendor :STMicroelectronics X-CUBE-NFC7 1.0.1
2024-06-13 15:51:09,019 [INFO] ThirdParty:1030 - CMSIS Pack Vendor :STMicroelectronics MBEDTLS 2.14.1
2024-06-13 15:51:09,019 [INFO] ThirdParty:1030 - CMSIS Pack Vendor :STMicroelectronics X-CUBE-NFC6 3.0.0
2024-06-13 15:51:09,019 [INFO] ThirdParty:1030 - CMSIS Pack Vendor :portGmbH I-Cube-SoM-uGOAL 1.1.0
2024-06-13 15:51:09,019 [INFO] ThirdParty:1030 - CMSIS Pack Vendor :STMicroelectronics X-CUBE-ALS 1.0.1
2024-06-13 15:51:09,019 [INFO] ThirdParty:1030 - CMSIS Pack Vendor :STMicroelectronics X-CUBE-BLEMGR 3.1.0
2024-06-13 15:51:09,019 [INFO] ThirdParty:1030 - CMSIS Pack Vendor :STMicroelectronics ThreadX 1.0.0
2024-06-13 15:51:09,019 [INFO] ThirdParty:1030 - CMSIS Pack Vendor :STMicroelectronics FP-SNS-SMARTAG2 1.2.0
2024-06-13 15:51:09,019 [INFO] ThirdParty:1030 - CMSIS Pack Vendor :STMicroelectronics X-CUBE-AZRTOS-WL 2.0.0
2024-06-13 15:51:09,020 [INFO] ThirdParty:1030 - CMSIS Pack Vendor :SEGGER I-CUBE-embOS 1.3.1
2024-06-13 15:51:09,020 [INFO] ThirdParty:1030 - CMSIS Pack Vendor :STMicroelectronics X-CUBE-ALGOBUILD 1.4.0
2024-06-13 15:51:09,020 [INFO] ThirdParty:1030 - CMSIS Pack Vendor :STMicroelectronics FP-SNS-MOTENV1 5.0.0
2024-06-13 15:51:09,020 [INFO] ThirdParty:1030 - CMSIS Pack Vendor :STMicroelectronics USB_DEVICE 1.0.0
2024-06-13 15:51:09,020 [INFO] ThirdParty:1030 - CMSIS Pack Vendor :STMicroelectronics X-CUBE-AI 8.1.0
2024-06-13 15:51:09,020 [INFO] ThirdParty:1030 - CMSIS Pack Vendor :STMicroelectronics X-CUBE-AZRTOS-H7RS 1.0.0
2024-06-13 15:51:09,020 [INFO] ThirdParty:1030 - CMSIS Pack Vendor :wolfSSL I-CUBE-wolfMQTT 1.19.0
2024-06-13 15:51:09,020 [INFO] ThirdParty:1030 - CMSIS Pack Vendor :STMicroelectronics X-CUBE-AZRTOS-L4 2.0.0
2024-06-13 15:51:09,020 [INFO] ThirdParty:1030 - CMSIS Pack Vendor :STMicroelectronics ThreadX 0.0.2
2024-06-13 15:51:09,020 [INFO] ThirdParty:1030 - CMSIS Pack Vendor :WES I-CUBE-Cesium 1.3.0
2024-06-13 15:51:09,020 [INFO] ThirdParty:1030 - CMSIS Pack Vendor :STMicroelectronics FP-ATR-ASTRA1 2.0.0
2024-06-13 15:51:09,020 [INFO] ThirdParty:1030 - CMSIS Pack Vendor :STMicroelectronics lwIP 2.1.2
2024-06-13 15:51:09,020 [INFO] ThirdParty:1030 - CMSIS Pack Vendor :STMicroelectronics X-CUBE-SFXS2LP1 4.0.0
2024-06-13 15:51:09,020 [INFO] ThirdParty:1030 - CMSIS Pack Vendor :STMicroelectronics X-CUBE-BLE2 3.3.0
2024-06-13 15:51:09,021 [INFO] ThirdParty:1030 - CMSIS Pack Vendor :STMicroelectronics X-CUBE-TOF1 3.4.1
2024-06-13 15:51:09,021 [INFO] ThirdParty:1030 - CMSIS Pack Vendor :STMicroelectronics X-CUBE-AZRTOS-H7 3.2.0
2024-06-13 15:51:09,021 [INFO] ThirdParty:1030 - CMSIS Pack Vendor :STMicroelectronics PDM2PCM 3.2.0
2024-06-13 15:51:09,021 [INFO] ThirdParty:841 - exiting critical section [change project]
2024-06-13 15:51:09,605 [INFO] PinOutPanel:1499 - setPackage(No Configuration,No Configuration)
2024-06-13 15:51:09,606 [INFO] PinOutPanel:1499 - setPackage(STM32F767ZITx,LQFP144)
2024-06-13 15:51:10,339 [INFO] UtilMem:75 - Before build in PCC Used Memory: 798898528 Bytes (1073741824)
2024-06-13 15:51:11,043 [INFO] UtilMem:75 - After build in PCC Used Memory: 925262640 Bytes (1073741824)
2024-06-13 15:51:11,104 [INFO] IPUIPlugin:80 - create IPUIPlugin
2024-06-13 15:51:11,104 [INFO] IPUIPlugin:80 - create IPUIPlugin
2024-06-13 15:51:11,104 [INFO] IPUIPlugin:80 - create IPUIPlugin
2024-06-13 15:51:11,104 [INFO] IPUIPlugin:80 - create IPUIPlugin
2024-06-13 15:51:11,105 [INFO] IPUIPlugin:80 - create IPUIPlugin
2024-06-13 15:51:11,105 [INFO] IPUIPlugin:80 - create IPUIPlugin
2024-06-13 15:51:11,105 [INFO] IPUIPlugin:80 - create IPUIPlugin
2024-06-13 15:51:11,105 [INFO] IPUIPlugin:80 - create IPUIPlugin
2024-06-13 15:51:11,106 [INFO] IPUIPlugin:80 - create IPUIPlugin
2024-06-13 15:51:11,106 [INFO] IPUIPlugin:80 - create IPUIPlugin
2024-06-13 15:51:11,106 [INFO] IPUIPlugin:80 - create IPUIPlugin
2024-06-13 15:51:11,106 [INFO] IPUIPlugin:80 - create IPUIPlugin
2024-06-13 15:51:11,107 [INFO] IPUIPlugin:80 - create IPUIPlugin
2024-06-13 15:51:11,107 [INFO] IPUIPlugin:80 - create IPUIPlugin
2024-06-13 15:51:11,107 [INFO] IPUIPlugin:80 - create IPUIPlugin
2024-06-13 15:51:11,108 [INFO] IPUIPlugin:80 - create IPUIPlugin
2024-06-13 15:51:11,108 [INFO] IPUIPlugin:80 - create IPUIPlugin
2024-06-13 15:51:11,108 [INFO] IPUIPlugin:80 - create IPUIPlugin
2024-06-13 15:51:11,108 [INFO] IPUIPlugin:80 - create IPUIPlugin
2024-06-13 15:51:11,109 [INFO] IPUIPlugin:80 - create IPUIPlugin
2024-06-13 15:51:11,109 [INFO] IPUIPlugin:80 - create IPUIPlugin
2024-06-13 15:51:11,109 [INFO] IPUIPlugin:80 - create IPUIPlugin
2024-06-13 15:51:11,109 [INFO] IPUIPlugin:80 - create IPUIPlugin
2024-06-13 15:51:11,110 [INFO] IPUIPlugin:80 - create IPUIPlugin
2024-06-13 15:51:11,110 [INFO] IPUIPlugin:80 - create IPUIPlugin
2024-06-13 15:51:11,110 [INFO] IPUIPlugin:80 - create IPUIPlugin
2024-06-13 15:51:11,110 [INFO] IPUIPlugin:80 - create IPUIPlugin
2024-06-13 15:51:11,111 [INFO] IPUIPlugin:80 - create IPUIPlugin
2024-06-13 15:51:11,111 [INFO] IPUIPlugin:80 - create IPUIPlugin
2024-06-13 15:51:11,111 [INFO] IPUIPlugin:80 - create IPUIPlugin
2024-06-13 15:51:11,111 [INFO] IPUIPlugin:80 - create IPUIPlugin
2024-06-13 15:51:11,112 [INFO] IPUIPlugin:80 - create IPUIPlugin
2024-06-13 15:51:11,112 [INFO] IPUIPlugin:80 - create IPUIPlugin
2024-06-13 15:51:11,112 [INFO] IPUIPlugin:80 - create IPUIPlugin
2024-06-13 15:51:11,112 [INFO] IPUIPlugin:80 - create IPUIPlugin
2024-06-13 15:51:11,113 [INFO] IPUIPlugin:80 - create IPUIPlugin
2024-06-13 15:51:11,113 [INFO] IPUIPlugin:80 - create IPUIPlugin
2024-06-13 15:51:11,113 [INFO] IPUIPlugin:80 - create IPUIPlugin
2024-06-13 15:51:11,114 [INFO] IPUIPlugin:80 - create IPUIPlugin
2024-06-13 15:51:11,114 [INFO] IPUIPlugin:80 - create IPUIPlugin
2024-06-13 15:51:11,114 [INFO] IPUIPlugin:80 - create IPUIPlugin
2024-06-13 15:51:11,115 [INFO] IPUIPlugin:80 - create IPUIPlugin
2024-06-13 15:51:11,115 [INFO] IPUIPlugin:80 - create IPUIPlugin
2024-06-13 15:51:11,115 [INFO] IPUIPlugin:80 - create IPUIPlugin
2024-06-13 15:51:11,116 [INFO] IPUIPlugin:80 - create IPUIPlugin
2024-06-13 15:51:11,116 [INFO] IPUIPlugin:80 - create IPUIPlugin
2024-06-13 15:51:11,116 [INFO] IPUIPlugin:80 - create IPUIPlugin
2024-06-13 15:51:11,116 [INFO] IPUIPlugin:80 - create IPUIPlugin
2024-06-13 15:51:11,116 [INFO] IPUIPlugin:80 - create IPUIPlugin
2024-06-13 15:51:11,117 [INFO] IPUIPlugin:80 - create IPUIPlugin
2024-06-13 15:51:11,117 [INFO] IPUIPlugin:80 - create IPUIPlugin
2024-06-13 15:51:11,117 [INFO] IPUIPlugin:80 - create IPUIPlugin
2024-06-13 15:51:11,118 [INFO] IPUIPlugin:80 - create IPUIPlugin
2024-06-13 15:51:11,118 [INFO] IPUIPlugin:80 - create IPUIPlugin
2024-06-13 15:51:11,118 [INFO] IPUIPlugin:80 - create IPUIPlugin
2024-06-13 15:51:11,119 [INFO] IPUIPlugin:80 - create IPUIPlugin
2024-06-13 15:51:11,119 [INFO] IPUIPlugin:80 - create IPUIPlugin
2024-06-13 15:51:11,119 [INFO] IPUIPlugin:80 - create IPUIPlugin
2024-06-13 15:51:11,119 [INFO] IPUIPlugin:80 - create IPUIPlugin
2024-06-13 15:51:11,120 [INFO] IPUIPlugin:80 - create IPUIPlugin
2024-06-13 15:51:11,120 [INFO] IPUIPlugin:80 - create IPUIPlugin
2024-06-13 15:51:11,120 [INFO] IPUIPlugin:80 - create IPUIPlugin
2024-06-13 15:51:11,120 [INFO] IPUIPlugin:80 - create IPUIPlugin
2024-06-13 15:51:11,120 [INFO] IPUIPlugin:80 - create IPUIPlugin
2024-06-13 15:51:11,121 [INFO] IPUIPlugin:80 - create IPUIPlugin
2024-06-13 15:51:11,121 [INFO] IPUIPlugin:80 - create IPUIPlugin
2024-06-13 15:51:11,121 [INFO] IPUIPlugin:80 - create IPUIPlugin
2024-06-13 15:51:11,122 [INFO] IPUIPlugin:80 - create IPUIPlugin
2024-06-13 15:51:11,122 [INFO] IPUIPlugin:80 - create IPUIPlugin
2024-06-13 15:51:11,123 [INFO] IPUIPlugin:80 - create IPUIPlugin
2024-06-13 15:51:11,123 [INFO] IPUIPlugin:80 - create IPUIPlugin
2024-06-13 15:51:11,124 [INFO] IPUIPlugin:80 - create IPUIPlugin
2024-06-13 15:51:11,126 [INFO] IPUIPlugin:80 - create IPUIPlugin
2024-06-13 15:51:11,127 [INFO] IPUIPlugin:80 - create IPUIPlugin
2024-06-13 15:51:11,128 [INFO] IPUIPlugin:80 - create IPUIPlugin
2024-06-13 15:51:11,129 [INFO] IPUIPlugin:80 - create IPUIPlugin
2024-06-13 15:51:11,129 [INFO] IPUIPlugin:80 - create IPUIPlugin
2024-06-13 15:51:11,130 [INFO] IPUIPlugin:80 - create IPUIPlugin
2024-06-13 15:51:11,131 [INFO] IPUIPlugin:80 - create IPUIPlugin
2024-06-13 15:51:11,196 [INFO] ApiDbMcu:507 - Load IP Config File for PDM2PCM
2024-06-13 15:51:11,493 [INFO] CADModel:165 - CPN selected for project levelSTM32F767ZIT6
2024-06-13 15:51:11,493 [INFO] CADModel:114 - Register for checkConnection events
2024-06-13 15:51:11,538 [INFO] OpenFileManager:328 - Restore cursor
2024-06-13 16:06:31,977 [INFO] ADCParametersView:116 -                Rank 1 : false
2024-06-13 16:06:32,096 [INFO] ADCParametersView:116 -                Rank 1 : false
2024-06-13 16:06:32,097 [INFO] ADCParametersView:116 -                Rank 1 : false
2024-06-13 16:06:32,097 [INFO] ADCParametersView:116 -                Rank 1 : false
2024-06-13 16:06:32,097 [INFO] ADCParametersView:116 -                Rank 1 : false
2024-06-13 16:06:32,097 [INFO] ADCParametersView:116 -                Rank 1 : false
2024-06-13 16:06:32,097 [INFO] ADCParametersView:116 -                Rank 1 : false
2024-06-13 16:06:32,097 [INFO] ADCParametersView:116 -                Rank 1 : false
2024-06-13 16:06:32,097 [INFO] ADCParametersView:116 -                Rank 1 : false
2024-06-13 16:06:32,097 [INFO] ADCParametersView:116 -                Rank 1 : false
2024-06-13 16:06:32,097 [INFO] ADCParametersView:116 -                Rank 1 : false
2024-06-13 16:06:32,097 [INFO] ADCParametersView:116 -                Rank 1 : false
2024-06-13 16:06:32,097 [INFO] ADCParametersView:116 -                Rank 1 : false
2024-06-13 16:06:32,097 [INFO] ADCParametersView:116 -                Rank 1 : false
2024-06-13 16:06:32,098 [INFO] ADCParametersView:116 -                Rank 1 : false
2024-06-13 16:06:32,137 [INFO] ADCParametersView:116 -                Rank 1 : false
2024-06-13 16:06:37,808 [INFO] NvicIntPanel:101 - NVIC parent = com.st.microxplorer.plugins.ip.nvic.MultiNvicIntPanel[,0,0,639x423,layout=javax.swing.BoxLayout,alignmentX=0.0,alignmentY=0.0,border=,flags=9,maximumSize=,minimumSize=,preferredSize=]
2024-06-13 16:10:31,549 [INFO] NvicIntPanel:101 - NVIC parent = com.st.microxplorer.plugins.ip.nvic.MultiNvicIntPanel[,0,0,615x440,layout=javax.swing.BoxLayout,alignmentX=0.0,alignmentY=0.0,border=,flags=9,maximumSize=,minimumSize=,preferredSize=]
2024-06-13 16:10:33,350 [INFO] NvicIntPanel:101 - NVIC parent = com.st.microxplorer.plugins.ip.nvic.MultiNvicIntPanel[,0,0,0x0,invalid,layout=javax.swing.BoxLayout,alignmentX=0.0,alignmentY=0.0,border=,flags=9,maximumSize=,minimumSize=,preferredSize=]
2024-06-13 16:10:37,797 [INFO] NvicIntPanel:101 - NVIC parent = com.st.microxplorer.plugins.ip.nvic.MultiNvicIntPanel[,0,0,0x0,invalid,layout=javax.swing.BoxLayout,alignmentX=0.0,alignmentY=0.0,border=,flags=9,maximumSize=,minimumSize=,preferredSize=]
2024-06-13 16:10:49,812 [INFO] NvicIntPanel:101 - NVIC parent = com.st.microxplorer.plugins.ip.nvic.MultiNvicIntPanel[,0,0,0x0,invalid,layout=javax.swing.BoxLayout,alignmentX=0.0,alignmentY=0.0,border=,flags=9,maximumSize=,minimumSize=,preferredSize=]
2024-06-13 16:14:54,581 [INFO] NvicIntPanel:101 - NVIC parent = com.st.microxplorer.plugins.ip.nvic.MultiNvicIntPanel[,0,0,0x0,invalid,layout=javax.swing.BoxLayout,alignmentX=0.0,alignmentY=0.0,border=,flags=9,maximumSize=,minimumSize=,preferredSize=]
2024-06-13 16:15:02,311 [INFO] NvicIntPanel:101 - NVIC parent = com.st.microxplorer.plugins.ip.nvic.MultiNvicIntPanel[,0,0,0x0,invalid,layout=javax.swing.BoxLayout,alignmentX=0.0,alignmentY=0.0,border=,flags=9,maximumSize=,minimumSize=,preferredSize=]
2024-06-13 16:15:11,953 [INFO] NvicIntPanel:101 - NVIC parent = com.st.microxplorer.plugins.ip.nvic.MultiNvicIntPanel[,0,0,0x0,invalid,layout=javax.swing.BoxLayout,alignmentX=0.0,alignmentY=0.0,border=,flags=9,maximumSize=,minimumSize=,preferredSize=]
2024-06-13 16:16:18,513 [INFO] UtilMem:75 - End SaveConfig() Used Memory: 688624832 Bytes (1073741824)
2024-06-13 16:16:23,181 [INFO] UtilMem:75 - End SaveConfig() Used Memory: 727948480 Bytes (1073741824)
2024-06-13 16:16:27,950 [INFO] UtilMem:75 - End SaveConfig() Used Memory: 786142400 Bytes (1073741824)
2024-06-13 16:16:28,296 [INFO] BlockDiagram:2759 - set Specific Code input for plugin: TIM1_8F77
2024-06-13 16:16:28,296 [INFO] BlockDiagram:2759 - set Specific Code input for plugin: SYS
2024-06-13 16:16:28,296 [INFO] BlockDiagram:2759 - set Specific Code input for plugin: ADC
2024-06-13 16:16:28,296 [INFO] BlockDiagram:2759 - set Specific Code input for plugin: RCC
2024-06-13 16:16:28,296 [INFO] BlockDiagram:2759 - set Specific Code input for plugin: USB_OTG_FS
2024-06-13 16:16:28,296 [INFO] BlockDiagram:2759 - set Specific Code input for plugin: NVIC
2024-06-13 16:16:28,296 [INFO] BlockDiagram:2759 - set Specific Code input for plugin: USART
2024-06-13 16:16:28,296 [INFO] BlockDiagram:2759 - set Specific Code input for plugin: GPIO
2024-06-13 16:16:28,296 [INFO] BlockDiagram:2759 - set Specific Code input for plugin: ETH
2024-06-13 16:16:28,297 [INFO] CodeGenerator:799 - code generatio: config db path: /Applications/STM32CubeIDE.app/Contents/Eclipse/plugins/com.st.stm32cube.common.mx_6.9.2.202309101412//db/
2024-06-13 16:16:28,658 [INFO] CodeEngine:255 - oldGeneratedFile, /Users/james/NPVP/NPVP/MXTmpFiles/license.tmp_save
2024-06-13 16:16:29,032 [INFO] CodeEngine:279 - Generated code: /Users/james/NPVP/NPVP/MXTmpFiles/license.tmp
2024-06-13 16:16:29,131 [INFO] CodeEngine:255 - oldGeneratedFile, /Users/james/NPVP/NPVP/MXTmpFiles/gpio.tmp_save
2024-06-13 16:16:29,246 [INFO] CodeEngine:279 - Generated code: /Users/james/NPVP/NPVP/MXTmpFiles/gpio.tmp
2024-06-13 16:16:29,863 [WARN] IPConfigManager:2937 - Warning: the RefConfig PWREx_EnableUSBVoltageDetector is not available in your config.xml file
2024-06-13 16:16:29,879 [INFO] CodeEngine:255 - oldGeneratedFile, /Users/james/NPVP/NPVP/MXTmpFiles/cortex.tmp_save
2024-06-13 16:16:29,966 [INFO] CodeEngine:279 - Generated code: /Users/james/NPVP/NPVP/MXTmpFiles/cortex.tmp
2024-06-13 16:16:29,991 [INFO] CodeEngine:255 - oldGeneratedFile, /Users/james/NPVP/NPVP/Core/Src/stm32f7xx_it.c_save
2024-06-13 16:16:30,102 [INFO] CodeEngine:279 - Generated code: /Users/james/NPVP/NPVP/Core/Src/stm32f7xx_it.c
2024-06-13 16:16:30,107 [INFO] CodeEngine:255 - oldGeneratedFile, /Users/james/NPVP/NPVP/Core/Inc/stm32f7xx_it.h_save
2024-06-13 16:16:30,182 [INFO] CodeEngine:279 - Generated code: /Users/james/NPVP/NPVP/Core/Inc/stm32f7xx_it.h
2024-06-13 16:16:30,193 [INFO] CodeEngine:255 - oldGeneratedFile, /Users/james/NPVP/NPVP/Core/Src/stm32f7xx_hal_msp.c_save
2024-06-13 16:16:30,337 [INFO] CodeEngine:279 - Generated code: /Users/james/NPVP/NPVP/Core/Src/stm32f7xx_hal_msp.c
2024-06-13 16:16:30,340 [INFO] CodeEngine:255 - oldGeneratedFile, /Users/james/NPVP/NPVP/MXTmpFiles/system.tmp_save
2024-06-13 16:16:30,400 [INFO] CodeEngine:279 - Generated code: /Users/james/NPVP/NPVP/MXTmpFiles/system.tmp
2024-06-13 16:16:30,406 [INFO] CodeEngine:311 - oldGeneratedFile, /Users/james/NPVP/NPVP/Core/Inc/stm32f7xx_hal_conf.h_save
2024-06-13 16:16:30,476 [INFO] CodeEngine:335 - Generated code: /Users/james/NPVP/NPVP/Core/Inc/stm32f7xx_hal_conf.h
2024-06-13 16:16:30,502 [WARN] IPConfigManager:3431 - IP not found : TIM
2024-06-13 16:16:30,502 [WARN] IPConfigManager:3431 - IP not found : USB_OTG
2024-06-13 16:16:30,503 [WARN] CodeGenerator:3764 - IP not found : null
2024-06-13 16:16:30,503 [WARN] CodeGenerator:3764 - IP not found : null
2024-06-13 16:16:30,507 [INFO] CodeEngine:255 - oldGeneratedFile, /Users/james/NPVP/NPVP/Core/Inc/main.h_save
2024-06-13 16:16:30,581 [INFO] CodeEngine:279 - Generated code: /Users/james/NPVP/NPVP/Core/Inc/main.h
2024-06-13 16:16:30,584 [INFO] CodeEngine:255 - oldGeneratedFile, /Users/james/NPVP/NPVP/Core/Src/main.c_save
2024-06-13 16:16:30,745 [INFO] CodeEngine:279 - Generated code: /Users/james/NPVP/NPVP/Core/Src/main.c
2024-06-13 16:16:31,277 [INFO] ProjectBuilder:3064 - Time for Copy HAL[1] : 161mS.
2024-06-13 16:16:31,283 [INFO] ProjectBuilder:4404 - Project Generator version: 4.1.0
2024-06-13 16:16:31,562 [INFO] ConfigFileManager:1457 - The Die is : DIE451
2024-06-13 16:16:31,571 [INFO] ApiDbMcu:507 - Load IP Config File for FATFS
2024-06-13 16:16:31,576 [INFO] ApiDbMcu:507 - Load IP Config File for FREERTOS
2024-06-13 16:16:31,579 [INFO] ApiDbMcu:507 - Load IP Config File for LIBJPEG
2024-06-13 16:16:31,585 [INFO] ApiDbMcu:507 - Load IP Config File for LWIP
2024-06-13 16:16:31,593 [INFO] ApiDbMcu:507 - Load IP Config File for MBEDTLS
2024-06-13 16:16:31,601 [INFO] ApiDbMcu:507 - Load IP Config File for USB_DEVICE
2024-06-13 16:16:31,607 [INFO] ApiDbMcu:507 - Load IP Config File for USB_HOST
2024-06-13 16:16:32,293 [INFO] LogOutputStream:77 - [STDOUT_REDIRECT] 
2024-06-13 16:16:32,762 [INFO] ProjectBuilder:4626 - Time for Generating toolchain IDE Files: 1479mS.
2024-06-13 16:16:32,763 [INFO] ProjectBuilder:2935 - Time for Copy CMSIS : 0mS.
2024-06-13 16:16:32,764 [INFO] ProjectBuilder:2935 - Time for Copy CMSIS : 0mS.
