2024-06-20 12:39:30,447 [INFO] Activator:176 - 


2024-06-20 12:39:30,453 [INFO] Activator:177 - !SESSION log4j initialized
2024-06-20 12:39:33,449 [INFO] LogOutputStream:77 - [STDOUT_REDIRECT] 
2024-06-20 12:39:34,131 [ERROR] LogOutputStream:75 - [STDERR_REDIRECT] 
2024-06-20 12:39:35,661 [INFO] LogOutputStream:77 - [STDOUT_REDIRECT] 
2024-06-20 12:39:36,213 [INFO] ApplicationProperties:184 - Using Application install path: /Applications/STM32CubeIDE.app/Contents/Eclipse/plugins/com.st.stm32cube.common.mx_6.11.1.202404110753
2024-06-20 12:39:36,228 [INFO] DbMcusXml:78 - Set database path to: /Applications/STM32CubeIDE.app/Contents/Eclipse/plugins/com.st.stm32cube.common.mx_6.11.1.202404110753//db//mcu/
2024-06-20 12:39:36,228 [INFO] ApiDb:274 - Set plugin database path to: /Applications/STM32CubeIDE.app/Contents/Eclipse/plugins/com.st.stm32cube.common.mx_6.11.1.202404110753//db//plugins/boardmanager/
2024-06-20 12:39:36,228 [WARN] ApiDb:259 - Overriding images path with different value:  => /Applications/STM32CubeIDE.app/Contents/Eclipse/plugins/com.st.stm32cube.common.mx_6.11.1.202404110753//db//plugins/mcufinder/images/
2024-06-20 12:39:36,233 [INFO] ApiDb:250 - Set database path to: /Users/james/.stmcufinder/plugins/mcufinder//mcu/
2024-06-20 12:39:36,234 [INFO] DbMcusAds:125 - Set database path to: /Users/james/.stmcufinder/plugins/mcufinder//mcu/
2024-06-20 12:39:36,237 [INFO] CrossReferenceDbSqlite:203 - Set database path to: /Users/james/.stmcufinder/plugins/mcufinder//mcu/cs/
2024-06-20 12:39:36,346 [INFO] RulesReader:64 - Compatibility file has been processed (297 Rules)
2024-06-20 12:39:36,414 [INFO] DbMcusXml:78 - Set database path to: /Applications/STM32CubeIDE.app/Contents/Eclipse/plugins/com.st.stm32cube.common.mx_6.11.1.202404110753//db//mcu/
2024-06-20 12:39:36,415 [INFO] ApiDb:274 - Set plugin database path to: /Applications/STM32CubeIDE.app/Contents/Eclipse/plugins/com.st.stm32cube.common.mx_6.11.1.202404110753//db//plugins/boardmanager/
2024-06-20 12:39:36,415 [INFO] ApiDb:261 - Set plugin images path to: /Applications/STM32CubeIDE.app/Contents/Eclipse/plugins/com.st.stm32cube.common.mx_6.11.1.202404110753//db//plugins/mcufinder/images/
2024-06-20 12:39:36,415 [WARN] DbFile:41 - Overriding database path with different value: /Users/james/.stmcufinder/plugins/mcufinder/ => /Users/james/.stmcufinder/plugins/mcufinder
2024-06-20 12:39:36,415 [INFO] ApiDb:250 - Set database path to: /Users/james/.stmcufinder/plugins/mcufinder//mcu/
2024-06-20 12:39:36,416 [WARN] DbFile:41 - Overriding database path with different value: /Users/james/.stmcufinder/plugins/mcufinder/ => /Users/james/.stmcufinder/plugins/mcufinder
2024-06-20 12:39:36,416 [INFO] DbMcusAds:125 - Set database path to: /Users/james/.stmcufinder/plugins/mcufinder//mcu/
2024-06-20 12:39:36,416 [WARN] DbFile:41 - Overriding database path with different value: /Users/james/.stmcufinder/plugins/mcufinder/ => /Users/james/.stmcufinder/plugins/mcufinder
2024-06-20 12:39:36,416 [WARN] DbFile:41 - Overriding database path with different value: /Users/james/.stmcufinder/plugins/mcufinder/ => /Users/james/.stmcufinder/plugins/mcufinder
2024-06-20 12:39:36,416 [INFO] CrossReferenceDbSqlite:203 - Set database path to: /Users/james/.stmcufinder/plugins/mcufinder//mcu/cs/
2024-06-20 12:39:36,490 [INFO] MainPanel:264 - HeapMemory: 268435456
2024-06-20 12:39:36,645 [INFO] DbMcusXml:78 - Set database path to: /Applications/STM32CubeIDE.app/Contents/Eclipse/plugins/com.st.stm32cube.common.mx_6.11.1.202404110753//db//mcu/
2024-06-20 12:39:36,645 [INFO] ApiDb:274 - Set plugin database path to: /Applications/STM32CubeIDE.app/Contents/Eclipse/plugins/com.st.stm32cube.common.mx_6.11.1.202404110753//db//plugins/boardmanager/
2024-06-20 12:39:36,645 [INFO] ApiDb:261 - Set plugin images path to: /Applications/STM32CubeIDE.app/Contents/Eclipse/plugins/com.st.stm32cube.common.mx_6.11.1.202404110753//db//plugins/mcufinder/images/
2024-06-20 12:39:36,646 [WARN] DbFile:41 - Overriding database path with different value: /Users/james/.stmcufinder/plugins/mcufinder/ => /Users/james/.stmcufinder/plugins/mcufinder
2024-06-20 12:39:36,646 [INFO] ApiDb:250 - Set database path to: /Users/james/.stmcufinder/plugins/mcufinder//mcu/
2024-06-20 12:39:36,646 [WARN] DbFile:41 - Overriding database path with different value: /Users/james/.stmcufinder/plugins/mcufinder/ => /Users/james/.stmcufinder/plugins/mcufinder
2024-06-20 12:39:36,646 [INFO] DbMcusAds:125 - Set database path to: /Users/james/.stmcufinder/plugins/mcufinder//mcu/
2024-06-20 12:39:36,646 [WARN] DbFile:41 - Overriding database path with different value: /Users/james/.stmcufinder/plugins/mcufinder/ => /Users/james/.stmcufinder/plugins/mcufinder
2024-06-20 12:39:36,646 [WARN] DbFile:41 - Overriding database path with different value: /Users/james/.stmcufinder/plugins/mcufinder/ => /Users/james/.stmcufinder/plugins/mcufinder
2024-06-20 12:39:36,646 [INFO] CrossReferenceDbSqlite:203 - Set database path to: /Users/james/.stmcufinder/plugins/mcufinder//mcu/cs/
2024-06-20 12:39:36,664 [INFO] ApplicationProperties:184 - Using Application install path: /Applications/STM32CubeIDE.app/Contents/Eclipse/plugins/com.st.stm32cube.common.mx_6.11.1.202404110753
2024-06-20 12:39:36,666 [INFO] PluginManage:196 - Search for loadable plugins [exclusion list=, ]
2024-06-20 12:39:36,667 [INFO] PluginManage:310 - Check plugin analytics
2024-06-20 12:39:36,802 [INFO] AnalyticsPlugin:253 - Accepted Software Licenses: 
2024-06-20 12:39:36,802 [INFO] AnalyticsPlugin:255 - Accepted CMSIS Pack Licenses: 
2024-06-20 12:39:36,803 [INFO] AnalyticsPlugin:257 - Accepted Firmware Licenses: FW.F7.1.17.0
2024-06-20 12:39:36,804 [INFO] PluginManage:359 - Loaded plugin analytics (category:tool,tabindex:-1)
2024-06-20 12:39:36,805 [INFO] PluginManage:310 - Check plugin cadmodel
2024-06-20 12:39:37,157 [INFO] CADModel:105 - Init CAD model plugin
2024-06-20 12:39:37,158 [INFO] PluginManage:359 - Loaded plugin cadmodel (category:power,tabindex:5)
2024-06-20 12:39:37,158 [INFO] PluginManage:310 - Check plugin clock
2024-06-20 12:39:37,167 [INFO] PluginManage:359 - Loaded plugin clock (category:base,tabindex:2)
2024-06-20 12:39:37,167 [INFO] PluginManage:310 - Check plugin ddr
2024-06-20 12:39:37,169 [INFO] PluginManage:359 - Loaded plugin ddr (category:tool,tabindex:6)
2024-06-20 12:39:37,169 [INFO] PluginManage:310 - Check plugin filemanager
2024-06-20 12:39:37,299 [INFO] PluginManage:359 - Loaded plugin filemanager (category:base,tabindex:10)
2024-06-20 12:39:37,299 [INFO] PluginManage:310 - Check plugin ipmanager
2024-06-20 12:39:37,305 [INFO] PluginManage:359 - Loaded plugin ipmanager (category:base,tabindex:5)
2024-06-20 12:39:37,305 [INFO] PluginManage:310 - Check plugin lpbam
2024-06-20 12:39:37,314 [INFO] PluginManage:359 - Loaded plugin lpbam (category:base,tabindex:0)
2024-06-20 12:39:37,315 [INFO] PluginManage:310 - Check plugin memorymap
2024-06-20 12:39:37,328 [INFO] PluginManage:359 - Loaded plugin memorymap (category:base,tabindex:4)
2024-06-20 12:39:37,329 [INFO] PluginManage:310 - Check plugin pinoutandconfiguration
2024-06-20 12:39:37,336 [INFO] PluginManage:359 - Loaded plugin pinoutandconfiguration (category:base,tabindex:1)
2024-06-20 12:39:37,336 [INFO] PluginManage:310 - Check plugin pinoutconfig
2024-06-20 12:39:37,420 [WARN] SupportedApi:132 - Cannot load RTOS API schema: s4s-elt-must-match.1: The content of 'definitions' must match (annotation?, (simpleType | complexType)?, (unique | key | keyref)*)). A problem was found starting at: attribute.
2024-06-20 12:39:37,542 [INFO] PluginManage:359 - Loaded plugin pinoutconfig (category:base,tabindex:0)
2024-06-20 12:39:37,542 [INFO] PluginManage:310 - Check plugin power
2024-06-20 12:39:37,551 [INFO] PluginManage:359 - Loaded plugin power (category:power,tabindex:4)
2024-06-20 12:39:37,551 [INFO] PluginManage:310 - Check plugin projectmanager
2024-06-20 12:39:37,564 [INFO] PluginManage:359 - Loaded plugin projectmanager (category:projectmanager,tabindex:3)
2024-06-20 12:39:37,564 [INFO] PluginManage:310 - Check plugin thirdparty
2024-06-20 12:39:37,668 [INFO] PluginManage:359 - Loaded plugin thirdparty (category:base,tabindex:-1)
2024-06-20 12:39:37,668 [WARN] IntegrityCheckThread:84 - waiting for thirdparty lock release [integrity check]
2024-06-20 12:39:37,669 [INFO] PluginManage:310 - Check plugin tools
2024-06-20 12:39:37,669 [INFO] IntegrityCheckThread:86 - entering critical section [integrity check]
2024-06-20 12:39:37,669 [INFO] ThirdPartyUpdaterWithRetryManager:70 - Updater plugin not ready yet. [1/15]
2024-06-20 12:39:37,670 [INFO] PluginManage:359 - Loaded plugin tools (category:base,tabindex:7)
2024-06-20 12:39:37,671 [INFO] PluginManage:310 - Check plugin tutovideos
2024-06-20 12:39:37,839 [INFO] PluginManage:359 - Loaded plugin tutovideos (category:base,tabindex:-1)
2024-06-20 12:39:37,839 [INFO] PluginManage:310 - Check plugin updater
2024-06-20 12:39:37,851 [INFO] PluginManage:359 - Loaded plugin updater (category:base,tabindex:12)
2024-06-20 12:39:37,851 [INFO] PluginManage:310 - Check plugin userauth
2024-06-20 12:39:37,856 [INFO] UserAuth:114 - Init User Auth plugin
2024-06-20 12:39:37,856 [INFO] PluginManage:359 - Loaded plugin userauth (category:base,tabindex:14)
2024-06-20 12:39:37,857 [INFO] PluginManage:283 - PluginManage : Loaded plugins [17]
2024-06-20 12:39:38,046 [INFO] PinOutPanel:1561 - setPackage(No Configuration,No Configuration)
2024-06-20 12:39:38,104 [INFO] CADModel:165 - CPN selected for project level
2024-06-20 12:39:38,104 [INFO] CADModel:114 - Register for checkConnection events
2024-06-20 12:39:38,116 [INFO] IPUIPlugin:80 - create IPUIPlugin
2024-06-20 12:39:38,117 [INFO] PluginManager:220 - loadIPPluginJar : add mdma
2024-06-20 12:39:38,124 [INFO] IPUIPlugin:80 - create IPUIPlugin
2024-06-20 12:39:38,125 [INFO] PluginManager:220 - loadIPPluginJar : add freertos
2024-06-20 12:39:38,130 [INFO] IPUIPlugin:80 - create IPUIPlugin
2024-06-20 12:39:38,130 [INFO] PluginManager:220 - loadIPPluginJar : add gic
2024-06-20 12:39:38,140 [INFO] IPUIPlugin:80 - create IPUIPlugin
2024-06-20 12:39:38,140 [INFO] PluginManager:220 - loadIPPluginJar : add adc
2024-06-20 12:39:38,143 [INFO] IPUIPlugin:80 - create IPUIPlugin
2024-06-20 12:39:38,144 [INFO] PluginManager:220 - loadIPPluginJar : add gtzc
2024-06-20 12:39:38,145 [INFO] IPUIPlugin:80 - create IPUIPlugin
2024-06-20 12:39:38,145 [INFO] PluginManager:220 - loadIPPluginJar : add quadspi
2024-06-20 12:39:38,147 [INFO] IPUIPlugin:80 - create IPUIPlugin
2024-06-20 12:39:38,147 [INFO] PluginManager:220 - loadIPPluginJar : add aes
2024-06-20 12:39:38,150 [INFO] IPUIPlugin:80 - create IPUIPlugin
2024-06-20 12:39:38,150 [INFO] PluginManager:220 - loadIPPluginJar : add pdm2pcm
2024-06-20 12:39:38,152 [INFO] IPUIPlugin:80 - create IPUIPlugin
2024-06-20 12:39:38,152 [INFO] PluginManager:220 - loadIPPluginJar : add hash
2024-06-20 12:39:38,154 [INFO] IPUIPlugin:80 - create IPUIPlugin
2024-06-20 12:39:38,154 [INFO] PluginManager:220 - loadIPPluginJar : add tim
2024-06-20 12:39:38,155 [INFO] IPUIPlugin:80 - create IPUIPlugin
2024-06-20 12:39:38,156 [INFO] PluginManager:220 - loadIPPluginJar : add tsc
2024-06-20 12:39:38,158 [INFO] IPUIPlugin:80 - create IPUIPlugin
2024-06-20 12:39:38,158 [INFO] PluginManager:220 - loadIPPluginJar : add extmemmanager
2024-06-20 12:39:38,160 [INFO] IPUIPlugin:80 - create IPUIPlugin
2024-06-20 12:39:38,160 [INFO] PluginManager:220 - loadIPPluginJar : add ts
2024-06-20 12:39:38,163 [INFO] IPUIPlugin:80 - create IPUIPlugin
2024-06-20 12:39:38,163 [INFO] PluginManager:220 - loadIPPluginJar : add can
2024-06-20 12:39:38,165 [INFO] IPUIPlugin:80 - create IPUIPlugin
2024-06-20 12:39:38,165 [INFO] PluginManager:220 - loadIPPluginJar : add dma3
2024-06-20 12:39:38,167 [INFO] IPUIPlugin:80 - create IPUIPlugin
2024-06-20 12:39:38,167 [INFO] PluginManager:220 - loadIPPluginJar : add dfsdm
2024-06-20 12:39:38,168 [INFO] IPUIPlugin:80 - create IPUIPlugin
2024-06-20 12:39:38,168 [INFO] PluginManager:220 - loadIPPluginJar : add spi
2024-06-20 12:39:38,170 [INFO] IPUIPlugin:80 - create IPUIPlugin
2024-06-20 12:39:38,171 [INFO] PluginManager:220 - loadIPPluginJar : add gfxmmu
2024-06-20 12:39:38,171 [INFO] IPUIPlugin:80 - create IPUIPlugin
2024-06-20 12:39:38,171 [INFO] PluginManager:220 - loadIPPluginJar : add genericplugin
2024-06-20 12:39:38,173 [INFO] IPUIPlugin:80 - create IPUIPlugin
2024-06-20 12:39:38,173 [INFO] PluginManager:220 - loadIPPluginJar : add cryp
2024-06-20 12:39:38,177 [INFO] IPUIPlugin:80 - create IPUIPlugin
2024-06-20 12:39:38,178 [INFO] PluginManager:220 - loadIPPluginJar : add gpio
2024-06-20 12:39:38,179 [INFO] IPUIPlugin:80 - create IPUIPlugin
2024-06-20 12:39:38,179 [INFO] PluginManager:220 - loadIPPluginJar : add comp
2024-06-20 12:39:38,181 [INFO] IPUIPlugin:80 - create IPUIPlugin
2024-06-20 12:39:38,182 [INFO] PluginManager:220 - loadIPPluginJar : add tracer_emb
2024-06-20 12:39:38,185 [INFO] IPUIPlugin:80 - create IPUIPlugin
2024-06-20 12:39:38,186 [INFO] PluginManager:220 - loadIPPluginJar : add openamp
2024-06-20 12:39:38,190 [INFO] IPUIPlugin:80 - create IPUIPlugin
2024-06-20 12:39:38,190 [INFO] PluginManager:220 - loadIPPluginJar : add stm32_wpan
2024-06-20 12:39:38,196 [INFO] IPUIPlugin:80 - create IPUIPlugin
2024-06-20 12:39:38,198 [INFO] PluginManager:220 - loadIPPluginJar : add plateformsettings
2024-06-20 12:39:38,201 [INFO] IPUIPlugin:80 - create IPUIPlugin
2024-06-20 12:39:38,202 [INFO] PluginManager:220 - loadIPPluginJar : add ipddr
2024-06-20 12:39:38,204 [INFO] IPUIPlugin:80 - create IPUIPlugin
2024-06-20 12:39:38,204 [INFO] PluginManager:220 - loadIPPluginJar : add usart
2024-06-20 12:39:38,205 [INFO] IPUIPlugin:80 - create IPUIPlugin
2024-06-20 12:39:38,205 [INFO] PluginManager:220 - loadIPPluginJar : add ltdc
2024-06-20 12:39:38,208 [INFO] IPUIPlugin:80 - create IPUIPlugin
2024-06-20 12:39:38,209 [INFO] PluginManager:220 - loadIPPluginJar : add nvic
2024-06-20 12:39:38,210 [INFO] IPUIPlugin:80 - create IPUIPlugin
2024-06-20 12:39:38,210 [INFO] PluginManager:220 - loadIPPluginJar : add fatfs
2024-06-20 12:39:38,217 [INFO] IPUIPlugin:80 - create IPUIPlugin
2024-06-20 12:39:38,217 [INFO] PluginManager:220 - loadIPPluginJar : add linkedlist
2024-06-20 12:39:38,222 [INFO] IPUIPlugin:80 - create IPUIPlugin
2024-06-20 12:39:38,222 [INFO] PluginManager:220 - loadIPPluginJar : add dma
2024-06-20 12:39:38,227 [INFO] IPUIPlugin:80 - create IPUIPlugin
2024-06-20 12:39:38,227 [INFO] PluginManager:220 - loadIPPluginJar : add fmc
2024-06-20 12:39:38,228 [INFO] IPUIPlugin:80 - create IPUIPlugin
2024-06-20 12:39:38,229 [INFO] PluginManager:220 - loadIPPluginJar : add i2s
2024-06-20 12:39:38,230 [INFO] IPUIPlugin:80 - create IPUIPlugin
2024-06-20 12:39:38,230 [INFO] PluginManager:220 - loadIPPluginJar : add ucpd
2024-06-20 12:39:38,232 [INFO] IPUIPlugin:80 - create IPUIPlugin
2024-06-20 12:39:38,232 [INFO] PluginManager:220 - loadIPPluginJar : add lorawan
2024-06-20 12:39:38,235 [INFO] IPUIPlugin:80 - create IPUIPlugin
2024-06-20 12:39:38,235 [INFO] PluginManager:220 - loadIPPluginJar : add opamp
2024-06-20 12:39:38,236 [INFO] IPUIPlugin:80 - create IPUIPlugin
2024-06-20 12:39:38,236 [INFO] PluginManager:220 - loadIPPluginJar : add i3c
2024-06-20 12:39:38,239 [INFO] IPUIPlugin:80 - create IPUIPlugin
2024-06-20 12:39:38,239 [INFO] PluginManager:220 - loadIPPluginJar : add touchsensing
2024-06-20 12:39:38,241 [INFO] IPUIPlugin:80 - create IPUIPlugin
2024-06-20 12:39:38,241 [INFO] PluginManager:220 - loadIPPluginJar : add i2c
2024-06-20 12:39:38,245 [INFO] IPUIPlugin:80 - create IPUIPlugin
2024-06-20 12:39:38,245 [INFO] PluginManager:220 - loadIPPluginJar : add resmgrutility
2024-06-20 12:39:38,248 [INFO] IPUIPlugin:80 - create IPUIPlugin
2024-06-20 12:39:38,248 [INFO] PluginManager:220 - loadIPPluginJar : add sai
2024-06-20 12:39:38,250 [INFO] IPUIPlugin:80 - create IPUIPlugin
2024-06-20 12:39:38,250 [INFO] PluginManager:220 - loadIPPluginJar : add usbx
2024-06-20 12:39:38,351 [INFO] CADModel:165 - CPN selected for project level
2024-06-20 12:39:38,351 [INFO] CADModel:114 - Register for checkConnection events
2024-06-20 12:39:38,351 [FATAL] Updater:308 - Updater called before beeing initialized
2024-06-20 12:39:38,351 [ERROR] CADModel:125 - Updater not yet initialized, retry later 
2024-06-20 12:39:38,517 [INFO] CADModel:165 - CPN selected for project level
2024-06-20 12:39:38,517 [INFO] CADModel:114 - Register for checkConnection events
2024-06-20 12:39:38,517 [FATAL] Updater:308 - Updater called before beeing initialized
2024-06-20 12:39:38,518 [ERROR] CADModel:125 - Updater not yet initialized, retry later 
2024-06-20 12:39:38,520 [FATAL] Updater:308 - Updater called before beeing initialized
2024-06-20 12:39:38,580 [FATAL] Updater:308 - Updater called before beeing initialized
2024-06-20 12:39:38,584 [INFO] DbMcusAds:53 - JSON generation date=Thu May 16 02:22:01 PDT 2024 (1715851321456)
2024-06-20 12:39:38,584 [FATAL] Updater:308 - Updater called before beeing initialized
2024-06-20 12:39:38,635 [WARN] DetailPanel:346 - Failed to get advertising image, set to default
2024-06-20 12:39:38,738 [FATAL] Updater:308 - Updater called before beeing initialized
2024-06-20 12:39:38,740 [FATAL] Updater:308 - Updater called before beeing initialized
2024-06-20 12:39:38,740 [FATAL] Updater:308 - Updater called before beeing initialized
2024-06-20 12:39:38,740 [WARN] DetailPanel:346 - Failed to get advertising image, set to default
2024-06-20 12:39:38,741 [FATAL] Updater:308 - Updater called before beeing initialized
2024-06-20 12:39:38,773 [ERROR] Updater:1120 - MainUpdater not yet initialized. External WinMGr cannot be set.
2024-06-20 12:39:38,774 [INFO] Updater:1056 - Updater Version found : 6.11.1
2024-06-20 12:39:38,793 [INFO] ApplicationProperties:184 - Using Application install path: /Applications/STM32CubeIDE.app/Contents/Eclipse/plugins/com.st.stm32cube.common.mx_6.11.1.202404110753
2024-06-20 12:39:39,248 [INFO] MainUpdater:2873 - connection check result : 10
2024-06-20 12:39:39,248 [INFO] MainUpdater:290 - Updater Check For Update Now.
2024-06-20 12:39:39,248 [INFO] MicroXplorer:498 - Change Database Version : DB.6.0.111
2024-06-20 12:39:39,253 [INFO] McuFinderGlobals:63 - Set McuFinder mode to 2 (CubeIDE integrated)
2024-06-20 12:39:39,258 [INFO] UserAuth:415 - Internet connection configuration mode: 1
2024-06-20 12:39:39,273 [INFO] JxBrowserEngine:152 - Initiate JxBrowser Engine with user profile folder
2024-06-20 12:39:39,415 [INFO] CheckServerUpdateThread:120 - End of CheckServer Thread
2024-06-20 12:39:40,602 [INFO] WebApp:161 - Instantiating new browser for Auth
2024-06-20 12:39:41,647 [INFO] WebApp:779 - Register for checkConnection events
2024-06-20 12:39:41,657 [INFO] WebApp:414 - Apply proxy settings
2024-06-20 12:39:41,681 [INFO] WebApp:459 - Chromium authenticates against Manually configured proxy
2024-06-20 12:39:41,704 [INFO] WebApp:467 - Username used for proxy authentication: 
2024-06-20 12:39:41,935 [INFO] WebApp:192 - Starting web application
2024-06-20 12:39:41,946 [INFO] WebApp:544 - Web application path used /Applications/STM32CubeIDE.app/Contents/Eclipse/plugins/com.st.stm32cube.common.mx_6.11.1.202404110753/db/plugins/mcufinder/reactClient1/index.html
2024-06-20 12:39:42,177 [WARN] PackLoader:240 - Cannot read IP mode file for STMicroelectronics.FP-SNS-MOTENVWB1.1.4.0
2024-06-20 12:39:42,215 [WARN] PackLoader:240 - Cannot read IP mode file for STMicroelectronics.X-CUBE-SMBUS.2.1.0
2024-06-20 12:39:42,220 [WARN] PackLoader:240 - Cannot read IP mode file for STMicroelectronics.X-CUBE-TOUCHGFX.4.23.0
2024-06-20 12:39:42,223 [WARN] PackLoader:240 - Cannot read IP mode file for STMicroelectronics.X-CUBE-TOUCHGFX.4.23.2
2024-06-20 12:39:42,260 [WARN] PackLoader:240 - Cannot read IP mode file for STMicroelectronics.X-CUBE-AZRTOS-F7.1.1.0
2024-06-20 12:39:42,269 [WARN] PackLoader:240 - Cannot read IP mode file for STMicroelectronics.FP-SNS-MOTENV1.4.3.2
2024-06-20 12:39:42,274 [WARN] PackLoader:240 - Cannot read IP mode file for STMicroelectronics.FP-SNS-FLIGHT1.5.0.2
2024-06-20 12:39:42,282 [WARN] PackLoader:240 - Cannot read IP mode file for STMicroelectronics.X-CUBE-DISPLAY.3.0.0
2024-06-20 12:39:42,292 [WARN] PackLoader:240 - Cannot read IP mode file for STMicroelectronics.X-CUBE-BLE1.7.0.0
2024-06-20 12:39:42,297 [WARN] PackLoader:240 - Cannot read IP mode file for emotas.I-CUBE-CANOPEN.1.3.0
2024-06-20 12:39:42,307 [WARN] PackLoader:240 - Cannot read IP mode file for STMicroelectronics.X-CUBE-BLEMGR.3.1.0
2024-06-20 12:39:42,314 [WARN] PackLoader:240 - Cannot read IP mode file for STMicroelectronics.FP-SNS-SMARTAG2.1.2.0
2024-06-20 12:39:42,324 [INFO] LogOutputStream:77 - [STDOUT_REDIRECT] 1 : Invalid condition id : UX_CORESTACK_Condition cause : null
2024-06-20 12:39:42,324 [INFO] LogOutputStream:77 - [STDOUT_REDIRECT] 1 : Invalid condition id : UX_CORESTACK_Condition cause : null
2024-06-20 12:39:42,324 [INFO] LogOutputStream:77 - [STDOUT_REDIRECT] 1 : Invalid condition id : UX_CORESTACK_Condition cause : null
2024-06-20 12:39:42,325 [INFO] LogOutputStream:77 - [STDOUT_REDIRECT] 1 : Invalid condition id : UX_CORESTACK_Condition cause : null
2024-06-20 12:39:42,325 [INFO] LogOutputStream:77 - [STDOUT_REDIRECT] 1 : Invalid condition id : UX_CORESTACK_Condition cause : null
2024-06-20 12:39:42,329 [WARN] PackLoader:240 - Cannot read IP mode file for STMicroelectronics.X-CUBE-AZRTOS-WL.2.0.0
2024-06-20 12:39:42,333 [WARN] PackLoader:240 - Cannot read IP mode file for STMicroelectronics.FP-SNS-MOTENV1.5.0.0
2024-06-20 12:39:42,337 [WARN] PackLoader:240 - Cannot read IP mode file for wolfSSL.I-CUBE-wolfMQTT.1.19.0
2024-06-20 12:39:42,344 [WARN] PackLoader:240 - Cannot read IP mode file for WES.I-CUBE-Cesium.1.3.0
2024-06-20 12:39:42,348 [WARN] PackLoader:240 - Cannot read IP mode file for STMicroelectronics.X-CUBE-BLE2.3.3.0
2024-06-20 12:39:42,353 [WARN] PackLoader:240 - Cannot read IP mode file for STMicroelectronics.X-CUBE-TCPP.4.1.0
2024-06-20 12:39:42,359 [WARN] PackLoader:240 - Cannot read IP mode file for STMicroelectronics.X-CUBE-ALGOBUILD.1.3.0
2024-06-20 12:39:42,376 [WARN] PackLoader:240 - Cannot read IP mode file for STMicroelectronics.X-CUBE-AZRTOS-G0.1.1.0
2024-06-20 12:39:42,384 [WARN] PackLoader:240 - Cannot read IP mode file for STMicroelectronics.X-CUBE-SAFEA1.1.2.2
2024-06-20 12:39:42,389 [WARN] PackLoader:240 - Cannot read IP mode file for STMicroelectronics.X-CUBE-NFC4.3.0.0
2024-06-20 12:39:42,393 [WARN] PackLoader:240 - Cannot read IP mode file for STMicroelectronics.FP-ATR-SIGFOX1.3.2.0
2024-06-20 12:39:42,398 [WARN] PackLoader:240 - Cannot read IP mode file for STMicroelectronics.X-CUBE-EEPRMA1.5.1.0
2024-06-20 12:39:42,438 [WARN] PackLoader:240 - Cannot read IP mode file for SEGGER.I-CUBE-embOS.1.3.1
2024-06-20 12:39:42,496 [WARN] PackLoader:240 - Cannot read IP mode file for STMicroelectronics.X-CUBE-ALGOBUILD.1.4.0
2024-06-20 12:39:42,503 [WARN] PackLoader:240 - Cannot read IP mode file for STMicroelectronics.X-CUBE-GNSS1.6.0.0
2024-06-20 12:39:42,526 [WARN] PackLoader:240 - Cannot read IP mode file for STMicroelectronics.X-CUBE-AZRTOS-F4.1.1.0
2024-06-20 12:39:42,534 [WARN] PackLoader:240 - Cannot read IP mode file for STMicroelectronics.X-CUBE-FREERTOS.1.2.0
2024-06-20 12:39:42,537 [WARN] PackLoader:240 - Cannot read IP mode file for wolfSSL.I-CUBE-wolfSSL.5.6.6
2024-06-20 12:39:42,553 [WARN] PackLoader:240 - Cannot read IP mode file for STMicroelectronics.X-CUBE-AZRTOS-L5.2.0.0
2024-06-20 12:39:42,561 [WARN] PackLoader:240 - Cannot read IP mode file for STMicroelectronics.X-CUBE-NFC6.3.1.0
2024-06-20 12:39:42,567 [WARN] PackLoader:240 - Cannot read IP mode file for ITTIA_DB.I-CUBE-ITTIADB.8.8.0
2024-06-20 12:39:42,570 [WARN] PackLoader:240 - Cannot read IP mode file for STMicroelectronics.X-CUBE-AI.9.0.0
2024-06-20 12:39:42,574 [WARN] PackLoader:240 - Cannot read IP mode file for STMicroelectronics.X-CUBE-NFC7.1.0.1
2024-06-20 12:39:42,580 [WARN] PackLoader:240 - Cannot read IP mode file for STMicroelectronics.X-CUBE-NFC6.3.0.0
2024-06-20 12:39:42,585 [WARN] PackLoader:240 - Cannot read IP mode file for STMicroelectronics.X-CUBE-AI.8.1.0
2024-06-20 12:39:42,602 [WARN] ConditionMgr:438 - getConditionDescription Invalid condition id : LAN8742 Phy interface Condition cause : null
2024-06-20 12:39:42,603 [WARN] PackLoader:240 - Cannot read IP mode file for STMicroelectronics.X-CUBE-AZRTOS-L4.2.0.0
2024-06-20 12:39:42,604 [WARN] ConditionMgr:1039 - genDependencies : Invalid condition id : LAN8742 Phy interface Condition cause : null
2024-06-20 12:39:42,605 [WARN] ConditionMgr:1039 - genDependencies : Invalid condition id : LAN8742 Phy interface Condition cause : null
2024-06-20 12:39:42,605 [WARN] ConditionMgr:1039 - genDependencies : Invalid condition id : LAN8742 Phy interface Condition cause : null
2024-06-20 12:39:42,614 [WARN] PackLoader:240 - Cannot read IP mode file for STMicroelectronics.X-CUBE-SFXS2LP1.4.0.0
2024-06-20 12:39:42,630 [WARN] ConditionMgr:438 - getConditionDescription Invalid condition id : UX DEVICE CLASS RTOS Condition cause : null
2024-06-20 12:39:42,630 [WARN] ConditionMgr:438 - getConditionDescription Invalid condition id : UX DEVICE CLASS RTOS Condition cause : null
2024-06-20 12:39:42,632 [WARN] PackLoader:240 - Cannot read IP mode file for STMicroelectronics.X-CUBE-AZRTOS-WB.2.0.0
2024-06-20 12:39:42,633 [WARN] ConditionMgr:1039 - genDependencies : Invalid condition id : UX DEVICE CLASS RTOS Condition cause : null
2024-06-20 12:39:42,633 [WARN] ConditionMgr:1039 - genDependencies : Invalid condition id : UX DEVICE CLASS RTOS Condition cause : null
2024-06-20 12:39:42,634 [WARN] ConditionMgr:1039 - genDependencies : Invalid condition id : UX DEVICE CLASS RTOS Condition cause : null
2024-06-20 12:39:42,634 [WARN] ConditionMgr:1039 - genDependencies : Invalid condition id : UX DEVICE CLASS RTOS Condition cause : null
2024-06-20 12:39:42,634 [WARN] ConditionMgr:1039 - genDependencies : Invalid condition id : UX DEVICE CLASS RTOS Condition cause : null
2024-06-20 12:39:42,644 [WARN] PackLoader:240 - Cannot read IP mode file for STMicroelectronics.X-CUBE-SUBG2.5.0.0
2024-06-20 12:39:42,655 [WARN] PackLoader:240 - Cannot read IP mode file for Cesanta.I-CUBE-Mongoose.7.13.0
2024-06-20 12:39:42,669 [WARN] PackLoader:240 - Cannot read IP mode file for STMicroelectronics.X-CUBE-AZRTOS-G4.2.0.0
2024-06-20 12:39:42,683 [WARN] PackLoader:240 - Cannot read IP mode file for Infineon.AIROC-Wi-Fi-Bluetooth-STM32.1.5.1
2024-06-20 12:39:42,689 [WARN] PackLoader:240 - Cannot read IP mode file for STMicroelectronics.FP-SNS-MOTENVWB1.1.3.1
2024-06-20 12:39:42,693 [WARN] PackLoader:240 - Cannot read IP mode file for STMicroelectronics.X-CUBE-ISPU.2.0.0
2024-06-20 12:39:42,696 [WARN] PackLoader:240 - Cannot read IP mode file for STMicroelectronics.X-CUBE-ALS.1.0.2
2024-06-20 12:39:42,734 [WARN] PackLoader:240 - Cannot read IP mode file for STMicroelectronics.X-CUBE-MEMS1.10.0.0
2024-06-20 12:39:42,853 [WARN] PackLoader:240 - Cannot read IP mode file for STMicroelectronics.X-CUBE-FREERTOS.1.1.0
2024-06-20 12:39:42,859 [WARN] PackLoader:240 - Cannot read IP mode file for portGmbH.I-Cube-SoM-uGOAL.1.1.0
2024-06-20 12:39:42,862 [WARN] PackLoader:240 - Cannot read IP mode file for STMicroelectronics.X-CUBE-ALS.1.0.1
2024-06-20 12:39:42,882 [WARN] PackLoader:240 - Cannot read IP mode file for STMicroelectronics.X-CUBE-AZRTOS-H7RS.1.0.0
2024-06-20 12:39:42,886 [WARN] PackLoader:240 - Cannot read IP mode file for STMicroelectronics.FP-ATR-ASTRA1.2.0.0
2024-06-20 12:39:42,896 [WARN] PackLoader:240 - Cannot read IP mode file for STMicroelectronics.X-CUBE-TOF1.3.4.1
2024-06-20 12:39:42,930 [WARN] PackLoader:240 - Cannot read IP mode file for STMicroelectronics.X-CUBE-AZRTOS-H7.3.2.0
2024-06-20 12:39:42,933 [INFO] ThirdParty:978 - Integrity check success = true
2024-06-20 12:39:42,933 [INFO] IntegrityCheckThread:100 - exiting critical section [integrity check]
2024-06-20 12:39:42,933 [INFO] IntegrityCheckThread:103 - End integrity checks thread
2024-06-20 17:25:32,017 [ERROR] LogOutputStream:75 - [STDERR_REDIRECT] 
