2024-08-03 08:59:16,072 [INFO] Activator:176 - 


2024-08-03 08:59:16,078 [INFO] Activator:177 - !SESSION log4j initialized
2024-08-03 08:59:19,216 [INFO] LogOutputStream:77 - [STDOUT_REDIRECT] 
2024-08-03 08:59:19,992 [ERROR] LogOutputStream:75 - [STDERR_REDIRECT] 
2024-08-03 08:59:22,239 [INFO] LogOutputStream:77 - [STDOUT_REDIRECT] 
2024-08-03 08:59:22,995 [INFO] ApplicationProperties:184 - Using Application install path: /Applications/STM32CubeIDE.app/Contents/Eclipse/plugins/com.st.stm32cube.common.mx_6.11.1.202404110753
2024-08-03 08:59:23,016 [INFO] DbMcusXml:78 - Set database path to: /Applications/STM32CubeIDE.app/Contents/Eclipse/plugins/com.st.stm32cube.common.mx_6.11.1.202404110753//db//mcu/
2024-08-03 08:59:23,016 [INFO] ApiDb:274 - Set plugin database path to: /Applications/STM32CubeIDE.app/Contents/Eclipse/plugins/com.st.stm32cube.common.mx_6.11.1.202404110753//db//plugins/boardmanager/
2024-08-03 08:59:23,016 [WARN] ApiDb:259 - Overriding images path with different value:  => /Applications/STM32CubeIDE.app/Contents/Eclipse/plugins/com.st.stm32cube.common.mx_6.11.1.202404110753//db//plugins/mcufinder/images/
2024-08-03 08:59:23,031 [INFO] ApiDb:250 - Set database path to: /Users/james/.stmcufinder/plugins/mcufinder//mcu/
2024-08-03 08:59:23,034 [INFO] DbMcusAds:125 - Set database path to: /Users/james/.stmcufinder/plugins/mcufinder//mcu/
2024-08-03 08:59:23,040 [INFO] CrossReferenceDbSqlite:203 - Set database path to: /Users/james/.stmcufinder/plugins/mcufinder//mcu/cs/
2024-08-03 08:59:23,216 [INFO] RulesReader:64 - Compatibility file has been processed (297 Rules)
2024-08-03 08:59:23,391 [INFO] DbMcusXml:78 - Set database path to: /Applications/STM32CubeIDE.app/Contents/Eclipse/plugins/com.st.stm32cube.common.mx_6.11.1.202404110753//db//mcu/
2024-08-03 08:59:23,391 [INFO] ApiDb:274 - Set plugin database path to: /Applications/STM32CubeIDE.app/Contents/Eclipse/plugins/com.st.stm32cube.common.mx_6.11.1.202404110753//db//plugins/boardmanager/
2024-08-03 08:59:23,391 [INFO] ApiDb:261 - Set plugin images path to: /Applications/STM32CubeIDE.app/Contents/Eclipse/plugins/com.st.stm32cube.common.mx_6.11.1.202404110753//db//plugins/mcufinder/images/
2024-08-03 08:59:23,392 [WARN] DbFile:41 - Overriding database path with different value: /Users/james/.stmcufinder/plugins/mcufinder/ => /Users/james/.stmcufinder/plugins/mcufinder
2024-08-03 08:59:23,392 [INFO] ApiDb:250 - Set database path to: /Users/james/.stmcufinder/plugins/mcufinder//mcu/
2024-08-03 08:59:23,392 [WARN] DbFile:41 - Overriding database path with different value: /Users/james/.stmcufinder/plugins/mcufinder/ => /Users/james/.stmcufinder/plugins/mcufinder
2024-08-03 08:59:23,392 [INFO] DbMcusAds:125 - Set database path to: /Users/james/.stmcufinder/plugins/mcufinder//mcu/
2024-08-03 08:59:23,392 [WARN] DbFile:41 - Overriding database path with different value: /Users/james/.stmcufinder/plugins/mcufinder/ => /Users/james/.stmcufinder/plugins/mcufinder
2024-08-03 08:59:23,393 [WARN] DbFile:41 - Overriding database path with different value: /Users/james/.stmcufinder/plugins/mcufinder/ => /Users/james/.stmcufinder/plugins/mcufinder
2024-08-03 08:59:23,393 [INFO] CrossReferenceDbSqlite:203 - Set database path to: /Users/james/.stmcufinder/plugins/mcufinder//mcu/cs/
2024-08-03 08:59:23,536 [INFO] MainPanel:264 - HeapMemory: 268435456
2024-08-03 08:59:23,707 [INFO] DbMcusXml:78 - Set database path to: /Applications/STM32CubeIDE.app/Contents/Eclipse/plugins/com.st.stm32cube.common.mx_6.11.1.202404110753//db//mcu/
2024-08-03 08:59:23,707 [INFO] ApiDb:274 - Set plugin database path to: /Applications/STM32CubeIDE.app/Contents/Eclipse/plugins/com.st.stm32cube.common.mx_6.11.1.202404110753//db//plugins/boardmanager/
2024-08-03 08:59:23,707 [INFO] ApiDb:261 - Set plugin images path to: /Applications/STM32CubeIDE.app/Contents/Eclipse/plugins/com.st.stm32cube.common.mx_6.11.1.202404110753//db//plugins/mcufinder/images/
2024-08-03 08:59:23,708 [WARN] DbFile:41 - Overriding database path with different value: /Users/james/.stmcufinder/plugins/mcufinder/ => /Users/james/.stmcufinder/plugins/mcufinder
2024-08-03 08:59:23,708 [INFO] ApiDb:250 - Set database path to: /Users/james/.stmcufinder/plugins/mcufinder//mcu/
2024-08-03 08:59:23,708 [WARN] DbFile:41 - Overriding database path with different value: /Users/james/.stmcufinder/plugins/mcufinder/ => /Users/james/.stmcufinder/plugins/mcufinder
2024-08-03 08:59:23,708 [INFO] DbMcusAds:125 - Set database path to: /Users/james/.stmcufinder/plugins/mcufinder//mcu/
2024-08-03 08:59:23,708 [WARN] DbFile:41 - Overriding database path with different value: /Users/james/.stmcufinder/plugins/mcufinder/ => /Users/james/.stmcufinder/plugins/mcufinder
2024-08-03 08:59:23,708 [WARN] DbFile:41 - Overriding database path with different value: /Users/james/.stmcufinder/plugins/mcufinder/ => /Users/james/.stmcufinder/plugins/mcufinder
2024-08-03 08:59:23,709 [INFO] CrossReferenceDbSqlite:203 - Set database path to: /Users/james/.stmcufinder/plugins/mcufinder//mcu/cs/
2024-08-03 08:59:23,730 [INFO] ApplicationProperties:184 - Using Application install path: /Applications/STM32CubeIDE.app/Contents/Eclipse/plugins/com.st.stm32cube.common.mx_6.11.1.202404110753
2024-08-03 08:59:23,732 [INFO] PluginManage:196 - Search for loadable plugins [exclusion list=, ]
2024-08-03 08:59:23,733 [INFO] PluginManage:310 - Check plugin analytics
2024-08-03 08:59:23,920 [INFO] AnalyticsPlugin:253 - Accepted Software Licenses: 
2024-08-03 08:59:23,920 [INFO] AnalyticsPlugin:255 - Accepted CMSIS Pack Licenses: 
2024-08-03 08:59:23,920 [INFO] AnalyticsPlugin:257 - Accepted Firmware Licenses: FW.F7.1.17.0
2024-08-03 08:59:23,923 [INFO] PluginManage:359 - Loaded plugin analytics (category:tool,tabindex:-1)
2024-08-03 08:59:23,923 [INFO] PluginManage:310 - Check plugin cadmodel
2024-08-03 08:59:24,142 [INFO] CADModel:105 - Init CAD model plugin
2024-08-03 08:59:24,142 [INFO] PluginManage:359 - Loaded plugin cadmodel (category:power,tabindex:5)
2024-08-03 08:59:24,142 [INFO] PluginManage:310 - Check plugin clock
2024-08-03 08:59:24,152 [INFO] PluginManage:359 - Loaded plugin clock (category:base,tabindex:2)
2024-08-03 08:59:24,152 [INFO] PluginManage:310 - Check plugin ddr
2024-08-03 08:59:24,155 [INFO] PluginManage:359 - Loaded plugin ddr (category:tool,tabindex:6)
2024-08-03 08:59:24,155 [INFO] PluginManage:310 - Check plugin filemanager
2024-08-03 08:59:24,300 [INFO] PluginManage:359 - Loaded plugin filemanager (category:base,tabindex:10)
2024-08-03 08:59:24,300 [INFO] PluginManage:310 - Check plugin ipmanager
2024-08-03 08:59:24,309 [INFO] PluginManage:359 - Loaded plugin ipmanager (category:base,tabindex:5)
2024-08-03 08:59:24,309 [INFO] PluginManage:310 - Check plugin lpbam
2024-08-03 08:59:24,318 [INFO] PluginManage:359 - Loaded plugin lpbam (category:base,tabindex:0)
2024-08-03 08:59:24,318 [INFO] PluginManage:310 - Check plugin memorymap
2024-08-03 08:59:24,330 [INFO] PluginManage:359 - Loaded plugin memorymap (category:base,tabindex:4)
2024-08-03 08:59:24,330 [INFO] PluginManage:310 - Check plugin pinoutandconfiguration
2024-08-03 08:59:24,337 [INFO] PluginManage:359 - Loaded plugin pinoutandconfiguration (category:base,tabindex:1)
2024-08-03 08:59:24,337 [INFO] PluginManage:310 - Check plugin pinoutconfig
2024-08-03 08:59:24,418 [WARN] SupportedApi:132 - Cannot load RTOS API schema: s4s-elt-must-match.1: The content of 'definitions' must match (annotation?, (simpleType | complexType)?, (unique | key | keyref)*)). A problem was found starting at: attribute.
2024-08-03 08:59:24,545 [INFO] PluginManage:359 - Loaded plugin pinoutconfig (category:base,tabindex:0)
2024-08-03 08:59:24,545 [INFO] PluginManage:310 - Check plugin power
2024-08-03 08:59:24,555 [INFO] PluginManage:359 - Loaded plugin power (category:power,tabindex:4)
2024-08-03 08:59:24,555 [INFO] PluginManage:310 - Check plugin projectmanager
2024-08-03 08:59:24,567 [INFO] PluginManage:359 - Loaded plugin projectmanager (category:projectmanager,tabindex:3)
2024-08-03 08:59:24,568 [INFO] PluginManage:310 - Check plugin thirdparty
2024-08-03 08:59:24,680 [INFO] PluginManage:359 - Loaded plugin thirdparty (category:base,tabindex:-1)
2024-08-03 08:59:24,680 [WARN] IntegrityCheckThread:84 - waiting for thirdparty lock release [integrity check]
2024-08-03 08:59:24,680 [INFO] PluginManage:310 - Check plugin tools
2024-08-03 08:59:24,680 [INFO] IntegrityCheckThread:86 - entering critical section [integrity check]
2024-08-03 08:59:24,681 [INFO] ThirdPartyUpdaterWithRetryManager:70 - Updater plugin not ready yet. [1/15]
2024-08-03 08:59:24,682 [INFO] PluginManage:359 - Loaded plugin tools (category:base,tabindex:7)
2024-08-03 08:59:24,682 [INFO] PluginManage:310 - Check plugin tutovideos
2024-08-03 08:59:24,858 [INFO] PluginManage:359 - Loaded plugin tutovideos (category:base,tabindex:-1)
2024-08-03 08:59:24,858 [INFO] PluginManage:310 - Check plugin updater
2024-08-03 08:59:24,869 [INFO] PluginManage:359 - Loaded plugin updater (category:base,tabindex:12)
2024-08-03 08:59:24,869 [INFO] PluginManage:310 - Check plugin userauth
2024-08-03 08:59:24,875 [INFO] UserAuth:114 - Init User Auth plugin
2024-08-03 08:59:24,875 [INFO] PluginManage:359 - Loaded plugin userauth (category:base,tabindex:14)
2024-08-03 08:59:24,875 [INFO] PluginManage:283 - PluginManage : Loaded plugins [17]
2024-08-03 08:59:25,128 [INFO] PinOutPanel:1561 - setPackage(No Configuration,No Configuration)
2024-08-03 08:59:25,202 [INFO] CADModel:165 - CPN selected for project level
2024-08-03 08:59:25,202 [INFO] CADModel:114 - Register for checkConnection events
2024-08-03 08:59:25,215 [INFO] IPUIPlugin:80 - create IPUIPlugin
2024-08-03 08:59:25,215 [INFO] PluginManager:220 - loadIPPluginJar : add mdma
2024-08-03 08:59:25,222 [INFO] IPUIPlugin:80 - create IPUIPlugin
2024-08-03 08:59:25,222 [INFO] PluginManager:220 - loadIPPluginJar : add freertos
2024-08-03 08:59:25,227 [INFO] IPUIPlugin:80 - create IPUIPlugin
2024-08-03 08:59:25,227 [INFO] PluginManager:220 - loadIPPluginJar : add gic
2024-08-03 08:59:25,236 [INFO] IPUIPlugin:80 - create IPUIPlugin
2024-08-03 08:59:25,236 [INFO] PluginManager:220 - loadIPPluginJar : add adc
2024-08-03 08:59:25,239 [INFO] IPUIPlugin:80 - create IPUIPlugin
2024-08-03 08:59:25,239 [INFO] PluginManager:220 - loadIPPluginJar : add gtzc
2024-08-03 08:59:25,240 [INFO] IPUIPlugin:80 - create IPUIPlugin
2024-08-03 08:59:25,240 [INFO] PluginManager:220 - loadIPPluginJar : add quadspi
2024-08-03 08:59:25,242 [INFO] IPUIPlugin:80 - create IPUIPlugin
2024-08-03 08:59:25,242 [INFO] PluginManager:220 - loadIPPluginJar : add aes
2024-08-03 08:59:25,245 [INFO] IPUIPlugin:80 - create IPUIPlugin
2024-08-03 08:59:25,245 [INFO] PluginManager:220 - loadIPPluginJar : add pdm2pcm
2024-08-03 08:59:25,247 [INFO] IPUIPlugin:80 - create IPUIPlugin
2024-08-03 08:59:25,247 [INFO] PluginManager:220 - loadIPPluginJar : add hash
2024-08-03 08:59:25,248 [INFO] IPUIPlugin:80 - create IPUIPlugin
2024-08-03 08:59:25,248 [INFO] PluginManager:220 - loadIPPluginJar : add tim
2024-08-03 08:59:25,249 [INFO] IPUIPlugin:80 - create IPUIPlugin
2024-08-03 08:59:25,249 [INFO] PluginManager:220 - loadIPPluginJar : add tsc
2024-08-03 08:59:25,252 [INFO] IPUIPlugin:80 - create IPUIPlugin
2024-08-03 08:59:25,252 [INFO] PluginManager:220 - loadIPPluginJar : add extmemmanager
2024-08-03 08:59:25,253 [INFO] IPUIPlugin:80 - create IPUIPlugin
2024-08-03 08:59:25,254 [INFO] PluginManager:220 - loadIPPluginJar : add ts
2024-08-03 08:59:25,256 [INFO] IPUIPlugin:80 - create IPUIPlugin
2024-08-03 08:59:25,256 [INFO] PluginManager:220 - loadIPPluginJar : add can
2024-08-03 08:59:25,258 [INFO] IPUIPlugin:80 - create IPUIPlugin
2024-08-03 08:59:25,258 [INFO] PluginManager:220 - loadIPPluginJar : add dma3
2024-08-03 08:59:25,260 [INFO] IPUIPlugin:80 - create IPUIPlugin
2024-08-03 08:59:25,261 [INFO] PluginManager:220 - loadIPPluginJar : add dfsdm
2024-08-03 08:59:25,262 [INFO] IPUIPlugin:80 - create IPUIPlugin
2024-08-03 08:59:25,262 [INFO] PluginManager:220 - loadIPPluginJar : add spi
2024-08-03 08:59:25,264 [INFO] IPUIPlugin:80 - create IPUIPlugin
2024-08-03 08:59:25,264 [INFO] PluginManager:220 - loadIPPluginJar : add gfxmmu
2024-08-03 08:59:25,265 [INFO] IPUIPlugin:80 - create IPUIPlugin
2024-08-03 08:59:25,265 [INFO] PluginManager:220 - loadIPPluginJar : add genericplugin
2024-08-03 08:59:25,267 [INFO] IPUIPlugin:80 - create IPUIPlugin
2024-08-03 08:59:25,267 [INFO] PluginManager:220 - loadIPPluginJar : add cryp
2024-08-03 08:59:25,270 [INFO] IPUIPlugin:80 - create IPUIPlugin
2024-08-03 08:59:25,271 [INFO] PluginManager:220 - loadIPPluginJar : add gpio
2024-08-03 08:59:25,272 [INFO] IPUIPlugin:80 - create IPUIPlugin
2024-08-03 08:59:25,272 [INFO] PluginManager:220 - loadIPPluginJar : add comp
2024-08-03 08:59:25,274 [INFO] IPUIPlugin:80 - create IPUIPlugin
2024-08-03 08:59:25,274 [INFO] PluginManager:220 - loadIPPluginJar : add tracer_emb
2024-08-03 08:59:25,277 [INFO] IPUIPlugin:80 - create IPUIPlugin
2024-08-03 08:59:25,278 [INFO] PluginManager:220 - loadIPPluginJar : add openamp
2024-08-03 08:59:25,282 [INFO] IPUIPlugin:80 - create IPUIPlugin
2024-08-03 08:59:25,282 [INFO] PluginManager:220 - loadIPPluginJar : add stm32_wpan
2024-08-03 08:59:25,288 [INFO] IPUIPlugin:80 - create IPUIPlugin
2024-08-03 08:59:25,290 [INFO] PluginManager:220 - loadIPPluginJar : add plateformsettings
2024-08-03 08:59:25,293 [INFO] IPUIPlugin:80 - create IPUIPlugin
2024-08-03 08:59:25,293 [INFO] PluginManager:220 - loadIPPluginJar : add ipddr
2024-08-03 08:59:25,295 [INFO] IPUIPlugin:80 - create IPUIPlugin
2024-08-03 08:59:25,295 [INFO] PluginManager:220 - loadIPPluginJar : add usart
2024-08-03 08:59:25,296 [INFO] IPUIPlugin:80 - create IPUIPlugin
2024-08-03 08:59:25,296 [INFO] PluginManager:220 - loadIPPluginJar : add ltdc
2024-08-03 08:59:25,300 [INFO] IPUIPlugin:80 - create IPUIPlugin
2024-08-03 08:59:25,300 [INFO] PluginManager:220 - loadIPPluginJar : add nvic
2024-08-03 08:59:25,301 [INFO] IPUIPlugin:80 - create IPUIPlugin
2024-08-03 08:59:25,301 [INFO] PluginManager:220 - loadIPPluginJar : add fatfs
2024-08-03 08:59:25,308 [INFO] IPUIPlugin:80 - create IPUIPlugin
2024-08-03 08:59:25,308 [INFO] PluginManager:220 - loadIPPluginJar : add linkedlist
2024-08-03 08:59:25,315 [INFO] IPUIPlugin:80 - create IPUIPlugin
2024-08-03 08:59:25,315 [INFO] PluginManager:220 - loadIPPluginJar : add dma
2024-08-03 08:59:25,359 [INFO] IPUIPlugin:80 - create IPUIPlugin
2024-08-03 08:59:25,360 [INFO] PluginManager:220 - loadIPPluginJar : add fmc
2024-08-03 08:59:25,362 [INFO] IPUIPlugin:80 - create IPUIPlugin
2024-08-03 08:59:25,362 [INFO] PluginManager:220 - loadIPPluginJar : add i2s
2024-08-03 08:59:25,364 [INFO] IPUIPlugin:80 - create IPUIPlugin
2024-08-03 08:59:25,364 [INFO] PluginManager:220 - loadIPPluginJar : add ucpd
2024-08-03 08:59:25,367 [INFO] IPUIPlugin:80 - create IPUIPlugin
2024-08-03 08:59:25,367 [INFO] PluginManager:220 - loadIPPluginJar : add lorawan
2024-08-03 08:59:25,369 [INFO] IPUIPlugin:80 - create IPUIPlugin
2024-08-03 08:59:25,369 [INFO] PluginManager:220 - loadIPPluginJar : add opamp
2024-08-03 08:59:25,372 [INFO] IPUIPlugin:80 - create IPUIPlugin
2024-08-03 08:59:25,372 [INFO] PluginManager:220 - loadIPPluginJar : add i3c
2024-08-03 08:59:25,375 [INFO] IPUIPlugin:80 - create IPUIPlugin
2024-08-03 08:59:25,376 [INFO] PluginManager:220 - loadIPPluginJar : add touchsensing
2024-08-03 08:59:25,378 [INFO] IPUIPlugin:80 - create IPUIPlugin
2024-08-03 08:59:25,378 [INFO] PluginManager:220 - loadIPPluginJar : add i2c
2024-08-03 08:59:25,381 [INFO] IPUIPlugin:80 - create IPUIPlugin
2024-08-03 08:59:25,381 [INFO] PluginManager:220 - loadIPPluginJar : add resmgrutility
2024-08-03 08:59:25,384 [INFO] IPUIPlugin:80 - create IPUIPlugin
2024-08-03 08:59:25,384 [INFO] PluginManager:220 - loadIPPluginJar : add sai
2024-08-03 08:59:25,387 [INFO] IPUIPlugin:80 - create IPUIPlugin
2024-08-03 08:59:25,387 [INFO] PluginManager:220 - loadIPPluginJar : add usbx
2024-08-03 08:59:25,489 [INFO] CADModel:165 - CPN selected for project level
2024-08-03 08:59:25,490 [INFO] CADModel:114 - Register for checkConnection events
2024-08-03 08:59:25,490 [FATAL] Updater:308 - Updater called before beeing initialized
2024-08-03 08:59:25,490 [ERROR] CADModel:125 - Updater not yet initialized, retry later 
2024-08-03 08:59:25,625 [INFO] CADModel:165 - CPN selected for project level
2024-08-03 08:59:25,625 [INFO] CADModel:114 - Register for checkConnection events
2024-08-03 08:59:25,625 [FATAL] Updater:308 - Updater called before beeing initialized
2024-08-03 08:59:25,626 [ERROR] CADModel:125 - Updater not yet initialized, retry later 
2024-08-03 08:59:25,629 [FATAL] Updater:308 - Updater called before beeing initialized
2024-08-03 08:59:25,691 [FATAL] Updater:308 - Updater called before beeing initialized
2024-08-03 08:59:25,695 [INFO] DbMcusAds:53 - JSON generation date=Thu May 16 02:22:01 PDT 2024 (1715851321456)
2024-08-03 08:59:25,695 [FATAL] Updater:308 - Updater called before beeing initialized
2024-08-03 08:59:25,744 [WARN] DetailPanel:346 - Failed to get advertising image, set to default
2024-08-03 08:59:25,875 [FATAL] Updater:308 - Updater called before beeing initialized
2024-08-03 08:59:25,877 [FATAL] Updater:308 - Updater called before beeing initialized
2024-08-03 08:59:25,877 [FATAL] Updater:308 - Updater called before beeing initialized
2024-08-03 08:59:25,877 [WARN] DetailPanel:346 - Failed to get advertising image, set to default
2024-08-03 08:59:25,878 [FATAL] Updater:308 - Updater called before beeing initialized
2024-08-03 08:59:25,906 [ERROR] Updater:1120 - MainUpdater not yet initialized. External WinMGr cannot be set.
2024-08-03 08:59:25,907 [INFO] Updater:1056 - Updater Version found : 6.11.1
2024-08-03 08:59:25,927 [INFO] ApplicationProperties:184 - Using Application install path: /Applications/STM32CubeIDE.app/Contents/Eclipse/plugins/com.st.stm32cube.common.mx_6.11.1.202404110753
2024-08-03 08:59:26,426 [INFO] MainUpdater:2873 - connection check result : 10
2024-08-03 08:59:26,426 [INFO] MainUpdater:290 - Updater Check For Update Now.
2024-08-03 08:59:26,426 [INFO] MicroXplorer:498 - Change Database Version : DB.6.0.111
2024-08-03 08:59:26,431 [INFO] McuFinderGlobals:63 - Set McuFinder mode to 2 (CubeIDE integrated)
2024-08-03 08:59:26,435 [INFO] UserAuth:415 - Internet connection configuration mode: 1
2024-08-03 08:59:26,449 [INFO] JxBrowserEngine:152 - Initiate JxBrowser Engine with user profile folder
2024-08-03 08:59:26,593 [INFO] CheckServerUpdateThread:120 - End of CheckServer Thread
2024-08-03 08:59:27,644 [INFO] WebApp:161 - Instantiating new browser for Auth
2024-08-03 08:59:28,627 [INFO] WebApp:779 - Register for checkConnection events
2024-08-03 08:59:28,647 [INFO] WebApp:414 - Apply proxy settings
2024-08-03 08:59:28,672 [INFO] WebApp:459 - Chromium authenticates against Manually configured proxy
2024-08-03 08:59:28,692 [INFO] WebApp:467 - Username used for proxy authentication: 
2024-08-03 08:59:28,944 [INFO] WebApp:192 - Starting web application
2024-08-03 08:59:28,962 [INFO] WebApp:544 - Web application path used /Applications/STM32CubeIDE.app/Contents/Eclipse/plugins/com.st.stm32cube.common.mx_6.11.1.202404110753/db/plugins/mcufinder/reactClient1/index.html
2024-08-03 08:59:29,374 [WARN] PackLoader:240 - Cannot read IP mode file for STMicroelectronics.FP-SNS-MOTENVWB1.1.4.0
2024-08-03 08:59:29,383 [WARN] PackLoader:240 - Cannot read IP mode file for STMicroelectronics.X-CUBE-SMBUS.2.1.0
2024-08-03 08:59:29,386 [WARN] PackLoader:240 - Cannot read IP mode file for STMicroelectronics.X-CUBE-TOUCHGFX.4.23.0
2024-08-03 08:59:29,389 [WARN] PackLoader:240 - Cannot read IP mode file for STMicroelectronics.X-CUBE-TOUCHGFX.4.23.2
2024-08-03 08:59:29,422 [WARN] PackLoader:240 - Cannot read IP mode file for STMicroelectronics.X-CUBE-AZRTOS-F7.1.1.0
2024-08-03 08:59:29,432 [WARN] PackLoader:240 - Cannot read IP mode file for STMicroelectronics.FP-SNS-MOTENV1.4.3.2
2024-08-03 08:59:29,439 [WARN] PackLoader:240 - Cannot read IP mode file for STMicroelectronics.FP-SNS-FLIGHT1.5.0.2
2024-08-03 08:59:29,448 [WARN] PackLoader:240 - Cannot read IP mode file for STMicroelectronics.X-CUBE-DISPLAY.3.0.0
2024-08-03 08:59:29,461 [WARN] PackLoader:240 - Cannot read IP mode file for STMicroelectronics.X-CUBE-BLE1.7.0.0
2024-08-03 08:59:29,467 [WARN] PackLoader:240 - Cannot read IP mode file for emotas.I-CUBE-CANOPEN.1.3.0
2024-08-03 08:59:29,482 [WARN] PackLoader:240 - Cannot read IP mode file for STMicroelectronics.X-CUBE-BLEMGR.3.1.0
2024-08-03 08:59:29,491 [WARN] PackLoader:240 - Cannot read IP mode file for STMicroelectronics.FP-SNS-SMARTAG2.1.2.0
2024-08-03 08:59:29,505 [INFO] LogOutputStream:77 - [STDOUT_REDIRECT] 1 : Invalid condition id : UX_CORESTACK_Condition cause : null
2024-08-03 08:59:29,505 [INFO] LogOutputStream:77 - [STDOUT_REDIRECT] 1 : Invalid condition id : UX_CORESTACK_Condition cause : null
2024-08-03 08:59:29,505 [INFO] LogOutputStream:77 - [STDOUT_REDIRECT] 1 : Invalid condition id : UX_CORESTACK_Condition cause : null
2024-08-03 08:59:29,506 [INFO] LogOutputStream:77 - [STDOUT_REDIRECT] 1 : Invalid condition id : UX_CORESTACK_Condition cause : null
2024-08-03 08:59:29,506 [INFO] LogOutputStream:77 - [STDOUT_REDIRECT] 1 : Invalid condition id : UX_CORESTACK_Condition cause : null
2024-08-03 08:59:29,513 [WARN] PackLoader:240 - Cannot read IP mode file for STMicroelectronics.X-CUBE-AZRTOS-WL.2.0.0
2024-08-03 08:59:29,519 [WARN] PackLoader:240 - Cannot read IP mode file for STMicroelectronics.FP-SNS-MOTENV1.5.0.0
2024-08-03 08:59:29,524 [WARN] PackLoader:240 - Cannot read IP mode file for wolfSSL.I-CUBE-wolfMQTT.1.19.0
2024-08-03 08:59:29,533 [WARN] PackLoader:240 - Cannot read IP mode file for WES.I-CUBE-Cesium.1.3.0
2024-08-03 08:59:29,539 [WARN] PackLoader:240 - Cannot read IP mode file for STMicroelectronics.X-CUBE-BLE2.3.3.0
2024-08-03 08:59:29,546 [WARN] PackLoader:240 - Cannot read IP mode file for STMicroelectronics.X-CUBE-TCPP.4.1.0
2024-08-03 08:59:29,556 [WARN] PackLoader:240 - Cannot read IP mode file for STMicroelectronics.X-CUBE-ALGOBUILD.1.3.0
2024-08-03 08:59:29,579 [WARN] PackLoader:240 - Cannot read IP mode file for STMicroelectronics.X-CUBE-AZRTOS-G0.1.1.0
2024-08-03 08:59:29,590 [WARN] PackLoader:240 - Cannot read IP mode file for STMicroelectronics.X-CUBE-SAFEA1.1.2.2
2024-08-03 08:59:29,597 [WARN] PackLoader:240 - Cannot read IP mode file for STMicroelectronics.X-CUBE-NFC4.3.0.0
2024-08-03 08:59:29,613 [WARN] PackLoader:240 - Cannot read IP mode file for EmbeddedOffice.I-CUBE-FS-RTOS.1.0.1
2024-08-03 08:59:29,614 [ERROR] ConditionMgr:805 - Attr not supported : Dmpu
2024-08-03 08:59:29,614 [ERROR] ConditionMgr:805 - Attr not supported : Dmpu
2024-08-03 08:59:29,614 [ERROR] ConditionMgr:805 - Attr not supported : Dmpu
2024-08-03 08:59:29,614 [ERROR] ConditionMgr:805 - Attr not supported : Dmpu
2024-08-03 08:59:29,614 [ERROR] ConditionMgr:805 - Attr not supported : Dmpu
2024-08-03 08:59:29,614 [ERROR] ConditionMgr:805 - Attr not supported : Dmpu
2024-08-03 08:59:29,614 [ERROR] ConditionMgr:805 - Attr not supported : Dmpu
2024-08-03 08:59:29,614 [ERROR] ConditionMgr:805 - Attr not supported : Dmpu
2024-08-03 08:59:29,615 [ERROR] ConditionMgr:805 - Attr not supported : Dmpu
2024-08-03 08:59:29,615 [ERROR] ConditionMgr:805 - Attr not supported : Dmpu
2024-08-03 08:59:29,615 [ERROR] ConditionMgr:805 - Attr not supported : Dmpu
2024-08-03 08:59:29,615 [ERROR] ConditionMgr:805 - Attr not supported : Dmpu
2024-08-03 08:59:29,615 [ERROR] ConditionMgr:805 - Attr not supported : Dmpu
2024-08-03 08:59:29,615 [ERROR] ConditionMgr:805 - Attr not supported : Dmpu
2024-08-03 08:59:29,615 [ERROR] ConditionMgr:805 - Attr not supported : Dmpu
2024-08-03 08:59:29,615 [ERROR] ConditionMgr:805 - Attr not supported : Dmpu
2024-08-03 08:59:29,616 [ERROR] ConditionMgr:805 - Attr not supported : Dmpu
2024-08-03 08:59:29,616 [ERROR] ConditionMgr:805 - Attr not supported : Dmpu
2024-08-03 08:59:29,616 [ERROR] ConditionMgr:805 - Attr not supported : Dmpu
2024-08-03 08:59:29,616 [ERROR] ConditionMgr:805 - Attr not supported : Dmpu
2024-08-03 08:59:29,616 [ERROR] ConditionMgr:805 - Attr not supported : Dmpu
2024-08-03 08:59:29,616 [ERROR] ConditionMgr:805 - Attr not supported : Dmpu
2024-08-03 08:59:29,616 [ERROR] ConditionMgr:805 - Attr not supported : Dmpu
2024-08-03 08:59:29,616 [ERROR] ConditionMgr:805 - Attr not supported : Dmpu
2024-08-03 08:59:29,616 [ERROR] ConditionMgr:805 - Attr not supported : Dmpu
2024-08-03 08:59:29,616 [ERROR] ConditionMgr:805 - Attr not supported : Dmpu
2024-08-03 08:59:29,616 [ERROR] ConditionMgr:805 - Attr not supported : Dmpu
2024-08-03 08:59:29,616 [ERROR] ConditionMgr:805 - Attr not supported : Dmpu
2024-08-03 08:59:29,616 [ERROR] ConditionMgr:805 - Attr not supported : Dmpu
2024-08-03 08:59:29,617 [ERROR] ConditionMgr:805 - Attr not supported : Dmpu
2024-08-03 08:59:29,617 [ERROR] ConditionMgr:805 - Attr not supported : Dmpu
2024-08-03 08:59:29,617 [ERROR] ConditionMgr:805 - Attr not supported : Dmpu
2024-08-03 08:59:29,617 [ERROR] ConditionMgr:805 - Attr not supported : Dmpu
2024-08-03 08:59:29,617 [ERROR] ConditionMgr:805 - Attr not supported : Dmpu
2024-08-03 08:59:29,617 [ERROR] ConditionMgr:805 - Attr not supported : Dmpu
2024-08-03 08:59:29,617 [ERROR] ConditionMgr:805 - Attr not supported : Dmpu
2024-08-03 08:59:29,617 [ERROR] ConditionMgr:805 - Attr not supported : Dmpu
2024-08-03 08:59:29,617 [ERROR] ConditionMgr:805 - Attr not supported : Dmpu
2024-08-03 08:59:29,618 [ERROR] ConditionMgr:805 - Attr not supported : Dmpu
2024-08-03 08:59:29,618 [ERROR] ConditionMgr:805 - Attr not supported : Dmpu
2024-08-03 08:59:29,618 [ERROR] ConditionMgr:805 - Attr not supported : Dmpu
2024-08-03 08:59:29,618 [ERROR] ConditionMgr:805 - Attr not supported : Dmpu
2024-08-03 08:59:29,618 [ERROR] ConditionMgr:805 - Attr not supported : Dmpu
2024-08-03 08:59:29,618 [ERROR] ConditionMgr:805 - Attr not supported : Dmpu
2024-08-03 08:59:29,618 [ERROR] ConditionMgr:805 - Attr not supported : Dmpu
2024-08-03 08:59:29,618 [ERROR] ConditionMgr:805 - Attr not supported : Dmpu
2024-08-03 08:59:29,619 [ERROR] ConditionMgr:805 - Attr not supported : Dmpu
2024-08-03 08:59:29,619 [ERROR] ConditionMgr:805 - Attr not supported : Dmpu
2024-08-03 08:59:29,619 [ERROR] ConditionMgr:805 - Attr not supported : Dmpu
2024-08-03 08:59:29,619 [ERROR] ConditionMgr:805 - Attr not supported : Dmpu
2024-08-03 08:59:29,619 [ERROR] ConditionMgr:805 - Attr not supported : Dmpu
2024-08-03 08:59:29,619 [ERROR] ConditionMgr:805 - Attr not supported : Dmpu
2024-08-03 08:59:29,619 [ERROR] ConditionMgr:805 - Attr not supported : Dmpu
2024-08-03 08:59:29,619 [ERROR] ConditionMgr:805 - Attr not supported : Dmpu
2024-08-03 08:59:29,619 [ERROR] ConditionMgr:805 - Attr not supported : Dmpu
2024-08-03 08:59:29,619 [ERROR] ConditionMgr:805 - Attr not supported : Dmpu
2024-08-03 08:59:29,619 [ERROR] ConditionMgr:805 - Attr not supported : Dmpu
2024-08-03 08:59:29,619 [ERROR] ConditionMgr:805 - Attr not supported : Dmpu
2024-08-03 08:59:29,619 [ERROR] ConditionMgr:805 - Attr not supported : Dmpu
2024-08-03 08:59:29,620 [ERROR] ConditionMgr:805 - Attr not supported : Dmpu
2024-08-03 08:59:29,620 [ERROR] ConditionMgr:805 - Attr not supported : Dmpu
2024-08-03 08:59:29,620 [ERROR] ConditionMgr:805 - Attr not supported : Dmpu
2024-08-03 08:59:29,620 [ERROR] ConditionMgr:805 - Attr not supported : Dmpu
2024-08-03 08:59:29,620 [ERROR] ConditionMgr:805 - Attr not supported : Dmpu
2024-08-03 08:59:29,625 [WARN] PackLoader:240 - Cannot read IP mode file for RealThread.X-CUBE-RT-Thread_Nano.4.1.1
2024-08-03 08:59:29,629 [WARN] PackLoader:240 - Cannot read IP mode file for STMicroelectronics.FP-ATR-SIGFOX1.3.2.0
2024-08-03 08:59:29,634 [WARN] PackLoader:240 - Cannot read IP mode file for STMicroelectronics.X-CUBE-EEPRMA1.5.1.0
2024-08-03 08:59:29,679 [WARN] PackLoader:240 - Cannot read IP mode file for SEGGER.I-CUBE-embOS.1.3.1
2024-08-03 08:59:29,760 [WARN] PackLoader:240 - Cannot read IP mode file for STMicroelectronics.X-CUBE-ALGOBUILD.1.4.0
2024-08-03 08:59:29,771 [WARN] PackLoader:240 - Cannot read IP mode file for STMicroelectronics.X-CUBE-GNSS1.6.0.0
2024-08-03 08:59:29,801 [WARN] PackLoader:240 - Cannot read IP mode file for STMicroelectronics.X-CUBE-AZRTOS-F4.1.1.0
2024-08-03 08:59:29,810 [WARN] PackLoader:240 - Cannot read IP mode file for STMicroelectronics.X-CUBE-FREERTOS.1.2.0
2024-08-03 08:59:29,813 [WARN] PackLoader:240 - Cannot read IP mode file for wolfSSL.I-CUBE-wolfSSL.5.6.6
2024-08-03 08:59:29,831 [WARN] PackLoader:240 - Cannot read IP mode file for STMicroelectronics.X-CUBE-AZRTOS-L5.2.0.0
2024-08-03 08:59:29,840 [WARN] PackLoader:240 - Cannot read IP mode file for STMicroelectronics.X-CUBE-NFC6.3.1.0
2024-08-03 08:59:29,847 [WARN] PackLoader:240 - Cannot read IP mode file for ITTIA_DB.I-CUBE-ITTIADB.8.8.0
2024-08-03 08:59:29,851 [WARN] PackLoader:240 - Cannot read IP mode file for STMicroelectronics.X-CUBE-DPower.1.2.0
2024-08-03 08:59:29,855 [WARN] PackLoader:240 - Cannot read IP mode file for STMicroelectronics.X-CUBE-AI.9.0.0
2024-08-03 08:59:29,859 [WARN] PackLoader:240 - Cannot read IP mode file for STMicroelectronics.X-CUBE-NFC7.1.0.1
2024-08-03 08:59:29,863 [WARN] PackLoader:240 - Cannot read IP mode file for wolfSSL.I-CUBE-wolfTPM.3.2.0
2024-08-03 08:59:29,868 [WARN] PackLoader:240 - Cannot read IP mode file for STMicroelectronics.X-CUBE-NFC6.3.0.0
2024-08-03 08:59:29,873 [WARN] PackLoader:240 - Cannot read IP mode file for STMicroelectronics.X-CUBE-AI.8.1.0
2024-08-03 08:59:29,891 [WARN] ConditionMgr:438 - getConditionDescription Invalid condition id : LAN8742 Phy interface Condition cause : null
2024-08-03 08:59:29,892 [WARN] PackLoader:240 - Cannot read IP mode file for STMicroelectronics.X-CUBE-AZRTOS-L4.2.0.0
2024-08-03 08:59:29,893 [WARN] ConditionMgr:1039 - genDependencies : Invalid condition id : LAN8742 Phy interface Condition cause : null
2024-08-03 08:59:29,893 [WARN] ConditionMgr:1039 - genDependencies : Invalid condition id : LAN8742 Phy interface Condition cause : null
2024-08-03 08:59:29,894 [WARN] ConditionMgr:1039 - genDependencies : Invalid condition id : LAN8742 Phy interface Condition cause : null
2024-08-03 08:59:29,902 [WARN] PackLoader:240 - Cannot read IP mode file for STMicroelectronics.X-CUBE-SFXS2LP1.4.0.0
2024-08-03 08:59:29,918 [WARN] ConditionMgr:438 - getConditionDescription Invalid condition id : UX DEVICE CLASS RTOS Condition cause : null
2024-08-03 08:59:29,918 [WARN] ConditionMgr:438 - getConditionDescription Invalid condition id : UX DEVICE CLASS RTOS Condition cause : null
2024-08-03 08:59:29,920 [WARN] PackLoader:240 - Cannot read IP mode file for STMicroelectronics.X-CUBE-AZRTOS-WB.2.0.0
2024-08-03 08:59:29,921 [WARN] ConditionMgr:1039 - genDependencies : Invalid condition id : UX DEVICE CLASS RTOS Condition cause : null
2024-08-03 08:59:29,921 [WARN] ConditionMgr:1039 - genDependencies : Invalid condition id : UX DEVICE CLASS RTOS Condition cause : null
2024-08-03 08:59:29,921 [WARN] ConditionMgr:1039 - genDependencies : Invalid condition id : UX DEVICE CLASS RTOS Condition cause : null
2024-08-03 08:59:29,922 [WARN] ConditionMgr:1039 - genDependencies : Invalid condition id : UX DEVICE CLASS RTOS Condition cause : null
2024-08-03 08:59:29,922 [WARN] ConditionMgr:1039 - genDependencies : Invalid condition id : UX DEVICE CLASS RTOS Condition cause : null
2024-08-03 08:59:29,927 [WARN] PackLoader:240 - Cannot read IP mode file for STMicroelectronics.FP-SNS-STBOX1.2.0.0
2024-08-03 08:59:29,941 [WARN] PackLoader:240 - Cannot read IP mode file for STMicroelectronics.X-CUBE-SUBG2.5.0.0
2024-08-03 08:59:29,949 [WARN] PackLoader:240 - Cannot read IP mode file for Cesanta.I-CUBE-Mongoose.7.13.0
2024-08-03 08:59:29,961 [WARN] PackLoader:240 - Cannot read IP mode file for STMicroelectronics.X-CUBE-AZRTOS-G4.2.0.0
2024-08-03 08:59:29,972 [WARN] PackLoader:240 - Cannot read IP mode file for Infineon.AIROC-Wi-Fi-Bluetooth-STM32.1.5.1
2024-08-03 08:59:29,977 [WARN] PackLoader:240 - Cannot read IP mode file for STMicroelectronics.FP-SNS-MOTENVWB1.1.3.1
2024-08-03 08:59:29,980 [WARN] PackLoader:240 - Cannot read IP mode file for STMicroelectronics.X-CUBE-ISPU.2.0.0
2024-08-03 08:59:29,983 [WARN] PackLoader:240 - Cannot read IP mode file for STMicroelectronics.X-CUBE-ALS.1.0.2
2024-08-03 08:59:30,020 [WARN] PackLoader:240 - Cannot read IP mode file for STMicroelectronics.X-CUBE-MEMS1.10.0.0
2024-08-03 08:59:30,137 [WARN] PackLoader:240 - Cannot read IP mode file for STMicroelectronics.X-CUBE-FREERTOS.1.1.0
2024-08-03 08:59:30,141 [WARN] PackLoader:240 - Cannot read IP mode file for STMicroelectronics.X-CUBE-TOUCHGFX.4.24.0
2024-08-03 08:59:30,145 [WARN] PackLoader:240 - Cannot read IP mode file for portGmbH.I-Cube-SoM-uGOAL.1.1.0
2024-08-03 08:59:30,149 [WARN] PackLoader:240 - Cannot read IP mode file for STMicroelectronics.X-CUBE-ALS.1.0.1
2024-08-03 08:59:30,168 [WARN] PackLoader:240 - Cannot read IP mode file for STMicroelectronics.X-CUBE-AZRTOS-H7RS.1.0.0
2024-08-03 08:59:30,174 [WARN] PackLoader:240 - Cannot read IP mode file for STMicroelectronics.FP-ATR-ASTRA1.2.0.0
2024-08-03 08:59:30,183 [WARN] PackLoader:240 - Cannot read IP mode file for STMicroelectronics.X-CUBE-TOF1.3.4.2
2024-08-03 08:59:30,211 [WARN] PackLoader:240 - Cannot read IP mode file for STMicroelectronics.X-CUBE-TOF1.3.4.1
2024-08-03 08:59:30,249 [WARN] PackLoader:240 - Cannot read IP mode file for STMicroelectronics.X-CUBE-AZRTOS-H7.3.2.0
2024-08-03 08:59:30,255 [WARN] PackLoader:240 - Cannot read IP mode file for wolfSSL.I-CUBE-wolfSSH.1.4.17
2024-08-03 08:59:30,256 [INFO] ThirdParty:978 - Integrity check success = true
2024-08-03 08:59:30,256 [INFO] IntegrityCheckThread:100 - exiting critical section [integrity check]
2024-08-03 08:59:30,256 [INFO] IntegrityCheckThread:103 - End integrity checks thread
2024-08-03 11:53:45,857 [ERROR] LogOutputStream:75 - [STDERR_REDIRECT] 
