2024-07-22 08:44:47,640 [INFO] Activator:176 - 


2024-07-22 08:44:47,645 [INFO] Activator:177 - !SESSION log4j initialized
2024-07-22 08:44:50,482 [INFO] LogOutputStream:77 - [STDOUT_REDIRECT] 
2024-07-22 08:44:51,193 [ERROR] LogOutputStream:75 - [STDERR_REDIRECT] 
2024-07-22 08:44:52,748 [INFO] LogOutputStream:77 - [STDOUT_REDIRECT] 
2024-07-22 08:44:53,389 [INFO] ApplicationProperties:184 - Using Application install path: /Applications/STM32CubeIDE.app/Contents/Eclipse/plugins/com.st.stm32cube.common.mx_6.11.1.202404110753
2024-07-22 08:44:53,404 [INFO] DbMcusXml:78 - Set database path to: /Applications/STM32CubeIDE.app/Contents/Eclipse/plugins/com.st.stm32cube.common.mx_6.11.1.202404110753//db//mcu/
2024-07-22 08:44:53,404 [INFO] ApiDb:274 - Set plugin database path to: /Applications/STM32CubeIDE.app/Contents/Eclipse/plugins/com.st.stm32cube.common.mx_6.11.1.202404110753//db//plugins/boardmanager/
2024-07-22 08:44:53,404 [WARN] ApiDb:259 - Overriding images path with different value:  => /Applications/STM32CubeIDE.app/Contents/Eclipse/plugins/com.st.stm32cube.common.mx_6.11.1.202404110753//db//plugins/mcufinder/images/
2024-07-22 08:44:53,409 [INFO] ApiDb:250 - Set database path to: /Users/james/.stmcufinder/plugins/mcufinder//mcu/
2024-07-22 08:44:53,409 [INFO] DbMcusAds:125 - Set database path to: /Users/james/.stmcufinder/plugins/mcufinder//mcu/
2024-07-22 08:44:53,412 [INFO] CrossReferenceDbSqlite:203 - Set database path to: /Users/james/.stmcufinder/plugins/mcufinder//mcu/cs/
2024-07-22 08:44:53,511 [INFO] RulesReader:64 - Compatibility file has been processed (297 Rules)
2024-07-22 08:44:53,574 [INFO] DbMcusXml:78 - Set database path to: /Applications/STM32CubeIDE.app/Contents/Eclipse/plugins/com.st.stm32cube.common.mx_6.11.1.202404110753//db//mcu/
2024-07-22 08:44:53,574 [INFO] ApiDb:274 - Set plugin database path to: /Applications/STM32CubeIDE.app/Contents/Eclipse/plugins/com.st.stm32cube.common.mx_6.11.1.202404110753//db//plugins/boardmanager/
2024-07-22 08:44:53,574 [INFO] ApiDb:261 - Set plugin images path to: /Applications/STM32CubeIDE.app/Contents/Eclipse/plugins/com.st.stm32cube.common.mx_6.11.1.202404110753//db//plugins/mcufinder/images/
2024-07-22 08:44:53,575 [WARN] DbFile:41 - Overriding database path with different value: /Users/james/.stmcufinder/plugins/mcufinder/ => /Users/james/.stmcufinder/plugins/mcufinder
2024-07-22 08:44:53,575 [INFO] ApiDb:250 - Set database path to: /Users/james/.stmcufinder/plugins/mcufinder//mcu/
2024-07-22 08:44:53,575 [WARN] DbFile:41 - Overriding database path with different value: /Users/james/.stmcufinder/plugins/mcufinder/ => /Users/james/.stmcufinder/plugins/mcufinder
2024-07-22 08:44:53,575 [INFO] DbMcusAds:125 - Set database path to: /Users/james/.stmcufinder/plugins/mcufinder//mcu/
2024-07-22 08:44:53,575 [WARN] DbFile:41 - Overriding database path with different value: /Users/james/.stmcufinder/plugins/mcufinder/ => /Users/james/.stmcufinder/plugins/mcufinder
2024-07-22 08:44:53,575 [WARN] DbFile:41 - Overriding database path with different value: /Users/james/.stmcufinder/plugins/mcufinder/ => /Users/james/.stmcufinder/plugins/mcufinder
2024-07-22 08:44:53,575 [INFO] CrossReferenceDbSqlite:203 - Set database path to: /Users/james/.stmcufinder/plugins/mcufinder//mcu/cs/
2024-07-22 08:44:53,646 [INFO] MainPanel:264 - HeapMemory: 268435456
2024-07-22 08:44:53,740 [INFO] DbMcusXml:78 - Set database path to: /Applications/STM32CubeIDE.app/Contents/Eclipse/plugins/com.st.stm32cube.common.mx_6.11.1.202404110753//db//mcu/
2024-07-22 08:44:53,740 [INFO] ApiDb:274 - Set plugin database path to: /Applications/STM32CubeIDE.app/Contents/Eclipse/plugins/com.st.stm32cube.common.mx_6.11.1.202404110753//db//plugins/boardmanager/
2024-07-22 08:44:53,740 [INFO] ApiDb:261 - Set plugin images path to: /Applications/STM32CubeIDE.app/Contents/Eclipse/plugins/com.st.stm32cube.common.mx_6.11.1.202404110753//db//plugins/mcufinder/images/
2024-07-22 08:44:53,740 [WARN] DbFile:41 - Overriding database path with different value: /Users/james/.stmcufinder/plugins/mcufinder/ => /Users/james/.stmcufinder/plugins/mcufinder
2024-07-22 08:44:53,740 [INFO] ApiDb:250 - Set database path to: /Users/james/.stmcufinder/plugins/mcufinder//mcu/
2024-07-22 08:44:53,740 [WARN] DbFile:41 - Overriding database path with different value: /Users/james/.stmcufinder/plugins/mcufinder/ => /Users/james/.stmcufinder/plugins/mcufinder
2024-07-22 08:44:53,740 [INFO] DbMcusAds:125 - Set database path to: /Users/james/.stmcufinder/plugins/mcufinder//mcu/
2024-07-22 08:44:53,740 [WARN] DbFile:41 - Overriding database path with different value: /Users/james/.stmcufinder/plugins/mcufinder/ => /Users/james/.stmcufinder/plugins/mcufinder
2024-07-22 08:44:53,740 [WARN] DbFile:41 - Overriding database path with different value: /Users/james/.stmcufinder/plugins/mcufinder/ => /Users/james/.stmcufinder/plugins/mcufinder
2024-07-22 08:44:53,740 [INFO] CrossReferenceDbSqlite:203 - Set database path to: /Users/james/.stmcufinder/plugins/mcufinder//mcu/cs/
2024-07-22 08:44:53,755 [INFO] ApplicationProperties:184 - Using Application install path: /Applications/STM32CubeIDE.app/Contents/Eclipse/plugins/com.st.stm32cube.common.mx_6.11.1.202404110753
2024-07-22 08:44:53,757 [INFO] PluginManage:196 - Search for loadable plugins [exclusion list=, ]
2024-07-22 08:44:53,758 [INFO] PluginManage:310 - Check plugin analytics
2024-07-22 08:44:53,899 [INFO] AnalyticsPlugin:253 - Accepted Software Licenses: 
2024-07-22 08:44:53,900 [INFO] AnalyticsPlugin:255 - Accepted CMSIS Pack Licenses: 
2024-07-22 08:44:53,900 [INFO] AnalyticsPlugin:257 - Accepted Firmware Licenses: FW.F7.1.17.0
2024-07-22 08:44:53,902 [INFO] PluginManage:359 - Loaded plugin analytics (category:tool,tabindex:-1)
2024-07-22 08:44:53,903 [INFO] PluginManage:310 - Check plugin cadmodel
2024-07-22 08:44:54,226 [INFO] CADModel:105 - Init CAD model plugin
2024-07-22 08:44:54,227 [INFO] PluginManage:359 - Loaded plugin cadmodel (category:power,tabindex:5)
2024-07-22 08:44:54,227 [INFO] PluginManage:310 - Check plugin clock
2024-07-22 08:44:54,235 [INFO] PluginManage:359 - Loaded plugin clock (category:base,tabindex:2)
2024-07-22 08:44:54,235 [INFO] PluginManage:310 - Check plugin ddr
2024-07-22 08:44:54,237 [INFO] PluginManage:359 - Loaded plugin ddr (category:tool,tabindex:6)
2024-07-22 08:44:54,237 [INFO] PluginManage:310 - Check plugin filemanager
2024-07-22 08:44:54,374 [INFO] PluginManage:359 - Loaded plugin filemanager (category:base,tabindex:10)
2024-07-22 08:44:54,374 [INFO] PluginManage:310 - Check plugin ipmanager
2024-07-22 08:44:54,381 [INFO] PluginManage:359 - Loaded plugin ipmanager (category:base,tabindex:5)
2024-07-22 08:44:54,381 [INFO] PluginManage:310 - Check plugin lpbam
2024-07-22 08:44:54,391 [INFO] PluginManage:359 - Loaded plugin lpbam (category:base,tabindex:0)
2024-07-22 08:44:54,391 [INFO] PluginManage:310 - Check plugin memorymap
2024-07-22 08:44:54,404 [INFO] PluginManage:359 - Loaded plugin memorymap (category:base,tabindex:4)
2024-07-22 08:44:54,404 [INFO] PluginManage:310 - Check plugin pinoutandconfiguration
2024-07-22 08:44:54,411 [INFO] PluginManage:359 - Loaded plugin pinoutandconfiguration (category:base,tabindex:1)
2024-07-22 08:44:54,411 [INFO] PluginManage:310 - Check plugin pinoutconfig
2024-07-22 08:44:54,490 [WARN] SupportedApi:132 - Cannot load RTOS API schema: s4s-elt-must-match.1: The content of 'definitions' must match (annotation?, (simpleType | complexType)?, (unique | key | keyref)*)). A problem was found starting at: attribute.
2024-07-22 08:44:54,597 [INFO] PluginManage:359 - Loaded plugin pinoutconfig (category:base,tabindex:0)
2024-07-22 08:44:54,597 [INFO] PluginManage:310 - Check plugin power
2024-07-22 08:44:54,608 [INFO] PluginManage:359 - Loaded plugin power (category:power,tabindex:4)
2024-07-22 08:44:54,608 [INFO] PluginManage:310 - Check plugin projectmanager
2024-07-22 08:44:54,622 [INFO] PluginManage:359 - Loaded plugin projectmanager (category:projectmanager,tabindex:3)
2024-07-22 08:44:54,622 [INFO] PluginManage:310 - Check plugin thirdparty
2024-07-22 08:44:54,739 [INFO] PluginManage:359 - Loaded plugin thirdparty (category:base,tabindex:-1)
2024-07-22 08:44:54,739 [WARN] IntegrityCheckThread:84 - waiting for thirdparty lock release [integrity check]
2024-07-22 08:44:54,739 [INFO] PluginManage:310 - Check plugin tools
2024-07-22 08:44:54,739 [INFO] IntegrityCheckThread:86 - entering critical section [integrity check]
2024-07-22 08:44:54,740 [INFO] ThirdPartyUpdaterWithRetryManager:70 - Updater plugin not ready yet. [1/15]
2024-07-22 08:44:54,741 [INFO] PluginManage:359 - Loaded plugin tools (category:base,tabindex:7)
2024-07-22 08:44:54,741 [INFO] PluginManage:310 - Check plugin tutovideos
2024-07-22 08:44:54,893 [INFO] PluginManage:359 - Loaded plugin tutovideos (category:base,tabindex:-1)
2024-07-22 08:44:54,893 [INFO] PluginManage:310 - Check plugin updater
2024-07-22 08:44:54,902 [INFO] PluginManage:359 - Loaded plugin updater (category:base,tabindex:12)
2024-07-22 08:44:54,903 [INFO] PluginManage:310 - Check plugin userauth
2024-07-22 08:44:54,907 [INFO] UserAuth:114 - Init User Auth plugin
2024-07-22 08:44:54,907 [INFO] PluginManage:359 - Loaded plugin userauth (category:base,tabindex:14)
2024-07-22 08:44:54,908 [INFO] PluginManage:283 - PluginManage : Loaded plugins [17]
2024-07-22 08:44:55,089 [INFO] PinOutPanel:1561 - setPackage(No Configuration,No Configuration)
2024-07-22 08:44:55,152 [INFO] CADModel:165 - CPN selected for project level
2024-07-22 08:44:55,153 [INFO] CADModel:114 - Register for checkConnection events
2024-07-22 08:44:55,164 [INFO] IPUIPlugin:80 - create IPUIPlugin
2024-07-22 08:44:55,164 [INFO] PluginManager:220 - loadIPPluginJar : add mdma
2024-07-22 08:44:55,171 [INFO] IPUIPlugin:80 - create IPUIPlugin
2024-07-22 08:44:55,171 [INFO] PluginManager:220 - loadIPPluginJar : add freertos
2024-07-22 08:44:55,176 [INFO] IPUIPlugin:80 - create IPUIPlugin
2024-07-22 08:44:55,176 [INFO] PluginManager:220 - loadIPPluginJar : add gic
2024-07-22 08:44:55,184 [INFO] IPUIPlugin:80 - create IPUIPlugin
2024-07-22 08:44:55,184 [INFO] PluginManager:220 - loadIPPluginJar : add adc
2024-07-22 08:44:55,187 [INFO] IPUIPlugin:80 - create IPUIPlugin
2024-07-22 08:44:55,187 [INFO] PluginManager:220 - loadIPPluginJar : add gtzc
2024-07-22 08:44:55,188 [INFO] IPUIPlugin:80 - create IPUIPlugin
2024-07-22 08:44:55,188 [INFO] PluginManager:220 - loadIPPluginJar : add quadspi
2024-07-22 08:44:55,190 [INFO] IPUIPlugin:80 - create IPUIPlugin
2024-07-22 08:44:55,190 [INFO] PluginManager:220 - loadIPPluginJar : add aes
2024-07-22 08:44:55,192 [INFO] IPUIPlugin:80 - create IPUIPlugin
2024-07-22 08:44:55,192 [INFO] PluginManager:220 - loadIPPluginJar : add pdm2pcm
2024-07-22 08:44:55,194 [INFO] IPUIPlugin:80 - create IPUIPlugin
2024-07-22 08:44:55,194 [INFO] PluginManager:220 - loadIPPluginJar : add hash
2024-07-22 08:44:55,195 [INFO] IPUIPlugin:80 - create IPUIPlugin
2024-07-22 08:44:55,195 [INFO] PluginManager:220 - loadIPPluginJar : add tim
2024-07-22 08:44:55,196 [INFO] IPUIPlugin:80 - create IPUIPlugin
2024-07-22 08:44:55,196 [INFO] PluginManager:220 - loadIPPluginJar : add tsc
2024-07-22 08:44:55,199 [INFO] IPUIPlugin:80 - create IPUIPlugin
2024-07-22 08:44:55,199 [INFO] PluginManager:220 - loadIPPluginJar : add extmemmanager
2024-07-22 08:44:55,200 [INFO] IPUIPlugin:80 - create IPUIPlugin
2024-07-22 08:44:55,200 [INFO] PluginManager:220 - loadIPPluginJar : add ts
2024-07-22 08:44:55,202 [INFO] IPUIPlugin:80 - create IPUIPlugin
2024-07-22 08:44:55,203 [INFO] PluginManager:220 - loadIPPluginJar : add can
2024-07-22 08:44:55,204 [INFO] IPUIPlugin:80 - create IPUIPlugin
2024-07-22 08:44:55,204 [INFO] PluginManager:220 - loadIPPluginJar : add dma3
2024-07-22 08:44:55,206 [INFO] IPUIPlugin:80 - create IPUIPlugin
2024-07-22 08:44:55,206 [INFO] PluginManager:220 - loadIPPluginJar : add dfsdm
2024-07-22 08:44:55,207 [INFO] IPUIPlugin:80 - create IPUIPlugin
2024-07-22 08:44:55,207 [INFO] PluginManager:220 - loadIPPluginJar : add spi
2024-07-22 08:44:55,209 [INFO] IPUIPlugin:80 - create IPUIPlugin
2024-07-22 08:44:55,210 [INFO] PluginManager:220 - loadIPPluginJar : add gfxmmu
2024-07-22 08:44:55,210 [INFO] IPUIPlugin:80 - create IPUIPlugin
2024-07-22 08:44:55,210 [INFO] PluginManager:220 - loadIPPluginJar : add genericplugin
2024-07-22 08:44:55,212 [INFO] IPUIPlugin:80 - create IPUIPlugin
2024-07-22 08:44:55,212 [INFO] PluginManager:220 - loadIPPluginJar : add cryp
2024-07-22 08:44:55,216 [INFO] IPUIPlugin:80 - create IPUIPlugin
2024-07-22 08:44:55,216 [INFO] PluginManager:220 - loadIPPluginJar : add gpio
2024-07-22 08:44:55,217 [INFO] IPUIPlugin:80 - create IPUIPlugin
2024-07-22 08:44:55,217 [INFO] PluginManager:220 - loadIPPluginJar : add comp
2024-07-22 08:44:55,219 [INFO] IPUIPlugin:80 - create IPUIPlugin
2024-07-22 08:44:55,219 [INFO] PluginManager:220 - loadIPPluginJar : add tracer_emb
2024-07-22 08:44:55,221 [INFO] IPUIPlugin:80 - create IPUIPlugin
2024-07-22 08:44:55,221 [INFO] PluginManager:220 - loadIPPluginJar : add openamp
2024-07-22 08:44:55,224 [INFO] IPUIPlugin:80 - create IPUIPlugin
2024-07-22 08:44:55,225 [INFO] PluginManager:220 - loadIPPluginJar : add stm32_wpan
2024-07-22 08:44:55,229 [INFO] IPUIPlugin:80 - create IPUIPlugin
2024-07-22 08:44:55,231 [INFO] PluginManager:220 - loadIPPluginJar : add plateformsettings
2024-07-22 08:44:55,233 [INFO] IPUIPlugin:80 - create IPUIPlugin
2024-07-22 08:44:55,233 [INFO] PluginManager:220 - loadIPPluginJar : add ipddr
2024-07-22 08:44:55,235 [INFO] IPUIPlugin:80 - create IPUIPlugin
2024-07-22 08:44:55,235 [INFO] PluginManager:220 - loadIPPluginJar : add usart
2024-07-22 08:44:55,236 [INFO] IPUIPlugin:80 - create IPUIPlugin
2024-07-22 08:44:55,236 [INFO] PluginManager:220 - loadIPPluginJar : add ltdc
2024-07-22 08:44:55,239 [INFO] IPUIPlugin:80 - create IPUIPlugin
2024-07-22 08:44:55,239 [INFO] PluginManager:220 - loadIPPluginJar : add nvic
2024-07-22 08:44:55,239 [INFO] IPUIPlugin:80 - create IPUIPlugin
2024-07-22 08:44:55,239 [INFO] PluginManager:220 - loadIPPluginJar : add fatfs
2024-07-22 08:44:55,244 [INFO] IPUIPlugin:80 - create IPUIPlugin
2024-07-22 08:44:55,244 [INFO] PluginManager:220 - loadIPPluginJar : add linkedlist
2024-07-22 08:44:55,249 [INFO] IPUIPlugin:80 - create IPUIPlugin
2024-07-22 08:44:55,249 [INFO] PluginManager:220 - loadIPPluginJar : add dma
2024-07-22 08:44:55,252 [INFO] IPUIPlugin:80 - create IPUIPlugin
2024-07-22 08:44:55,252 [INFO] PluginManager:220 - loadIPPluginJar : add fmc
2024-07-22 08:44:55,253 [INFO] IPUIPlugin:80 - create IPUIPlugin
2024-07-22 08:44:55,253 [INFO] PluginManager:220 - loadIPPluginJar : add i2s
2024-07-22 08:44:55,254 [INFO] IPUIPlugin:80 - create IPUIPlugin
2024-07-22 08:44:55,254 [INFO] PluginManager:220 - loadIPPluginJar : add ucpd
2024-07-22 08:44:55,256 [INFO] IPUIPlugin:80 - create IPUIPlugin
2024-07-22 08:44:55,256 [INFO] PluginManager:220 - loadIPPluginJar : add lorawan
2024-07-22 08:44:55,257 [INFO] IPUIPlugin:80 - create IPUIPlugin
2024-07-22 08:44:55,257 [INFO] PluginManager:220 - loadIPPluginJar : add opamp
2024-07-22 08:44:55,259 [INFO] IPUIPlugin:80 - create IPUIPlugin
2024-07-22 08:44:55,259 [INFO] PluginManager:220 - loadIPPluginJar : add i3c
2024-07-22 08:44:55,261 [INFO] IPUIPlugin:80 - create IPUIPlugin
2024-07-22 08:44:55,261 [INFO] PluginManager:220 - loadIPPluginJar : add touchsensing
2024-07-22 08:44:55,262 [INFO] IPUIPlugin:80 - create IPUIPlugin
2024-07-22 08:44:55,262 [INFO] PluginManager:220 - loadIPPluginJar : add i2c
2024-07-22 08:44:55,264 [INFO] IPUIPlugin:80 - create IPUIPlugin
2024-07-22 08:44:55,264 [INFO] PluginManager:220 - loadIPPluginJar : add resmgrutility
2024-07-22 08:44:55,266 [INFO] IPUIPlugin:80 - create IPUIPlugin
2024-07-22 08:44:55,266 [INFO] PluginManager:220 - loadIPPluginJar : add sai
2024-07-22 08:44:55,268 [INFO] IPUIPlugin:80 - create IPUIPlugin
2024-07-22 08:44:55,268 [INFO] PluginManager:220 - loadIPPluginJar : add usbx
2024-07-22 08:44:55,366 [INFO] CADModel:165 - CPN selected for project level
2024-07-22 08:44:55,366 [INFO] CADModel:114 - Register for checkConnection events
2024-07-22 08:44:55,366 [FATAL] Updater:308 - Updater called before beeing initialized
2024-07-22 08:44:55,367 [ERROR] CADModel:125 - Updater not yet initialized, retry later 
2024-07-22 08:44:55,546 [INFO] CADModel:165 - CPN selected for project level
2024-07-22 08:44:55,546 [INFO] CADModel:114 - Register for checkConnection events
2024-07-22 08:44:55,546 [FATAL] Updater:308 - Updater called before beeing initialized
2024-07-22 08:44:55,546 [ERROR] CADModel:125 - Updater not yet initialized, retry later 
2024-07-22 08:44:55,549 [FATAL] Updater:308 - Updater called before beeing initialized
2024-07-22 08:44:55,613 [FATAL] Updater:308 - Updater called before beeing initialized
2024-07-22 08:44:55,618 [INFO] DbMcusAds:53 - JSON generation date=Thu May 16 02:22:01 PDT 2024 (1715851321456)
2024-07-22 08:44:55,618 [FATAL] Updater:308 - Updater called before beeing initialized
2024-07-22 08:44:55,678 [WARN] DetailPanel:346 - Failed to get advertising image, set to default
2024-07-22 08:44:55,754 [FATAL] Updater:308 - Updater called before beeing initialized
2024-07-22 08:44:55,756 [FATAL] Updater:308 - Updater called before beeing initialized
2024-07-22 08:44:55,756 [FATAL] Updater:308 - Updater called before beeing initialized
2024-07-22 08:44:55,756 [WARN] DetailPanel:346 - Failed to get advertising image, set to default
2024-07-22 08:44:55,757 [FATAL] Updater:308 - Updater called before beeing initialized
2024-07-22 08:44:55,799 [ERROR] Updater:1120 - MainUpdater not yet initialized. External WinMGr cannot be set.
2024-07-22 08:44:55,801 [INFO] Updater:1056 - Updater Version found : 6.11.1
2024-07-22 08:44:55,821 [INFO] ApplicationProperties:184 - Using Application install path: /Applications/STM32CubeIDE.app/Contents/Eclipse/plugins/com.st.stm32cube.common.mx_6.11.1.202404110753
2024-07-22 08:44:56,452 [INFO] MainUpdater:2873 - connection check result : 10
2024-07-22 08:44:56,452 [INFO] MainUpdater:3567 - Updater definition file requires update
2024-07-22 08:44:56,452 [INFO] MainUpdater:290 - Updater Check For Update Now.
2024-07-22 08:44:56,453 [INFO] MicroXplorer:498 - Change Database Version : DB.6.0.111
2024-07-22 08:44:56,457 [INFO] McuFinderGlobals:63 - Set McuFinder mode to 2 (CubeIDE integrated)
2024-07-22 08:44:56,463 [INFO] UserAuth:415 - Internet connection configuration mode: 1
2024-07-22 08:44:56,482 [INFO] JxBrowserEngine:152 - Initiate JxBrowser Engine with user profile folder
2024-07-22 08:44:56,608 [INFO] ServerAccessManage:473 - Download File updaters.zip
2024-07-22 08:44:56,691 [INFO] FileExtend:240 - Unzip File : updaters.zip
2024-07-22 08:44:56,691 [INFO] FileExtend:255 - Standard Zip Deflate
2024-07-22 08:44:56,849 [INFO] ServerAccessManage:473 - Download File PacksControlFlags.xml
2024-07-22 08:44:56,925 [INFO] ServerAccessManage:473 - Download File cubemx.pidx
2024-07-22 08:44:57,113 [INFO] ServerAccessManage:473 - Download File STMicroelectronics.FP-SNS-STBOX1.pdsc
2024-07-22 08:44:57,696 [INFO] WebApp:161 - Instantiating new browser for Auth
2024-07-22 08:44:57,744 [WARN] MainUpdater:1194 - Updater busy. Cannot search thirdparties
2024-07-22 08:44:57,772 [INFO] ThirdPartyUpdaterWithRetryManager:96 - Updater plugin is busy. [1/15]
2024-07-22 08:44:58,486 [INFO] WebApp:779 - Register for checkConnection events
2024-07-22 08:44:58,488 [INFO] WebApp:414 - Apply proxy settings
2024-07-22 08:44:58,492 [INFO] WebApp:459 - Chromium authenticates against Manually configured proxy
2024-07-22 08:44:58,513 [INFO] WebApp:467 - Username used for proxy authentication: 
2024-07-22 08:44:58,722 [INFO] WebApp:192 - Starting web application
2024-07-22 08:44:58,739 [INFO] WebApp:544 - Web application path used /Applications/STM32CubeIDE.app/Contents/Eclipse/plugins/com.st.stm32cube.common.mx_6.11.1.202404110753/db/plugins/mcufinder/reactClient1/index.html
2024-07-22 08:44:58,739 [WARN] PackLoader:240 - Cannot read IP mode file for STMicroelectronics.FP-SNS-STBOX1.2.0.0
2024-07-22 08:44:58,765 [INFO] PopulateThirdPartyThread:66 - Ending populate Thread
2024-07-22 08:44:58,777 [INFO] ThirdParty:1030 - CMSIS Pack Vendor :STMicroelectronics FP-SNS-STBOX1 2.0.0
2024-07-22 08:44:58,796 [INFO] LoadServerUpdatesThread:375 - End of LoadServerUpdate Thread
2024-07-22 08:44:58,910 [INFO] CheckServerUpdateThread:120 - End of CheckServer Thread
2024-07-22 08:45:00,888 [WARN] PackLoader:240 - Cannot read IP mode file for STMicroelectronics.FP-SNS-MOTENVWB1.1.4.0
2024-07-22 08:45:00,895 [WARN] PackLoader:240 - Cannot read IP mode file for STMicroelectronics.X-CUBE-SMBUS.2.1.0
2024-07-22 08:45:00,898 [WARN] PackLoader:240 - Cannot read IP mode file for STMicroelectronics.X-CUBE-TOUCHGFX.4.23.0
2024-07-22 08:45:00,900 [WARN] PackLoader:240 - Cannot read IP mode file for STMicroelectronics.X-CUBE-TOUCHGFX.4.23.2
2024-07-22 08:45:00,919 [WARN] PackLoader:240 - Cannot read IP mode file for STMicroelectronics.X-CUBE-AZRTOS-F7.1.1.0
2024-07-22 08:45:00,927 [WARN] PackLoader:240 - Cannot read IP mode file for STMicroelectronics.FP-SNS-MOTENV1.4.3.2
2024-07-22 08:45:00,932 [WARN] PackLoader:240 - Cannot read IP mode file for STMicroelectronics.FP-SNS-FLIGHT1.5.0.2
2024-07-22 08:45:00,938 [WARN] PackLoader:240 - Cannot read IP mode file for STMicroelectronics.X-CUBE-DISPLAY.3.0.0
2024-07-22 08:45:00,946 [WARN] PackLoader:240 - Cannot read IP mode file for STMicroelectronics.X-CUBE-BLE1.7.0.0
2024-07-22 08:45:00,950 [WARN] PackLoader:240 - Cannot read IP mode file for emotas.I-CUBE-CANOPEN.1.3.0
2024-07-22 08:45:00,961 [WARN] PackLoader:240 - Cannot read IP mode file for STMicroelectronics.X-CUBE-BLEMGR.3.1.0
2024-07-22 08:45:00,967 [WARN] PackLoader:240 - Cannot read IP mode file for STMicroelectronics.FP-SNS-SMARTAG2.1.2.0
2024-07-22 08:45:00,975 [INFO] LogOutputStream:77 - [STDOUT_REDIRECT] 1 : Invalid condition id : UX_CORESTACK_Condition cause : null
2024-07-22 08:45:00,976 [INFO] LogOutputStream:77 - [STDOUT_REDIRECT] 1 : Invalid condition id : UX_CORESTACK_Condition cause : null
2024-07-22 08:45:00,976 [INFO] LogOutputStream:77 - [STDOUT_REDIRECT] 1 : Invalid condition id : UX_CORESTACK_Condition cause : null
2024-07-22 08:45:00,976 [INFO] LogOutputStream:77 - [STDOUT_REDIRECT] 1 : Invalid condition id : UX_CORESTACK_Condition cause : null
2024-07-22 08:45:00,977 [INFO] LogOutputStream:77 - [STDOUT_REDIRECT] 1 : Invalid condition id : UX_CORESTACK_Condition cause : null
2024-07-22 08:45:00,981 [WARN] PackLoader:240 - Cannot read IP mode file for STMicroelectronics.X-CUBE-AZRTOS-WL.2.0.0
2024-07-22 08:45:00,986 [WARN] PackLoader:240 - Cannot read IP mode file for STMicroelectronics.FP-SNS-MOTENV1.5.0.0
2024-07-22 08:45:00,989 [WARN] PackLoader:240 - Cannot read IP mode file for wolfSSL.I-CUBE-wolfMQTT.1.19.0
2024-07-22 08:45:00,994 [WARN] PackLoader:240 - Cannot read IP mode file for WES.I-CUBE-Cesium.1.3.0
2024-07-22 08:45:00,999 [WARN] PackLoader:240 - Cannot read IP mode file for STMicroelectronics.X-CUBE-BLE2.3.3.0
2024-07-22 08:45:01,004 [WARN] PackLoader:240 - Cannot read IP mode file for STMicroelectronics.X-CUBE-TCPP.4.1.0
2024-07-22 08:45:01,010 [WARN] PackLoader:240 - Cannot read IP mode file for STMicroelectronics.X-CUBE-ALGOBUILD.1.3.0
2024-07-22 08:45:01,026 [WARN] PackLoader:240 - Cannot read IP mode file for STMicroelectronics.X-CUBE-AZRTOS-G0.1.1.0
2024-07-22 08:45:01,039 [WARN] PackLoader:240 - Cannot read IP mode file for STMicroelectronics.X-CUBE-SAFEA1.1.2.2
2024-07-22 08:45:01,045 [WARN] PackLoader:240 - Cannot read IP mode file for STMicroelectronics.X-CUBE-NFC4.3.0.0
2024-07-22 08:45:01,056 [WARN] PackLoader:240 - Cannot read IP mode file for EmbeddedOffice.I-CUBE-FS-RTOS.1.0.1
2024-07-22 08:45:01,056 [ERROR] ConditionMgr:805 - Attr not supported : Dmpu
2024-07-22 08:45:01,056 [ERROR] ConditionMgr:805 - Attr not supported : Dmpu
2024-07-22 08:45:01,056 [ERROR] ConditionMgr:805 - Attr not supported : Dmpu
2024-07-22 08:45:01,056 [ERROR] ConditionMgr:805 - Attr not supported : Dmpu
2024-07-22 08:45:01,056 [ERROR] ConditionMgr:805 - Attr not supported : Dmpu
2024-07-22 08:45:01,056 [ERROR] ConditionMgr:805 - Attr not supported : Dmpu
2024-07-22 08:45:01,056 [ERROR] ConditionMgr:805 - Attr not supported : Dmpu
2024-07-22 08:45:01,056 [ERROR] ConditionMgr:805 - Attr not supported : Dmpu
2024-07-22 08:45:01,057 [ERROR] ConditionMgr:805 - Attr not supported : Dmpu
2024-07-22 08:45:01,057 [ERROR] ConditionMgr:805 - Attr not supported : Dmpu
2024-07-22 08:45:01,057 [ERROR] ConditionMgr:805 - Attr not supported : Dmpu
2024-07-22 08:45:01,057 [ERROR] ConditionMgr:805 - Attr not supported : Dmpu
2024-07-22 08:45:01,057 [ERROR] ConditionMgr:805 - Attr not supported : Dmpu
2024-07-22 08:45:01,057 [ERROR] ConditionMgr:805 - Attr not supported : Dmpu
2024-07-22 08:45:01,057 [ERROR] ConditionMgr:805 - Attr not supported : Dmpu
2024-07-22 08:45:01,057 [ERROR] ConditionMgr:805 - Attr not supported : Dmpu
2024-07-22 08:45:01,057 [ERROR] ConditionMgr:805 - Attr not supported : Dmpu
2024-07-22 08:45:01,057 [ERROR] ConditionMgr:805 - Attr not supported : Dmpu
2024-07-22 08:45:01,057 [ERROR] ConditionMgr:805 - Attr not supported : Dmpu
2024-07-22 08:45:01,057 [ERROR] ConditionMgr:805 - Attr not supported : Dmpu
2024-07-22 08:45:01,057 [ERROR] ConditionMgr:805 - Attr not supported : Dmpu
2024-07-22 08:45:01,058 [ERROR] ConditionMgr:805 - Attr not supported : Dmpu
2024-07-22 08:45:01,058 [ERROR] ConditionMgr:805 - Attr not supported : Dmpu
2024-07-22 08:45:01,058 [ERROR] ConditionMgr:805 - Attr not supported : Dmpu
2024-07-22 08:45:01,058 [ERROR] ConditionMgr:805 - Attr not supported : Dmpu
2024-07-22 08:45:01,058 [ERROR] ConditionMgr:805 - Attr not supported : Dmpu
2024-07-22 08:45:01,058 [ERROR] ConditionMgr:805 - Attr not supported : Dmpu
2024-07-22 08:45:01,058 [ERROR] ConditionMgr:805 - Attr not supported : Dmpu
2024-07-22 08:45:01,058 [ERROR] ConditionMgr:805 - Attr not supported : Dmpu
2024-07-22 08:45:01,058 [ERROR] ConditionMgr:805 - Attr not supported : Dmpu
2024-07-22 08:45:01,058 [ERROR] ConditionMgr:805 - Attr not supported : Dmpu
2024-07-22 08:45:01,058 [ERROR] ConditionMgr:805 - Attr not supported : Dmpu
2024-07-22 08:45:01,058 [ERROR] ConditionMgr:805 - Attr not supported : Dmpu
2024-07-22 08:45:01,058 [ERROR] ConditionMgr:805 - Attr not supported : Dmpu
2024-07-22 08:45:01,058 [ERROR] ConditionMgr:805 - Attr not supported : Dmpu
2024-07-22 08:45:01,059 [ERROR] ConditionMgr:805 - Attr not supported : Dmpu
2024-07-22 08:45:01,059 [ERROR] ConditionMgr:805 - Attr not supported : Dmpu
2024-07-22 08:45:01,059 [ERROR] ConditionMgr:805 - Attr not supported : Dmpu
2024-07-22 08:45:01,059 [ERROR] ConditionMgr:805 - Attr not supported : Dmpu
2024-07-22 08:45:01,059 [ERROR] ConditionMgr:805 - Attr not supported : Dmpu
2024-07-22 08:45:01,059 [ERROR] ConditionMgr:805 - Attr not supported : Dmpu
2024-07-22 08:45:01,059 [ERROR] ConditionMgr:805 - Attr not supported : Dmpu
2024-07-22 08:45:01,059 [ERROR] ConditionMgr:805 - Attr not supported : Dmpu
2024-07-22 08:45:01,059 [ERROR] ConditionMgr:805 - Attr not supported : Dmpu
2024-07-22 08:45:01,059 [ERROR] ConditionMgr:805 - Attr not supported : Dmpu
2024-07-22 08:45:01,059 [ERROR] ConditionMgr:805 - Attr not supported : Dmpu
2024-07-22 08:45:01,059 [ERROR] ConditionMgr:805 - Attr not supported : Dmpu
2024-07-22 08:45:01,059 [ERROR] ConditionMgr:805 - Attr not supported : Dmpu
2024-07-22 08:45:01,060 [ERROR] ConditionMgr:805 - Attr not supported : Dmpu
2024-07-22 08:45:01,060 [ERROR] ConditionMgr:805 - Attr not supported : Dmpu
2024-07-22 08:45:01,060 [ERROR] ConditionMgr:805 - Attr not supported : Dmpu
2024-07-22 08:45:01,060 [ERROR] ConditionMgr:805 - Attr not supported : Dmpu
2024-07-22 08:45:01,060 [ERROR] ConditionMgr:805 - Attr not supported : Dmpu
2024-07-22 08:45:01,060 [ERROR] ConditionMgr:805 - Attr not supported : Dmpu
2024-07-22 08:45:01,060 [ERROR] ConditionMgr:805 - Attr not supported : Dmpu
2024-07-22 08:45:01,060 [ERROR] ConditionMgr:805 - Attr not supported : Dmpu
2024-07-22 08:45:01,060 [ERROR] ConditionMgr:805 - Attr not supported : Dmpu
2024-07-22 08:45:01,060 [ERROR] ConditionMgr:805 - Attr not supported : Dmpu
2024-07-22 08:45:01,060 [ERROR] ConditionMgr:805 - Attr not supported : Dmpu
2024-07-22 08:45:01,060 [ERROR] ConditionMgr:805 - Attr not supported : Dmpu
2024-07-22 08:45:01,060 [ERROR] ConditionMgr:805 - Attr not supported : Dmpu
2024-07-22 08:45:01,061 [ERROR] ConditionMgr:805 - Attr not supported : Dmpu
2024-07-22 08:45:01,061 [ERROR] ConditionMgr:805 - Attr not supported : Dmpu
2024-07-22 08:45:01,061 [ERROR] ConditionMgr:805 - Attr not supported : Dmpu
2024-07-22 08:45:01,065 [WARN] PackLoader:240 - Cannot read IP mode file for RealThread.X-CUBE-RT-Thread_Nano.4.1.1
2024-07-22 08:45:01,068 [WARN] PackLoader:240 - Cannot read IP mode file for STMicroelectronics.FP-ATR-SIGFOX1.3.2.0
2024-07-22 08:45:01,073 [WARN] PackLoader:240 - Cannot read IP mode file for STMicroelectronics.X-CUBE-EEPRMA1.5.1.0
2024-07-22 08:45:01,107 [WARN] PackLoader:240 - Cannot read IP mode file for SEGGER.I-CUBE-embOS.1.3.1
2024-07-22 08:45:01,147 [WARN] PackLoader:240 - Cannot read IP mode file for STMicroelectronics.X-CUBE-ALGOBUILD.1.4.0
2024-07-22 08:45:01,151 [WARN] PackLoader:240 - Cannot read IP mode file for STMicroelectronics.X-CUBE-GNSS1.6.0.0
2024-07-22 08:45:01,166 [WARN] PackLoader:240 - Cannot read IP mode file for STMicroelectronics.X-CUBE-AZRTOS-F4.1.1.0
2024-07-22 08:45:01,172 [WARN] PackLoader:240 - Cannot read IP mode file for STMicroelectronics.X-CUBE-FREERTOS.1.2.0
2024-07-22 08:45:01,175 [WARN] PackLoader:240 - Cannot read IP mode file for wolfSSL.I-CUBE-wolfSSL.5.6.6
2024-07-22 08:45:01,187 [WARN] PackLoader:240 - Cannot read IP mode file for STMicroelectronics.X-CUBE-AZRTOS-L5.2.0.0
2024-07-22 08:45:01,195 [WARN] PackLoader:240 - Cannot read IP mode file for STMicroelectronics.X-CUBE-NFC6.3.1.0
2024-07-22 08:45:01,200 [WARN] PackLoader:240 - Cannot read IP mode file for ITTIA_DB.I-CUBE-ITTIADB.8.8.0
2024-07-22 08:45:01,204 [WARN] PackLoader:240 - Cannot read IP mode file for STMicroelectronics.X-CUBE-DPower.1.2.0
2024-07-22 08:45:01,207 [WARN] PackLoader:240 - Cannot read IP mode file for STMicroelectronics.X-CUBE-AI.9.0.0
2024-07-22 08:45:01,210 [WARN] PackLoader:240 - Cannot read IP mode file for STMicroelectronics.X-CUBE-NFC7.1.0.1
2024-07-22 08:45:01,213 [WARN] PackLoader:240 - Cannot read IP mode file for wolfSSL.I-CUBE-wolfTPM.3.2.0
2024-07-22 08:45:01,217 [WARN] PackLoader:240 - Cannot read IP mode file for STMicroelectronics.X-CUBE-NFC6.3.0.0
2024-07-22 08:45:01,221 [WARN] PackLoader:240 - Cannot read IP mode file for STMicroelectronics.X-CUBE-AI.8.1.0
2024-07-22 08:45:01,237 [WARN] ConditionMgr:438 - getConditionDescription Invalid condition id : LAN8742 Phy interface Condition cause : null
2024-07-22 08:45:01,237 [WARN] PackLoader:240 - Cannot read IP mode file for STMicroelectronics.X-CUBE-AZRTOS-L4.2.0.0
2024-07-22 08:45:01,239 [WARN] ConditionMgr:1039 - genDependencies : Invalid condition id : LAN8742 Phy interface Condition cause : null
2024-07-22 08:45:01,239 [WARN] ConditionMgr:1039 - genDependencies : Invalid condition id : LAN8742 Phy interface Condition cause : null
2024-07-22 08:45:01,239 [WARN] ConditionMgr:1039 - genDependencies : Invalid condition id : LAN8742 Phy interface Condition cause : null
2024-07-22 08:45:01,245 [WARN] PackLoader:240 - Cannot read IP mode file for STMicroelectronics.X-CUBE-SFXS2LP1.4.0.0
2024-07-22 08:45:01,256 [WARN] ConditionMgr:438 - getConditionDescription Invalid condition id : UX DEVICE CLASS RTOS Condition cause : null
2024-07-22 08:45:01,257 [WARN] ConditionMgr:438 - getConditionDescription Invalid condition id : UX DEVICE CLASS RTOS Condition cause : null
2024-07-22 08:45:01,259 [WARN] PackLoader:240 - Cannot read IP mode file for STMicroelectronics.X-CUBE-AZRTOS-WB.2.0.0
2024-07-22 08:45:01,260 [WARN] ConditionMgr:1039 - genDependencies : Invalid condition id : UX DEVICE CLASS RTOS Condition cause : null
2024-07-22 08:45:01,260 [WARN] ConditionMgr:1039 - genDependencies : Invalid condition id : UX DEVICE CLASS RTOS Condition cause : null
2024-07-22 08:45:01,260 [WARN] ConditionMgr:1039 - genDependencies : Invalid condition id : UX DEVICE CLASS RTOS Condition cause : null
2024-07-22 08:45:01,260 [WARN] ConditionMgr:1039 - genDependencies : Invalid condition id : UX DEVICE CLASS RTOS Condition cause : null
2024-07-22 08:45:01,260 [WARN] ConditionMgr:1039 - genDependencies : Invalid condition id : UX DEVICE CLASS RTOS Condition cause : null
2024-07-22 08:45:01,264 [WARN] PackLoader:240 - Cannot read IP mode file for STMicroelectronics.FP-SNS-STBOX1.2.0.0
2024-07-22 08:45:01,275 [WARN] PackLoader:240 - Cannot read IP mode file for STMicroelectronics.X-CUBE-SUBG2.5.0.0
2024-07-22 08:45:01,283 [WARN] PackLoader:240 - Cannot read IP mode file for Cesanta.I-CUBE-Mongoose.7.13.0
2024-07-22 08:45:01,295 [WARN] PackLoader:240 - Cannot read IP mode file for STMicroelectronics.X-CUBE-AZRTOS-G4.2.0.0
2024-07-22 08:45:01,308 [WARN] PackLoader:240 - Cannot read IP mode file for Infineon.AIROC-Wi-Fi-Bluetooth-STM32.1.5.1
2024-07-22 08:45:01,314 [WARN] PackLoader:240 - Cannot read IP mode file for STMicroelectronics.FP-SNS-MOTENVWB1.1.3.1
2024-07-22 08:45:01,317 [WARN] PackLoader:240 - Cannot read IP mode file for STMicroelectronics.X-CUBE-ISPU.2.0.0
2024-07-22 08:45:01,321 [WARN] PackLoader:240 - Cannot read IP mode file for STMicroelectronics.X-CUBE-ALS.1.0.2
2024-07-22 08:45:01,357 [WARN] PackLoader:240 - Cannot read IP mode file for STMicroelectronics.X-CUBE-MEMS1.10.0.0
2024-07-22 08:45:01,474 [WARN] PackLoader:240 - Cannot read IP mode file for STMicroelectronics.X-CUBE-FREERTOS.1.1.0
2024-07-22 08:45:01,477 [WARN] PackLoader:240 - Cannot read IP mode file for STMicroelectronics.X-CUBE-TOUCHGFX.4.24.0
2024-07-22 08:45:01,481 [WARN] PackLoader:240 - Cannot read IP mode file for portGmbH.I-Cube-SoM-uGOAL.1.1.0
2024-07-22 08:45:01,483 [WARN] PackLoader:240 - Cannot read IP mode file for STMicroelectronics.X-CUBE-ALS.1.0.1
2024-07-22 08:45:01,514 [WARN] PackLoader:240 - Cannot read IP mode file for STMicroelectronics.X-CUBE-AZRTOS-H7RS.1.0.0
2024-07-22 08:45:01,518 [WARN] PackLoader:240 - Cannot read IP mode file for STMicroelectronics.FP-ATR-ASTRA1.2.0.0
2024-07-22 08:45:01,525 [WARN] PackLoader:240 - Cannot read IP mode file for STMicroelectronics.X-CUBE-TOF1.3.4.1
2024-07-22 08:45:01,552 [WARN] PackLoader:240 - Cannot read IP mode file for STMicroelectronics.X-CUBE-AZRTOS-H7.3.2.0
2024-07-22 08:45:01,556 [WARN] PackLoader:240 - Cannot read IP mode file for wolfSSL.I-CUBE-wolfSSH.1.4.17
2024-07-22 08:45:01,557 [INFO] ThirdParty:978 - Integrity check success = true
2024-07-22 08:45:01,557 [INFO] IntegrityCheckThread:100 - exiting critical section [integrity check]
2024-07-22 08:45:01,557 [INFO] IntegrityCheckThread:103 - End integrity checks thread
2024-07-22 09:05:31,761 [INFO] McuFinderGlobals:63 - Set McuFinder mode to 2 (CubeIDE integrated)
2024-07-22 09:05:31,765 [INFO] MainUpdater:2873 - connection check result : 10
2024-07-22 09:05:31,766 [INFO] MainUpdater:2873 - connection check result : 10
2024-07-22 09:05:32,103 [INFO] MicroXplorer:468 - Change Database Path : 
2024-07-22 09:05:32,103 [INFO] MicroXplorer:498 - Change Database Version : DB.6.0.111
2024-07-22 09:05:32,113 [WARN] ThirdParty:871 - waiting for thirdparty lock release [close project]
2024-07-22 09:05:32,113 [INFO] ThirdParty:873 - entering critical section [close project]
2024-07-22 09:05:32,113 [INFO] ThirdParty:883 - exiting critical section [close project]
2024-07-22 09:05:32,114 [INFO] PinOutPanel:1561 - setPackage(No Configuration,No Configuration)
2024-07-22 09:05:32,117 [INFO] UtilMem:75 - Begin LoadConfig() Used Memory: 852952400 Bytes (1073741824)
2024-07-22 09:05:32,117 [INFO] MicroXplorer:468 - Change Database Path : 
2024-07-22 09:05:32,118 [INFO] MicroXplorer:498 - Change Database Version : DB.6.0.111
2024-07-22 09:05:32,118 [INFO] OpenFileManager:312 - Change cursor
2024-07-22 09:05:32,141 [INFO] Mcu:2021 - Initializing MCU STM32F767ZITx STM32F767ZITx STM32F767ZIT6
2024-07-22 09:05:34,139 [INFO] Context:663 - Trying to add GPIOservice into a context  which must be forbidden
2024-07-22 09:05:34,822 [INFO] RtosManager:555 - Registered RTOS mode: class=CMSIS, group=RTOS, mode=CMSIS_V1, owner=FREERTOS
2024-07-22 09:05:34,822 [INFO] RtosManager:555 - Registered RTOS mode: class=CMSIS, group=RTOS2, mode=CMSIS_V2, owner=FREERTOS
2024-07-22 09:05:34,822 [INFO] RtosManager:555 - Registered RTOS mode: class=RTOS, group=Core, mode=CMSIS_V1, owner=FREERTOS
2024-07-22 09:05:34,822 [INFO] RtosManager:555 - Registered RTOS mode: class=RTOS, group=Core, mode=CMSIS_V2, owner=FREERTOS
2024-07-22 09:05:34,823 [WARN] ModelIntegratedComponent:184 - Missing modes for component STMicroelectronics:FreeRTOS:0.0.1:STMicroelectronics:RTOS:FreeRTOS:Core:::10.2.0:
2024-07-22 09:05:34,838 [WARN] ModelIntegratedComponent:63 - No mode defined for component null
2024-07-22 09:05:34,838 [WARN] ModelIntegratedComponent:63 - No mode defined for component null
2024-07-22 09:05:34,838 [WARN] ModelIntegratedComponent:63 - No mode defined for component null
2024-07-22 09:05:34,838 [WARN] ModelIntegratedComponent:63 - No mode defined for component null
2024-07-22 09:05:34,839 [WARN] ModelIntegratedComponent:63 - No mode defined for component null
2024-07-22 09:05:34,839 [WARN] ModelIntegratedComponent:63 - No mode defined for component null
2024-07-22 09:05:34,839 [WARN] ModelIntegratedComponent:63 - No mode defined for component null
2024-07-22 09:05:34,839 [WARN] ModelIntegratedComponent:63 - No mode defined for component null
2024-07-22 09:05:34,839 [WARN] ModelIntegratedComponent:63 - No mode defined for component null
2024-07-22 09:05:34,839 [WARN] ModelIntegratedComponent:63 - No mode defined for component null
2024-07-22 09:05:34,839 [WARN] ModelIntegratedComponent:63 - No mode defined for component null
2024-07-22 09:05:34,839 [WARN] ModelIntegratedComponent:63 - No mode defined for component null
2024-07-22 09:05:34,839 [WARN] ModelIntegratedComponent:63 - No mode defined for component null
2024-07-22 09:05:34,839 [WARN] ModelIntegratedComponent:63 - No mode defined for component null
2024-07-22 09:05:34,839 [WARN] ModelIntegratedComponent:63 - No mode defined for component null
2024-07-22 09:05:34,840 [WARN] ModelIntegratedComponent:63 - No mode defined for component null
2024-07-22 09:05:34,840 [WARN] ModelIntegratedComponent:63 - No mode defined for component null
2024-07-22 09:05:34,840 [WARN] ModelIntegratedComponent:63 - No mode defined for component null
2024-07-22 09:05:34,840 [WARN] ModelIntegratedComponent:63 - No mode defined for component null
2024-07-22 09:05:34,840 [WARN] ModelIntegratedComponent:63 - No mode defined for component null
2024-07-22 09:05:34,840 [WARN] ModelIntegratedComponent:63 - No mode defined for component null
2024-07-22 09:05:34,840 [WARN] ModelIntegratedComponent:63 - No mode defined for component null
2024-07-22 09:05:34,840 [WARN] ModelIntegratedComponent:63 - No mode defined for component null
2024-07-22 09:05:34,841 [WARN] ModelIntegratedComponent:63 - No mode defined for component null
2024-07-22 09:05:34,841 [WARN] ModelIntegratedComponent:63 - No mode defined for component null
2024-07-22 09:05:34,841 [WARN] ModelIntegratedComponent:63 - No mode defined for component null
2024-07-22 09:05:34,841 [WARN] ModelIntegratedComponent:63 - No mode defined for component null
2024-07-22 09:05:34,841 [WARN] ModelIntegratedComponent:63 - No mode defined for component null
2024-07-22 09:05:34,841 [WARN] ModelIntegratedComponent:63 - No mode defined for component null
2024-07-22 09:05:34,841 [WARN] ModelIntegratedComponent:63 - No mode defined for component null
2024-07-22 09:05:34,841 [WARN] ModelIntegratedComponent:63 - No mode defined for component null
2024-07-22 09:05:34,841 [WARN] ModelIntegratedComponent:63 - No mode defined for component null
2024-07-22 09:05:34,841 [WARN] ModelIntegratedComponent:63 - No mode defined for component null
2024-07-22 09:05:34,841 [WARN] ModelIntegratedComponent:63 - No mode defined for component null
2024-07-22 09:05:34,927 [INFO] ThirdPartyModel:298 - Start build external matchings
2024-07-22 09:05:35,341 [INFO] ThirdPartyModel:316 - End build external matchings
2024-07-22 09:05:35,361 [INFO] ImportTextPane:194 - (OptionalMessage_ERROR) IP (ETH) : Invalid parameter (PHY_Name)
2024-07-22 09:05:35,361 [INFO] ImportTextPane:194 - (OptionalMessage_ERROR) IP (ETH) : Invalid parameter (PHY_Value)
2024-07-22 09:05:35,361 [INFO] ImportTextPane:194 - (OptionalMessage_ERROR) IP (ETH) : Invalid parameter (PhyAddress)
2024-07-22 09:05:35,363 [INFO] ImportTextPane:194 - (OptionalMessage_ERROR) IP (RCC) : Invalid parameter (48MHZClocksFreq_Value)
2024-07-22 09:05:35,364 [INFO] ImportTextPane:194 - (OptionalMessage_ERROR) IP (RCC) : Invalid parameter (ADC12outputFreq_Value)
2024-07-22 09:05:35,364 [INFO] ImportTextPane:194 - (OptionalMessage_ERROR) IP (RCC) : Invalid parameter (ADC34outputFreq_Value)
2024-07-22 09:05:35,364 [INFO] ImportTextPane:194 - (OptionalMessage_ERROR) IP (RCC) : Invalid parameter (FamilyName)
2024-07-22 09:05:35,364 [INFO] ImportTextPane:194 - (OptionalMessage_ERROR) IP (RCC) : Invalid parameter (I2SClocksFreq_Value)
2024-07-22 09:05:35,364 [INFO] ImportTextPane:194 - (OptionalMessage_ERROR) IP (RCC) : Invalid parameter (LCDTFToutputFreq_Value)
2024-07-22 09:05:35,364 [INFO] ImportTextPane:194 - (OptionalMessage_ERROR) IP (RCC) : Invalid parameter (MCOFreq_Value)
2024-07-22 09:05:35,365 [INFO] ImportTextPane:194 - (OptionalMessage_ERROR) IP (RCC) : Invalid parameter (PLLMCOFreq_Value)
2024-07-22 09:05:35,365 [INFO] ImportTextPane:194 - (OptionalMessage_ERROR) IP (RCC) : Invalid parameter (PLLMUL)
2024-07-22 09:05:35,365 [INFO] ImportTextPane:194 - (OptionalMessage_ERROR) IP (RCC) : Invalid parameter (PRESCALERUSB)
2024-07-22 09:05:35,365 [INFO] ImportTextPane:194 - (OptionalMessage_ERROR) IP (RCC) : Invalid parameter (RTCHSEDivFreq_Value)
2024-07-22 09:05:35,365 [INFO] ImportTextPane:194 - (OptionalMessage_ERROR) IP (RCC) : Parameter (SDMMC2Freq_Value) has invalid value (96000000)
2024-07-22 09:05:35,366 [INFO] ImportTextPane:194 - (OptionalMessage_ERROR) IP (RCC) : Parameter (SDMMCFreq_Value) has invalid value (96000000)
2024-07-22 09:05:35,366 [INFO] ImportTextPane:194 - (OptionalMessage_ERROR) IP (RCC) : Invalid parameter (SYSCLKSourceVirtual)
2024-07-22 09:05:35,366 [INFO] ImportTextPane:194 - (OptionalMessage_ERROR) IP (RCC) : Invalid parameter (TIM15Freq_Value)
2024-07-22 09:05:35,366 [INFO] ImportTextPane:194 - (OptionalMessage_ERROR) IP (RCC) : Invalid parameter (TIM16Freq_Value)
2024-07-22 09:05:35,366 [INFO] ImportTextPane:194 - (OptionalMessage_ERROR) IP (RCC) : Invalid parameter (TIM17Freq_Value)
2024-07-22 09:05:35,366 [INFO] ImportTextPane:194 - (OptionalMessage_ERROR) IP (RCC) : Invalid parameter (TIM1Freq_Value)
2024-07-22 09:05:35,366 [INFO] ImportTextPane:194 - (OptionalMessage_ERROR) IP (RCC) : Invalid parameter (TIM20Freq_Value)
2024-07-22 09:05:35,366 [INFO] ImportTextPane:194 - (OptionalMessage_ERROR) IP (RCC) : Invalid parameter (TIM2Freq_Value)
2024-07-22 09:05:35,366 [INFO] ImportTextPane:194 - (OptionalMessage_ERROR) IP (RCC) : Invalid parameter (TIM3Freq_Value)
2024-07-22 09:05:35,366 [INFO] ImportTextPane:194 - (OptionalMessage_ERROR) IP (RCC) : Invalid parameter (TIM8Freq_Value)
2024-07-22 09:05:35,367 [INFO] ImportTextPane:194 - (OptionalMessage_ERROR) IP (RCC) : Invalid parameter (VCOOutput2Freq_Value)
2024-07-22 09:05:35,367 [INFO] ImportTextPane:194 - (OptionalMessage_ERROR) IP (RCC) : Invalid parameter (VcooutputI2S)
2024-07-22 09:05:36,182 [INFO] ApiDb:581 - Connected to CubeFinder SQLite database (/Users/james/.stmcufinder/plugins/mcufinder/mcu/cube-finder-db.db)
2024-07-22 09:05:36,281 [INFO] ApiDb:668 - CubeFinder database Data Model version=2.1
2024-07-22 09:05:36,282 [INFO] ApiDb:669 - CubeFinder database Configuration version=3.0.39
2024-07-22 09:05:36,283 [INFO] ApiDb:670 - CubeFinder database generation date=2024-05-16 (1715872938)
2024-07-22 09:05:36,283 [INFO] ApiDb:671 - CubeFinder database FW Pack versions=[FP-ATR-ASTRA1_V2.0.0, FP-SNS-FLIGHT1_V5.0.1, FP-SNS-FLIGHT1_V5.0.2, FP-SNS-MOTENV1_V4.3.1, FP-SNS-MOTENV1_V4.3.2, FP-SNS-MOTENV1_V5.0.0, FP-SNS-MOTENVWB1_V1.4.0, FP-SNS-SMARTAG2_V1.2.0, STM32Cube_FW_C0_V1.1.0, STM32Cube_FW_F4_V1.28.0, STM32Cube_FW_F7_V1.17.0, STM32Cube_FW_G0_V1.6.2, STM32Cube_FW_G4_V1.5.2, STM32Cube_FW_H5_V0.5.1, STM32Cube_FW_H5_V1.1.1, STM32Cube_FW_H5_V1.2.0, STM32Cube_FW_H5_V1.2.0RC4, STM32Cube_FW_H7RS_V1.0.0, STM32Cube_FW_H7RS_V1.0.0RC4, STM32Cube_FW_H7_V1.11.0, STM32Cube_FW_L0_V1.12.2, STM32Cube_FW_L5_V1.5.1, STM32Cube_FW_U0_V1.0.0, STM32Cube_FW_U0_V1.0.0RC1, STM32Cube_FW_U5_V1.3.0RC4, STM32Cube_FW_U5_V1.5.0, STM32Cube_FW_U5_V1.5.0RC1, STM32Cube_FW_WBA_V1.0.0RC1, STM32Cube_FW_WBA_V1.2.0, STM32Cube_FW_WBA_V1.2.0RC2, STM32Cube_FW_WBA_V1.3.0, STM32Cube_FW_WBA_V1.3.0RC1, STM32Cube_FW_WB_V1.15.0RC1, STM32Cube_FW_WB_V1.16.0, STM32Cube_FW_WB_V1.16.0RC2, STM32Cube_FW_WB_V1.18.0, STM32Cube_FW_WB_V1.19.0, STM32Cube_FW_WL_V1.3.0, X-CUBE-ALGOBUILD_V1.4.0, X-CUBE-ALS_V1.0.1, X-CUBE-AZRTOS-F4_V1.1.0, X-CUBE-AZRTOS-F7_V1.1.0, X-CUBE-AZRTOS-G0_V1.1.0, X-CUBE-AZRTOS-G4_V2.0.0, X-CUBE-AZRTOS-H7_V3.2.0, X-CUBE-AZRTOS-L4_V1.0.0, X-CUBE-AZRTOS-L4_V2.0.0, X-CUBE-AZRTOS-L5_V1.1.0, X-CUBE-AZRTOS-WB_V2.0.0, X-CUBE-AZRTOS-WL_V2.0.0, X-CUBE-BLE1_V7.0.0, X-CUBE-BLE2_V3.3.0, X-CUBE-BLEMGR_V3.1.0, X-CUBE-EEPRMA1_V4.1.0, X-CUBE-EEPRMA1_V5.1.0, X-CUBE-FREERTOS_V1.1.0, X-CUBE-GNSS1_V6.0.0, X-CUBE-MEMS1_V10.0.0, X-CUBE-MEMS1_V9.1.0, X-CUBE-MEMS1_V9.4.0, X-CUBE-MEMS1_V9.6.0, X-CUBE-NFC4_V3.0.0, X-CUBE-NFC7_V1.0.1, X-CUBE-SFXS2LP1_V4.0.0, X-CUBE-SUBG2_V5.0.0, X-CUBE-TOF1_V3.4.0]
2024-07-22 09:05:36,435 [INFO] DbBoardsSqlite:226 - include board P-NUCLEO-WB55-NUCLEO as a kit item of type 'Nucleo-64'
2024-07-22 09:05:36,436 [INFO] DbBoardsSqlite:226 - include board P-NUCLEO-WB55-USBDONGLE as a kit item of type 'Nucleo USB Dongle'
2024-07-22 09:05:36,437 [INFO] DbBoardsSqlite:226 - include board STEVAL-IDP005V1 as a kit item of type 'Evaluation Board'
2024-07-22 09:05:36,437 [INFO] DbBoardsSqlite:226 - include board STEVAL-IDP005V2 as a kit item of type 'Evaluation Board'
2024-07-22 09:05:36,754 [INFO] ApiDb:240 - Found 483 in-development CPN: [B-G473E-ZEST1S, B-WB1M-WPAN1, B-WL5M-SUBG1, NUCLEO-C031C6, NUCLEO-H503RB, NUCLEO-H533RE, NUCLEO-H563ZI, NUCLEO-H7S3L8, NUCLEO-U031R8, NUCLEO-U083RC, NUCLEO-U545RE-Q, NUCLEO-U5A5ZJ-Q, NUCLEO-WBA52CG, NUCLEO-WBA55CG, STEVAL-PROTEUS1, STEVAL-SMARTAG2, STEVAL-STWINBX1, STM320518-EVAL, STM32C0116-DK, STM32C011D6Y3TR, STM32C011D6Y6TR, STM32C011F4P3, STM32C011F4P6, STM32C011F4U3, STM32C011F4U6TR, STM32C011F6P3, STM32C011F6P6, STM32C011F6U3, STM32C011F6U6TR, STM32C011J4M3, STM32C011J4M6, STM32C011J6M3, STM32C011J6M6, STM32C0316-DK, STM32C031C4T3, STM32C031C4T6, STM32C031C4U3, STM32C031C4U6, STM32C031C6T3, STM32C031C6T6, STM32C031C6U3, STM32C031C6U6, STM32C031F4P3, STM32C031F4P6, STM32C031F6P3, STM32C031F6P6, STM32C031G4U3, STM32C031G4U6, STM32C031G6U3, STM32C031G6U6, STM32C031K4T3, STM32C031K4T6, STM32C031K4U3, STM32C031K4U6, STM32C031K6T3, STM32C031K6T6, STM32C031K6U3, STM32C031K6U6, STM32G071K8TXN, STM32G071K8UXN, STM32G081GBU6N, STM32G081KBT6N, STM32G081KBUXN, STM32G0B1CCT6N, STM32G0B1KCT6, STM32G0B1NEY6TR, STM32G0B1RCT6N, STM32G0C1CCT6, STM32G0C1CCT6N, STM32G0C1CCU6N, STM32G0C1CET6N, STM32G0C1CEU6N, STM32G0C1KCT6, STM32G0C1NEY6TR, STM32G0C1RCI6N, STM32G0C1RCT6N, STM32G0C1REI6N, STM32G0C1RET6N, STM32G0C1VCI6, STM32G0C1VEI6, STM32G471CCT6, STM32G471CCU6, STM32G471CET3, STM32G471CET6, STM32G471CEU3, STM32G471CEU6, STM32G471MCT6, STM32G471MET3, STM32G471MET6, STM32G471MEY6TR, STM32G471QCT6, STM32G471QET3, STM32G471RCT6, STM32G471RET3, STM32G471RET6, STM32G471VCH6, STM32G471VCI6, STM32G471VCT6, STM32G471VEH3, STM32G471VEH6, STM32G471VEI3, STM32G471VEI6, STM32G471VET3, STM32G471VET6, STM32G474CCT6, STM32H503CBT6, STM32H503CBU6, STM32H503EBY6TR, STM32H503KBU6, STM32H503RBT6, STM32H523CCT6, STM32H523CCU6, STM32H523CET6, STM32H523CEU6, STM32H523HEY6TR, STM32H523RCT6, STM32H523RET6, STM32H523VCI6, STM32H523VCT6, STM32H523VEI6, STM32H523VET6, STM32H523ZCJ6, STM32H523ZCT6, STM32H523ZEJ6, STM32H523ZET6, STM32H533CET6, STM32H533CEU6, STM32H533HEY6TR, STM32H533RET6, STM32H533VEI6, STM32H533VET6, STM32H533ZEJ6, STM32H533ZET6, STM32H562AGI6, STM32H562AII6, STM32H562IGK6, STM32H562IGT6, STM32H562IIK6, STM32H562IIT6, STM32H562RGT6, STM32H562RGV6, STM32H562RIT6, STM32H562RIV6, STM32H562VGT6, STM32H562VIT6, STM32H562ZGT6, STM32H562ZIT6, STM32H563AGI6, STM32H563AII3Q, STM32H563AII6, STM32H563IGK6, STM32H563IGT6, STM32H563IIK3Q, STM32H563IIK6, STM32H563IIT3Q, STM32H563IIT6, STM32H563MIY3QTR, STM32H563RGT6, STM32H563RGV6, STM32H563RIT6, STM32H563RIV6, STM32H563VGT6, STM32H563VIT3Q, STM32H563VIT6, STM32H563ZGT6, STM32H563ZIT3Q, STM32H563ZIT6, STM32H573AII3Q, STM32H573AII6, STM32H573I-DK, STM32H573IIK3Q, STM32H573IIK6, STM32H573IIT3Q, STM32H573IIT6, STM32H573MIY3QTR, STM32H573RIT6, STM32H573RIV6, STM32H573VIT3Q, STM32H573VIT6, STM32H573ZIT3Q, STM32H573ZIT6, STM32H7R3A8I6, STM32H7R3I8K6, STM32H7R3I8T6, STM32H7R3L8H6, STM32H7R3L8H6H, STM32H7R3R8V6, STM32H7R3V8H6, STM32H7R3V8T6, STM32H7R3V8Y6, STM32H7R3Z8J6, STM32H7R3Z8T6, STM32H7R7A8I6, STM32H7R7I8K6, STM32H7R7I8T6, STM32H7R7L8H6, STM32H7R7L8H6H, STM32H7R7Z8J6, STM32H7S3A8I6, STM32H7S3I8K6, STM32H7S3I8T6, STM32H7S3L8H6, STM32H7S3L8H6H, STM32H7S3R8V6, STM32H7S3V8H6, STM32H7S3V8T6, STM32H7S3V8Y6, STM32H7S3Z8J6, STM32H7S3Z8T6, STM32H7S78-DK, STM32H7S7A8I6, STM32H7S7I8K6, STM32H7S7I8T6, STM32H7S7L8H6, STM32H7S7L8H6H, STM32H7S7Z8J6, STM32L4R5QGI6STR, STM32MP131AAE3, STM32MP131AAF3, STM32MP131AAG3, STM32MP131CAE3, STM32MP131CAF3, STM32MP131CAG3, STM32MP131DAE7, STM32MP131DAF7, STM32MP131DAG7, STM32MP131FAE7, STM32MP131FAF7, STM32MP131FAG7, STM32MP133AAE3, STM32MP133AAF3, STM32MP133AAG3, STM32MP133CAE3, STM32MP133CAF3, STM32MP133CAG3, STM32MP133DAE7, STM32MP133DAF7, STM32MP133DAG7, STM32MP133FAE7, STM32MP133FAF7, STM32MP133FAG7, STM32MP135AAE3, STM32MP135AAF3, STM32MP135AAG3, STM32MP135CAE3, STM32MP135CAF3, STM32MP135CAG3, STM32MP135DAE7, STM32MP135DAF7, STM32MP135DAG7, STM32MP135F-DK, STM32MP135FAE7, STM32MP135FAF7, STM32MP135FAF7T, STM32MP135FAF7U, STM32MP135FAG7, STM32U031C6T6, STM32U031C6U6, STM32U031C8T6, STM32U031C8U6, STM32U031F4P6, STM32U031F6P6, STM32U031F8P6, STM32U031G6Y6TR, STM32U031G8Y6TR, STM32U031K4U6, STM32U031K6U6, STM32U031K8U6, STM32U031R6I6, STM32U031R6T6, STM32U031R8I6, STM32U031R8T6, STM32U073C8T6, STM32U073C8U6, STM32U073CBT6, STM32U073CBU6, STM32U073CCT6, STM32U073CCU6, STM32U073H8Y6TR, STM32U073HBY6TR, STM32U073HCY6TR, STM32U073K8U6, STM32U073KBU6, STM32U073KCU6, STM32U073M8I6, STM32U073M8T6, STM32U073MBI6, STM32U073MBT6, STM32U073MCI6, STM32U073MCT6, STM32U073R8I6, STM32U073R8T6, STM32U073RBI6, STM32U073RBT6, STM32U073RCI6, STM32U073RCT6, STM32U083C-DK, STM32U083CCT6, STM32U083CCU6, STM32U083HCY6TR, STM32U083KCU6, STM32U083MCI6, STM32U083MCT6, STM32U083RCI6, STM32U083RCT6, STM32U535CBT6, STM32U535CBT6Q, STM32U535CBU6, STM32U535CBU6Q, STM32U535CCT6, STM32U535CCT6Q, STM32U535CCU6, STM32U535CCU6Q, STM32U535CET6, STM32U535CET6Q, STM32U535CEU6, STM32U535CEU6Q, STM32U535JEY6QTR, STM32U535NCY6QTR, STM32U535NEY6QTR, STM32U535RBI6, STM32U535RBI6Q, STM32U535RBT6, STM32U535RBT6Q, STM32U535RCI6, STM32U535RCI6Q, STM32U535RCT6, STM32U535RCT6Q, STM32U535REI6, STM32U535REI6Q, STM32U535RET6, STM32U535RET6Q, STM32U535VCI6, STM32U535VCI6Q, STM32U535VCT6, STM32U535VCT6Q, STM32U535VEI6, STM32U535VEI6Q, STM32U535VET6, STM32U535VET6Q, STM32U545CET6, STM32U545CET6Q, STM32U545CEU6, STM32U545CEU6Q, STM32U545JEY6QTR, STM32U545NEY6QTR, STM32U545REI6, STM32U545REI6Q, STM32U545RET6, STM32U545RET6Q, STM32U545VEI6, STM32U545VEI6Q, STM32U545VET6, STM32U545VET6Q, STM32U595AIH6, STM32U595AIH6Q, STM32U595AJH6, STM32U595AJH6Q, STM32U595QII6, STM32U595QII6Q, STM32U595QJI6, STM32U595QJI6Q, STM32U595RIT6, STM32U595RIT6Q, STM32U595RJT6, STM32U595RJT6Q, STM32U595VIT6, STM32U595VIT6Q, STM32U595VJT6, STM32U595VJT6Q, STM32U595ZIT6, STM32U595ZIT6Q, STM32U595ZIY6QTR, STM32U595ZJT6, STM32U595ZJT6Q, STM32U595ZJY6QTR, STM32U599BJY6QTR, STM32U599NIH6Q, STM32U599NJH6Q, STM32U599VIT6Q, STM32U599VJT6, STM32U599VJT6Q, STM32U599ZIT6Q, STM32U599ZIY6QTR, STM32U599ZJT6Q, STM32U599ZJY6QTR, STM32U5A5AJH6, STM32U5A5AJH6Q, STM32U5A5QII3Q , STM32U5A5QJI6, STM32U5A5QJI6Q, STM32U5A5RJT6, STM32U5A5RJT6Q, STM32U5A5VJT6, STM32U5A5VJT6Q, STM32U5A5ZJT6, STM32U5A5ZJT6Q, STM32U5A5ZJY6QTR, STM32U5A9BJY6QTR, STM32U5A9J-DK, STM32U5A9NJH6Q, STM32U5A9VJT6Q, STM32U5A9ZJT6Q, STM32U5A9ZJY6QTR, STM32U5F7VIT6, STM32U5F7VIT6Q, STM32U5F7VJT6, STM32U5F7VJT6Q, STM32U5F9BJY6QTR, STM32U5F9NJH6Q, STM32U5F9VIT6Q, STM32U5F9VJT6Q, STM32U5F9ZIJ6QTR, STM32U5F9ZIT6Q, STM32U5F9ZJJ6QTR, STM32U5F9ZJT6Q, STM32U5G7VJT6, STM32U5G7VJT6Q, STM32U5G9BJY6QTR, STM32U5G9J-DK1, STM32U5G9J-DK2, STM32U5G9NJH6Q, STM32U5G9VJT6Q, STM32U5G9ZJJ6QTR, STM32U5G9ZJT6Q, STM32WB1MMCH6, STM32WBA50KEU6, STM32WBA50KEU6TR, STM32WBA50KGU6, STM32WBA50KGU6TR, STM32WBA52CEU6, STM32WBA52CEU6TR, STM32WBA52CEU7, STM32WBA52CEU7TR, STM32WBA52CGU6, STM32WBA52CGU6TR, STM32WBA52CGU6U, STM32WBA52CGU7, STM32WBA52CGU7TR, STM32WBA52KEU6, STM32WBA52KEU6TR, STM32WBA52KGU6, STM32WBA52KGU6TR, STM32WBA54CEU6, STM32WBA54CEU6TR, STM32WBA54CEU7, STM32WBA54CEU7TR, STM32WBA54CGU6, STM32WBA54CGU6TR, STM32WBA54CGU7, STM32WBA54CGU7TR, STM32WBA54KEU6, STM32WBA54KEU6TR, STM32WBA54KEU7, STM32WBA54KEU7TR, STM32WBA54KGU6, STM32WBA54KGU6TR, STM32WBA54KGU7, STM32WBA54KGU7TR, STM32WBA55CEU6, STM32WBA55CEU6TR, STM32WBA55CEU7, STM32WBA55CEU7TR, STM32WBA55CGU6, STM32WBA55CGU6TR, STM32WBA55CGU6U, STM32WBA55CGU7, STM32WBA55CGU7TR, STM32WBA55G-DK1, STM32WBA55HEF6, STM32WBA55HEF7, STM32WBA55HGF6, STM32WBA55HGF7, STM32WBA55UEI6, STM32WBA55UEI6TR, STM32WBA55UEI7, STM32WBA55UEI7TR, STM32WBA55UGI6, STM32WBA55UGI6TR, STM32WBA55UGI7, STM32WBA55UGI7TR, STM32WL5MOCH6, STM32WL5MOCH6TR]
2024-07-22 09:05:36,882 [INFO] BoardInfo:889 - No configuration file found for board P-NUCLEO-WB55
2024-07-22 09:05:36,883 [INFO] DbBoards:161 - Kit is not supported: P-NUCLEO-WB55
2024-07-22 09:05:36,888 [INFO] BoardInfo:889 - No configuration file found for board STEVAL-BFA001V1B
2024-07-22 09:05:36,888 [INFO] DbBoards:161 - Kit is not supported: STEVAL-BFA001V1B
2024-07-22 09:05:36,889 [INFO] BoardInfo:889 - No configuration file found for board STEVAL-BFA001V2B
2024-07-22 09:05:36,889 [INFO] DbBoards:161 - Kit is not supported: STEVAL-BFA001V2B
2024-07-22 09:05:37,030 [INFO] DbBoards:168 - Found 199 boards, 196 are supported
2024-07-22 09:05:37,030 [INFO] DbBoards:169 - Found 199 boards, 8 of them is supported for  Bsp
2024-07-22 09:05:37,034 [INFO] ApiDb:668 - CubeFinder database Data Model version=2.1
2024-07-22 09:05:37,034 [INFO] ApiDb:669 - CubeFinder database Configuration version=3.0.39
2024-07-22 09:05:37,034 [INFO] ApiDb:670 - CubeFinder database generation date=2024-05-16 (1715872938)
2024-07-22 09:05:37,034 [INFO] ApiDb:671 - CubeFinder database FW Pack versions=[FP-ATR-ASTRA1_V2.0.0, FP-SNS-FLIGHT1_V5.0.1, FP-SNS-FLIGHT1_V5.0.2, FP-SNS-MOTENV1_V4.3.1, FP-SNS-MOTENV1_V4.3.2, FP-SNS-MOTENV1_V5.0.0, FP-SNS-MOTENVWB1_V1.4.0, FP-SNS-SMARTAG2_V1.2.0, STM32Cube_FW_C0_V1.1.0, STM32Cube_FW_F4_V1.28.0, STM32Cube_FW_F7_V1.17.0, STM32Cube_FW_G0_V1.6.2, STM32Cube_FW_G4_V1.5.2, STM32Cube_FW_H5_V0.5.1, STM32Cube_FW_H5_V1.1.1, STM32Cube_FW_H5_V1.2.0, STM32Cube_FW_H5_V1.2.0RC4, STM32Cube_FW_H7RS_V1.0.0, STM32Cube_FW_H7RS_V1.0.0RC4, STM32Cube_FW_H7_V1.11.0, STM32Cube_FW_L0_V1.12.2, STM32Cube_FW_L5_V1.5.1, STM32Cube_FW_U0_V1.0.0, STM32Cube_FW_U0_V1.0.0RC1, STM32Cube_FW_U5_V1.3.0RC4, STM32Cube_FW_U5_V1.5.0, STM32Cube_FW_U5_V1.5.0RC1, STM32Cube_FW_WBA_V1.0.0RC1, STM32Cube_FW_WBA_V1.2.0, STM32Cube_FW_WBA_V1.2.0RC2, STM32Cube_FW_WBA_V1.3.0, STM32Cube_FW_WBA_V1.3.0RC1, STM32Cube_FW_WB_V1.15.0RC1, STM32Cube_FW_WB_V1.16.0, STM32Cube_FW_WB_V1.16.0RC2, STM32Cube_FW_WB_V1.18.0, STM32Cube_FW_WB_V1.19.0, STM32Cube_FW_WL_V1.3.0, X-CUBE-ALGOBUILD_V1.4.0, X-CUBE-ALS_V1.0.1, X-CUBE-AZRTOS-F4_V1.1.0, X-CUBE-AZRTOS-F7_V1.1.0, X-CUBE-AZRTOS-G0_V1.1.0, X-CUBE-AZRTOS-G4_V2.0.0, X-CUBE-AZRTOS-H7_V3.2.0, X-CUBE-AZRTOS-L4_V1.0.0, X-CUBE-AZRTOS-L4_V2.0.0, X-CUBE-AZRTOS-L5_V1.1.0, X-CUBE-AZRTOS-WB_V2.0.0, X-CUBE-AZRTOS-WL_V2.0.0, X-CUBE-BLE1_V7.0.0, X-CUBE-BLE2_V3.3.0, X-CUBE-BLEMGR_V3.1.0, X-CUBE-EEPRMA1_V4.1.0, X-CUBE-EEPRMA1_V5.1.0, X-CUBE-FREERTOS_V1.1.0, X-CUBE-GNSS1_V6.0.0, X-CUBE-MEMS1_V10.0.0, X-CUBE-MEMS1_V9.1.0, X-CUBE-MEMS1_V9.4.0, X-CUBE-MEMS1_V9.6.0, X-CUBE-NFC4_V3.0.0, X-CUBE-NFC7_V1.0.1, X-CUBE-SFXS2LP1_V4.0.0, X-CUBE-SUBG2_V5.0.0, X-CUBE-TOF1_V3.4.0]
2024-07-22 09:05:38,615 [INFO] ApiDb:240 - Found 483 in-development CPN: [B-G473E-ZEST1S, B-WB1M-WPAN1, B-WL5M-SUBG1, NUCLEO-C031C6, NUCLEO-H503RB, NUCLEO-H533RE, NUCLEO-H563ZI, NUCLEO-H7S3L8, NUCLEO-U031R8, NUCLEO-U083RC, NUCLEO-U545RE-Q, NUCLEO-U5A5ZJ-Q, NUCLEO-WBA52CG, NUCLEO-WBA55CG, STEVAL-PROTEUS1, STEVAL-SMARTAG2, STEVAL-STWINBX1, STM320518-EVAL, STM32C0116-DK, STM32C011D6Y3TR, STM32C011D6Y6TR, STM32C011F4P3, STM32C011F4P6, STM32C011F4U3, STM32C011F4U6TR, STM32C011F6P3, STM32C011F6P6, STM32C011F6U3, STM32C011F6U6TR, STM32C011J4M3, STM32C011J4M6, STM32C011J6M3, STM32C011J6M6, STM32C0316-DK, STM32C031C4T3, STM32C031C4T6, STM32C031C4U3, STM32C031C4U6, STM32C031C6T3, STM32C031C6T6, STM32C031C6U3, STM32C031C6U6, STM32C031F4P3, STM32C031F4P6, STM32C031F6P3, STM32C031F6P6, STM32C031G4U3, STM32C031G4U6, STM32C031G6U3, STM32C031G6U6, STM32C031K4T3, STM32C031K4T6, STM32C031K4U3, STM32C031K4U6, STM32C031K6T3, STM32C031K6T6, STM32C031K6U3, STM32C031K6U6, STM32G071K8TXN, STM32G071K8UXN, STM32G081GBU6N, STM32G081KBT6N, STM32G081KBUXN, STM32G0B1CCT6N, STM32G0B1KCT6, STM32G0B1NEY6TR, STM32G0B1RCT6N, STM32G0C1CCT6, STM32G0C1CCT6N, STM32G0C1CCU6N, STM32G0C1CET6N, STM32G0C1CEU6N, STM32G0C1KCT6, STM32G0C1NEY6TR, STM32G0C1RCI6N, STM32G0C1RCT6N, STM32G0C1REI6N, STM32G0C1RET6N, STM32G0C1VCI6, STM32G0C1VEI6, STM32G471CCT6, STM32G471CCU6, STM32G471CET3, STM32G471CET6, STM32G471CEU3, STM32G471CEU6, STM32G471MCT6, STM32G471MET3, STM32G471MET6, STM32G471MEY6TR, STM32G471QCT6, STM32G471QET3, STM32G471RCT6, STM32G471RET3, STM32G471RET6, STM32G471VCH6, STM32G471VCI6, STM32G471VCT6, STM32G471VEH3, STM32G471VEH6, STM32G471VEI3, STM32G471VEI6, STM32G471VET3, STM32G471VET6, STM32G474CCT6, STM32H503CBT6, STM32H503CBU6, STM32H503EBY6TR, STM32H503KBU6, STM32H503RBT6, STM32H523CCT6, STM32H523CCU6, STM32H523CET6, STM32H523CEU6, STM32H523HEY6TR, STM32H523RCT6, STM32H523RET6, STM32H523VCI6, STM32H523VCT6, STM32H523VEI6, STM32H523VET6, STM32H523ZCJ6, STM32H523ZCT6, STM32H523ZEJ6, STM32H523ZET6, STM32H533CET6, STM32H533CEU6, STM32H533HEY6TR, STM32H533RET6, STM32H533VEI6, STM32H533VET6, STM32H533ZEJ6, STM32H533ZET6, STM32H562AGI6, STM32H562AII6, STM32H562IGK6, STM32H562IGT6, STM32H562IIK6, STM32H562IIT6, STM32H562RGT6, STM32H562RGV6, STM32H562RIT6, STM32H562RIV6, STM32H562VGT6, STM32H562VIT6, STM32H562ZGT6, STM32H562ZIT6, STM32H563AGI6, STM32H563AII3Q, STM32H563AII6, STM32H563IGK6, STM32H563IGT6, STM32H563IIK3Q, STM32H563IIK6, STM32H563IIT3Q, STM32H563IIT6, STM32H563MIY3QTR, STM32H563RGT6, STM32H563RGV6, STM32H563RIT6, STM32H563RIV6, STM32H563VGT6, STM32H563VIT3Q, STM32H563VIT6, STM32H563ZGT6, STM32H563ZIT3Q, STM32H563ZIT6, STM32H573AII3Q, STM32H573AII6, STM32H573I-DK, STM32H573IIK3Q, STM32H573IIK6, STM32H573IIT3Q, STM32H573IIT6, STM32H573MIY3QTR, STM32H573RIT6, STM32H573RIV6, STM32H573VIT3Q, STM32H573VIT6, STM32H573ZIT3Q, STM32H573ZIT6, STM32H7R3A8I6, STM32H7R3I8K6, STM32H7R3I8T6, STM32H7R3L8H6, STM32H7R3L8H6H, STM32H7R3R8V6, STM32H7R3V8H6, STM32H7R3V8T6, STM32H7R3V8Y6, STM32H7R3Z8J6, STM32H7R3Z8T6, STM32H7R7A8I6, STM32H7R7I8K6, STM32H7R7I8T6, STM32H7R7L8H6, STM32H7R7L8H6H, STM32H7R7Z8J6, STM32H7S3A8I6, STM32H7S3I8K6, STM32H7S3I8T6, STM32H7S3L8H6, STM32H7S3L8H6H, STM32H7S3R8V6, STM32H7S3V8H6, STM32H7S3V8T6, STM32H7S3V8Y6, STM32H7S3Z8J6, STM32H7S3Z8T6, STM32H7S78-DK, STM32H7S7A8I6, STM32H7S7I8K6, STM32H7S7I8T6, STM32H7S7L8H6, STM32H7S7L8H6H, STM32H7S7Z8J6, STM32L4R5QGI6STR, STM32MP131AAE3, STM32MP131AAF3, STM32MP131AAG3, STM32MP131CAE3, STM32MP131CAF3, STM32MP131CAG3, STM32MP131DAE7, STM32MP131DAF7, STM32MP131DAG7, STM32MP131FAE7, STM32MP131FAF7, STM32MP131FAG7, STM32MP133AAE3, STM32MP133AAF3, STM32MP133AAG3, STM32MP133CAE3, STM32MP133CAF3, STM32MP133CAG3, STM32MP133DAE7, STM32MP133DAF7, STM32MP133DAG7, STM32MP133FAE7, STM32MP133FAF7, STM32MP133FAG7, STM32MP135AAE3, STM32MP135AAF3, STM32MP135AAG3, STM32MP135CAE3, STM32MP135CAF3, STM32MP135CAG3, STM32MP135DAE7, STM32MP135DAF7, STM32MP135DAG7, STM32MP135F-DK, STM32MP135FAE7, STM32MP135FAF7, STM32MP135FAF7T, STM32MP135FAF7U, STM32MP135FAG7, STM32U031C6T6, STM32U031C6U6, STM32U031C8T6, STM32U031C8U6, STM32U031F4P6, STM32U031F6P6, STM32U031F8P6, STM32U031G6Y6TR, STM32U031G8Y6TR, STM32U031K4U6, STM32U031K6U6, STM32U031K8U6, STM32U031R6I6, STM32U031R6T6, STM32U031R8I6, STM32U031R8T6, STM32U073C8T6, STM32U073C8U6, STM32U073CBT6, STM32U073CBU6, STM32U073CCT6, STM32U073CCU6, STM32U073H8Y6TR, STM32U073HBY6TR, STM32U073HCY6TR, STM32U073K8U6, STM32U073KBU6, STM32U073KCU6, STM32U073M8I6, STM32U073M8T6, STM32U073MBI6, STM32U073MBT6, STM32U073MCI6, STM32U073MCT6, STM32U073R8I6, STM32U073R8T6, STM32U073RBI6, STM32U073RBT6, STM32U073RCI6, STM32U073RCT6, STM32U083C-DK, STM32U083CCT6, STM32U083CCU6, STM32U083HCY6TR, STM32U083KCU6, STM32U083MCI6, STM32U083MCT6, STM32U083RCI6, STM32U083RCT6, STM32U535CBT6, STM32U535CBT6Q, STM32U535CBU6, STM32U535CBU6Q, STM32U535CCT6, STM32U535CCT6Q, STM32U535CCU6, STM32U535CCU6Q, STM32U535CET6, STM32U535CET6Q, STM32U535CEU6, STM32U535CEU6Q, STM32U535JEY6QTR, STM32U535NCY6QTR, STM32U535NEY6QTR, STM32U535RBI6, STM32U535RBI6Q, STM32U535RBT6, STM32U535RBT6Q, STM32U535RCI6, STM32U535RCI6Q, STM32U535RCT6, STM32U535RCT6Q, STM32U535REI6, STM32U535REI6Q, STM32U535RET6, STM32U535RET6Q, STM32U535VCI6, STM32U535VCI6Q, STM32U535VCT6, STM32U535VCT6Q, STM32U535VEI6, STM32U535VEI6Q, STM32U535VET6, STM32U535VET6Q, STM32U545CET6, STM32U545CET6Q, STM32U545CEU6, STM32U545CEU6Q, STM32U545JEY6QTR, STM32U545NEY6QTR, STM32U545REI6, STM32U545REI6Q, STM32U545RET6, STM32U545RET6Q, STM32U545VEI6, STM32U545VEI6Q, STM32U545VET6, STM32U545VET6Q, STM32U595AIH6, STM32U595AIH6Q, STM32U595AJH6, STM32U595AJH6Q, STM32U595QII6, STM32U595QII6Q, STM32U595QJI6, STM32U595QJI6Q, STM32U595RIT6, STM32U595RIT6Q, STM32U595RJT6, STM32U595RJT6Q, STM32U595VIT6, STM32U595VIT6Q, STM32U595VJT6, STM32U595VJT6Q, STM32U595ZIT6, STM32U595ZIT6Q, STM32U595ZIY6QTR, STM32U595ZJT6, STM32U595ZJT6Q, STM32U595ZJY6QTR, STM32U599BJY6QTR, STM32U599NIH6Q, STM32U599NJH6Q, STM32U599VIT6Q, STM32U599VJT6, STM32U599VJT6Q, STM32U599ZIT6Q, STM32U599ZIY6QTR, STM32U599ZJT6Q, STM32U599ZJY6QTR, STM32U5A5AJH6, STM32U5A5AJH6Q, STM32U5A5QII3Q , STM32U5A5QJI6, STM32U5A5QJI6Q, STM32U5A5RJT6, STM32U5A5RJT6Q, STM32U5A5VJT6, STM32U5A5VJT6Q, STM32U5A5ZJT6, STM32U5A5ZJT6Q, STM32U5A5ZJY6QTR, STM32U5A9BJY6QTR, STM32U5A9J-DK, STM32U5A9NJH6Q, STM32U5A9VJT6Q, STM32U5A9ZJT6Q, STM32U5A9ZJY6QTR, STM32U5F7VIT6, STM32U5F7VIT6Q, STM32U5F7VJT6, STM32U5F7VJT6Q, STM32U5F9BJY6QTR, STM32U5F9NJH6Q, STM32U5F9VIT6Q, STM32U5F9VJT6Q, STM32U5F9ZIJ6QTR, STM32U5F9ZIT6Q, STM32U5F9ZJJ6QTR, STM32U5F9ZJT6Q, STM32U5G7VJT6, STM32U5G7VJT6Q, STM32U5G9BJY6QTR, STM32U5G9J-DK1, STM32U5G9J-DK2, STM32U5G9NJH6Q, STM32U5G9VJT6Q, STM32U5G9ZJJ6QTR, STM32U5G9ZJT6Q, STM32WB1MMCH6, STM32WBA50KEU6, STM32WBA50KEU6TR, STM32WBA50KGU6, STM32WBA50KGU6TR, STM32WBA52CEU6, STM32WBA52CEU6TR, STM32WBA52CEU7, STM32WBA52CEU7TR, STM32WBA52CGU6, STM32WBA52CGU6TR, STM32WBA52CGU6U, STM32WBA52CGU7, STM32WBA52CGU7TR, STM32WBA52KEU6, STM32WBA52KEU6TR, STM32WBA52KGU6, STM32WBA52KGU6TR, STM32WBA54CEU6, STM32WBA54CEU6TR, STM32WBA54CEU7, STM32WBA54CEU7TR, STM32WBA54CGU6, STM32WBA54CGU6TR, STM32WBA54CGU7, STM32WBA54CGU7TR, STM32WBA54KEU6, STM32WBA54KEU6TR, STM32WBA54KEU7, STM32WBA54KEU7TR, STM32WBA54KGU6, STM32WBA54KGU6TR, STM32WBA54KGU7, STM32WBA54KGU7TR, STM32WBA55CEU6, STM32WBA55CEU6TR, STM32WBA55CEU7, STM32WBA55CEU7TR, STM32WBA55CGU6, STM32WBA55CGU6TR, STM32WBA55CGU6U, STM32WBA55CGU7, STM32WBA55CGU7TR, STM32WBA55G-DK1, STM32WBA55HEF6, STM32WBA55HEF7, STM32WBA55HGF6, STM32WBA55HGF7, STM32WBA55UEI6, STM32WBA55UEI6TR, STM32WBA55UEI7, STM32WBA55UEI7TR, STM32WBA55UGI6, STM32WBA55UGI6TR, STM32WBA55UGI7, STM32WBA55UGI7TR, STM32WL5MOCH6, STM32WL5MOCH6TR]
2024-07-22 09:05:38,618 [INFO] DbMcus:218 - Found 4096 MCUs, 4096 are supported
2024-07-22 09:05:38,619 [INFO] ApiDb:423 - Load user favorites file /Users/james/.stm32cubeide/favorites.mcus.txt: 0 item(s)
2024-07-22 09:05:38,619 [INFO] ApiDb:427 - User favorites MCUs=[]
2024-07-22 09:05:38,619 [INFO] DbMcus:224 - Set 0 / 0 favorites MCUs
2024-07-22 09:05:38,851 [INFO] ApiDb:423 - Load user favorites file /Users/james/.stm32cubeide/favorites.boards.txt: 1 item(s)
2024-07-22 09:05:38,851 [INFO] ApiDb:427 - User favorites Boards=[NUCLEO-F767ZI]
2024-07-22 09:05:38,851 [INFO] DbBoards:198 - Set 1 / 1 favorites Boards
2024-07-22 09:05:38,898 [INFO] UtilMem:75 - End LoadConfig() Used Memory: 873696872 Bytes (1073741824)
2024-07-22 09:05:39,052 [WARN] ThirdParty:833 - waiting for thirdparty lock release [change project]
2024-07-22 09:05:39,052 [INFO] ThirdParty:835 - entering critical section [change project]
2024-07-22 09:05:39,052 [INFO] ThirdParty:1030 - CMSIS Pack Vendor :STMicroelectronics USBPD 4.1
2024-07-22 09:05:39,052 [INFO] ThirdParty:1030 - CMSIS Pack Vendor :STMicroelectronics X-CUBE-GNSS1 6.0.0
2024-07-22 09:05:39,052 [INFO] ThirdParty:1030 - CMSIS Pack Vendor :STMicroelectronics USB_HOST 2.0.0
2024-07-22 09:05:39,052 [INFO] ThirdParty:1030 - CMSIS Pack Vendor :STMicroelectronics FP-SNS-MOTENVWB1 1.4.0
2024-07-22 09:05:39,052 [INFO] ThirdParty:1030 - CMSIS Pack Vendor :STMicroelectronics X-CUBE-AZRTOS-F4 1.1.0
2024-07-22 09:05:39,052 [INFO] ThirdParty:1030 - CMSIS Pack Vendor :STMicroelectronics LIBJPEG 8.0.0
2024-07-22 09:05:39,052 [INFO] ThirdParty:1030 - CMSIS Pack Vendor :STMicroelectronics X-CUBE-SMBUS 2.1.0
2024-07-22 09:05:39,052 [INFO] ThirdParty:1030 - CMSIS Pack Vendor :STMicroelectronics USB_DEVICE 3.0.0
2024-07-22 09:05:39,052 [INFO] ThirdParty:1030 - CMSIS Pack Vendor :STMicroelectronics X-CUBE-TCPP 4.1.0
2024-07-22 09:05:39,052 [INFO] ThirdParty:1030 - CMSIS Pack Vendor :STMicroelectronics X-CUBE-FREERTOS 1.2.0
2024-07-22 09:05:39,053 [INFO] ThirdParty:1030 - CMSIS Pack Vendor :STMicroelectronics X-CUBE-AZRTOS-WB 2.0.0
2024-07-22 09:05:39,053 [INFO] ThirdParty:1030 - CMSIS Pack Vendor :wolfSSL I-CUBE-wolfSSL 5.6.6
2024-07-22 09:05:39,053 [INFO] ThirdParty:1030 - CMSIS Pack Vendor :STMicroelectronics X-CUBE-TOUCHGFX 4.23.0
2024-07-22 09:05:39,053 [INFO] ThirdParty:1030 - CMSIS Pack Vendor :STMicroelectronics X-CUBE-TOUCHGFX 4.23.2
2024-07-22 09:05:39,053 [INFO] ThirdParty:1030 - CMSIS Pack Vendor :STMicroelectronics X-CUBE-AZRTOS-F7 1.1.0
2024-07-22 09:05:39,053 [INFO] ThirdParty:1030 - CMSIS Pack Vendor :STMicroelectronics X-CUBE-AZRTOS-L5 2.0.0
2024-07-22 09:05:39,053 [INFO] ThirdParty:1030 - CMSIS Pack Vendor :STMicroelectronics USB_DEVICE 2.0.0
2024-07-22 09:05:39,053 [INFO] ThirdParty:1030 - CMSIS Pack Vendor :STMicroelectronics X-CUBE-NFC6 3.1.0
2024-07-22 09:05:39,053 [INFO] ThirdParty:1030 - CMSIS Pack Vendor :ITTIA_DB I-CUBE-ITTIADB 8.8.0
2024-07-22 09:05:39,053 [INFO] ThirdParty:1030 - CMSIS Pack Vendor :STMicroelectronics FP-SNS-STBOX1 2.0.0
2024-07-22 09:05:39,053 [INFO] ThirdParty:1030 - CMSIS Pack Vendor :STMicroelectronics FP-SNS-MOTENV1 4.3.2
2024-07-22 09:05:39,053 [INFO] ThirdParty:1030 - CMSIS Pack Vendor :STMicroelectronics X-CUBE-ALGOBUILD 1.3.0
2024-07-22 09:05:39,053 [INFO] ThirdParty:1030 - CMSIS Pack Vendor :STMicroelectronics FreeRTOS 0.0.1
2024-07-22 09:05:39,053 [INFO] ThirdParty:1030 - CMSIS Pack Vendor :STMicroelectronics X-CUBE-AZRTOS-G0 1.1.0
2024-07-22 09:05:39,053 [INFO] ThirdParty:1030 - CMSIS Pack Vendor :STMicroelectronics X-CUBE-SAFEA1 1.2.2
2024-07-22 09:05:39,053 [INFO] ThirdParty:1030 - CMSIS Pack Vendor :STMicroelectronics X-CUBE-NFC4 3.0.0
2024-07-22 09:05:39,053 [INFO] ThirdParty:1030 - CMSIS Pack Vendor :STMicroelectronics X-CUBE-DPower 1.2.0
2024-07-22 09:05:39,053 [INFO] ThirdParty:1030 - CMSIS Pack Vendor :STMicroelectronics X-CUBE-SUBG2 5.0.0
2024-07-22 09:05:39,053 [INFO] ThirdParty:1030 - CMSIS Pack Vendor :STMicroelectronics STM32_WPAN 1.0.0
2024-07-22 09:05:39,053 [INFO] ThirdParty:1030 - CMSIS Pack Vendor :EmbeddedOffice I-CUBE-FS-RTOS 1.0.1
2024-07-22 09:05:39,053 [INFO] ThirdParty:1030 - CMSIS Pack Vendor :STMicroelectronics lwIP 2.0.3
2024-07-22 09:05:39,053 [INFO] ThirdParty:1030 - CMSIS Pack Vendor :STMicroelectronics FP-SNS-FLIGHT1 5.0.2
2024-07-22 09:05:39,053 [INFO] ThirdParty:1030 - CMSIS Pack Vendor :Cesanta I-CUBE-Mongoose 7.13.0
2024-07-22 09:05:39,053 [INFO] ThirdParty:1030 - CMSIS Pack Vendor :STMicroelectronics USB_HOST 1.0.0
2024-07-22 09:05:39,054 [INFO] ThirdParty:1030 - CMSIS Pack Vendor :STMicroelectronics X-CUBE-AI 9.0.0
2024-07-22 09:05:39,054 [INFO] ThirdParty:1030 - CMSIS Pack Vendor :STMicroelectronics X-CUBE-AZRTOS-G4 2.0.0
2024-07-22 09:05:39,054 [INFO] ThirdParty:1030 - CMSIS Pack Vendor :STMicroelectronics PDM2PCM 3.1.0
2024-07-22 09:05:39,054 [INFO] ThirdParty:1030 - CMSIS Pack Vendor :Infineon AIROC-Wi-Fi-Bluetooth-STM32 1.5.1
2024-07-22 09:05:39,054 [INFO] ThirdParty:1030 - CMSIS Pack Vendor :STMicroelectronics PDM2PCM 3.3.0
2024-07-22 09:05:39,054 [INFO] ThirdParty:1030 - CMSIS Pack Vendor :STMicroelectronics X-CUBE-DISPLAY 3.0.0
2024-07-22 09:05:39,054 [INFO] ThirdParty:1030 - CMSIS Pack Vendor :RealThread X-CUBE-RT-Thread_Nano 4.1.1
2024-07-22 09:05:39,054 [INFO] ThirdParty:1030 - CMSIS Pack Vendor :STMicroelectronics FP-SNS-MOTENVWB1 1.3.1
2024-07-22 09:05:39,054 [INFO] ThirdParty:1030 - CMSIS Pack Vendor :STMicroelectronics X-CUBE-BLE1 7.0.0
2024-07-22 09:05:39,054 [INFO] ThirdParty:1030 - CMSIS Pack Vendor :STMicroelectronics FP-ATR-SIGFOX1 3.2.0
2024-07-22 09:05:39,054 [INFO] ThirdParty:1030 - CMSIS Pack Vendor :STMicroelectronics X-CUBE-ISPU 2.0.0
2024-07-22 09:05:39,054 [INFO] ThirdParty:1030 - CMSIS Pack Vendor :STMicroelectronics X-CUBE-EEPRMA1 5.1.0
2024-07-22 09:05:39,054 [INFO] ThirdParty:1030 - CMSIS Pack Vendor :STMicroelectronics HAL Drivers 0.0.0
2024-07-22 09:05:39,054 [INFO] ThirdParty:1030 - CMSIS Pack Vendor :STMicroelectronics MBEDTLS 2.16.2
2024-07-22 09:05:39,054 [INFO] ThirdParty:1030 - CMSIS Pack Vendor :STMicroelectronics X-CUBE-ALS 1.0.2
2024-07-22 09:05:39,054 [INFO] ThirdParty:1030 - CMSIS Pack Vendor :emotas I-CUBE-CANOPEN 1.3.0
2024-07-22 09:05:39,055 [INFO] ThirdParty:1030 - CMSIS Pack Vendor :STMicroelectronics X-CUBE-MEMS1 10.0.0
2024-07-22 09:05:39,055 [INFO] ThirdParty:1030 - CMSIS Pack Vendor :STMicroelectronics X-CUBE-FREERTOS 1.1.0
2024-07-22 09:05:39,055 [INFO] ThirdParty:1030 - CMSIS Pack Vendor :STMicroelectronics X-CUBE-NFC7 1.0.1
2024-07-22 09:05:39,055 [INFO] ThirdParty:1030 - CMSIS Pack Vendor :STMicroelectronics MBEDTLS 2.14.1
2024-07-22 09:05:39,055 [INFO] ThirdParty:1030 - CMSIS Pack Vendor :STMicroelectronics X-CUBE-TOUCHGFX 4.24.0
2024-07-22 09:05:39,055 [INFO] ThirdParty:1030 - CMSIS Pack Vendor :wolfSSL I-CUBE-wolfTPM 3.2.0
2024-07-22 09:05:39,055 [INFO] ThirdParty:1030 - CMSIS Pack Vendor :STMicroelectronics X-CUBE-NFC6 3.0.0
2024-07-22 09:05:39,055 [INFO] ThirdParty:1030 - CMSIS Pack Vendor :portGmbH I-Cube-SoM-uGOAL 1.1.0
2024-07-22 09:05:39,055 [INFO] ThirdParty:1030 - CMSIS Pack Vendor :STMicroelectronics X-CUBE-ALS 1.0.1
2024-07-22 09:05:39,055 [INFO] ThirdParty:1030 - CMSIS Pack Vendor :STMicroelectronics X-CUBE-BLEMGR 3.1.0
2024-07-22 09:05:39,055 [INFO] ThirdParty:1030 - CMSIS Pack Vendor :STMicroelectronics ThreadX 1.0.0
2024-07-22 09:05:39,055 [INFO] ThirdParty:1030 - CMSIS Pack Vendor :STMicroelectronics FP-SNS-SMARTAG2 1.2.0
2024-07-22 09:05:39,055 [INFO] ThirdParty:1030 - CMSIS Pack Vendor :STMicroelectronics X-CUBE-AZRTOS-WL 2.0.0
2024-07-22 09:05:39,055 [INFO] ThirdParty:1030 - CMSIS Pack Vendor :SEGGER I-CUBE-embOS 1.3.1
2024-07-22 09:05:39,055 [INFO] ThirdParty:1030 - CMSIS Pack Vendor :STMicroelectronics X-CUBE-ALGOBUILD 1.4.0
2024-07-22 09:05:39,055 [INFO] ThirdParty:1030 - CMSIS Pack Vendor :STMicroelectronics FP-SNS-MOTENV1 5.0.0
2024-07-22 09:05:39,055 [INFO] ThirdParty:1030 - CMSIS Pack Vendor :STMicroelectronics USB_DEVICE 1.0.0
2024-07-22 09:05:39,055 [INFO] ThirdParty:1030 - CMSIS Pack Vendor :STMicroelectronics X-CUBE-AI 8.1.0
2024-07-22 09:05:39,055 [INFO] ThirdParty:1030 - CMSIS Pack Vendor :STMicroelectronics X-CUBE-AZRTOS-H7RS 1.0.0
2024-07-22 09:05:39,055 [INFO] ThirdParty:1030 - CMSIS Pack Vendor :wolfSSL I-CUBE-wolfMQTT 1.19.0
2024-07-22 09:05:39,055 [INFO] ThirdParty:1030 - CMSIS Pack Vendor :STMicroelectronics X-CUBE-AZRTOS-L4 2.0.0
2024-07-22 09:05:39,055 [INFO] ThirdParty:1030 - CMSIS Pack Vendor :STMicroelectronics ThreadX 0.0.2
2024-07-22 09:05:39,055 [INFO] ThirdParty:1030 - CMSIS Pack Vendor :WES I-CUBE-Cesium 1.3.0
2024-07-22 09:05:39,055 [INFO] ThirdParty:1030 - CMSIS Pack Vendor :STMicroelectronics FP-ATR-ASTRA1 2.0.0
2024-07-22 09:05:39,055 [INFO] ThirdParty:1030 - CMSIS Pack Vendor :STMicroelectronics lwIP 2.1.2
2024-07-22 09:05:39,056 [INFO] ThirdParty:1030 - CMSIS Pack Vendor :STMicroelectronics X-CUBE-SFXS2LP1 4.0.0
2024-07-22 09:05:39,056 [INFO] ThirdParty:1030 - CMSIS Pack Vendor :STMicroelectronics X-CUBE-BLE2 3.3.0
2024-07-22 09:05:39,056 [INFO] ThirdParty:1030 - CMSIS Pack Vendor :STMicroelectronics X-CUBE-TOF1 3.4.1
2024-07-22 09:05:39,056 [INFO] ThirdParty:1030 - CMSIS Pack Vendor :STMicroelectronics X-CUBE-AZRTOS-H7 3.2.0
2024-07-22 09:05:39,056 [INFO] ThirdParty:1030 - CMSIS Pack Vendor :STMicroelectronics PDM2PCM 3.2.0
2024-07-22 09:05:39,056 [INFO] ThirdParty:1030 - CMSIS Pack Vendor :wolfSSL I-CUBE-wolfSSH 1.4.17
2024-07-22 09:05:39,056 [INFO] ThirdParty:841 - exiting critical section [change project]
2024-07-22 09:05:39,571 [INFO] PinOutPanel:1561 - setPackage(No Configuration,No Configuration)
2024-07-22 09:05:39,572 [INFO] PinOutPanel:1561 - setPackage(STM32F767ZITx,LQFP144)
2024-07-22 09:05:40,120 [INFO] UtilMem:75 - Before build in PCC Used Memory: 763278776 Bytes (1073741824)
2024-07-22 09:05:40,695 [INFO] UtilMem:75 - After build in PCC Used Memory: 885446088 Bytes (1073741824)
2024-07-22 09:05:40,735 [INFO] IPUIPlugin:80 - create IPUIPlugin
2024-07-22 09:05:40,735 [INFO] IPUIPlugin:80 - create IPUIPlugin
2024-07-22 09:05:40,735 [INFO] IPUIPlugin:80 - create IPUIPlugin
2024-07-22 09:05:40,735 [INFO] IPUIPlugin:80 - create IPUIPlugin
2024-07-22 09:05:40,735 [INFO] IPUIPlugin:80 - create IPUIPlugin
2024-07-22 09:05:40,735 [INFO] IPUIPlugin:80 - create IPUIPlugin
2024-07-22 09:05:40,736 [INFO] IPUIPlugin:80 - create IPUIPlugin
2024-07-22 09:05:40,736 [INFO] IPUIPlugin:80 - create IPUIPlugin
2024-07-22 09:05:40,736 [INFO] IPUIPlugin:80 - create IPUIPlugin
2024-07-22 09:05:40,736 [INFO] IPUIPlugin:80 - create IPUIPlugin
2024-07-22 09:05:40,736 [INFO] IPUIPlugin:80 - create IPUIPlugin
2024-07-22 09:05:40,737 [INFO] IPUIPlugin:80 - create IPUIPlugin
2024-07-22 09:05:40,737 [INFO] IPUIPlugin:80 - create IPUIPlugin
2024-07-22 09:05:40,737 [INFO] IPUIPlugin:80 - create IPUIPlugin
2024-07-22 09:05:40,737 [INFO] IPUIPlugin:80 - create IPUIPlugin
2024-07-22 09:05:40,737 [INFO] IPUIPlugin:80 - create IPUIPlugin
2024-07-22 09:05:40,737 [INFO] IPUIPlugin:80 - create IPUIPlugin
2024-07-22 09:05:40,738 [INFO] IPUIPlugin:80 - create IPUIPlugin
2024-07-22 09:05:40,738 [INFO] IPUIPlugin:80 - create IPUIPlugin
2024-07-22 09:05:40,738 [INFO] IPUIPlugin:80 - create IPUIPlugin
2024-07-22 09:05:40,738 [INFO] IPUIPlugin:80 - create IPUIPlugin
2024-07-22 09:05:40,738 [INFO] IPUIPlugin:80 - create IPUIPlugin
2024-07-22 09:05:40,739 [INFO] IPUIPlugin:80 - create IPUIPlugin
2024-07-22 09:05:40,739 [INFO] IPUIPlugin:80 - create IPUIPlugin
2024-07-22 09:05:40,739 [INFO] IPUIPlugin:80 - create IPUIPlugin
2024-07-22 09:05:40,740 [INFO] IPUIPlugin:80 - create IPUIPlugin
2024-07-22 09:05:40,740 [INFO] IPUIPlugin:80 - create IPUIPlugin
2024-07-22 09:05:40,740 [INFO] IPUIPlugin:80 - create IPUIPlugin
2024-07-22 09:05:40,741 [INFO] IPUIPlugin:80 - create IPUIPlugin
2024-07-22 09:05:40,741 [INFO] IPUIPlugin:80 - create IPUIPlugin
2024-07-22 09:05:40,741 [INFO] IPUIPlugin:80 - create IPUIPlugin
2024-07-22 09:05:40,742 [INFO] IPUIPlugin:80 - create IPUIPlugin
2024-07-22 09:05:40,742 [INFO] IPUIPlugin:80 - create IPUIPlugin
2024-07-22 09:05:40,742 [INFO] IPUIPlugin:80 - create IPUIPlugin
2024-07-22 09:05:40,743 [INFO] IPUIPlugin:80 - create IPUIPlugin
2024-07-22 09:05:40,743 [INFO] IPUIPlugin:80 - create IPUIPlugin
2024-07-22 09:05:40,743 [INFO] IPUIPlugin:80 - create IPUIPlugin
2024-07-22 09:05:40,743 [INFO] IPUIPlugin:80 - create IPUIPlugin
2024-07-22 09:05:40,744 [INFO] IPUIPlugin:80 - create IPUIPlugin
2024-07-22 09:05:40,745 [INFO] IPUIPlugin:80 - create IPUIPlugin
2024-07-22 09:05:40,745 [INFO] IPUIPlugin:80 - create IPUIPlugin
2024-07-22 09:05:40,745 [INFO] IPUIPlugin:80 - create IPUIPlugin
2024-07-22 09:05:40,746 [INFO] IPUIPlugin:80 - create IPUIPlugin
2024-07-22 09:05:40,746 [INFO] IPUIPlugin:80 - create IPUIPlugin
2024-07-22 09:05:40,746 [INFO] IPUIPlugin:80 - create IPUIPlugin
2024-07-22 09:05:40,747 [INFO] IPUIPlugin:80 - create IPUIPlugin
2024-07-22 09:05:40,747 [INFO] IPUIPlugin:80 - create IPUIPlugin
2024-07-22 09:05:40,747 [INFO] IPUIPlugin:80 - create IPUIPlugin
2024-07-22 09:05:40,747 [INFO] IPUIPlugin:80 - create IPUIPlugin
2024-07-22 09:05:40,747 [INFO] IPUIPlugin:80 - create IPUIPlugin
2024-07-22 09:05:40,747 [INFO] IPUIPlugin:80 - create IPUIPlugin
2024-07-22 09:05:40,748 [INFO] IPUIPlugin:80 - create IPUIPlugin
2024-07-22 09:05:40,748 [INFO] IPUIPlugin:80 - create IPUIPlugin
2024-07-22 09:05:40,748 [INFO] IPUIPlugin:80 - create IPUIPlugin
2024-07-22 09:05:40,748 [INFO] IPUIPlugin:80 - create IPUIPlugin
2024-07-22 09:05:40,748 [INFO] IPUIPlugin:80 - create IPUIPlugin
2024-07-22 09:05:40,748 [INFO] IPUIPlugin:80 - create IPUIPlugin
2024-07-22 09:05:40,748 [INFO] IPUIPlugin:80 - create IPUIPlugin
2024-07-22 09:05:40,749 [INFO] IPUIPlugin:80 - create IPUIPlugin
2024-07-22 09:05:40,749 [INFO] IPUIPlugin:80 - create IPUIPlugin
2024-07-22 09:05:40,749 [INFO] IPUIPlugin:80 - create IPUIPlugin
2024-07-22 09:05:40,749 [INFO] IPUIPlugin:80 - create IPUIPlugin
2024-07-22 09:05:40,749 [INFO] IPUIPlugin:80 - create IPUIPlugin
2024-07-22 09:05:40,749 [INFO] IPUIPlugin:80 - create IPUIPlugin
2024-07-22 09:05:40,749 [INFO] IPUIPlugin:80 - create IPUIPlugin
2024-07-22 09:05:40,749 [INFO] IPUIPlugin:80 - create IPUIPlugin
2024-07-22 09:05:40,750 [INFO] IPUIPlugin:80 - create IPUIPlugin
2024-07-22 09:05:40,750 [INFO] IPUIPlugin:80 - create IPUIPlugin
2024-07-22 09:05:40,750 [INFO] IPUIPlugin:80 - create IPUIPlugin
2024-07-22 09:05:40,750 [INFO] IPUIPlugin:80 - create IPUIPlugin
2024-07-22 09:05:40,751 [INFO] IPUIPlugin:80 - create IPUIPlugin
2024-07-22 09:05:40,751 [INFO] IPUIPlugin:80 - create IPUIPlugin
2024-07-22 09:05:40,751 [INFO] IPUIPlugin:80 - create IPUIPlugin
2024-07-22 09:05:40,752 [INFO] IPUIPlugin:80 - create IPUIPlugin
2024-07-22 09:05:40,752 [INFO] IPUIPlugin:80 - create IPUIPlugin
2024-07-22 09:05:40,752 [INFO] IPUIPlugin:80 - create IPUIPlugin
2024-07-22 09:05:40,753 [INFO] IPUIPlugin:80 - create IPUIPlugin
2024-07-22 09:05:40,753 [INFO] IPUIPlugin:80 - create IPUIPlugin
2024-07-22 09:05:40,754 [INFO] IPUIPlugin:80 - create IPUIPlugin
2024-07-22 09:05:40,810 [INFO] ApiDbMcu:508 - Load IP Config File for PDM2PCM
2024-07-22 09:05:41,000 [INFO] CADModel:165 - CPN selected for project levelSTM32F767ZIT6
2024-07-22 09:05:41,000 [INFO] CADModel:114 - Register for checkConnection events
2024-07-22 09:05:41,036 [INFO] OpenFileManager:343 - Restore cursor
2024-07-22 10:06:43,456 [INFO] Gpio:277 - dependency for GPIO [ADC1, ETH, RCC, SYS, USART3, USB_OTG_FS]
2024-07-22 10:08:53,578 [INFO] ADCParametersView:116 -                Rank 1 : false
2024-07-22 10:08:53,674 [INFO] ADCParametersView:116 -                Rank 1 : false
2024-07-22 10:08:53,674 [INFO] ADCParametersView:116 -                Rank 1 : false
2024-07-22 10:08:53,675 [INFO] ADCParametersView:116 -                Rank 1 : false
2024-07-22 10:08:53,675 [INFO] ADCParametersView:116 -                Rank 1 : false
2024-07-22 10:08:53,675 [INFO] ADCParametersView:116 -                Rank 1 : false
2024-07-22 10:08:53,675 [INFO] ADCParametersView:116 -                Rank 1 : false
2024-07-22 10:08:53,675 [INFO] ADCParametersView:116 -                Rank 1 : false
2024-07-22 10:08:53,675 [INFO] ADCParametersView:116 -                Rank 1 : false
2024-07-22 10:08:53,675 [INFO] ADCParametersView:116 -                Rank 1 : false
2024-07-22 10:08:53,675 [INFO] ADCParametersView:116 -                Rank 1 : false
2024-07-22 10:08:53,675 [INFO] ADCParametersView:116 -                Rank 1 : false
2024-07-22 10:08:53,676 [INFO] ADCParametersView:116 -                Rank 1 : false
2024-07-22 10:08:53,676 [INFO] ADCParametersView:116 -                Rank 1 : false
2024-07-22 10:08:53,676 [INFO] ADCParametersView:116 -                Rank 1 : false
2024-07-22 10:08:53,727 [INFO] ADCParametersView:116 -                Rank 1 : false
2024-07-22 10:08:53,743 [INFO] NvicIntPanel:101 - NVIC parent = com.st.microxplorer.plugins.ip.nvic.MultiNvicIntPanel[,0,0,0x0,invalid,layout=javax.swing.BoxLayout,alignmentX=0.0,alignmentY=0.0,border=,flags=9,maximumSize=,minimumSize=,preferredSize=]
2024-07-22 10:08:58,971 [INFO] ADCParametersView:116 -                Rank 1 : false
2024-07-22 10:08:58,972 [INFO] ADCParametersView:116 -                Rank 1 : false
2024-07-22 10:08:58,972 [INFO] ADCParametersView:116 -                Rank 1 : false
2024-07-22 10:08:58,972 [INFO] ADCParametersView:116 -                Rank 1 : false
2024-07-22 10:08:58,972 [INFO] ADCParametersView:116 -                Rank 1 : false
2024-07-22 10:08:58,972 [INFO] ADCParametersView:116 -                Rank 1 : false
2024-07-22 10:08:58,972 [INFO] ADCParametersView:116 -                Rank 1 : false
2024-07-22 10:08:58,973 [INFO] ADCParametersView:116 -                Rank 1 : false
2024-07-22 10:08:58,973 [INFO] ADCParametersView:116 -                Rank 1 : false
2024-07-22 10:08:58,973 [INFO] ADCParametersView:116 -                Rank 1 : false
2024-07-22 10:08:58,973 [INFO] ADCParametersView:116 -                Rank 1 : false
2024-07-22 10:08:58,973 [INFO] ADCParametersView:116 -                Rank 1 : false
2024-07-22 10:08:58,973 [INFO] ADCParametersView:116 -                Rank 1 : false
2024-07-22 10:08:58,973 [INFO] ADCParametersView:116 -                Rank 1 : false
2024-07-22 10:08:59,023 [INFO] ADCParametersView:116 -                Rank 1 : false
2024-07-22 10:09:34,037 [INFO] ADCParametersView:116 -                Rank 1 : false
2024-07-22 10:09:34,041 [INFO] ADCParametersView:116 -                Rank 1 : false
2024-07-22 10:09:34,041 [INFO] ADCParametersView:116 -                Rank 1 : false
2024-07-22 10:09:34,041 [INFO] ADCParametersView:116 -                Rank 1 : false
2024-07-22 10:09:34,041 [INFO] ADCParametersView:116 -                Rank 1 : false
2024-07-22 10:09:34,041 [INFO] ADCParametersView:116 -                Rank 1 : false
2024-07-22 10:09:34,042 [INFO] ADCParametersView:116 -                Rank 1 : false
2024-07-22 10:09:34,042 [INFO] ADCParametersView:116 -                Rank 1 : false
2024-07-22 10:09:34,042 [INFO] ADCParametersView:116 -                Rank 1 : false
2024-07-22 10:09:34,042 [INFO] ADCParametersView:116 -                Rank 1 : false
2024-07-22 10:09:34,042 [INFO] ADCParametersView:116 -                Rank 1 : false
2024-07-22 10:09:34,042 [INFO] ADCParametersView:116 -                Rank 1 : false
2024-07-22 10:09:34,043 [INFO] ADCParametersView:116 -                Rank 1 : false
2024-07-22 10:09:34,043 [INFO] ADCParametersView:116 -                Rank 1 : false
2024-07-22 10:09:34,094 [INFO] ADCParametersView:116 -                Rank 1 : false
2024-07-22 10:10:20,023 [INFO] Gpio:277 - dependency for GPIO [ADC1, ETH, RCC, SYS, USART3, USB_OTG_FS]
2024-07-22 10:25:17,815 [INFO] UtilMem:75 - End SaveConfig() Used Memory: 888671352 Bytes (1073741824)
2024-07-22 10:25:17,908 [INFO] UtilMem:75 - End SaveConfig() Used Memory: 916831232 Bytes (1073741824)
2024-07-22 10:25:18,451 [INFO] UtilMem:75 - End SaveConfig() Used Memory: 604304760 Bytes (1073741824)
2024-07-22 10:25:18,921 [INFO] BlockDiagram:2759 - set Specific Code input for plugin: TIM1_8F77
2024-07-22 10:25:18,921 [INFO] BlockDiagram:2759 - set Specific Code input for plugin: SYS
2024-07-22 10:25:18,921 [INFO] BlockDiagram:2759 - set Specific Code input for plugin: ADC
2024-07-22 10:25:18,921 [INFO] BlockDiagram:2759 - set Specific Code input for plugin: RCC
2024-07-22 10:25:18,921 [INFO] BlockDiagram:2759 - set Specific Code input for plugin: USB_OTG_FS
2024-07-22 10:25:18,922 [INFO] BlockDiagram:2759 - set Specific Code input for plugin: NVIC
2024-07-22 10:25:18,922 [INFO] BlockDiagram:2759 - set Specific Code input for plugin: USART
2024-07-22 10:25:18,922 [INFO] BlockDiagram:2759 - set Specific Code input for plugin: GPIO
2024-07-22 10:25:18,922 [INFO] BlockDiagram:2759 - set Specific Code input for plugin: ETH
2024-07-22 10:25:18,923 [INFO] CodeGenerator:807 - code generatio: config db path: /Applications/STM32CubeIDE.app/Contents/Eclipse/plugins/com.st.stm32cube.common.mx_6.11.1.202404110753//db/
2024-07-22 10:25:19,313 [INFO] CodeEngine:255 - oldGeneratedFile, /Users/james/NPVP/NPVP/MXTmpFiles/license.tmp_save
2024-07-22 10:25:19,728 [INFO] CodeEngine:279 - Generated code: /Users/james/NPVP/NPVP/MXTmpFiles/license.tmp
2024-07-22 10:25:19,821 [INFO] CodeEngine:255 - oldGeneratedFile, /Users/james/NPVP/NPVP/MXTmpFiles/gpio.tmp_save
2024-07-22 10:25:19,932 [INFO] CodeEngine:279 - Generated code: /Users/james/NPVP/NPVP/MXTmpFiles/gpio.tmp
2024-07-22 10:25:20,521 [WARN] IPConfigManager:2982 - Warning: the RefConfig PWREx_EnableUSBVoltageDetector is not available in your config.xml file
2024-07-22 10:25:20,536 [INFO] CodeEngine:255 - oldGeneratedFile, /Users/james/NPVP/NPVP/MXTmpFiles/cortex.tmp_save
2024-07-22 10:25:20,642 [INFO] CodeEngine:279 - Generated code: /Users/james/NPVP/NPVP/MXTmpFiles/cortex.tmp
2024-07-22 10:25:20,658 [INFO] CodeEngine:255 - oldGeneratedFile, /Users/james/NPVP/NPVP/Core/Src/stm32f7xx_it.c_save
2024-07-22 10:25:20,796 [INFO] CodeEngine:279 - Generated code: /Users/james/NPVP/NPVP/Core/Src/stm32f7xx_it.c
2024-07-22 10:25:20,799 [INFO] CodeEngine:255 - oldGeneratedFile, /Users/james/NPVP/NPVP/Core/Inc/stm32f7xx_it.h_save
2024-07-22 10:25:20,886 [INFO] CodeEngine:279 - Generated code: /Users/james/NPVP/NPVP/Core/Inc/stm32f7xx_it.h
2024-07-22 10:25:20,903 [INFO] CodeEngine:255 - oldGeneratedFile, /Users/james/NPVP/NPVP/Core/Src/stm32f7xx_hal_msp.c_save
2024-07-22 10:25:21,039 [INFO] CodeEngine:279 - Generated code: /Users/james/NPVP/NPVP/Core/Src/stm32f7xx_hal_msp.c
2024-07-22 10:25:21,042 [INFO] CodeEngine:255 - oldGeneratedFile, /Users/james/NPVP/NPVP/MXTmpFiles/system.tmp_save
2024-07-22 10:25:21,128 [INFO] CodeEngine:279 - Generated code: /Users/james/NPVP/NPVP/MXTmpFiles/system.tmp
2024-07-22 10:25:21,134 [INFO] CodeEngine:311 - oldGeneratedFile, /Users/james/NPVP/NPVP/Core/Inc/stm32f7xx_hal_conf.h_save
2024-07-22 10:25:21,230 [INFO] CodeEngine:335 - Generated code: /Users/james/NPVP/NPVP/Core/Inc/stm32f7xx_hal_conf.h
2024-07-22 10:25:21,268 [WARN] IPConfigManager:3513 - IP not found : TIM
2024-07-22 10:25:21,268 [WARN] IPConfigManager:3513 - IP not found : USB_OTG
2024-07-22 10:25:21,269 [WARN] CodeGenerator:3951 - IP not found : null
2024-07-22 10:25:21,269 [WARN] CodeGenerator:3951 - IP not found : null
2024-07-22 10:25:21,273 [INFO] CodeEngine:255 - oldGeneratedFile, /Users/james/NPVP/NPVP/Core/Inc/main.h_save
2024-07-22 10:25:21,380 [INFO] CodeEngine:279 - Generated code: /Users/james/NPVP/NPVP/Core/Inc/main.h
2024-07-22 10:25:21,384 [INFO] CodeEngine:255 - oldGeneratedFile, /Users/james/NPVP/NPVP/Core/Src/main.c_save
2024-07-22 10:25:21,546 [INFO] CodeEngine:279 - Generated code: /Users/james/NPVP/NPVP/Core/Src/main.c
2024-07-22 10:25:21,929 [INFO] ProjectBuilder:3163 - Time for Copy HAL[1] : 147mS.
2024-07-22 10:25:21,934 [INFO] ProjectBuilder:4736 - Project Generator version: 4.3.0-B58
2024-07-22 10:25:22,046 [INFO] ConfigFileManager:1503 - The Die is : DIE451
2024-07-22 10:25:22,052 [INFO] ApiDbMcu:508 - Load IP Config File for FATFS
2024-07-22 10:25:22,057 [INFO] ApiDbMcu:508 - Load IP Config File for FREERTOS
2024-07-22 10:25:22,059 [INFO] ApiDbMcu:508 - Load IP Config File for LIBJPEG
2024-07-22 10:25:22,065 [INFO] ApiDbMcu:508 - Load IP Config File for LWIP
2024-07-22 10:25:22,073 [INFO] ApiDbMcu:508 - Load IP Config File for MBEDTLS
2024-07-22 10:25:22,080 [INFO] ApiDbMcu:508 - Load IP Config File for USB_DEVICE
2024-07-22 10:25:22,084 [INFO] ApiDbMcu:508 - Load IP Config File for USB_HOST
2024-07-22 10:25:22,496 [INFO] LogOutputStream:77 - [STDOUT_REDIRECT] 
2024-07-22 10:25:23,158 [INFO] ProjectBuilder:5002 - Time for Generating toolchain IDE Files: 1223mS.
2024-07-22 10:25:23,158 [INFO] ProjectBuilder:3034 - Time for Copy CMSIS : 0mS.
2024-07-22 10:25:23,159 [INFO] ProjectBuilder:3034 - Time for Copy CMSIS : 0mS.
2024-07-22 17:23:03,177 [ERROR] LogOutputStream:75 - [STDERR_REDIRECT] 
