2024-07-24 09:39:49,011 [INFO] Activator:176 - 


2024-07-24 09:39:49,016 [INFO] Activator:177 - !SESSION log4j initialized
2024-07-24 09:39:51,757 [INFO] LogOutputStream:77 - [STDOUT_REDIRECT] 
2024-07-24 09:39:52,659 [ERROR] LogOutputStream:75 - [STDERR_REDIRECT] 
2024-07-24 09:39:54,171 [INFO] LogOutputStream:77 - [STDOUT_REDIRECT] 
2024-07-24 09:39:54,671 [INFO] ApplicationProperties:184 - Using Application install path: /Applications/STM32CubeIDE.app/Contents/Eclipse/plugins/com.st.stm32cube.common.mx_6.11.1.202404110753
2024-07-24 09:39:54,686 [INFO] DbMcusXml:78 - Set database path to: /Applications/STM32CubeIDE.app/Contents/Eclipse/plugins/com.st.stm32cube.common.mx_6.11.1.202404110753//db//mcu/
2024-07-24 09:39:54,686 [INFO] ApiDb:274 - Set plugin database path to: /Applications/STM32CubeIDE.app/Contents/Eclipse/plugins/com.st.stm32cube.common.mx_6.11.1.202404110753//db//plugins/boardmanager/
2024-07-24 09:39:54,687 [WARN] ApiDb:259 - Overriding images path with different value:  => /Applications/STM32CubeIDE.app/Contents/Eclipse/plugins/com.st.stm32cube.common.mx_6.11.1.202404110753//db//plugins/mcufinder/images/
2024-07-24 09:39:54,692 [INFO] ApiDb:250 - Set database path to: /Users/james/.stmcufinder/plugins/mcufinder//mcu/
2024-07-24 09:39:54,693 [INFO] DbMcusAds:125 - Set database path to: /Users/james/.stmcufinder/plugins/mcufinder//mcu/
2024-07-24 09:39:54,696 [INFO] CrossReferenceDbSqlite:203 - Set database path to: /Users/james/.stmcufinder/plugins/mcufinder//mcu/cs/
2024-07-24 09:39:54,787 [INFO] RulesReader:64 - Compatibility file has been processed (297 Rules)
2024-07-24 09:39:54,840 [INFO] DbMcusXml:78 - Set database path to: /Applications/STM32CubeIDE.app/Contents/Eclipse/plugins/com.st.stm32cube.common.mx_6.11.1.202404110753//db//mcu/
2024-07-24 09:39:54,840 [INFO] ApiDb:274 - Set plugin database path to: /Applications/STM32CubeIDE.app/Contents/Eclipse/plugins/com.st.stm32cube.common.mx_6.11.1.202404110753//db//plugins/boardmanager/
2024-07-24 09:39:54,840 [INFO] ApiDb:261 - Set plugin images path to: /Applications/STM32CubeIDE.app/Contents/Eclipse/plugins/com.st.stm32cube.common.mx_6.11.1.202404110753//db//plugins/mcufinder/images/
2024-07-24 09:39:54,840 [WARN] DbFile:41 - Overriding database path with different value: /Users/james/.stmcufinder/plugins/mcufinder/ => /Users/james/.stmcufinder/plugins/mcufinder
2024-07-24 09:39:54,840 [INFO] ApiDb:250 - Set database path to: /Users/james/.stmcufinder/plugins/mcufinder//mcu/
2024-07-24 09:39:54,841 [WARN] DbFile:41 - Overriding database path with different value: /Users/james/.stmcufinder/plugins/mcufinder/ => /Users/james/.stmcufinder/plugins/mcufinder
2024-07-24 09:39:54,841 [INFO] DbMcusAds:125 - Set database path to: /Users/james/.stmcufinder/plugins/mcufinder//mcu/
2024-07-24 09:39:54,841 [WARN] DbFile:41 - Overriding database path with different value: /Users/james/.stmcufinder/plugins/mcufinder/ => /Users/james/.stmcufinder/plugins/mcufinder
2024-07-24 09:39:54,841 [WARN] DbFile:41 - Overriding database path with different value: /Users/james/.stmcufinder/plugins/mcufinder/ => /Users/james/.stmcufinder/plugins/mcufinder
2024-07-24 09:39:54,841 [INFO] CrossReferenceDbSqlite:203 - Set database path to: /Users/james/.stmcufinder/plugins/mcufinder//mcu/cs/
2024-07-24 09:39:54,893 [INFO] MainPanel:264 - HeapMemory: 268435456
2024-07-24 09:39:54,943 [INFO] DbMcusXml:78 - Set database path to: /Applications/STM32CubeIDE.app/Contents/Eclipse/plugins/com.st.stm32cube.common.mx_6.11.1.202404110753//db//mcu/
2024-07-24 09:39:54,943 [INFO] ApiDb:274 - Set plugin database path to: /Applications/STM32CubeIDE.app/Contents/Eclipse/plugins/com.st.stm32cube.common.mx_6.11.1.202404110753//db//plugins/boardmanager/
2024-07-24 09:39:54,943 [INFO] ApiDb:261 - Set plugin images path to: /Applications/STM32CubeIDE.app/Contents/Eclipse/plugins/com.st.stm32cube.common.mx_6.11.1.202404110753//db//plugins/mcufinder/images/
2024-07-24 09:39:54,943 [WARN] DbFile:41 - Overriding database path with different value: /Users/james/.stmcufinder/plugins/mcufinder/ => /Users/james/.stmcufinder/plugins/mcufinder
2024-07-24 09:39:54,943 [INFO] ApiDb:250 - Set database path to: /Users/james/.stmcufinder/plugins/mcufinder//mcu/
2024-07-24 09:39:54,943 [WARN] DbFile:41 - Overriding database path with different value: /Users/james/.stmcufinder/plugins/mcufinder/ => /Users/james/.stmcufinder/plugins/mcufinder
2024-07-24 09:39:54,943 [INFO] DbMcusAds:125 - Set database path to: /Users/james/.stmcufinder/plugins/mcufinder//mcu/
2024-07-24 09:39:54,943 [WARN] DbFile:41 - Overriding database path with different value: /Users/james/.stmcufinder/plugins/mcufinder/ => /Users/james/.stmcufinder/plugins/mcufinder
2024-07-24 09:39:54,943 [WARN] DbFile:41 - Overriding database path with different value: /Users/james/.stmcufinder/plugins/mcufinder/ => /Users/james/.stmcufinder/plugins/mcufinder
2024-07-24 09:39:54,944 [INFO] CrossReferenceDbSqlite:203 - Set database path to: /Users/james/.stmcufinder/plugins/mcufinder//mcu/cs/
2024-07-24 09:39:54,956 [INFO] ApplicationProperties:184 - Using Application install path: /Applications/STM32CubeIDE.app/Contents/Eclipse/plugins/com.st.stm32cube.common.mx_6.11.1.202404110753
2024-07-24 09:39:54,957 [INFO] PluginManage:196 - Search for loadable plugins [exclusion list=, ]
2024-07-24 09:39:54,958 [INFO] PluginManage:310 - Check plugin analytics
2024-07-24 09:39:55,091 [INFO] AnalyticsPlugin:253 - Accepted Software Licenses: 
2024-07-24 09:39:55,092 [INFO] AnalyticsPlugin:255 - Accepted CMSIS Pack Licenses: 
2024-07-24 09:39:55,092 [INFO] AnalyticsPlugin:257 - Accepted Firmware Licenses: FW.F7.1.17.0
2024-07-24 09:39:55,093 [INFO] PluginManage:359 - Loaded plugin analytics (category:tool,tabindex:-1)
2024-07-24 09:39:55,094 [INFO] PluginManage:310 - Check plugin cadmodel
2024-07-24 09:39:55,268 [INFO] CADModel:105 - Init CAD model plugin
2024-07-24 09:39:55,268 [INFO] PluginManage:359 - Loaded plugin cadmodel (category:power,tabindex:5)
2024-07-24 09:39:55,268 [INFO] PluginManage:310 - Check plugin clock
2024-07-24 09:39:55,275 [INFO] PluginManage:359 - Loaded plugin clock (category:base,tabindex:2)
2024-07-24 09:39:55,275 [INFO] PluginManage:310 - Check plugin ddr
2024-07-24 09:39:55,277 [INFO] PluginManage:359 - Loaded plugin ddr (category:tool,tabindex:6)
2024-07-24 09:39:55,277 [INFO] PluginManage:310 - Check plugin filemanager
2024-07-24 09:39:55,395 [INFO] PluginManage:359 - Loaded plugin filemanager (category:base,tabindex:10)
2024-07-24 09:39:55,395 [INFO] PluginManage:310 - Check plugin ipmanager
2024-07-24 09:39:55,401 [INFO] PluginManage:359 - Loaded plugin ipmanager (category:base,tabindex:5)
2024-07-24 09:39:55,401 [INFO] PluginManage:310 - Check plugin lpbam
2024-07-24 09:39:55,409 [INFO] PluginManage:359 - Loaded plugin lpbam (category:base,tabindex:0)
2024-07-24 09:39:55,409 [INFO] PluginManage:310 - Check plugin memorymap
2024-07-24 09:39:55,421 [INFO] PluginManage:359 - Loaded plugin memorymap (category:base,tabindex:4)
2024-07-24 09:39:55,421 [INFO] PluginManage:310 - Check plugin pinoutandconfiguration
2024-07-24 09:39:55,427 [INFO] PluginManage:359 - Loaded plugin pinoutandconfiguration (category:base,tabindex:1)
2024-07-24 09:39:55,428 [INFO] PluginManage:310 - Check plugin pinoutconfig
2024-07-24 09:39:55,506 [WARN] SupportedApi:132 - Cannot load RTOS API schema: s4s-elt-must-match.1: The content of 'definitions' must match (annotation?, (simpleType | complexType)?, (unique | key | keyref)*)). A problem was found starting at: attribute.
2024-07-24 09:39:55,625 [INFO] PluginManage:359 - Loaded plugin pinoutconfig (category:base,tabindex:0)
2024-07-24 09:39:55,625 [INFO] PluginManage:310 - Check plugin power
2024-07-24 09:39:55,632 [INFO] PluginManage:359 - Loaded plugin power (category:power,tabindex:4)
2024-07-24 09:39:55,632 [INFO] PluginManage:310 - Check plugin projectmanager
2024-07-24 09:39:55,644 [INFO] PluginManage:359 - Loaded plugin projectmanager (category:projectmanager,tabindex:3)
2024-07-24 09:39:55,644 [INFO] PluginManage:310 - Check plugin thirdparty
2024-07-24 09:39:55,746 [WARN] IntegrityCheckThread:84 - waiting for thirdparty lock release [integrity check]
2024-07-24 09:39:55,746 [INFO] PluginManage:359 - Loaded plugin thirdparty (category:base,tabindex:-1)
2024-07-24 09:39:55,746 [INFO] IntegrityCheckThread:86 - entering critical section [integrity check]
2024-07-24 09:39:55,746 [INFO] PluginManage:310 - Check plugin tools
2024-07-24 09:39:55,746 [INFO] ThirdPartyUpdaterWithRetryManager:70 - Updater plugin not ready yet. [1/15]
2024-07-24 09:39:55,747 [INFO] PluginManage:359 - Loaded plugin tools (category:base,tabindex:7)
2024-07-24 09:39:55,748 [INFO] PluginManage:310 - Check plugin tutovideos
2024-07-24 09:39:55,918 [INFO] PluginManage:359 - Loaded plugin tutovideos (category:base,tabindex:-1)
2024-07-24 09:39:55,919 [INFO] PluginManage:310 - Check plugin updater
2024-07-24 09:39:55,927 [INFO] PluginManage:359 - Loaded plugin updater (category:base,tabindex:12)
2024-07-24 09:39:55,927 [INFO] PluginManage:310 - Check plugin userauth
2024-07-24 09:39:55,931 [INFO] UserAuth:114 - Init User Auth plugin
2024-07-24 09:39:55,932 [INFO] PluginManage:359 - Loaded plugin userauth (category:base,tabindex:14)
2024-07-24 09:39:55,932 [INFO] PluginManage:283 - PluginManage : Loaded plugins [17]
2024-07-24 09:39:56,077 [INFO] PinOutPanel:1561 - setPackage(No Configuration,No Configuration)
2024-07-24 09:39:56,131 [INFO] CADModel:165 - CPN selected for project level
2024-07-24 09:39:56,132 [INFO] CADModel:114 - Register for checkConnection events
2024-07-24 09:39:56,144 [INFO] IPUIPlugin:80 - create IPUIPlugin
2024-07-24 09:39:56,144 [INFO] PluginManager:220 - loadIPPluginJar : add mdma
2024-07-24 09:39:56,151 [INFO] IPUIPlugin:80 - create IPUIPlugin
2024-07-24 09:39:56,151 [INFO] PluginManager:220 - loadIPPluginJar : add freertos
2024-07-24 09:39:56,156 [INFO] IPUIPlugin:80 - create IPUIPlugin
2024-07-24 09:39:56,156 [INFO] PluginManager:220 - loadIPPluginJar : add gic
2024-07-24 09:39:56,164 [INFO] IPUIPlugin:80 - create IPUIPlugin
2024-07-24 09:39:56,164 [INFO] PluginManager:220 - loadIPPluginJar : add adc
2024-07-24 09:39:56,167 [INFO] IPUIPlugin:80 - create IPUIPlugin
2024-07-24 09:39:56,167 [INFO] PluginManager:220 - loadIPPluginJar : add gtzc
2024-07-24 09:39:56,168 [INFO] IPUIPlugin:80 - create IPUIPlugin
2024-07-24 09:39:56,168 [INFO] PluginManager:220 - loadIPPluginJar : add quadspi
2024-07-24 09:39:56,169 [INFO] IPUIPlugin:80 - create IPUIPlugin
2024-07-24 09:39:56,170 [INFO] PluginManager:220 - loadIPPluginJar : add aes
2024-07-24 09:39:56,171 [INFO] IPUIPlugin:80 - create IPUIPlugin
2024-07-24 09:39:56,171 [INFO] PluginManager:220 - loadIPPluginJar : add pdm2pcm
2024-07-24 09:39:56,173 [INFO] IPUIPlugin:80 - create IPUIPlugin
2024-07-24 09:39:56,173 [INFO] PluginManager:220 - loadIPPluginJar : add hash
2024-07-24 09:39:56,174 [INFO] IPUIPlugin:80 - create IPUIPlugin
2024-07-24 09:39:56,174 [INFO] PluginManager:220 - loadIPPluginJar : add tim
2024-07-24 09:39:56,175 [INFO] IPUIPlugin:80 - create IPUIPlugin
2024-07-24 09:39:56,175 [INFO] PluginManager:220 - loadIPPluginJar : add tsc
2024-07-24 09:39:56,178 [INFO] IPUIPlugin:80 - create IPUIPlugin
2024-07-24 09:39:56,178 [INFO] PluginManager:220 - loadIPPluginJar : add extmemmanager
2024-07-24 09:39:56,179 [INFO] IPUIPlugin:80 - create IPUIPlugin
2024-07-24 09:39:56,179 [INFO] PluginManager:220 - loadIPPluginJar : add ts
2024-07-24 09:39:56,181 [INFO] IPUIPlugin:80 - create IPUIPlugin
2024-07-24 09:39:56,181 [INFO] PluginManager:220 - loadIPPluginJar : add can
2024-07-24 09:39:56,183 [INFO] IPUIPlugin:80 - create IPUIPlugin
2024-07-24 09:39:56,183 [INFO] PluginManager:220 - loadIPPluginJar : add dma3
2024-07-24 09:39:56,184 [INFO] IPUIPlugin:80 - create IPUIPlugin
2024-07-24 09:39:56,184 [INFO] PluginManager:220 - loadIPPluginJar : add dfsdm
2024-07-24 09:39:56,186 [INFO] IPUIPlugin:80 - create IPUIPlugin
2024-07-24 09:39:56,186 [INFO] PluginManager:220 - loadIPPluginJar : add spi
2024-07-24 09:39:56,189 [INFO] IPUIPlugin:80 - create IPUIPlugin
2024-07-24 09:39:56,189 [INFO] PluginManager:220 - loadIPPluginJar : add gfxmmu
2024-07-24 09:39:56,190 [INFO] IPUIPlugin:80 - create IPUIPlugin
2024-07-24 09:39:56,190 [INFO] PluginManager:220 - loadIPPluginJar : add genericplugin
2024-07-24 09:39:56,191 [INFO] IPUIPlugin:80 - create IPUIPlugin
2024-07-24 09:39:56,191 [INFO] PluginManager:220 - loadIPPluginJar : add cryp
2024-07-24 09:39:56,195 [INFO] IPUIPlugin:80 - create IPUIPlugin
2024-07-24 09:39:56,195 [INFO] PluginManager:220 - loadIPPluginJar : add gpio
2024-07-24 09:39:56,196 [INFO] IPUIPlugin:80 - create IPUIPlugin
2024-07-24 09:39:56,196 [INFO] PluginManager:220 - loadIPPluginJar : add comp
2024-07-24 09:39:56,197 [INFO] IPUIPlugin:80 - create IPUIPlugin
2024-07-24 09:39:56,198 [INFO] PluginManager:220 - loadIPPluginJar : add tracer_emb
2024-07-24 09:39:56,200 [INFO] IPUIPlugin:80 - create IPUIPlugin
2024-07-24 09:39:56,201 [INFO] PluginManager:220 - loadIPPluginJar : add openamp
2024-07-24 09:39:56,204 [INFO] IPUIPlugin:80 - create IPUIPlugin
2024-07-24 09:39:56,205 [INFO] PluginManager:220 - loadIPPluginJar : add stm32_wpan
2024-07-24 09:39:56,210 [INFO] IPUIPlugin:80 - create IPUIPlugin
2024-07-24 09:39:56,212 [INFO] PluginManager:220 - loadIPPluginJar : add plateformsettings
2024-07-24 09:39:56,215 [INFO] IPUIPlugin:80 - create IPUIPlugin
2024-07-24 09:39:56,215 [INFO] PluginManager:220 - loadIPPluginJar : add ipddr
2024-07-24 09:39:56,217 [INFO] IPUIPlugin:80 - create IPUIPlugin
2024-07-24 09:39:56,217 [INFO] PluginManager:220 - loadIPPluginJar : add usart
2024-07-24 09:39:56,218 [INFO] IPUIPlugin:80 - create IPUIPlugin
2024-07-24 09:39:56,219 [INFO] PluginManager:220 - loadIPPluginJar : add ltdc
2024-07-24 09:39:56,222 [INFO] IPUIPlugin:80 - create IPUIPlugin
2024-07-24 09:39:56,223 [INFO] PluginManager:220 - loadIPPluginJar : add nvic
2024-07-24 09:39:56,223 [INFO] IPUIPlugin:80 - create IPUIPlugin
2024-07-24 09:39:56,223 [INFO] PluginManager:220 - loadIPPluginJar : add fatfs
2024-07-24 09:39:56,229 [INFO] IPUIPlugin:80 - create IPUIPlugin
2024-07-24 09:39:56,229 [INFO] PluginManager:220 - loadIPPluginJar : add linkedlist
2024-07-24 09:39:56,233 [INFO] IPUIPlugin:80 - create IPUIPlugin
2024-07-24 09:39:56,234 [INFO] PluginManager:220 - loadIPPluginJar : add dma
2024-07-24 09:39:56,236 [INFO] IPUIPlugin:80 - create IPUIPlugin
2024-07-24 09:39:56,236 [INFO] PluginManager:220 - loadIPPluginJar : add fmc
2024-07-24 09:39:56,238 [INFO] IPUIPlugin:80 - create IPUIPlugin
2024-07-24 09:39:56,238 [INFO] PluginManager:220 - loadIPPluginJar : add i2s
2024-07-24 09:39:56,239 [INFO] IPUIPlugin:80 - create IPUIPlugin
2024-07-24 09:39:56,239 [INFO] PluginManager:220 - loadIPPluginJar : add ucpd
2024-07-24 09:39:56,240 [INFO] IPUIPlugin:80 - create IPUIPlugin
2024-07-24 09:39:56,240 [INFO] PluginManager:220 - loadIPPluginJar : add lorawan
2024-07-24 09:39:56,242 [INFO] IPUIPlugin:80 - create IPUIPlugin
2024-07-24 09:39:56,242 [INFO] PluginManager:220 - loadIPPluginJar : add opamp
2024-07-24 09:39:56,244 [INFO] IPUIPlugin:80 - create IPUIPlugin
2024-07-24 09:39:56,244 [INFO] PluginManager:220 - loadIPPluginJar : add i3c
2024-07-24 09:39:56,247 [INFO] IPUIPlugin:80 - create IPUIPlugin
2024-07-24 09:39:56,247 [INFO] PluginManager:220 - loadIPPluginJar : add touchsensing
2024-07-24 09:39:56,249 [INFO] IPUIPlugin:80 - create IPUIPlugin
2024-07-24 09:39:56,249 [INFO] PluginManager:220 - loadIPPluginJar : add i2c
2024-07-24 09:39:56,251 [INFO] IPUIPlugin:80 - create IPUIPlugin
2024-07-24 09:39:56,251 [INFO] PluginManager:220 - loadIPPluginJar : add resmgrutility
2024-07-24 09:39:56,254 [INFO] IPUIPlugin:80 - create IPUIPlugin
2024-07-24 09:39:56,254 [INFO] PluginManager:220 - loadIPPluginJar : add sai
2024-07-24 09:39:56,256 [INFO] IPUIPlugin:80 - create IPUIPlugin
2024-07-24 09:39:56,256 [INFO] PluginManager:220 - loadIPPluginJar : add usbx
2024-07-24 09:39:56,350 [INFO] CADModel:165 - CPN selected for project level
2024-07-24 09:39:56,350 [INFO] CADModel:114 - Register for checkConnection events
2024-07-24 09:39:56,350 [FATAL] Updater:308 - Updater called before beeing initialized
2024-07-24 09:39:56,351 [ERROR] CADModel:125 - Updater not yet initialized, retry later 
2024-07-24 09:39:56,480 [INFO] CADModel:165 - CPN selected for project level
2024-07-24 09:39:56,480 [INFO] CADModel:114 - Register for checkConnection events
2024-07-24 09:39:56,480 [FATAL] Updater:308 - Updater called before beeing initialized
2024-07-24 09:39:56,480 [ERROR] CADModel:125 - Updater not yet initialized, retry later 
2024-07-24 09:39:56,483 [FATAL] Updater:308 - Updater called before beeing initialized
2024-07-24 09:39:56,550 [FATAL] Updater:308 - Updater called before beeing initialized
2024-07-24 09:39:56,555 [INFO] DbMcusAds:53 - JSON generation date=Thu May 16 02:22:01 PDT 2024 (1715851321456)
2024-07-24 09:39:56,555 [FATAL] Updater:308 - Updater called before beeing initialized
2024-07-24 09:39:56,686 [WARN] DetailPanel:346 - Failed to get advertising image, set to default
2024-07-24 09:39:56,771 [FATAL] Updater:308 - Updater called before beeing initialized
2024-07-24 09:39:56,773 [FATAL] Updater:308 - Updater called before beeing initialized
2024-07-24 09:39:56,773 [FATAL] Updater:308 - Updater called before beeing initialized
2024-07-24 09:39:56,773 [WARN] DetailPanel:346 - Failed to get advertising image, set to default
2024-07-24 09:39:56,774 [FATAL] Updater:308 - Updater called before beeing initialized
2024-07-24 09:39:56,815 [ERROR] Updater:1120 - MainUpdater not yet initialized. External WinMGr cannot be set.
2024-07-24 09:39:56,817 [INFO] Updater:1056 - Updater Version found : 6.11.1
2024-07-24 09:39:56,836 [INFO] ApplicationProperties:184 - Using Application install path: /Applications/STM32CubeIDE.app/Contents/Eclipse/plugins/com.st.stm32cube.common.mx_6.11.1.202404110753
2024-07-24 09:39:57,170 [INFO] MainUpdater:2873 - connection check result : 10
2024-07-24 09:39:57,171 [INFO] MainUpdater:290 - Updater Check For Update Now.
2024-07-24 09:39:57,171 [INFO] MicroXplorer:498 - Change Database Version : DB.6.0.111
2024-07-24 09:39:57,176 [INFO] McuFinderGlobals:63 - Set McuFinder mode to 2 (CubeIDE integrated)
2024-07-24 09:39:57,180 [INFO] UserAuth:415 - Internet connection configuration mode: 1
2024-07-24 09:39:57,193 [INFO] JxBrowserEngine:152 - Initiate JxBrowser Engine with user profile folder
2024-07-24 09:39:57,343 [INFO] CheckServerUpdateThread:120 - End of CheckServer Thread
2024-07-24 09:39:58,862 [WARN] PackLoader:240 - Cannot read IP mode file for STMicroelectronics.FP-SNS-MOTENVWB1.1.4.0
2024-07-24 09:39:58,870 [WARN] PackLoader:240 - Cannot read IP mode file for STMicroelectronics.X-CUBE-SMBUS.2.1.0
2024-07-24 09:39:58,874 [WARN] PackLoader:240 - Cannot read IP mode file for STMicroelectronics.X-CUBE-TOUCHGFX.4.23.0
2024-07-24 09:39:58,876 [WARN] PackLoader:240 - Cannot read IP mode file for STMicroelectronics.X-CUBE-TOUCHGFX.4.23.2
2024-07-24 09:39:58,902 [WARN] PackLoader:240 - Cannot read IP mode file for STMicroelectronics.X-CUBE-AZRTOS-F7.1.1.0
2024-07-24 09:39:58,911 [WARN] PackLoader:240 - Cannot read IP mode file for STMicroelectronics.FP-SNS-MOTENV1.4.3.2
2024-07-24 09:39:58,916 [WARN] PackLoader:240 - Cannot read IP mode file for STMicroelectronics.FP-SNS-FLIGHT1.5.0.2
2024-07-24 09:39:58,923 [WARN] PackLoader:240 - Cannot read IP mode file for STMicroelectronics.X-CUBE-DISPLAY.3.0.0
2024-07-24 09:39:58,932 [WARN] PackLoader:240 - Cannot read IP mode file for STMicroelectronics.X-CUBE-BLE1.7.0.0
2024-07-24 09:39:58,937 [WARN] PackLoader:240 - Cannot read IP mode file for emotas.I-CUBE-CANOPEN.1.3.0
2024-07-24 09:39:58,946 [WARN] PackLoader:240 - Cannot read IP mode file for STMicroelectronics.X-CUBE-BLEMGR.3.1.0
2024-07-24 09:39:58,952 [WARN] PackLoader:240 - Cannot read IP mode file for STMicroelectronics.FP-SNS-SMARTAG2.1.2.0
2024-07-24 09:39:58,960 [INFO] LogOutputStream:77 - [STDOUT_REDIRECT] 1 : Invalid condition id : UX_CORESTACK_Condition cause : null
2024-07-24 09:39:58,961 [INFO] LogOutputStream:77 - [STDOUT_REDIRECT] 1 : Invalid condition id : UX_CORESTACK_Condition cause : null
2024-07-24 09:39:58,961 [INFO] LogOutputStream:77 - [STDOUT_REDIRECT] 1 : Invalid condition id : UX_CORESTACK_Condition cause : null
2024-07-24 09:39:58,961 [INFO] LogOutputStream:77 - [STDOUT_REDIRECT] 1 : Invalid condition id : UX_CORESTACK_Condition cause : null
2024-07-24 09:39:58,961 [INFO] LogOutputStream:77 - [STDOUT_REDIRECT] 1 : Invalid condition id : UX_CORESTACK_Condition cause : null
2024-07-24 09:39:58,965 [WARN] PackLoader:240 - Cannot read IP mode file for STMicroelectronics.X-CUBE-AZRTOS-WL.2.0.0
2024-07-24 09:39:58,969 [WARN] PackLoader:240 - Cannot read IP mode file for STMicroelectronics.FP-SNS-MOTENV1.5.0.0
2024-07-24 09:39:58,973 [WARN] PackLoader:240 - Cannot read IP mode file for wolfSSL.I-CUBE-wolfMQTT.1.19.0
2024-07-24 09:39:58,979 [WARN] PackLoader:240 - Cannot read IP mode file for WES.I-CUBE-Cesium.1.3.0
2024-07-24 09:39:58,983 [WARN] PackLoader:240 - Cannot read IP mode file for STMicroelectronics.X-CUBE-BLE2.3.3.0
2024-07-24 09:39:58,988 [WARN] PackLoader:240 - Cannot read IP mode file for STMicroelectronics.X-CUBE-TCPP.4.1.0
2024-07-24 09:39:58,999 [WARN] PackLoader:240 - Cannot read IP mode file for STMicroelectronics.X-CUBE-ALGOBUILD.1.3.0
2024-07-24 09:39:59,021 [WARN] PackLoader:240 - Cannot read IP mode file for STMicroelectronics.X-CUBE-AZRTOS-G0.1.1.0
2024-07-24 09:39:59,028 [WARN] PackLoader:240 - Cannot read IP mode file for STMicroelectronics.X-CUBE-SAFEA1.1.2.2
2024-07-24 09:39:59,033 [WARN] PackLoader:240 - Cannot read IP mode file for STMicroelectronics.X-CUBE-NFC4.3.0.0
2024-07-24 09:39:59,044 [WARN] PackLoader:240 - Cannot read IP mode file for EmbeddedOffice.I-CUBE-FS-RTOS.1.0.1
2024-07-24 09:39:59,045 [ERROR] ConditionMgr:805 - Attr not supported : Dmpu
2024-07-24 09:39:59,045 [ERROR] ConditionMgr:805 - Attr not supported : Dmpu
2024-07-24 09:39:59,045 [ERROR] ConditionMgr:805 - Attr not supported : Dmpu
2024-07-24 09:39:59,045 [ERROR] ConditionMgr:805 - Attr not supported : Dmpu
2024-07-24 09:39:59,045 [ERROR] ConditionMgr:805 - Attr not supported : Dmpu
2024-07-24 09:39:59,045 [ERROR] ConditionMgr:805 - Attr not supported : Dmpu
2024-07-24 09:39:59,045 [ERROR] ConditionMgr:805 - Attr not supported : Dmpu
2024-07-24 09:39:59,045 [ERROR] ConditionMgr:805 - Attr not supported : Dmpu
2024-07-24 09:39:59,045 [ERROR] ConditionMgr:805 - Attr not supported : Dmpu
2024-07-24 09:39:59,045 [ERROR] ConditionMgr:805 - Attr not supported : Dmpu
2024-07-24 09:39:59,045 [ERROR] ConditionMgr:805 - Attr not supported : Dmpu
2024-07-24 09:39:59,045 [ERROR] ConditionMgr:805 - Attr not supported : Dmpu
2024-07-24 09:39:59,045 [ERROR] ConditionMgr:805 - Attr not supported : Dmpu
2024-07-24 09:39:59,046 [ERROR] ConditionMgr:805 - Attr not supported : Dmpu
2024-07-24 09:39:59,046 [ERROR] ConditionMgr:805 - Attr not supported : Dmpu
2024-07-24 09:39:59,046 [ERROR] ConditionMgr:805 - Attr not supported : Dmpu
2024-07-24 09:39:59,046 [ERROR] ConditionMgr:805 - Attr not supported : Dmpu
2024-07-24 09:39:59,046 [ERROR] ConditionMgr:805 - Attr not supported : Dmpu
2024-07-24 09:39:59,046 [ERROR] ConditionMgr:805 - Attr not supported : Dmpu
2024-07-24 09:39:59,046 [ERROR] ConditionMgr:805 - Attr not supported : Dmpu
2024-07-24 09:39:59,046 [ERROR] ConditionMgr:805 - Attr not supported : Dmpu
2024-07-24 09:39:59,046 [ERROR] ConditionMgr:805 - Attr not supported : Dmpu
2024-07-24 09:39:59,046 [ERROR] ConditionMgr:805 - Attr not supported : Dmpu
2024-07-24 09:39:59,046 [ERROR] ConditionMgr:805 - Attr not supported : Dmpu
2024-07-24 09:39:59,046 [ERROR] ConditionMgr:805 - Attr not supported : Dmpu
2024-07-24 09:39:59,046 [ERROR] ConditionMgr:805 - Attr not supported : Dmpu
2024-07-24 09:39:59,046 [ERROR] ConditionMgr:805 - Attr not supported : Dmpu
2024-07-24 09:39:59,046 [ERROR] ConditionMgr:805 - Attr not supported : Dmpu
2024-07-24 09:39:59,046 [ERROR] ConditionMgr:805 - Attr not supported : Dmpu
2024-07-24 09:39:59,047 [ERROR] ConditionMgr:805 - Attr not supported : Dmpu
2024-07-24 09:39:59,047 [ERROR] ConditionMgr:805 - Attr not supported : Dmpu
2024-07-24 09:39:59,047 [ERROR] ConditionMgr:805 - Attr not supported : Dmpu
2024-07-24 09:39:59,047 [ERROR] ConditionMgr:805 - Attr not supported : Dmpu
2024-07-24 09:39:59,047 [ERROR] ConditionMgr:805 - Attr not supported : Dmpu
2024-07-24 09:39:59,047 [ERROR] ConditionMgr:805 - Attr not supported : Dmpu
2024-07-24 09:39:59,047 [ERROR] ConditionMgr:805 - Attr not supported : Dmpu
2024-07-24 09:39:59,047 [ERROR] ConditionMgr:805 - Attr not supported : Dmpu
2024-07-24 09:39:59,047 [ERROR] ConditionMgr:805 - Attr not supported : Dmpu
2024-07-24 09:39:59,047 [ERROR] ConditionMgr:805 - Attr not supported : Dmpu
2024-07-24 09:39:59,047 [ERROR] ConditionMgr:805 - Attr not supported : Dmpu
2024-07-24 09:39:59,047 [ERROR] ConditionMgr:805 - Attr not supported : Dmpu
2024-07-24 09:39:59,047 [ERROR] ConditionMgr:805 - Attr not supported : Dmpu
2024-07-24 09:39:59,047 [ERROR] ConditionMgr:805 - Attr not supported : Dmpu
2024-07-24 09:39:59,048 [ERROR] ConditionMgr:805 - Attr not supported : Dmpu
2024-07-24 09:39:59,048 [ERROR] ConditionMgr:805 - Attr not supported : Dmpu
2024-07-24 09:39:59,048 [ERROR] ConditionMgr:805 - Attr not supported : Dmpu
2024-07-24 09:39:59,048 [ERROR] ConditionMgr:805 - Attr not supported : Dmpu
2024-07-24 09:39:59,048 [ERROR] ConditionMgr:805 - Attr not supported : Dmpu
2024-07-24 09:39:59,048 [ERROR] ConditionMgr:805 - Attr not supported : Dmpu
2024-07-24 09:39:59,048 [ERROR] ConditionMgr:805 - Attr not supported : Dmpu
2024-07-24 09:39:59,048 [ERROR] ConditionMgr:805 - Attr not supported : Dmpu
2024-07-24 09:39:59,048 [ERROR] ConditionMgr:805 - Attr not supported : Dmpu
2024-07-24 09:39:59,048 [ERROR] ConditionMgr:805 - Attr not supported : Dmpu
2024-07-24 09:39:59,048 [ERROR] ConditionMgr:805 - Attr not supported : Dmpu
2024-07-24 09:39:59,048 [ERROR] ConditionMgr:805 - Attr not supported : Dmpu
2024-07-24 09:39:59,048 [ERROR] ConditionMgr:805 - Attr not supported : Dmpu
2024-07-24 09:39:59,048 [ERROR] ConditionMgr:805 - Attr not supported : Dmpu
2024-07-24 09:39:59,048 [ERROR] ConditionMgr:805 - Attr not supported : Dmpu
2024-07-24 09:39:59,048 [ERROR] ConditionMgr:805 - Attr not supported : Dmpu
2024-07-24 09:39:59,049 [ERROR] ConditionMgr:805 - Attr not supported : Dmpu
2024-07-24 09:39:59,049 [ERROR] ConditionMgr:805 - Attr not supported : Dmpu
2024-07-24 09:39:59,049 [ERROR] ConditionMgr:805 - Attr not supported : Dmpu
2024-07-24 09:39:59,049 [ERROR] ConditionMgr:805 - Attr not supported : Dmpu
2024-07-24 09:39:59,049 [ERROR] ConditionMgr:805 - Attr not supported : Dmpu
2024-07-24 09:39:59,054 [WARN] PackLoader:240 - Cannot read IP mode file for RealThread.X-CUBE-RT-Thread_Nano.4.1.1
2024-07-24 09:39:59,057 [WARN] PackLoader:240 - Cannot read IP mode file for STMicroelectronics.FP-ATR-SIGFOX1.3.2.0
2024-07-24 09:39:59,061 [WARN] PackLoader:240 - Cannot read IP mode file for STMicroelectronics.X-CUBE-EEPRMA1.5.1.0
2024-07-24 09:39:59,093 [WARN] PackLoader:240 - Cannot read IP mode file for SEGGER.I-CUBE-embOS.1.3.1
2024-07-24 09:39:59,132 [WARN] PackLoader:240 - Cannot read IP mode file for STMicroelectronics.X-CUBE-ALGOBUILD.1.4.0
2024-07-24 09:39:59,137 [WARN] PackLoader:240 - Cannot read IP mode file for STMicroelectronics.X-CUBE-GNSS1.6.0.0
2024-07-24 09:39:59,153 [WARN] PackLoader:240 - Cannot read IP mode file for STMicroelectronics.X-CUBE-AZRTOS-F4.1.1.0
2024-07-24 09:39:59,161 [WARN] PackLoader:240 - Cannot read IP mode file for STMicroelectronics.X-CUBE-FREERTOS.1.2.0
2024-07-24 09:39:59,164 [WARN] PackLoader:240 - Cannot read IP mode file for wolfSSL.I-CUBE-wolfSSL.5.6.6
2024-07-24 09:39:59,179 [WARN] PackLoader:240 - Cannot read IP mode file for STMicroelectronics.X-CUBE-AZRTOS-L5.2.0.0
2024-07-24 09:39:59,188 [WARN] PackLoader:240 - Cannot read IP mode file for STMicroelectronics.X-CUBE-NFC6.3.1.0
2024-07-24 09:39:59,199 [WARN] PackLoader:240 - Cannot read IP mode file for ITTIA_DB.I-CUBE-ITTIADB.8.8.0
2024-07-24 09:39:59,206 [WARN] PackLoader:240 - Cannot read IP mode file for STMicroelectronics.X-CUBE-DPower.1.2.0
2024-07-24 09:39:59,211 [WARN] PackLoader:240 - Cannot read IP mode file for STMicroelectronics.X-CUBE-AI.9.0.0
2024-07-24 09:39:59,216 [WARN] PackLoader:240 - Cannot read IP mode file for STMicroelectronics.X-CUBE-NFC7.1.0.1
2024-07-24 09:39:59,221 [WARN] PackLoader:240 - Cannot read IP mode file for wolfSSL.I-CUBE-wolfTPM.3.2.0
2024-07-24 09:39:59,230 [WARN] PackLoader:240 - Cannot read IP mode file for STMicroelectronics.X-CUBE-NFC6.3.0.0
2024-07-24 09:39:59,237 [WARN] PackLoader:240 - Cannot read IP mode file for STMicroelectronics.X-CUBE-AI.8.1.0
2024-07-24 09:39:59,274 [WARN] ConditionMgr:438 - getConditionDescription Invalid condition id : LAN8742 Phy interface Condition cause : null
2024-07-24 09:39:59,275 [WARN] PackLoader:240 - Cannot read IP mode file for STMicroelectronics.X-CUBE-AZRTOS-L4.2.0.0
2024-07-24 09:39:59,278 [WARN] ConditionMgr:1039 - genDependencies : Invalid condition id : LAN8742 Phy interface Condition cause : null
2024-07-24 09:39:59,279 [WARN] ConditionMgr:1039 - genDependencies : Invalid condition id : LAN8742 Phy interface Condition cause : null
2024-07-24 09:39:59,279 [WARN] ConditionMgr:1039 - genDependencies : Invalid condition id : LAN8742 Phy interface Condition cause : null
2024-07-24 09:39:59,289 [WARN] PackLoader:240 - Cannot read IP mode file for STMicroelectronics.X-CUBE-SFXS2LP1.4.0.0
2024-07-24 09:39:59,306 [WARN] ConditionMgr:438 - getConditionDescription Invalid condition id : UX DEVICE CLASS RTOS Condition cause : null
2024-07-24 09:39:59,306 [WARN] ConditionMgr:438 - getConditionDescription Invalid condition id : UX DEVICE CLASS RTOS Condition cause : null
2024-07-24 09:39:59,308 [WARN] PackLoader:240 - Cannot read IP mode file for STMicroelectronics.X-CUBE-AZRTOS-WB.2.0.0
2024-07-24 09:39:59,309 [WARN] ConditionMgr:1039 - genDependencies : Invalid condition id : UX DEVICE CLASS RTOS Condition cause : null
2024-07-24 09:39:59,309 [WARN] ConditionMgr:1039 - genDependencies : Invalid condition id : UX DEVICE CLASS RTOS Condition cause : null
2024-07-24 09:39:59,310 [WARN] ConditionMgr:1039 - genDependencies : Invalid condition id : UX DEVICE CLASS RTOS Condition cause : null
2024-07-24 09:39:59,310 [WARN] ConditionMgr:1039 - genDependencies : Invalid condition id : UX DEVICE CLASS RTOS Condition cause : null
2024-07-24 09:39:59,310 [WARN] ConditionMgr:1039 - genDependencies : Invalid condition id : UX DEVICE CLASS RTOS Condition cause : null
2024-07-24 09:39:59,316 [WARN] PackLoader:240 - Cannot read IP mode file for STMicroelectronics.FP-SNS-STBOX1.2.0.0
2024-07-24 09:39:59,327 [WARN] PackLoader:240 - Cannot read IP mode file for STMicroelectronics.X-CUBE-SUBG2.5.0.0
2024-07-24 09:39:59,334 [WARN] PackLoader:240 - Cannot read IP mode file for Cesanta.I-CUBE-Mongoose.7.13.0
2024-07-24 09:39:59,346 [WARN] PackLoader:240 - Cannot read IP mode file for STMicroelectronics.X-CUBE-AZRTOS-G4.2.0.0
2024-07-24 09:39:59,359 [WARN] PackLoader:240 - Cannot read IP mode file for Infineon.AIROC-Wi-Fi-Bluetooth-STM32.1.5.1
2024-07-24 09:39:59,365 [WARN] PackLoader:240 - Cannot read IP mode file for STMicroelectronics.FP-SNS-MOTENVWB1.1.3.1
2024-07-24 09:39:59,368 [WARN] PackLoader:240 - Cannot read IP mode file for STMicroelectronics.X-CUBE-ISPU.2.0.0
2024-07-24 09:39:59,372 [WARN] PackLoader:240 - Cannot read IP mode file for STMicroelectronics.X-CUBE-ALS.1.0.2
2024-07-24 09:39:59,410 [WARN] PackLoader:240 - Cannot read IP mode file for STMicroelectronics.X-CUBE-MEMS1.10.0.0
2024-07-24 09:39:59,524 [WARN] PackLoader:240 - Cannot read IP mode file for STMicroelectronics.X-CUBE-FREERTOS.1.1.0
2024-07-24 09:39:59,527 [WARN] PackLoader:240 - Cannot read IP mode file for STMicroelectronics.X-CUBE-TOUCHGFX.4.24.0
2024-07-24 09:39:59,530 [WARN] PackLoader:240 - Cannot read IP mode file for portGmbH.I-Cube-SoM-uGOAL.1.1.0
2024-07-24 09:39:59,532 [WARN] PackLoader:240 - Cannot read IP mode file for STMicroelectronics.X-CUBE-ALS.1.0.1
2024-07-24 09:39:59,545 [WARN] PackLoader:240 - Cannot read IP mode file for STMicroelectronics.X-CUBE-AZRTOS-H7RS.1.0.0
2024-07-24 09:39:59,549 [WARN] PackLoader:240 - Cannot read IP mode file for STMicroelectronics.FP-ATR-ASTRA1.2.0.0
2024-07-24 09:39:59,556 [WARN] PackLoader:240 - Cannot read IP mode file for STMicroelectronics.X-CUBE-TOF1.3.4.1
2024-07-24 09:39:59,584 [WARN] PackLoader:240 - Cannot read IP mode file for STMicroelectronics.X-CUBE-AZRTOS-H7.3.2.0
2024-07-24 09:39:59,589 [WARN] PackLoader:240 - Cannot read IP mode file for wolfSSL.I-CUBE-wolfSSH.1.4.17
2024-07-24 09:39:59,590 [INFO] ThirdParty:978 - Integrity check success = true
2024-07-24 09:39:59,590 [INFO] IntegrityCheckThread:100 - exiting critical section [integrity check]
2024-07-24 09:39:59,590 [INFO] IntegrityCheckThread:103 - End integrity checks thread
2024-07-24 09:40:03,871 [INFO] WebApp:161 - Instantiating new browser for Auth
2024-07-24 09:40:04,462 [INFO] WebApp:779 - Register for checkConnection events
2024-07-24 09:40:04,464 [INFO] WebApp:414 - Apply proxy settings
2024-07-24 09:40:04,488 [INFO] WebApp:459 - Chromium authenticates against Manually configured proxy
2024-07-24 09:40:04,509 [INFO] WebApp:467 - Username used for proxy authentication: 
2024-07-24 09:40:04,674 [INFO] WebApp:192 - Starting web application
2024-07-24 09:40:04,706 [INFO] WebApp:544 - Web application path used /Applications/STM32CubeIDE.app/Contents/Eclipse/plugins/com.st.stm32cube.common.mx_6.11.1.202404110753/db/plugins/mcufinder/reactClient1/index.html
2024-07-24 11:27:16,681 [ERROR] LogOutputStream:75 - [STDERR_REDIRECT] 
2024-07-24 15:37:34,605 [INFO] Activator:176 - 


2024-07-24 15:37:34,606 [INFO] Activator:177 - !SESSION log4j initialized
2024-07-24 15:37:37,742 [INFO] LogOutputStream:77 - [STDOUT_REDIRECT] 
2024-07-24 15:37:38,665 [ERROR] LogOutputStream:75 - [STDERR_REDIRECT] 
2024-07-24 15:37:40,414 [INFO] LogOutputStream:77 - [STDOUT_REDIRECT] 
2024-07-24 15:37:41,072 [INFO] ApplicationProperties:184 - Using Application install path: /Applications/STM32CubeIDE.app/Contents/Eclipse/plugins/com.st.stm32cube.common.mx_6.11.1.202404110753
2024-07-24 15:37:41,094 [INFO] DbMcusXml:78 - Set database path to: /Applications/STM32CubeIDE.app/Contents/Eclipse/plugins/com.st.stm32cube.common.mx_6.11.1.202404110753//db//mcu/
2024-07-24 15:37:41,094 [INFO] ApiDb:274 - Set plugin database path to: /Applications/STM32CubeIDE.app/Contents/Eclipse/plugins/com.st.stm32cube.common.mx_6.11.1.202404110753//db//plugins/boardmanager/
2024-07-24 15:37:41,095 [WARN] ApiDb:259 - Overriding images path with different value:  => /Applications/STM32CubeIDE.app/Contents/Eclipse/plugins/com.st.stm32cube.common.mx_6.11.1.202404110753//db//plugins/mcufinder/images/
2024-07-24 15:37:41,100 [INFO] ApiDb:250 - Set database path to: /Users/james/.stmcufinder/plugins/mcufinder//mcu/
2024-07-24 15:37:41,101 [INFO] DbMcusAds:125 - Set database path to: /Users/james/.stmcufinder/plugins/mcufinder//mcu/
2024-07-24 15:37:41,104 [INFO] CrossReferenceDbSqlite:203 - Set database path to: /Users/james/.stmcufinder/plugins/mcufinder//mcu/cs/
2024-07-24 15:37:41,210 [INFO] RulesReader:64 - Compatibility file has been processed (297 Rules)
2024-07-24 15:37:41,294 [INFO] DbMcusXml:78 - Set database path to: /Applications/STM32CubeIDE.app/Contents/Eclipse/plugins/com.st.stm32cube.common.mx_6.11.1.202404110753//db//mcu/
2024-07-24 15:37:41,294 [INFO] ApiDb:274 - Set plugin database path to: /Applications/STM32CubeIDE.app/Contents/Eclipse/plugins/com.st.stm32cube.common.mx_6.11.1.202404110753//db//plugins/boardmanager/
2024-07-24 15:37:41,294 [INFO] ApiDb:261 - Set plugin images path to: /Applications/STM32CubeIDE.app/Contents/Eclipse/plugins/com.st.stm32cube.common.mx_6.11.1.202404110753//db//plugins/mcufinder/images/
2024-07-24 15:37:41,294 [WARN] DbFile:41 - Overriding database path with different value: /Users/james/.stmcufinder/plugins/mcufinder/ => /Users/james/.stmcufinder/plugins/mcufinder
2024-07-24 15:37:41,295 [INFO] ApiDb:250 - Set database path to: /Users/james/.stmcufinder/plugins/mcufinder//mcu/
2024-07-24 15:37:41,295 [WARN] DbFile:41 - Overriding database path with different value: /Users/james/.stmcufinder/plugins/mcufinder/ => /Users/james/.stmcufinder/plugins/mcufinder
2024-07-24 15:37:41,295 [INFO] DbMcusAds:125 - Set database path to: /Users/james/.stmcufinder/plugins/mcufinder//mcu/
2024-07-24 15:37:41,295 [WARN] DbFile:41 - Overriding database path with different value: /Users/james/.stmcufinder/plugins/mcufinder/ => /Users/james/.stmcufinder/plugins/mcufinder
2024-07-24 15:37:41,295 [WARN] DbFile:41 - Overriding database path with different value: /Users/james/.stmcufinder/plugins/mcufinder/ => /Users/james/.stmcufinder/plugins/mcufinder
2024-07-24 15:37:41,295 [INFO] CrossReferenceDbSqlite:203 - Set database path to: /Users/james/.stmcufinder/plugins/mcufinder//mcu/cs/
2024-07-24 15:37:41,373 [INFO] MainPanel:264 - HeapMemory: 268435456
2024-07-24 15:37:41,446 [INFO] DbMcusXml:78 - Set database path to: /Applications/STM32CubeIDE.app/Contents/Eclipse/plugins/com.st.stm32cube.common.mx_6.11.1.202404110753//db//mcu/
2024-07-24 15:37:41,446 [INFO] ApiDb:274 - Set plugin database path to: /Applications/STM32CubeIDE.app/Contents/Eclipse/plugins/com.st.stm32cube.common.mx_6.11.1.202404110753//db//plugins/boardmanager/
2024-07-24 15:37:41,447 [INFO] ApiDb:261 - Set plugin images path to: /Applications/STM32CubeIDE.app/Contents/Eclipse/plugins/com.st.stm32cube.common.mx_6.11.1.202404110753//db//plugins/mcufinder/images/
2024-07-24 15:37:41,447 [WARN] DbFile:41 - Overriding database path with different value: /Users/james/.stmcufinder/plugins/mcufinder/ => /Users/james/.stmcufinder/plugins/mcufinder
2024-07-24 15:37:41,447 [INFO] ApiDb:250 - Set database path to: /Users/james/.stmcufinder/plugins/mcufinder//mcu/
2024-07-24 15:37:41,447 [WARN] DbFile:41 - Overriding database path with different value: /Users/james/.stmcufinder/plugins/mcufinder/ => /Users/james/.stmcufinder/plugins/mcufinder
2024-07-24 15:37:41,447 [INFO] DbMcusAds:125 - Set database path to: /Users/james/.stmcufinder/plugins/mcufinder//mcu/
2024-07-24 15:37:41,448 [WARN] DbFile:41 - Overriding database path with different value: /Users/james/.stmcufinder/plugins/mcufinder/ => /Users/james/.stmcufinder/plugins/mcufinder
2024-07-24 15:37:41,448 [WARN] DbFile:41 - Overriding database path with different value: /Users/james/.stmcufinder/plugins/mcufinder/ => /Users/james/.stmcufinder/plugins/mcufinder
2024-07-24 15:37:41,448 [INFO] CrossReferenceDbSqlite:203 - Set database path to: /Users/james/.stmcufinder/plugins/mcufinder//mcu/cs/
2024-07-24 15:37:41,465 [INFO] ApplicationProperties:184 - Using Application install path: /Applications/STM32CubeIDE.app/Contents/Eclipse/plugins/com.st.stm32cube.common.mx_6.11.1.202404110753
2024-07-24 15:37:41,482 [INFO] PluginManage:196 - Search for loadable plugins [exclusion list=, ]
2024-07-24 15:37:41,483 [INFO] PluginManage:310 - Check plugin analytics
2024-07-24 15:37:41,633 [INFO] AnalyticsPlugin:253 - Accepted Software Licenses: 
2024-07-24 15:37:41,633 [INFO] AnalyticsPlugin:255 - Accepted CMSIS Pack Licenses: 
2024-07-24 15:37:41,633 [INFO] AnalyticsPlugin:257 - Accepted Firmware Licenses: FW.F7.1.17.0
2024-07-24 15:37:41,635 [INFO] PluginManage:359 - Loaded plugin analytics (category:tool,tabindex:-1)
2024-07-24 15:37:41,636 [INFO] PluginManage:310 - Check plugin cadmodel
2024-07-24 15:37:41,878 [INFO] CADModel:105 - Init CAD model plugin
2024-07-24 15:37:41,879 [INFO] PluginManage:359 - Loaded plugin cadmodel (category:power,tabindex:5)
2024-07-24 15:37:41,879 [INFO] PluginManage:310 - Check plugin clock
2024-07-24 15:37:41,885 [INFO] PluginManage:359 - Loaded plugin clock (category:base,tabindex:2)
2024-07-24 15:37:41,886 [INFO] PluginManage:310 - Check plugin ddr
2024-07-24 15:37:41,888 [INFO] PluginManage:359 - Loaded plugin ddr (category:tool,tabindex:6)
2024-07-24 15:37:41,888 [INFO] PluginManage:310 - Check plugin filemanager
2024-07-24 15:37:42,013 [INFO] PluginManage:359 - Loaded plugin filemanager (category:base,tabindex:10)
2024-07-24 15:37:42,013 [INFO] PluginManage:310 - Check plugin ipmanager
2024-07-24 15:37:42,019 [INFO] PluginManage:359 - Loaded plugin ipmanager (category:base,tabindex:5)
2024-07-24 15:37:42,019 [INFO] PluginManage:310 - Check plugin lpbam
2024-07-24 15:37:42,028 [INFO] PluginManage:359 - Loaded plugin lpbam (category:base,tabindex:0)
2024-07-24 15:37:42,029 [INFO] PluginManage:310 - Check plugin memorymap
2024-07-24 15:37:42,044 [INFO] PluginManage:359 - Loaded plugin memorymap (category:base,tabindex:4)
2024-07-24 15:37:42,044 [INFO] PluginManage:310 - Check plugin pinoutandconfiguration
2024-07-24 15:37:42,051 [INFO] PluginManage:359 - Loaded plugin pinoutandconfiguration (category:base,tabindex:1)
2024-07-24 15:37:42,051 [INFO] PluginManage:310 - Check plugin pinoutconfig
2024-07-24 15:37:42,135 [WARN] SupportedApi:132 - Cannot load RTOS API schema: s4s-elt-must-match.1: The content of 'definitions' must match (annotation?, (simpleType | complexType)?, (unique | key | keyref)*)). A problem was found starting at: attribute.
2024-07-24 15:37:42,257 [INFO] PluginManage:359 - Loaded plugin pinoutconfig (category:base,tabindex:0)
2024-07-24 15:37:42,257 [INFO] PluginManage:310 - Check plugin power
2024-07-24 15:37:42,265 [INFO] PluginManage:359 - Loaded plugin power (category:power,tabindex:4)
2024-07-24 15:37:42,266 [INFO] PluginManage:310 - Check plugin projectmanager
2024-07-24 15:37:42,279 [INFO] PluginManage:359 - Loaded plugin projectmanager (category:projectmanager,tabindex:3)
2024-07-24 15:37:42,279 [INFO] PluginManage:310 - Check plugin thirdparty
2024-07-24 15:37:42,385 [INFO] PluginManage:359 - Loaded plugin thirdparty (category:base,tabindex:-1)
2024-07-24 15:37:42,385 [WARN] IntegrityCheckThread:84 - waiting for thirdparty lock release [integrity check]
2024-07-24 15:37:42,385 [INFO] PluginManage:310 - Check plugin tools
2024-07-24 15:37:42,385 [INFO] IntegrityCheckThread:86 - entering critical section [integrity check]
2024-07-24 15:37:42,386 [INFO] ThirdPartyUpdaterWithRetryManager:70 - Updater plugin not ready yet. [1/15]
2024-07-24 15:37:42,387 [INFO] PluginManage:359 - Loaded plugin tools (category:base,tabindex:7)
2024-07-24 15:37:42,387 [INFO] PluginManage:310 - Check plugin tutovideos
2024-07-24 15:37:42,536 [INFO] PluginManage:359 - Loaded plugin tutovideos (category:base,tabindex:-1)
2024-07-24 15:37:42,536 [INFO] PluginManage:310 - Check plugin updater
2024-07-24 15:37:42,551 [INFO] PluginManage:359 - Loaded plugin updater (category:base,tabindex:12)
2024-07-24 15:37:42,551 [INFO] PluginManage:310 - Check plugin userauth
2024-07-24 15:37:42,555 [INFO] UserAuth:114 - Init User Auth plugin
2024-07-24 15:37:42,556 [INFO] PluginManage:359 - Loaded plugin userauth (category:base,tabindex:14)
2024-07-24 15:37:42,557 [INFO] PluginManage:283 - PluginManage : Loaded plugins [17]
2024-07-24 15:37:42,704 [INFO] PinOutPanel:1561 - setPackage(No Configuration,No Configuration)
2024-07-24 15:37:42,766 [INFO] CADModel:165 - CPN selected for project level
2024-07-24 15:37:42,766 [INFO] CADModel:114 - Register for checkConnection events
2024-07-24 15:37:42,778 [INFO] IPUIPlugin:80 - create IPUIPlugin
2024-07-24 15:37:42,778 [INFO] PluginManager:220 - loadIPPluginJar : add mdma
2024-07-24 15:37:42,784 [INFO] IPUIPlugin:80 - create IPUIPlugin
2024-07-24 15:37:42,785 [INFO] PluginManager:220 - loadIPPluginJar : add freertos
2024-07-24 15:37:42,789 [INFO] IPUIPlugin:80 - create IPUIPlugin
2024-07-24 15:37:42,789 [INFO] PluginManager:220 - loadIPPluginJar : add gic
2024-07-24 15:37:42,797 [INFO] IPUIPlugin:80 - create IPUIPlugin
2024-07-24 15:37:42,797 [INFO] PluginManager:220 - loadIPPluginJar : add adc
2024-07-24 15:37:42,800 [INFO] IPUIPlugin:80 - create IPUIPlugin
2024-07-24 15:37:42,800 [INFO] PluginManager:220 - loadIPPluginJar : add gtzc
2024-07-24 15:37:42,801 [INFO] IPUIPlugin:80 - create IPUIPlugin
2024-07-24 15:37:42,801 [INFO] PluginManager:220 - loadIPPluginJar : add quadspi
2024-07-24 15:37:42,803 [INFO] IPUIPlugin:80 - create IPUIPlugin
2024-07-24 15:37:42,803 [INFO] PluginManager:220 - loadIPPluginJar : add aes
2024-07-24 15:37:42,805 [INFO] IPUIPlugin:80 - create IPUIPlugin
2024-07-24 15:37:42,805 [INFO] PluginManager:220 - loadIPPluginJar : add pdm2pcm
2024-07-24 15:37:42,806 [INFO] IPUIPlugin:80 - create IPUIPlugin
2024-07-24 15:37:42,806 [INFO] PluginManager:220 - loadIPPluginJar : add hash
2024-07-24 15:37:42,807 [INFO] IPUIPlugin:80 - create IPUIPlugin
2024-07-24 15:37:42,807 [INFO] PluginManager:220 - loadIPPluginJar : add tim
2024-07-24 15:37:42,808 [INFO] IPUIPlugin:80 - create IPUIPlugin
2024-07-24 15:37:42,808 [INFO] PluginManager:220 - loadIPPluginJar : add tsc
2024-07-24 15:37:42,811 [INFO] IPUIPlugin:80 - create IPUIPlugin
2024-07-24 15:37:42,811 [INFO] PluginManager:220 - loadIPPluginJar : add extmemmanager
2024-07-24 15:37:42,812 [INFO] IPUIPlugin:80 - create IPUIPlugin
2024-07-24 15:37:42,812 [INFO] PluginManager:220 - loadIPPluginJar : add ts
2024-07-24 15:37:42,814 [INFO] IPUIPlugin:80 - create IPUIPlugin
2024-07-24 15:37:42,814 [INFO] PluginManager:220 - loadIPPluginJar : add can
2024-07-24 15:37:42,816 [INFO] IPUIPlugin:80 - create IPUIPlugin
2024-07-24 15:37:42,816 [INFO] PluginManager:220 - loadIPPluginJar : add dma3
2024-07-24 15:37:42,817 [INFO] IPUIPlugin:80 - create IPUIPlugin
2024-07-24 15:37:42,817 [INFO] PluginManager:220 - loadIPPluginJar : add dfsdm
2024-07-24 15:37:42,819 [INFO] IPUIPlugin:80 - create IPUIPlugin
2024-07-24 15:37:42,819 [INFO] PluginManager:220 - loadIPPluginJar : add spi
2024-07-24 15:37:42,821 [INFO] IPUIPlugin:80 - create IPUIPlugin
2024-07-24 15:37:42,822 [INFO] PluginManager:220 - loadIPPluginJar : add gfxmmu
2024-07-24 15:37:42,822 [INFO] IPUIPlugin:80 - create IPUIPlugin
2024-07-24 15:37:42,822 [INFO] PluginManager:220 - loadIPPluginJar : add genericplugin
2024-07-24 15:37:42,824 [INFO] IPUIPlugin:80 - create IPUIPlugin
2024-07-24 15:37:42,824 [INFO] PluginManager:220 - loadIPPluginJar : add cryp
2024-07-24 15:37:42,827 [INFO] IPUIPlugin:80 - create IPUIPlugin
2024-07-24 15:37:42,828 [INFO] PluginManager:220 - loadIPPluginJar : add gpio
2024-07-24 15:37:42,828 [INFO] IPUIPlugin:80 - create IPUIPlugin
2024-07-24 15:37:42,828 [INFO] PluginManager:220 - loadIPPluginJar : add comp
2024-07-24 15:37:42,830 [INFO] IPUIPlugin:80 - create IPUIPlugin
2024-07-24 15:37:42,830 [INFO] PluginManager:220 - loadIPPluginJar : add tracer_emb
2024-07-24 15:37:42,832 [INFO] IPUIPlugin:80 - create IPUIPlugin
2024-07-24 15:37:42,833 [INFO] PluginManager:220 - loadIPPluginJar : add openamp
2024-07-24 15:37:42,836 [INFO] IPUIPlugin:80 - create IPUIPlugin
2024-07-24 15:37:42,837 [INFO] PluginManager:220 - loadIPPluginJar : add stm32_wpan
2024-07-24 15:37:42,844 [INFO] IPUIPlugin:80 - create IPUIPlugin
2024-07-24 15:37:42,846 [INFO] PluginManager:220 - loadIPPluginJar : add plateformsettings
2024-07-24 15:37:42,849 [INFO] IPUIPlugin:80 - create IPUIPlugin
2024-07-24 15:37:42,849 [INFO] PluginManager:220 - loadIPPluginJar : add ipddr
2024-07-24 15:37:42,851 [INFO] IPUIPlugin:80 - create IPUIPlugin
2024-07-24 15:37:42,851 [INFO] PluginManager:220 - loadIPPluginJar : add usart
2024-07-24 15:37:42,852 [INFO] IPUIPlugin:80 - create IPUIPlugin
2024-07-24 15:37:42,853 [INFO] PluginManager:220 - loadIPPluginJar : add ltdc
2024-07-24 15:37:42,856 [INFO] IPUIPlugin:80 - create IPUIPlugin
2024-07-24 15:37:42,856 [INFO] PluginManager:220 - loadIPPluginJar : add nvic
2024-07-24 15:37:42,857 [INFO] IPUIPlugin:80 - create IPUIPlugin
2024-07-24 15:37:42,857 [INFO] PluginManager:220 - loadIPPluginJar : add fatfs
2024-07-24 15:37:42,864 [INFO] IPUIPlugin:80 - create IPUIPlugin
2024-07-24 15:37:42,864 [INFO] PluginManager:220 - loadIPPluginJar : add linkedlist
2024-07-24 15:37:42,868 [INFO] IPUIPlugin:80 - create IPUIPlugin
2024-07-24 15:37:42,868 [INFO] PluginManager:220 - loadIPPluginJar : add dma
2024-07-24 15:37:42,872 [INFO] IPUIPlugin:80 - create IPUIPlugin
2024-07-24 15:37:42,872 [INFO] PluginManager:220 - loadIPPluginJar : add fmc
2024-07-24 15:37:42,874 [INFO] IPUIPlugin:80 - create IPUIPlugin
2024-07-24 15:37:42,874 [INFO] PluginManager:220 - loadIPPluginJar : add i2s
2024-07-24 15:37:42,875 [INFO] IPUIPlugin:80 - create IPUIPlugin
2024-07-24 15:37:42,875 [INFO] PluginManager:220 - loadIPPluginJar : add ucpd
2024-07-24 15:37:42,877 [INFO] IPUIPlugin:80 - create IPUIPlugin
2024-07-24 15:37:42,877 [INFO] PluginManager:220 - loadIPPluginJar : add lorawan
2024-07-24 15:37:42,878 [INFO] IPUIPlugin:80 - create IPUIPlugin
2024-07-24 15:37:42,878 [INFO] PluginManager:220 - loadIPPluginJar : add opamp
2024-07-24 15:37:42,881 [INFO] IPUIPlugin:80 - create IPUIPlugin
2024-07-24 15:37:42,881 [INFO] PluginManager:220 - loadIPPluginJar : add i3c
2024-07-24 15:37:42,884 [INFO] IPUIPlugin:80 - create IPUIPlugin
2024-07-24 15:37:42,884 [INFO] PluginManager:220 - loadIPPluginJar : add touchsensing
2024-07-24 15:37:42,886 [INFO] IPUIPlugin:80 - create IPUIPlugin
2024-07-24 15:37:42,886 [INFO] PluginManager:220 - loadIPPluginJar : add i2c
2024-07-24 15:37:42,888 [INFO] IPUIPlugin:80 - create IPUIPlugin
2024-07-24 15:37:42,888 [INFO] PluginManager:220 - loadIPPluginJar : add resmgrutility
2024-07-24 15:37:42,891 [INFO] IPUIPlugin:80 - create IPUIPlugin
2024-07-24 15:37:42,891 [INFO] PluginManager:220 - loadIPPluginJar : add sai
2024-07-24 15:37:42,893 [INFO] IPUIPlugin:80 - create IPUIPlugin
2024-07-24 15:37:42,893 [INFO] PluginManager:220 - loadIPPluginJar : add usbx
2024-07-24 15:37:42,995 [INFO] CADModel:165 - CPN selected for project level
2024-07-24 15:37:42,996 [INFO] CADModel:114 - Register for checkConnection events
2024-07-24 15:37:42,996 [FATAL] Updater:308 - Updater called before beeing initialized
2024-07-24 15:37:42,996 [ERROR] CADModel:125 - Updater not yet initialized, retry later 
2024-07-24 15:37:43,122 [INFO] CADModel:165 - CPN selected for project level
2024-07-24 15:37:43,122 [INFO] CADModel:114 - Register for checkConnection events
2024-07-24 15:37:43,122 [FATAL] Updater:308 - Updater called before beeing initialized
2024-07-24 15:37:43,122 [ERROR] CADModel:125 - Updater not yet initialized, retry later 
2024-07-24 15:37:43,124 [FATAL] Updater:308 - Updater called before beeing initialized
2024-07-24 15:37:43,198 [FATAL] Updater:308 - Updater called before beeing initialized
2024-07-24 15:37:43,203 [INFO] DbMcusAds:53 - JSON generation date=Thu May 16 02:22:01 PDT 2024 (1715851321456)
2024-07-24 15:37:43,203 [FATAL] Updater:308 - Updater called before beeing initialized
2024-07-24 15:37:43,254 [WARN] DetailPanel:346 - Failed to get advertising image, set to default
2024-07-24 15:37:43,338 [FATAL] Updater:308 - Updater called before beeing initialized
2024-07-24 15:37:43,340 [FATAL] Updater:308 - Updater called before beeing initialized
2024-07-24 15:37:43,340 [FATAL] Updater:308 - Updater called before beeing initialized
2024-07-24 15:37:43,340 [WARN] DetailPanel:346 - Failed to get advertising image, set to default
2024-07-24 15:37:43,340 [FATAL] Updater:308 - Updater called before beeing initialized
2024-07-24 15:37:43,384 [ERROR] Updater:1120 - MainUpdater not yet initialized. External WinMGr cannot be set.
2024-07-24 15:37:43,385 [INFO] Updater:1056 - Updater Version found : 6.11.1
2024-07-24 15:37:43,402 [INFO] ApplicationProperties:184 - Using Application install path: /Applications/STM32CubeIDE.app/Contents/Eclipse/plugins/com.st.stm32cube.common.mx_6.11.1.202404110753
2024-07-24 15:37:43,933 [INFO] MainUpdater:2873 - connection check result : 10
2024-07-24 15:37:43,934 [INFO] MainUpdater:290 - Updater Check For Update Now.
2024-07-24 15:37:43,934 [INFO] MicroXplorer:498 - Change Database Version : DB.6.0.111
2024-07-24 15:37:43,938 [INFO] McuFinderGlobals:63 - Set McuFinder mode to 2 (CubeIDE integrated)
2024-07-24 15:37:43,944 [INFO] UserAuth:415 - Internet connection configuration mode: 1
2024-07-24 15:37:43,956 [INFO] JxBrowserEngine:152 - Initiate JxBrowser Engine with user profile folder
2024-07-24 15:37:44,111 [INFO] CheckServerUpdateThread:120 - End of CheckServer Thread
2024-07-24 15:37:44,697 [INFO] WebApp:161 - Instantiating new browser for Auth
2024-07-24 15:37:45,259 [INFO] WebApp:779 - Register for checkConnection events
2024-07-24 15:37:45,278 [INFO] WebApp:414 - Apply proxy settings
2024-07-24 15:37:45,303 [INFO] WebApp:459 - Chromium authenticates against Manually configured proxy
2024-07-24 15:37:45,321 [INFO] WebApp:467 - Username used for proxy authentication: 
2024-07-24 15:37:45,548 [INFO] WebApp:192 - Starting web application
2024-07-24 15:37:45,556 [INFO] WebApp:544 - Web application path used /Applications/STM32CubeIDE.app/Contents/Eclipse/plugins/com.st.stm32cube.common.mx_6.11.1.202404110753/db/plugins/mcufinder/reactClient1/index.html
2024-07-24 15:37:46,323 [WARN] PackLoader:240 - Cannot read IP mode file for STMicroelectronics.FP-SNS-MOTENVWB1.1.4.0
2024-07-24 15:37:46,331 [WARN] PackLoader:240 - Cannot read IP mode file for STMicroelectronics.X-CUBE-SMBUS.2.1.0
2024-07-24 15:37:46,336 [WARN] PackLoader:240 - Cannot read IP mode file for STMicroelectronics.X-CUBE-TOUCHGFX.4.23.0
2024-07-24 15:37:46,338 [WARN] PackLoader:240 - Cannot read IP mode file for STMicroelectronics.X-CUBE-TOUCHGFX.4.23.2
2024-07-24 15:37:46,368 [WARN] PackLoader:240 - Cannot read IP mode file for STMicroelectronics.X-CUBE-AZRTOS-F7.1.1.0
2024-07-24 15:37:46,379 [WARN] PackLoader:240 - Cannot read IP mode file for STMicroelectronics.FP-SNS-MOTENV1.4.3.2
2024-07-24 15:37:46,387 [WARN] PackLoader:240 - Cannot read IP mode file for STMicroelectronics.FP-SNS-FLIGHT1.5.0.2
2024-07-24 15:37:46,397 [WARN] PackLoader:240 - Cannot read IP mode file for STMicroelectronics.X-CUBE-DISPLAY.3.0.0
2024-07-24 15:37:46,410 [WARN] PackLoader:240 - Cannot read IP mode file for STMicroelectronics.X-CUBE-BLE1.7.0.0
2024-07-24 15:37:46,417 [WARN] PackLoader:240 - Cannot read IP mode file for emotas.I-CUBE-CANOPEN.1.3.0
2024-07-24 15:37:46,446 [WARN] PackLoader:240 - Cannot read IP mode file for STMicroelectronics.X-CUBE-BLEMGR.3.1.0
2024-07-24 15:37:46,454 [WARN] PackLoader:240 - Cannot read IP mode file for STMicroelectronics.FP-SNS-SMARTAG2.1.2.0
2024-07-24 15:37:46,466 [INFO] LogOutputStream:77 - [STDOUT_REDIRECT] 1 : Invalid condition id : UX_CORESTACK_Condition cause : null
2024-07-24 15:37:46,466 [INFO] LogOutputStream:77 - [STDOUT_REDIRECT] 1 : Invalid condition id : UX_CORESTACK_Condition cause : null
2024-07-24 15:37:46,467 [INFO] LogOutputStream:77 - [STDOUT_REDIRECT] 1 : Invalid condition id : UX_CORESTACK_Condition cause : null
2024-07-24 15:37:46,467 [INFO] LogOutputStream:77 - [STDOUT_REDIRECT] 1 : Invalid condition id : UX_CORESTACK_Condition cause : null
2024-07-24 15:37:46,467 [INFO] LogOutputStream:77 - [STDOUT_REDIRECT] 1 : Invalid condition id : UX_CORESTACK_Condition cause : null
2024-07-24 15:37:46,471 [WARN] PackLoader:240 - Cannot read IP mode file for STMicroelectronics.X-CUBE-AZRTOS-WL.2.0.0
2024-07-24 15:37:46,477 [WARN] PackLoader:240 - Cannot read IP mode file for STMicroelectronics.FP-SNS-MOTENV1.5.0.0
2024-07-24 15:37:46,482 [WARN] PackLoader:240 - Cannot read IP mode file for wolfSSL.I-CUBE-wolfMQTT.1.19.0
2024-07-24 15:37:46,490 [WARN] PackLoader:240 - Cannot read IP mode file for WES.I-CUBE-Cesium.1.3.0
2024-07-24 15:37:46,495 [WARN] PackLoader:240 - Cannot read IP mode file for STMicroelectronics.X-CUBE-BLE2.3.3.0
2024-07-24 15:37:46,502 [WARN] PackLoader:240 - Cannot read IP mode file for STMicroelectronics.X-CUBE-TCPP.4.1.0
2024-07-24 15:37:46,510 [WARN] PackLoader:240 - Cannot read IP mode file for STMicroelectronics.X-CUBE-ALGOBUILD.1.3.0
2024-07-24 15:37:46,529 [WARN] PackLoader:240 - Cannot read IP mode file for STMicroelectronics.X-CUBE-AZRTOS-G0.1.1.0
2024-07-24 15:37:46,540 [WARN] PackLoader:240 - Cannot read IP mode file for STMicroelectronics.X-CUBE-SAFEA1.1.2.2
2024-07-24 15:37:46,546 [WARN] PackLoader:240 - Cannot read IP mode file for STMicroelectronics.X-CUBE-NFC4.3.0.0
2024-07-24 15:37:46,559 [WARN] PackLoader:240 - Cannot read IP mode file for EmbeddedOffice.I-CUBE-FS-RTOS.1.0.1
2024-07-24 15:37:46,559 [ERROR] ConditionMgr:805 - Attr not supported : Dmpu
2024-07-24 15:37:46,560 [ERROR] ConditionMgr:805 - Attr not supported : Dmpu
2024-07-24 15:37:46,560 [ERROR] ConditionMgr:805 - Attr not supported : Dmpu
2024-07-24 15:37:46,560 [ERROR] ConditionMgr:805 - Attr not supported : Dmpu
2024-07-24 15:37:46,560 [ERROR] ConditionMgr:805 - Attr not supported : Dmpu
2024-07-24 15:37:46,560 [ERROR] ConditionMgr:805 - Attr not supported : Dmpu
2024-07-24 15:37:46,560 [ERROR] ConditionMgr:805 - Attr not supported : Dmpu
2024-07-24 15:37:46,560 [ERROR] ConditionMgr:805 - Attr not supported : Dmpu
2024-07-24 15:37:46,561 [ERROR] ConditionMgr:805 - Attr not supported : Dmpu
2024-07-24 15:37:46,561 [ERROR] ConditionMgr:805 - Attr not supported : Dmpu
2024-07-24 15:37:46,561 [ERROR] ConditionMgr:805 - Attr not supported : Dmpu
2024-07-24 15:37:46,561 [ERROR] ConditionMgr:805 - Attr not supported : Dmpu
2024-07-24 15:37:46,561 [ERROR] ConditionMgr:805 - Attr not supported : Dmpu
2024-07-24 15:37:46,561 [ERROR] ConditionMgr:805 - Attr not supported : Dmpu
2024-07-24 15:37:46,561 [ERROR] ConditionMgr:805 - Attr not supported : Dmpu
2024-07-24 15:37:46,561 [ERROR] ConditionMgr:805 - Attr not supported : Dmpu
2024-07-24 15:37:46,562 [ERROR] ConditionMgr:805 - Attr not supported : Dmpu
2024-07-24 15:37:46,562 [ERROR] ConditionMgr:805 - Attr not supported : Dmpu
2024-07-24 15:37:46,562 [ERROR] ConditionMgr:805 - Attr not supported : Dmpu
2024-07-24 15:37:46,562 [ERROR] ConditionMgr:805 - Attr not supported : Dmpu
2024-07-24 15:37:46,562 [ERROR] ConditionMgr:805 - Attr not supported : Dmpu
2024-07-24 15:37:46,562 [ERROR] ConditionMgr:805 - Attr not supported : Dmpu
2024-07-24 15:37:46,562 [ERROR] ConditionMgr:805 - Attr not supported : Dmpu
2024-07-24 15:37:46,562 [ERROR] ConditionMgr:805 - Attr not supported : Dmpu
2024-07-24 15:37:46,562 [ERROR] ConditionMgr:805 - Attr not supported : Dmpu
2024-07-24 15:37:46,563 [ERROR] ConditionMgr:805 - Attr not supported : Dmpu
2024-07-24 15:37:46,563 [ERROR] ConditionMgr:805 - Attr not supported : Dmpu
2024-07-24 15:37:46,563 [ERROR] ConditionMgr:805 - Attr not supported : Dmpu
2024-07-24 15:37:46,563 [ERROR] ConditionMgr:805 - Attr not supported : Dmpu
2024-07-24 15:37:46,563 [ERROR] ConditionMgr:805 - Attr not supported : Dmpu
2024-07-24 15:37:46,563 [ERROR] ConditionMgr:805 - Attr not supported : Dmpu
2024-07-24 15:37:46,563 [ERROR] ConditionMgr:805 - Attr not supported : Dmpu
2024-07-24 15:37:46,563 [ERROR] ConditionMgr:805 - Attr not supported : Dmpu
2024-07-24 15:37:46,564 [ERROR] ConditionMgr:805 - Attr not supported : Dmpu
2024-07-24 15:37:46,564 [ERROR] ConditionMgr:805 - Attr not supported : Dmpu
2024-07-24 15:37:46,564 [ERROR] ConditionMgr:805 - Attr not supported : Dmpu
2024-07-24 15:37:46,564 [ERROR] ConditionMgr:805 - Attr not supported : Dmpu
2024-07-24 15:37:46,564 [ERROR] ConditionMgr:805 - Attr not supported : Dmpu
2024-07-24 15:37:46,564 [ERROR] ConditionMgr:805 - Attr not supported : Dmpu
2024-07-24 15:37:46,564 [ERROR] ConditionMgr:805 - Attr not supported : Dmpu
2024-07-24 15:37:46,565 [ERROR] ConditionMgr:805 - Attr not supported : Dmpu
2024-07-24 15:37:46,565 [ERROR] ConditionMgr:805 - Attr not supported : Dmpu
2024-07-24 15:37:46,565 [ERROR] ConditionMgr:805 - Attr not supported : Dmpu
2024-07-24 15:37:46,565 [ERROR] ConditionMgr:805 - Attr not supported : Dmpu
2024-07-24 15:37:46,565 [ERROR] ConditionMgr:805 - Attr not supported : Dmpu
2024-07-24 15:37:46,565 [ERROR] ConditionMgr:805 - Attr not supported : Dmpu
2024-07-24 15:37:46,566 [ERROR] ConditionMgr:805 - Attr not supported : Dmpu
2024-07-24 15:37:46,566 [ERROR] ConditionMgr:805 - Attr not supported : Dmpu
2024-07-24 15:37:46,566 [ERROR] ConditionMgr:805 - Attr not supported : Dmpu
2024-07-24 15:37:46,566 [ERROR] ConditionMgr:805 - Attr not supported : Dmpu
2024-07-24 15:37:46,566 [ERROR] ConditionMgr:805 - Attr not supported : Dmpu
2024-07-24 15:37:46,566 [ERROR] ConditionMgr:805 - Attr not supported : Dmpu
2024-07-24 15:37:46,566 [ERROR] ConditionMgr:805 - Attr not supported : Dmpu
2024-07-24 15:37:46,566 [ERROR] ConditionMgr:805 - Attr not supported : Dmpu
2024-07-24 15:37:46,567 [ERROR] ConditionMgr:805 - Attr not supported : Dmpu
2024-07-24 15:37:46,567 [ERROR] ConditionMgr:805 - Attr not supported : Dmpu
2024-07-24 15:37:46,567 [ERROR] ConditionMgr:805 - Attr not supported : Dmpu
2024-07-24 15:37:46,567 [ERROR] ConditionMgr:805 - Attr not supported : Dmpu
2024-07-24 15:37:46,567 [ERROR] ConditionMgr:805 - Attr not supported : Dmpu
2024-07-24 15:37:46,567 [ERROR] ConditionMgr:805 - Attr not supported : Dmpu
2024-07-24 15:37:46,567 [ERROR] ConditionMgr:805 - Attr not supported : Dmpu
2024-07-24 15:37:46,567 [ERROR] ConditionMgr:805 - Attr not supported : Dmpu
2024-07-24 15:37:46,568 [ERROR] ConditionMgr:805 - Attr not supported : Dmpu
2024-07-24 15:37:46,568 [ERROR] ConditionMgr:805 - Attr not supported : Dmpu
2024-07-24 15:37:46,573 [WARN] PackLoader:240 - Cannot read IP mode file for RealThread.X-CUBE-RT-Thread_Nano.4.1.1
2024-07-24 15:37:46,578 [WARN] PackLoader:240 - Cannot read IP mode file for STMicroelectronics.FP-ATR-SIGFOX1.3.2.0
2024-07-24 15:37:46,586 [WARN] PackLoader:240 - Cannot read IP mode file for STMicroelectronics.X-CUBE-EEPRMA1.5.1.0
2024-07-24 15:37:46,636 [WARN] PackLoader:240 - Cannot read IP mode file for SEGGER.I-CUBE-embOS.1.3.1
2024-07-24 15:37:46,698 [WARN] PackLoader:240 - Cannot read IP mode file for STMicroelectronics.X-CUBE-ALGOBUILD.1.4.0
2024-07-24 15:37:46,718 [WARN] PackLoader:240 - Cannot read IP mode file for STMicroelectronics.X-CUBE-GNSS1.6.0.0
2024-07-24 15:37:46,750 [WARN] PackLoader:240 - Cannot read IP mode file for STMicroelectronics.X-CUBE-AZRTOS-F4.1.1.0
2024-07-24 15:37:46,763 [WARN] PackLoader:240 - Cannot read IP mode file for STMicroelectronics.X-CUBE-FREERTOS.1.2.0
2024-07-24 15:37:46,768 [WARN] PackLoader:240 - Cannot read IP mode file for wolfSSL.I-CUBE-wolfSSL.5.6.6
2024-07-24 15:37:46,794 [WARN] PackLoader:240 - Cannot read IP mode file for STMicroelectronics.X-CUBE-AZRTOS-L5.2.0.0
2024-07-24 15:37:46,811 [WARN] PackLoader:240 - Cannot read IP mode file for STMicroelectronics.X-CUBE-NFC6.3.1.0
2024-07-24 15:37:46,822 [WARN] PackLoader:240 - Cannot read IP mode file for ITTIA_DB.I-CUBE-ITTIADB.8.8.0
2024-07-24 15:37:46,829 [WARN] PackLoader:240 - Cannot read IP mode file for STMicroelectronics.X-CUBE-DPower.1.2.0
2024-07-24 15:37:46,834 [WARN] PackLoader:240 - Cannot read IP mode file for STMicroelectronics.X-CUBE-AI.9.0.0
2024-07-24 15:37:46,841 [WARN] PackLoader:240 - Cannot read IP mode file for STMicroelectronics.X-CUBE-NFC7.1.0.1
2024-07-24 15:37:46,847 [WARN] PackLoader:240 - Cannot read IP mode file for wolfSSL.I-CUBE-wolfTPM.3.2.0
2024-07-24 15:37:46,856 [WARN] PackLoader:240 - Cannot read IP mode file for STMicroelectronics.X-CUBE-NFC6.3.0.0
2024-07-24 15:37:46,864 [WARN] PackLoader:240 - Cannot read IP mode file for STMicroelectronics.X-CUBE-AI.8.1.0
2024-07-24 15:37:46,887 [WARN] ConditionMgr:438 - getConditionDescription Invalid condition id : LAN8742 Phy interface Condition cause : null
2024-07-24 15:37:46,888 [WARN] PackLoader:240 - Cannot read IP mode file for STMicroelectronics.X-CUBE-AZRTOS-L4.2.0.0
2024-07-24 15:37:46,890 [WARN] ConditionMgr:1039 - genDependencies : Invalid condition id : LAN8742 Phy interface Condition cause : null
2024-07-24 15:37:46,891 [WARN] ConditionMgr:1039 - genDependencies : Invalid condition id : LAN8742 Phy interface Condition cause : null
2024-07-24 15:37:46,892 [WARN] ConditionMgr:1039 - genDependencies : Invalid condition id : LAN8742 Phy interface Condition cause : null
2024-07-24 15:37:46,901 [WARN] PackLoader:240 - Cannot read IP mode file for STMicroelectronics.X-CUBE-SFXS2LP1.4.0.0
2024-07-24 15:37:46,920 [WARN] ConditionMgr:438 - getConditionDescription Invalid condition id : UX DEVICE CLASS RTOS Condition cause : null
2024-07-24 15:37:46,920 [WARN] ConditionMgr:438 - getConditionDescription Invalid condition id : UX DEVICE CLASS RTOS Condition cause : null
2024-07-24 15:37:46,922 [WARN] PackLoader:240 - Cannot read IP mode file for STMicroelectronics.X-CUBE-AZRTOS-WB.2.0.0
2024-07-24 15:37:46,923 [WARN] ConditionMgr:1039 - genDependencies : Invalid condition id : UX DEVICE CLASS RTOS Condition cause : null
2024-07-24 15:37:46,923 [WARN] ConditionMgr:1039 - genDependencies : Invalid condition id : UX DEVICE CLASS RTOS Condition cause : null
2024-07-24 15:37:46,924 [WARN] ConditionMgr:1039 - genDependencies : Invalid condition id : UX DEVICE CLASS RTOS Condition cause : null
2024-07-24 15:37:46,924 [WARN] ConditionMgr:1039 - genDependencies : Invalid condition id : UX DEVICE CLASS RTOS Condition cause : null
2024-07-24 15:37:46,924 [WARN] ConditionMgr:1039 - genDependencies : Invalid condition id : UX DEVICE CLASS RTOS Condition cause : null
2024-07-24 15:37:46,932 [WARN] PackLoader:240 - Cannot read IP mode file for STMicroelectronics.FP-SNS-STBOX1.2.0.0
2024-07-24 15:37:46,950 [WARN] PackLoader:240 - Cannot read IP mode file for STMicroelectronics.X-CUBE-SUBG2.5.0.0
2024-07-24 15:37:46,959 [WARN] PackLoader:240 - Cannot read IP mode file for Cesanta.I-CUBE-Mongoose.7.13.0
2024-07-24 15:37:46,974 [WARN] PackLoader:240 - Cannot read IP mode file for STMicroelectronics.X-CUBE-AZRTOS-G4.2.0.0
2024-07-24 15:37:46,990 [WARN] PackLoader:240 - Cannot read IP mode file for Infineon.AIROC-Wi-Fi-Bluetooth-STM32.1.5.1
2024-07-24 15:37:46,999 [WARN] PackLoader:240 - Cannot read IP mode file for STMicroelectronics.FP-SNS-MOTENVWB1.1.3.1
2024-07-24 15:37:47,005 [WARN] PackLoader:240 - Cannot read IP mode file for STMicroelectronics.X-CUBE-ISPU.2.0.0
2024-07-24 15:37:47,010 [WARN] PackLoader:240 - Cannot read IP mode file for STMicroelectronics.X-CUBE-ALS.1.0.2
2024-07-24 15:37:47,066 [WARN] PackLoader:240 - Cannot read IP mode file for STMicroelectronics.X-CUBE-MEMS1.10.0.0
2024-07-24 15:37:47,220 [WARN] PackLoader:240 - Cannot read IP mode file for STMicroelectronics.X-CUBE-FREERTOS.1.1.0
2024-07-24 15:37:47,224 [WARN] PackLoader:240 - Cannot read IP mode file for STMicroelectronics.X-CUBE-TOUCHGFX.4.24.0
2024-07-24 15:37:47,230 [WARN] PackLoader:240 - Cannot read IP mode file for portGmbH.I-Cube-SoM-uGOAL.1.1.0
2024-07-24 15:37:47,234 [WARN] PackLoader:240 - Cannot read IP mode file for STMicroelectronics.X-CUBE-ALS.1.0.1
2024-07-24 15:37:47,264 [WARN] PackLoader:240 - Cannot read IP mode file for STMicroelectronics.X-CUBE-AZRTOS-H7RS.1.0.0
2024-07-24 15:37:47,274 [WARN] PackLoader:240 - Cannot read IP mode file for STMicroelectronics.FP-ATR-ASTRA1.2.0.0
2024-07-24 15:37:47,289 [WARN] PackLoader:240 - Cannot read IP mode file for STMicroelectronics.X-CUBE-TOF1.3.4.1
2024-07-24 15:37:47,328 [WARN] PackLoader:240 - Cannot read IP mode file for STMicroelectronics.X-CUBE-AZRTOS-H7.3.2.0
2024-07-24 15:37:47,335 [WARN] PackLoader:240 - Cannot read IP mode file for wolfSSL.I-CUBE-wolfSSH.1.4.17
2024-07-24 15:37:47,341 [INFO] ThirdParty:978 - Integrity check success = true
2024-07-24 15:37:47,342 [INFO] IntegrityCheckThread:100 - exiting critical section [integrity check]
2024-07-24 15:37:47,342 [INFO] IntegrityCheckThread:103 - End integrity checks thread
2024-07-24 18:39:38,360 [ERROR] LogOutputStream:75 - [STDERR_REDIRECT] 
